[14-Apr-2023 22:40:47 UTC] PHP Notice:  Undefined property: stdClass::$password in /home/allinkc/www/app/controllers/l/Link.php on line 124
[14-Apr-2023 22:40:47 UTC] PHP Notice:  Undefined property: stdClass::$sensitive_content in /home/allinkc/www/app/controllers/l/Link.php on line 153
[14-Apr-2023 22:41:02 UTC] PHP Notice:  Undefined property: stdClass::$password in /home/allinkc/www/app/controllers/l/Link.php on line 124
[14-Apr-2023 22:41:02 UTC] PHP Notice:  Undefined property: stdClass::$sensitive_content in /home/allinkc/www/app/controllers/l/Link.php on line 153
[14-Apr-2023 22:42:20 UTC] PHP Notice:  Undefined index: path in /home/allinkc/www/app/controllers/l/Link.php on line 368
[14-Apr-2023 22:42:35 UTC] PHP Notice:  Undefined property: stdClass::$password in /home/allinkc/www/app/controllers/l/Link.php on line 124
[14-Apr-2023 22:42:35 UTC] PHP Notice:  Undefined property: stdClass::$sensitive_content in /home/allinkc/www/app/controllers/l/Link.php on line 153
[15-Apr-2023 02:39:15 UTC] PHP Notice:  Undefined index: path in /home/allinkc/www/app/controllers/l/Link.php on line 368
[15-Apr-2023 02:39:31 UTC] PHP Notice:  Undefined property: stdClass::$password in /home/allinkc/www/app/controllers/l/Link.php on line 124
[15-Apr-2023 02:39:31 UTC] PHP Notice:  Undefined property: stdClass::$sensitive_content in /home/allinkc/www/app/controllers/l/Link.php on line 153
[15-Apr-2023 02:39:31 UTC] PHP Notice:  Undefined property: stdClass::$password in /home/allinkc/www/app/controllers/l/Link.php on line 124
[15-Apr-2023 02:39:31 UTC] PHP Notice:  Undefined property: stdClass::$sensitive_content in /home/allinkc/www/app/controllers/l/Link.php on line 153
[15-Apr-2023 02:39:52 UTC] PHP Notice:  Undefined index: path in /home/allinkc/www/app/controllers/l/Link.php on line 368
[15-Apr-2023 02:39:56 UTC] PHP Notice:  Undefined property: stdClass::$password in /home/allinkc/www/app/controllers/l/Link.php on line 124
[15-Apr-2023 02:39:56 UTC] PHP Notice:  Undefined property: stdClass::$sensitive_content in /home/allinkc/www/app/controllers/l/Link.php on line 153
[15-Apr-2023 04:29:33 UTC] PHP Notice:  Undefined property: stdClass::$password in /home/allinkc/www/app/controllers/l/Link.php on line 124
[15-Apr-2023 04:29:33 UTC] PHP Notice:  Undefined property: stdClass::$sensitive_content in /home/allinkc/www/app/controllers/l/Link.php on line 153
[15-Apr-2023 05:32:29 UTC] PHP Notice:  Undefined property: stdClass::$password in /home/allinkc/www/app/controllers/l/Link.php on line 124
[15-Apr-2023 05:32:29 UTC] PHP Notice:  Undefined property: stdClass::$sensitive_content in /home/allinkc/www/app/controllers/l/Link.php on line 153
[15-Apr-2023 05:34:33 UTC] PHP Notice:  Undefined property: stdClass::$password in /home/allinkc/www/app/controllers/l/Link.php on line 124
[15-Apr-2023 05:34:33 UTC] PHP Notice:  Undefined property: stdClass::$sensitive_content in /home/allinkc/www/app/controllers/l/Link.php on line 153
[15-Apr-2023 05:37:22 UTC] PHP Notice:  Undefined property: stdClass::$password in /home/allinkc/www/app/controllers/l/Link.php on line 124
[15-Apr-2023 05:37:22 UTC] PHP Notice:  Undefined property: stdClass::$sensitive_content in /home/allinkc/www/app/controllers/l/Link.php on line 153
[15-Apr-2023 05:37:49 UTC] PHP Notice:  Undefined property: stdClass::$password in /home/allinkc/www/app/controllers/l/Link.php on line 124
[15-Apr-2023 05:37:49 UTC] PHP Notice:  Undefined property: stdClass::$sensitive_content in /home/allinkc/www/app/controllers/l/Link.php on line 153
[15-Apr-2023 05:37:55 UTC] PHP Notice:  Undefined property: stdClass::$password in /home/allinkc/www/app/controllers/l/Link.php on line 124
[15-Apr-2023 05:37:55 UTC] PHP Notice:  Undefined property: stdClass::$sensitive_content in /home/allinkc/www/app/controllers/l/Link.php on line 153
[15-Apr-2023 05:40:35 UTC] PHP Notice:  Undefined property: stdClass::$password in /home/allinkc/www/app/controllers/l/Link.php on line 124
[15-Apr-2023 05:40:35 UTC] PHP Notice:  Undefined property: stdClass::$sensitive_content in /home/allinkc/www/app/controllers/l/Link.php on line 153
[15-Apr-2023 06:04:23 UTC] PHP Notice:  Undefined property: stdClass::$password in /home/allinkc/www/app/controllers/l/Link.php on line 124
[15-Apr-2023 06:04:23 UTC] PHP Notice:  Undefined property: stdClass::$sensitive_content in /home/allinkc/www/app/controllers/l/Link.php on line 153
[15-Apr-2023 06:23:22 UTC] PHP Notice:  Undefined property: stdClass::$password in /home/allinkc/www/app/controllers/l/Link.php on line 124
[15-Apr-2023 06:23:22 UTC] PHP Notice:  Undefined property: stdClass::$sensitive_content in /home/allinkc/www/app/controllers/l/Link.php on line 153
[15-Apr-2023 06:23:48 UTC] PHP Notice:  Undefined property: stdClass::$password in /home/allinkc/www/app/controllers/l/Link.php on line 124
[15-Apr-2023 06:23:48 UTC] PHP Notice:  Undefined property: stdClass::$sensitive_content in /home/allinkc/www/app/controllers/l/Link.php on line 153
[15-Apr-2023 06:24:18 UTC] PHP Notice:  Undefined property: stdClass::$password in /home/allinkc/www/app/controllers/l/Link.php on line 124
[15-Apr-2023 06:24:18 UTC] PHP Notice:  Undefined property: stdClass::$sensitive_content in /home/allinkc/www/app/controllers/l/Link.php on line 153
[15-Apr-2023 06:24:36 UTC] PHP Notice:  Undefined property: stdClass::$password in /home/allinkc/www/app/controllers/l/Link.php on line 124
[15-Apr-2023 06:24:36 UTC] PHP Notice:  Undefined property: stdClass::$sensitive_content in /home/allinkc/www/app/controllers/l/Link.php on line 153
[15-Apr-2023 06:27:57 UTC] PHP Notice:  Undefined property: stdClass::$password in /home/allinkc/www/app/controllers/l/Link.php on line 124
[15-Apr-2023 06:27:57 UTC] PHP Notice:  Undefined property: stdClass::$sensitive_content in /home/allinkc/www/app/controllers/l/Link.php on line 153
[15-Apr-2023 06:34:54 UTC] PHP Notice:  Undefined property: stdClass::$password in /home/allinkc/www/app/controllers/l/Link.php on line 124
[15-Apr-2023 06:34:54 UTC] PHP Notice:  Undefined property: stdClass::$sensitive_content in /home/allinkc/www/app/controllers/l/Link.php on line 153
[15-Apr-2023 06:43:03 UTC] PHP Notice:  Undefined property: stdClass::$password in /home/allinkc/www/app/controllers/l/Link.php on line 124
[15-Apr-2023 06:43:03 UTC] PHP Notice:  Undefined property: stdClass::$sensitive_content in /home/allinkc/www/app/controllers/l/Link.php on line 153
[15-Apr-2023 07:03:00 UTC] PHP Notice:  Undefined property: stdClass::$password in /home/allinkc/www/app/controllers/l/Link.php on line 124
[15-Apr-2023 07:03:00 UTC] PHP Notice:  Undefined property: stdClass::$sensitive_content in /home/allinkc/www/app/controllers/l/Link.php on line 153
[15-Apr-2023 07:39:05 UTC] PHP Notice:  Undefined property: stdClass::$password in /home/allinkc/www/app/controllers/l/Link.php on line 124
[15-Apr-2023 07:39:05 UTC] PHP Notice:  Undefined property: stdClass::$sensitive_content in /home/allinkc/www/app/controllers/l/Link.php on line 153
[15-Apr-2023 08:58:24 UTC] PHP Notice:  Undefined property: stdClass::$password in /home/allinkc/www/app/controllers/l/Link.php on line 124
[15-Apr-2023 08:58:24 UTC] PHP Notice:  Undefined property: stdClass::$sensitive_content in /home/allinkc/www/app/controllers/l/Link.php on line 153
[15-Apr-2023 09:12:44 UTC] PHP Notice:  Undefined property: stdClass::$password in /home/allinkc/www/app/controllers/l/Link.php on line 124
[15-Apr-2023 09:12:44 UTC] PHP Notice:  Undefined property: stdClass::$sensitive_content in /home/allinkc/www/app/controllers/l/Link.php on line 153
[15-Apr-2023 09:32:07 UTC] PHP Notice:  Undefined property: stdClass::$password in /home/allinkc/www/app/controllers/l/Link.php on line 124
[15-Apr-2023 09:32:07 UTC] PHP Notice:  Undefined property: stdClass::$sensitive_content in /home/allinkc/www/app/controllers/l/Link.php on line 153
[15-Apr-2023 11:07:59 UTC] PHP Notice:  Undefined property: stdClass::$password in /home/allinkc/www/app/controllers/l/Link.php on line 124
[15-Apr-2023 11:07:59 UTC] PHP Notice:  Undefined property: stdClass::$sensitive_content in /home/allinkc/www/app/controllers/l/Link.php on line 153
[15-Apr-2023 12:52:12 UTC] PHP Notice:  Undefined index: path in /home/allinkc/www/app/controllers/l/Link.php on line 368
[15-Apr-2023 12:52:18 UTC] PHP Notice:  Undefined property: stdClass::$password in /home/allinkc/www/app/controllers/l/Link.php on line 124
[15-Apr-2023 12:52:18 UTC] PHP Notice:  Undefined property: stdClass::$sensitive_content in /home/allinkc/www/app/controllers/l/Link.php on line 153
[15-Apr-2023 12:52:25 UTC] PHP Notice:  Undefined index: path in /home/allinkc/www/app/controllers/l/Link.php on line 368
[15-Apr-2023 12:52:34 UTC] PHP Notice:  Undefined property: stdClass::$password in /home/allinkc/www/app/controllers/l/Link.php on line 124
[15-Apr-2023 12:52:34 UTC] PHP Notice:  Undefined property: stdClass::$sensitive_content in /home/allinkc/www/app/controllers/l/Link.php on line 153
[15-Apr-2023 13:08:20 UTC] PHP Notice:  Undefined property: stdClass::$password in /home/allinkc/www/app/controllers/l/Link.php on line 124
[15-Apr-2023 13:08:20 UTC] PHP Notice:  Undefined property: stdClass::$sensitive_content in /home/allinkc/www/app/controllers/l/Link.php on line 153
[15-Apr-2023 13:08:21 UTC] PHP Notice:  Undefined property: stdClass::$password in /home/allinkc/www/app/controllers/l/Link.php on line 124
[15-Apr-2023 13:08:21 UTC] PHP Notice:  Undefined property: stdClass::$sensitive_content in /home/allinkc/www/app/controllers/l/Link.php on line 153
[15-Apr-2023 13:09:38 UTC] PHP Notice:  Trying to get property 'user_id' of non-object in /home/allinkc/www/app/models/Domain.php on line 20
[15-Apr-2023 13:09:38 UTC] PHP Notice:  Trying to get property 'user_id' of non-object in /home/allinkc/www/app/models/Domain.php on line 29
[15-Apr-2023 13:09:38 UTC] PHP Fatal error:  Uncaught Error: Call to a member function fetch_object() on bool in /home/allinkc/www/app/models/Domain.php:43
Stack trace:
#0 /home/allinkc/www/app/controllers/BiolinksTemplates.php(55): Altum\Models\Domain->get_available_domains_by_user(NULL)
#1 [internal function]: Altum\controllers\BiolinksTemplates->index()
#2 /home/allinkc/www/app/core/App.php(204): call_user_func_array(Array, Array)
#3 /home/allinkc/www/index.php(20): Altum\App->__construct()
#4 {main}
  thrown in /home/allinkc/www/app/models/Domain.php on line 43
[15-Apr-2023 13:10:16 UTC] PHP Notice:  Undefined property: stdClass::$password in /home/allinkc/www/app/controllers/l/Link.php on line 124
[15-Apr-2023 13:10:16 UTC] PHP Notice:  Undefined property: stdClass::$sensitive_content in /home/allinkc/www/app/controllers/l/Link.php on line 153
[15-Apr-2023 13:15:08 UTC] PHP Notice:  Undefined index: verified_location in /home/allinkc/www/app/controllers/LinkAjax.php on line 1003
[15-Apr-2023 13:15:08 UTC] PHP Notice:  Undefined index: utm_medium in /home/allinkc/www/app/controllers/LinkAjax.php on line 1010
[15-Apr-2023 13:15:08 UTC] PHP Notice:  Undefined index: utm_source in /home/allinkc/www/app/controllers/LinkAjax.php on line 1011
[15-Apr-2023 13:15:08 UTC] PHP Notice:  Undefined index: custom_css in /home/allinkc/www/app/controllers/LinkAjax.php on line 1016
[15-Apr-2023 13:15:08 UTC] PHP Notice:  Undefined index: custom_js in /home/allinkc/www/app/controllers/LinkAjax.php on line 1017
[15-Apr-2023 13:15:17 UTC] PHP Notice:  Undefined index: verified_location in /home/allinkc/www/app/controllers/LinkAjax.php on line 1003
[15-Apr-2023 13:15:17 UTC] PHP Notice:  Undefined index: utm_medium in /home/allinkc/www/app/controllers/LinkAjax.php on line 1010
[15-Apr-2023 13:15:17 UTC] PHP Notice:  Undefined index: utm_source in /home/allinkc/www/app/controllers/LinkAjax.php on line 1011
[15-Apr-2023 13:15:17 UTC] PHP Notice:  Undefined index: custom_css in /home/allinkc/www/app/controllers/LinkAjax.php on line 1016
[15-Apr-2023 13:15:17 UTC] PHP Notice:  Undefined index: custom_js in /home/allinkc/www/app/controllers/LinkAjax.php on line 1017
[15-Apr-2023 13:15:27 UTC] PHP Notice:  Undefined index: verified_location in /home/allinkc/www/app/controllers/LinkAjax.php on line 1003
[15-Apr-2023 13:15:27 UTC] PHP Notice:  Undefined index: utm_medium in /home/allinkc/www/app/controllers/LinkAjax.php on line 1010
[15-Apr-2023 13:15:27 UTC] PHP Notice:  Undefined index: utm_source in /home/allinkc/www/app/controllers/LinkAjax.php on line 1011
[15-Apr-2023 13:15:27 UTC] PHP Notice:  Undefined index: custom_css in /home/allinkc/www/app/controllers/LinkAjax.php on line 1016
[15-Apr-2023 13:15:27 UTC] PHP Notice:  Undefined index: custom_js in /home/allinkc/www/app/controllers/LinkAjax.php on line 1017
[15-Apr-2023 13:15:58 UTC] PHP Notice:  Undefined index: verified_location in /home/allinkc/www/app/controllers/LinkAjax.php on line 1003
[15-Apr-2023 13:15:58 UTC] PHP Notice:  Undefined index: utm_medium in /home/allinkc/www/app/controllers/LinkAjax.php on line 1010
[15-Apr-2023 13:15:58 UTC] PHP Notice:  Undefined index: utm_source in /home/allinkc/www/app/controllers/LinkAjax.php on line 1011
[15-Apr-2023 13:15:58 UTC] PHP Notice:  Undefined index: custom_css in /home/allinkc/www/app/controllers/LinkAjax.php on line 1016
[15-Apr-2023 13:15:58 UTC] PHP Notice:  Undefined index: custom_js in /home/allinkc/www/app/controllers/LinkAjax.php on line 1017
[15-Apr-2023 13:16:29 UTC] PHP Notice:  Undefined index: verified_location in /home/allinkc/www/app/controllers/LinkAjax.php on line 1003
[15-Apr-2023 13:16:29 UTC] PHP Notice:  Undefined index: utm_medium in /home/allinkc/www/app/controllers/LinkAjax.php on line 1010
[15-Apr-2023 13:16:29 UTC] PHP Notice:  Undefined index: utm_source in /home/allinkc/www/app/controllers/LinkAjax.php on line 1011
[15-Apr-2023 13:16:29 UTC] PHP Notice:  Undefined index: custom_css in /home/allinkc/www/app/controllers/LinkAjax.php on line 1016
[15-Apr-2023 13:16:29 UTC] PHP Notice:  Undefined index: custom_js in /home/allinkc/www/app/controllers/LinkAjax.php on line 1017
[15-Apr-2023 13:17:51 UTC] PHP Notice:  Undefined index: verified_location in /home/allinkc/www/app/controllers/LinkAjax.php on line 1003
[15-Apr-2023 13:17:51 UTC] PHP Notice:  Undefined index: utm_medium in /home/allinkc/www/app/controllers/LinkAjax.php on line 1010
[15-Apr-2023 13:17:51 UTC] PHP Notice:  Undefined index: utm_source in /home/allinkc/www/app/controllers/LinkAjax.php on line 1011
[15-Apr-2023 13:17:51 UTC] PHP Notice:  Undefined index: custom_css in /home/allinkc/www/app/controllers/LinkAjax.php on line 1016
[15-Apr-2023 13:17:51 UTC] PHP Notice:  Undefined index: custom_js in /home/allinkc/www/app/controllers/LinkAjax.php on line 1017
[15-Apr-2023 13:18:17 UTC] PHP Notice:  Undefined index: verified_location in /home/allinkc/www/app/controllers/LinkAjax.php on line 1003
[15-Apr-2023 13:18:17 UTC] PHP Notice:  Undefined index: utm_medium in /home/allinkc/www/app/controllers/LinkAjax.php on line 1010
[15-Apr-2023 13:18:17 UTC] PHP Notice:  Undefined index: utm_source in /home/allinkc/www/app/controllers/LinkAjax.php on line 1011
[15-Apr-2023 13:18:17 UTC] PHP Notice:  Undefined index: custom_css in /home/allinkc/www/app/controllers/LinkAjax.php on line 1016
[15-Apr-2023 13:18:17 UTC] PHP Notice:  Undefined index: custom_js in /home/allinkc/www/app/controllers/LinkAjax.php on line 1017
[15-Apr-2023 13:18:56 UTC] PHP Notice:  Undefined property: stdClass::$password in /home/allinkc/www/app/controllers/l/Link.php on line 124
[15-Apr-2023 13:18:56 UTC] PHP Notice:  Undefined property: stdClass::$sensitive_content in /home/allinkc/www/app/controllers/l/Link.php on line 153
[15-Apr-2023 13:20:00 UTC] PHP Notice:  Undefined index: verified_location in /home/allinkc/www/app/controllers/LinkAjax.php on line 1003
[15-Apr-2023 13:20:00 UTC] PHP Notice:  Undefined index: utm_medium in /home/allinkc/www/app/controllers/LinkAjax.php on line 1010
[15-Apr-2023 13:20:00 UTC] PHP Notice:  Undefined index: utm_source in /home/allinkc/www/app/controllers/LinkAjax.php on line 1011
[15-Apr-2023 13:20:00 UTC] PHP Notice:  Undefined index: custom_css in /home/allinkc/www/app/controllers/LinkAjax.php on line 1016
[15-Apr-2023 13:20:00 UTC] PHP Notice:  Undefined index: custom_js in /home/allinkc/www/app/controllers/LinkAjax.php on line 1017
[15-Apr-2023 13:20:14 UTC] PHP Notice:  Undefined index: verified_location in /home/allinkc/www/app/controllers/LinkAjax.php on line 1003
[15-Apr-2023 13:20:14 UTC] PHP Notice:  Undefined index: utm_medium in /home/allinkc/www/app/controllers/LinkAjax.php on line 1010
[15-Apr-2023 13:20:14 UTC] PHP Notice:  Undefined index: utm_source in /home/allinkc/www/app/controllers/LinkAjax.php on line 1011
[15-Apr-2023 13:20:14 UTC] PHP Notice:  Undefined index: custom_css in /home/allinkc/www/app/controllers/LinkAjax.php on line 1016
[15-Apr-2023 13:20:14 UTC] PHP Notice:  Undefined index: custom_js in /home/allinkc/www/app/controllers/LinkAjax.php on line 1017
[15-Apr-2023 13:20:50 UTC] PHP Notice:  Undefined index: verified_location in /home/allinkc/www/app/controllers/LinkAjax.php on line 1003
[15-Apr-2023 13:20:50 UTC] PHP Notice:  Undefined index: utm_medium in /home/allinkc/www/app/controllers/LinkAjax.php on line 1010
[15-Apr-2023 13:20:50 UTC] PHP Notice:  Undefined index: utm_source in /home/allinkc/www/app/controllers/LinkAjax.php on line 1011
[15-Apr-2023 13:20:50 UTC] PHP Notice:  Undefined index: custom_css in /home/allinkc/www/app/controllers/LinkAjax.php on line 1016
[15-Apr-2023 13:20:50 UTC] PHP Notice:  Undefined index: custom_js in /home/allinkc/www/app/controllers/LinkAjax.php on line 1017
[15-Apr-2023 13:23:20 UTC] PHP Notice:  Undefined index: verified_location in /home/allinkc/www/app/controllers/LinkAjax.php on line 1003
[15-Apr-2023 13:23:20 UTC] PHP Notice:  Undefined index: utm_medium in /home/allinkc/www/app/controllers/LinkAjax.php on line 1010
[15-Apr-2023 13:23:20 UTC] PHP Notice:  Undefined index: utm_source in /home/allinkc/www/app/controllers/LinkAjax.php on line 1011
[15-Apr-2023 13:23:20 UTC] PHP Notice:  Undefined index: custom_css in /home/allinkc/www/app/controllers/LinkAjax.php on line 1016
[15-Apr-2023 13:23:20 UTC] PHP Notice:  Undefined index: custom_js in /home/allinkc/www/app/controllers/LinkAjax.php on line 1017
[15-Apr-2023 13:25:19 UTC] PHP Notice:  Undefined index: verified_location in /home/allinkc/www/app/controllers/LinkAjax.php on line 1003
[15-Apr-2023 13:25:19 UTC] PHP Notice:  Undefined index: utm_medium in /home/allinkc/www/app/controllers/LinkAjax.php on line 1010
[15-Apr-2023 13:25:19 UTC] PHP Notice:  Undefined index: utm_source in /home/allinkc/www/app/controllers/LinkAjax.php on line 1011
[15-Apr-2023 13:25:19 UTC] PHP Notice:  Undefined index: custom_css in /home/allinkc/www/app/controllers/LinkAjax.php on line 1016
[15-Apr-2023 13:25:19 UTC] PHP Notice:  Undefined index: custom_js in /home/allinkc/www/app/controllers/LinkAjax.php on line 1017
[15-Apr-2023 13:46:39 UTC] PHP Fatal error:  Uncaught Error: Call to a member function fetch_object() on bool in /home/allinkc/www/app/models/Domain.php:43
Stack trace:
#0 /home/allinkc/www/app/controllers/BiolinksTemplates.php(55): Altum\Models\Domain->get_available_domains_by_user(NULL)
#1 [internal function]: Altum\controllers\BiolinksTemplates->index()
#2 /home/allinkc/www/app/core/App.php(204): call_user_func_array(Array, Array)
#3 /home/allinkc/www/index.php(20): Altum\App->__construct()
#4 {main}
  thrown in /home/allinkc/www/app/models/Domain.php on line 43
[15-Apr-2023 13:48:19 UTC] PHP Warning:  copy(/home/allinkc/www/uploads/block_thumbnail_images/bfb0d729632dbe9abbce6d92bbfe5f1b.jpg): failed to open stream: No such file or directory in /home/allinkc/www/app/core/Uploads.php on line 322
[15-Apr-2023 13:54:41 UTC] PHP Warning:  copy(/home/allinkc/www/uploads/block_thumbnail_images/f2b3bc38e75dda88efad3b96132dfb5e.jpg): failed to open stream: No such file or directory in /home/allinkc/www/app/core/Uploads.php on line 322
[15-Apr-2023 14:50:33 UTC] PHP Warning:  copy(/home/allinkc/www/uploads/block_thumbnail_images/f2b3bc38e75dda88efad3b96132dfb5e.jpg): failed to open stream: No such file or directory in /home/allinkc/www/app/core/Uploads.php on line 322
[15-Apr-2023 15:17:27 UTC] PHP Warning:  copy(/home/allinkc/www/uploads/block_thumbnail_images/f2b3bc38e75dda88efad3b96132dfb5e.jpg): failed to open stream: No such file or directory in /home/allinkc/www/app/core/Uploads.php on line 322
[15-Apr-2023 15:20:08 UTC] PHP Warning:  copy(/home/allinkc/www/uploads/block_thumbnail_images/f2b3bc38e75dda88efad3b96132dfb5e.jpg): failed to open stream: No such file or directory in /home/allinkc/www/app/core/Uploads.php on line 322
[15-Apr-2023 15:21:24 UTC] PHP Warning:  copy(/home/allinkc/www/uploads/block_thumbnail_images/f2b3bc38e75dda88efad3b96132dfb5e.jpg): failed to open stream: No such file or directory in /home/allinkc/www/app/core/Uploads.php on line 322
[15-Apr-2023 15:24:20 UTC] PHP Warning:  copy(/home/allinkc/www/uploads/block_thumbnail_images/f2b3bc38e75dda88efad3b96132dfb5e.jpg): failed to open stream: No such file or directory in /home/allinkc/www/app/core/Uploads.php on line 322
[15-Apr-2023 15:26:55 UTC] PHP Warning:  copy(/home/allinkc/www/uploads/block_imzfages/4d6a776e272c363172d43395c5a3bd32.jpg): failed to open stream: No such file or directory in /home/allinkc/www/app/core/Uploads.php on line 322
[15-Apr-2023 15:27:22 UTC] PHP Warning:  copy(/home/allinkc/www/uploads/block_imzfages/4d6a776e272c363172d43395c5a3bd32.jpg): failed to open stream: No such file or directory in /home/allinkc/www/app/core/Uploads.php on line 322
[15-Apr-2023 15:28:16 UTC] PHP Warning:  copy(/home/allinkc/www/uploads/block_thumbnail_images/f2b3bc38e75dda88efad3b96132dfb5e.jpg): failed to open stream: No such file or directory in /home/allinkc/www/app/core/Uploads.php on line 322
[15-Apr-2023 15:37:14 UTC] PHP Warning:  Invalid argument supplied for foreach() in /home/allinkc/www/themes/altum/views/dashboard/index.php on line 8
[15-Apr-2023 15:37:14 UTC] PHP Warning:  Invalid argument supplied for foreach() in /home/allinkc/www/themes/altum/views/dashboard/index.php on line 15
[15-Apr-2023 15:37:16 UTC] PHP Warning:  Invalid argument supplied for foreach() in /home/allinkc/www/themes/altum/views/dashboard/index.php on line 8
[15-Apr-2023 15:37:16 UTC] PHP Warning:  Invalid argument supplied for foreach() in /home/allinkc/www/themes/altum/views/dashboard/index.php on line 15
[15-Apr-2023 15:37:21 UTC] PHP Warning:  Invalid argument supplied for foreach() in /home/allinkc/www/themes/altum/views/dashboard/index.php on line 8
[15-Apr-2023 15:37:21 UTC] PHP Warning:  Invalid argument supplied for foreach() in /home/allinkc/www/themes/altum/views/dashboard/index.php on line 15
[15-Apr-2023 15:38:31 UTC] PHP Warning:  Invalid argument supplied for foreach() in /home/allinkc/www/themes/altum/views/dashboard/index.php on line 8
[15-Apr-2023 15:38:31 UTC] PHP Warning:  Invalid argument supplied for foreach() in /home/allinkc/www/themes/altum/views/dashboard/index.php on line 15
[15-Apr-2023 21:41:00 UTC] PHP Warning:  Cannot modify header information - headers already sent by (output started at /home/allinkc/www/app/controllers/BiolinkBlockAjax.php:172) in /home/allinkc/www/app/helpers/links.php on line 17
[15-Apr-2023 21:52:05 UTC] PHP Warning:  Cannot modify header information - headers already sent by (output started at /home/allinkc/www/app/controllers/BiolinkBlockAjax.php:173) in /home/allinkc/www/app/helpers/links.php on line 17
[15-Apr-2023 21:59:39 UTC] PHP Fatal error:  Uncaught Exception: You have an error in your SQL syntax; check the manual that corresponds to your MySQL server version for the right syntax to use near '3 ?  AND user_id = ?' at line 1 query: SELECT  * FROM biolinks_blocks WHERE  `order` 3 ?  AND user_id = ?  in /home/allinkc/www/app/helpers/MysqliDb.php:2010
Stack trace:
#0 /home/allinkc/www/app/helpers/MysqliDb.php(1598): Altum\Helpers\MysqliDb->_prepareQuery()
#1 /home/allinkc/www/app/helpers/MysqliDb.php(747): Altum\Helpers\MysqliDb->_buildQuery(NULL)
#2 /home/allinkc/www/app/controllers/BiolinkBlockAjax.php(156): Altum\Helpers\MysqliDb->get('biolinks_blocks')
#3 [internal function]: Altum\Controllers\BiolinkBlockAjax->duplicate()
#4 /home/allinkc/www/app/core/App.php(204): call_user_func_array(Array, Array)
#5 /home/allinkc/www/index.php(20): Altum\App->__construct()
#6 {main}
  thrown in /home/allinkc/www/app/helpers/MysqliDb.php on line 2010
