[15-Jun-2023 14:06:28 UTC] PHP Fatal error:  Uncaught Error: Class 'Language' not found in /home/allinkc/www/themes/altum/views/l/wrapper.php:12
Stack trace:
#0 /home/allinkc/www/app/core/View.php(35): require()
#1 /home/allinkc/www/app/core/Controller.php(98): Altum\View->run()
#2 /home/allinkc/www/app/core/App.php(207): Altum\Controllers\Controller->run()
#3 /home/allinkc/www/index.php(20): Altum\App->__construct()
#4 {main}
  thrown in /home/allinkc/www/themes/altum/views/l/wrapper.php on line 12
[15-Jun-2023 14:06:36 UTC] PHP Fatal error:  Uncaught Error: Class 'Language' not found in /home/allinkc/www/themes/altum/views/l/wrapper.php:12
Stack trace:
#0 /home/allinkc/www/app/core/View.php(35): require()
#1 /home/allinkc/www/app/core/Controller.php(98): Altum\View->run()
#2 /home/allinkc/www/app/core/App.php(207): Altum\Controllers\Controller->run()
#3 /home/allinkc/www/index.php(20): Altum\App->__construct()
#4 {main}
  thrown in /home/allinkc/www/themes/altum/views/l/wrapper.php on line 12
[15-Jun-2023 14:06:37 UTC] PHP Fatal error:  Uncaught Error: Class 'Language' not found in /home/allinkc/www/themes/altum/views/l/wrapper.php:12
Stack trace:
#0 /home/allinkc/www/app/core/View.php(35): require()
#1 /home/allinkc/www/app/core/Controller.php(98): Altum\View->run()
#2 /home/allinkc/www/app/core/App.php(207): Altum\Controllers\Controller->run()
#3 /home/allinkc/www/index.php(20): Altum\App->__construct()
#4 {main}
  thrown in /home/allinkc/www/themes/altum/views/l/wrapper.php on line 12
[15-Jun-2023 14:06:40 UTC] PHP Fatal error:  Uncaught Error: Class 'Language' not found in /home/allinkc/www/themes/altum/views/l/wrapper.php:12
Stack trace:
#0 /home/allinkc/www/app/core/View.php(35): require()
#1 /home/allinkc/www/app/core/Controller.php(98): Altum\View->run()
#2 /home/allinkc/www/app/core/App.php(207): Altum\Controllers\Controller->run()
#3 /home/allinkc/www/index.php(20): Altum\App->__construct()
#4 {main}
  thrown in /home/allinkc/www/themes/altum/views/l/wrapper.php on line 12
[15-Jun-2023 14:06:50 UTC] PHP Fatal error:  Uncaught Error: Class 'Language' not found in /home/allinkc/www/themes/altum/views/l/wrapper.php:12
Stack trace:
#0 /home/allinkc/www/app/core/View.php(35): require()
#1 /home/allinkc/www/app/core/Controller.php(98): Altum\View->run()
#2 /home/allinkc/www/app/core/App.php(207): Altum\Controllers\Controller->run()
#3 /home/allinkc/www/index.php(20): Altum\App->__construct()
#4 {main}
  thrown in /home/allinkc/www/themes/altum/views/l/wrapper.php on line 12
[15-Jun-2023 14:06:50 UTC] PHP Fatal error:  Uncaught Error: Class 'Language' not found in /home/allinkc/www/themes/altum/views/l/wrapper.php:12
Stack trace:
#0 /home/allinkc/www/app/core/View.php(35): require()
#1 /home/allinkc/www/app/core/Controller.php(98): Altum\View->run()
#2 /home/allinkc/www/app/core/App.php(207): Altum\Controllers\Controller->run()
#3 /home/allinkc/www/index.php(20): Altum\App->__construct()
#4 {main}
  thrown in /home/allinkc/www/themes/altum/views/l/wrapper.php on line 12
[15-Jun-2023 14:06:50 UTC] PHP Fatal error:  Uncaught Error: Class 'Language' not found in /home/allinkc/www/themes/altum/views/l/wrapper.php:12
Stack trace:
#0 /home/allinkc/www/app/core/View.php(35): require()
#1 /home/allinkc/www/app/core/Controller.php(98): Altum\View->run()
#2 /home/allinkc/www/app/core/App.php(207): Altum\Controllers\Controller->run()
#3 /home/allinkc/www/index.php(20): Altum\App->__construct()
#4 {main}
  thrown in /home/allinkc/www/themes/altum/views/l/wrapper.php on line 12
[15-Jun-2023 14:06:51 UTC] PHP Fatal error:  Uncaught Error: Class 'Language' not found in /home/allinkc/www/themes/altum/views/l/wrapper.php:12
Stack trace:
#0 /home/allinkc/www/app/core/View.php(35): require()
#1 /home/allinkc/www/app/core/Controller.php(98): Altum\View->run()
#2 /home/allinkc/www/app/core/App.php(207): Altum\Controllers\Controller->run()
#3 /home/allinkc/www/index.php(20): Altum\App->__construct()
#4 {main}
  thrown in /home/allinkc/www/themes/altum/views/l/wrapper.php on line 12
[15-Jun-2023 14:06:51 UTC] PHP Fatal error:  Uncaught Error: Class 'Language' not found in /home/allinkc/www/themes/altum/views/l/wrapper.php:12
Stack trace:
#0 /home/allinkc/www/app/core/View.php(35): require()
#1 /home/allinkc/www/app/core/Controller.php(98): Altum\View->run()
#2 /home/allinkc/www/app/core/App.php(207): Altum\Controllers\Controller->run()
#3 /home/allinkc/www/index.php(20): Altum\App->__construct()
#4 {main}
  thrown in /home/allinkc/www/themes/altum/views/l/wrapper.php on line 12
[15-Jun-2023 14:06:51 UTC] PHP Fatal error:  Uncaught Error: Class 'Language' not found in /home/allinkc/www/themes/altum/views/l/wrapper.php:12
Stack trace:
#0 /home/allinkc/www/app/core/View.php(35): require()
#1 /home/allinkc/www/app/core/Controller.php(98): Altum\View->run()
#2 /home/allinkc/www/app/core/App.php(207): Altum\Controllers\Controller->run()
#3 /home/allinkc/www/index.php(20): Altum\App->__construct()
#4 {main}
  thrown in /home/allinkc/www/themes/altum/views/l/wrapper.php on line 12
[15-Jun-2023 14:06:51 UTC] PHP Fatal error:  Uncaught Error: Class 'Language' not found in /home/allinkc/www/themes/altum/views/l/wrapper.php:12
Stack trace:
#0 /home/allinkc/www/app/core/View.php(35): require()
#1 /home/allinkc/www/app/core/Controller.php(98): Altum\View->run()
#2 /home/allinkc/www/app/core/App.php(207): Altum\Controllers\Controller->run()
#3 /home/allinkc/www/index.php(20): Altum\App->__construct()
#4 {main}
  thrown in /home/allinkc/www/themes/altum/views/l/wrapper.php on line 12
[15-Jun-2023 14:06:51 UTC] PHP Fatal error:  Uncaught Error: Class 'Language' not found in /home/allinkc/www/themes/altum/views/l/wrapper.php:12
Stack trace:
#0 /home/allinkc/www/app/core/View.php(35): require()
#1 /home/allinkc/www/app/core/Controller.php(98): Altum\View->run()
#2 /home/allinkc/www/app/core/App.php(207): Altum\Controllers\Controller->run()
#3 /home/allinkc/www/index.php(20): Altum\App->__construct()
#4 {main}
  thrown in /home/allinkc/www/themes/altum/views/l/wrapper.php on line 12
[15-Jun-2023 14:06:51 UTC] PHP Fatal error:  Uncaught Error: Class 'Language' not found in /home/allinkc/www/themes/altum/views/l/wrapper.php:12
Stack trace:
#0 /home/allinkc/www/app/core/View.php(35): require()
#1 /home/allinkc/www/app/core/Controller.php(98): Altum\View->run()
#2 /home/allinkc/www/app/core/App.php(207): Altum\Controllers\Controller->run()
#3 /home/allinkc/www/index.php(20): Altum\App->__construct()
#4 {main}
  thrown in /home/allinkc/www/themes/altum/views/l/wrapper.php on line 12
[15-Jun-2023 14:06:51 UTC] PHP Fatal error:  Uncaught Error: Class 'Language' not found in /home/allinkc/www/themes/altum/views/l/wrapper.php:12
Stack trace:
#0 /home/allinkc/www/app/core/View.php(35): require()
#1 /home/allinkc/www/app/core/Controller.php(98): Altum\View->run()
#2 /home/allinkc/www/app/core/App.php(207): Altum\Controllers\Controller->run()
#3 /home/allinkc/www/index.php(20): Altum\App->__construct()
#4 {main}
  thrown in /home/allinkc/www/themes/altum/views/l/wrapper.php on line 12
[15-Jun-2023 14:06:52 UTC] PHP Fatal error:  Uncaught Error: Class 'Language' not found in /home/allinkc/www/themes/altum/views/l/wrapper.php:12
Stack trace:
#0 /home/allinkc/www/app/core/View.php(35): require()
#1 /home/allinkc/www/app/core/Controller.php(98): Altum\View->run()
#2 /home/allinkc/www/app/core/App.php(207): Altum\Controllers\Controller->run()
#3 /home/allinkc/www/index.php(20): Altum\App->__construct()
#4 {main}
  thrown in /home/allinkc/www/themes/altum/views/l/wrapper.php on line 12
[15-Jun-2023 14:06:53 UTC] PHP Fatal error:  Uncaught Error: Class 'Language' not found in /home/allinkc/www/themes/altum/views/l/wrapper.php:12
Stack trace:
#0 /home/allinkc/www/app/core/View.php(35): require()
#1 /home/allinkc/www/app/core/Controller.php(98): Altum\View->run()
#2 /home/allinkc/www/app/core/App.php(207): Altum\Controllers\Controller->run()
#3 /home/allinkc/www/index.php(20): Altum\App->__construct()
#4 {main}
  thrown in /home/allinkc/www/themes/altum/views/l/wrapper.php on line 12
[15-Jun-2023 14:06:54 UTC] PHP Fatal error:  Uncaught Error: Class 'Language' not found in /home/allinkc/www/themes/altum/views/l/wrapper.php:12
Stack trace:
#0 /home/allinkc/www/app/core/View.php(35): require()
#1 /home/allinkc/www/app/core/Controller.php(98): Altum\View->run()
#2 /home/allinkc/www/app/core/App.php(207): Altum\Controllers\Controller->run()
#3 /home/allinkc/www/index.php(20): Altum\App->__construct()
#4 {main}
  thrown in /home/allinkc/www/themes/altum/views/l/wrapper.php on line 12
[15-Jun-2023 14:22:00 UTC] PHP Warning:  array_search() expects parameter 2 to be array, bool given in /home/allinkc/www/themes/altum/views/l/wrapper.php on line 5
[15-Jun-2023 14:22:30 UTC] PHP Warning:  array_search() expects parameter 2 to be array, bool given in /home/allinkc/www/themes/altum/views/l/wrapper.php on line 5
[15-Jun-2023 14:22:36 UTC] PHP Warning:  array_search() expects parameter 2 to be array, bool given in /home/allinkc/www/themes/altum/views/l/wrapper.php on line 5
[15-Jun-2023 14:22:43 UTC] PHP Warning:  array_search() expects parameter 2 to be array, bool given in /home/allinkc/www/themes/altum/views/l/wrapper.php on line 5
[15-Jun-2023 14:23:27 UTC] PHP Warning:  array_search() expects parameter 2 to be array, bool given in /home/allinkc/www/themes/altum/views/l/wrapper.php on line 5
[15-Jun-2023 14:23:46 UTC] PHP Warning:  array_search() expects parameter 2 to be array, bool given in /home/allinkc/www/themes/altum/views/l/wrapper.php on line 5
[15-Jun-2023 16:35:39 Europe/Paris] PHP Warning:  Use of undefined constant en - assumed 'en' (this will throw an Error in a future version of PHP) in /home/allinkc/www/app/helpers/core.php on line 26
[15-Jun-2023 16:35:39 Europe/Paris] PHP Warning:  Use of undefined constant en - assumed 'en' (this will throw an Error in a future version of PHP) in /home/allinkc/www/app/helpers/core.php on line 26
[15-Jun-2023 14:35:39 UTC] PHP Warning:  Use of undefined constant en - assumed 'en' (this will throw an Error in a future version of PHP) in /home/allinkc/www/app/helpers/core.php on line 26
[15-Jun-2023 14:35:39 UTC] PHP Warning:  Use of undefined constant en - assumed 'en' (this will throw an Error in a future version of PHP) in /home/allinkc/www/app/helpers/core.php on line 26
[15-Jun-2023 14:35:39 UTC] PHP Warning:  Use of undefined constant en - assumed 'en' (this will throw an Error in a future version of PHP) in /home/allinkc/www/app/helpers/core.php on line 26
[15-Jun-2023 14:35:39 UTC] PHP Warning:  Use of undefined constant en - assumed 'en' (this will throw an Error in a future version of PHP) in /home/allinkc/www/app/helpers/core.php on line 26
[15-Jun-2023 14:35:39 UTC] PHP Warning:  Use of undefined constant en - assumed 'en' (this will throw an Error in a future version of PHP) in /home/allinkc/www/app/helpers/core.php on line 26
[15-Jun-2023 14:35:39 UTC] PHP Warning:  Use of undefined constant en - assumed 'en' (this will throw an Error in a future version of PHP) in /home/allinkc/www/app/helpers/core.php on line 26
[15-Jun-2023 14:35:39 UTC] PHP Warning:  Use of undefined constant en - assumed 'en' (this will throw an Error in a future version of PHP) in /home/allinkc/www/app/helpers/core.php on line 26
[15-Jun-2023 14:35:39 UTC] PHP Warning:  Use of undefined constant en - assumed 'en' (this will throw an Error in a future version of PHP) in /home/allinkc/www/app/helpers/core.php on line 26
[15-Jun-2023 14:35:39 UTC] PHP Warning:  Use of undefined constant en - assumed 'en' (this will throw an Error in a future version of PHP) in /home/allinkc/www/app/helpers/core.php on line 26
[15-Jun-2023 14:35:39 UTC] PHP Warning:  Use of undefined constant en - assumed 'en' (this will throw an Error in a future version of PHP) in /home/allinkc/www/app/helpers/core.php on line 26
[15-Jun-2023 14:35:39 UTC] PHP Warning:  Use of undefined constant en - assumed 'en' (this will throw an Error in a future version of PHP) in /home/allinkc/www/app/helpers/core.php on line 26
[15-Jun-2023 14:35:39 UTC] PHP Warning:  Use of undefined constant en - assumed 'en' (this will throw an Error in a future version of PHP) in /home/allinkc/www/app/helpers/core.php on line 26
[15-Jun-2023 14:35:39 UTC] PHP Warning:  Use of undefined constant en - assumed 'en' (this will throw an Error in a future version of PHP) in /home/allinkc/www/app/helpers/core.php on line 26
[15-Jun-2023 14:35:39 UTC] PHP Warning:  Use of undefined constant en - assumed 'en' (this will throw an Error in a future version of PHP) in /home/allinkc/www/app/helpers/core.php on line 26
[15-Jun-2023 14:35:39 UTC] PHP Warning:  Use of undefined constant en - assumed 'en' (this will throw an Error in a future version of PHP) in /home/allinkc/www/app/helpers/core.php on line 26
[15-Jun-2023 14:35:39 UTC] PHP Warning:  Use of undefined constant en - assumed 'en' (this will throw an Error in a future version of PHP) in /home/allinkc/www/app/helpers/core.php on line 26
[15-Jun-2023 14:35:39 UTC] PHP Warning:  Use of undefined constant en - assumed 'en' (this will throw an Error in a future version of PHP) in /home/allinkc/www/app/helpers/core.php on line 26
[15-Jun-2023 14:35:39 UTC] PHP Warning:  Use of undefined constant en - assumed 'en' (this will throw an Error in a future version of PHP) in /home/allinkc/www/app/helpers/core.php on line 26
[15-Jun-2023 14:35:39 UTC] PHP Warning:  Use of undefined constant en - assumed 'en' (this will throw an Error in a future version of PHP) in /home/allinkc/www/app/helpers/core.php on line 26
[15-Jun-2023 14:35:39 UTC] PHP Warning:  Use of undefined constant en - assumed 'en' (this will throw an Error in a future version of PHP) in /home/allinkc/www/app/helpers/core.php on line 26
[15-Jun-2023 14:35:39 UTC] PHP Warning:  Use of undefined constant en - assumed 'en' (this will throw an Error in a future version of PHP) in /home/allinkc/www/app/helpers/core.php on line 26
[15-Jun-2023 14:35:39 UTC] PHP Warning:  Use of undefined constant en - assumed 'en' (this will throw an Error in a future version of PHP) in /home/allinkc/www/app/helpers/core.php on line 26
[15-Jun-2023 14:35:39 UTC] PHP Warning:  Use of undefined constant en - assumed 'en' (this will throw an Error in a future version of PHP) in /home/allinkc/www/app/helpers/core.php on line 26
[15-Jun-2023 14:35:39 UTC] PHP Warning:  Use of undefined constant en - assumed 'en' (this will throw an Error in a future version of PHP) in /home/allinkc/www/app/helpers/core.php on line 26
[15-Jun-2023 16:35:43 Europe/Paris] PHP Warning:  Use of undefined constant en - assumed 'en' (this will throw an Error in a future version of PHP) in /home/allinkc/www/app/helpers/core.php on line 26
[15-Jun-2023 16:35:43 Europe/Paris] PHP Warning:  Use of undefined constant en - assumed 'en' (this will throw an Error in a future version of PHP) in /home/allinkc/www/app/helpers/core.php on line 26
[15-Jun-2023 14:35:43 UTC] PHP Warning:  Use of undefined constant en - assumed 'en' (this will throw an Error in a future version of PHP) in /home/allinkc/www/app/helpers/core.php on line 26
[15-Jun-2023 14:35:43 UTC] PHP Warning:  Use of undefined constant en - assumed 'en' (this will throw an Error in a future version of PHP) in /home/allinkc/www/app/helpers/core.php on line 26
[15-Jun-2023 14:35:43 UTC] PHP Warning:  Use of undefined constant en - assumed 'en' (this will throw an Error in a future version of PHP) in /home/allinkc/www/app/helpers/core.php on line 26
[15-Jun-2023 14:35:43 UTC] PHP Warning:  Use of undefined constant en - assumed 'en' (this will throw an Error in a future version of PHP) in /home/allinkc/www/app/helpers/core.php on line 26
[15-Jun-2023 14:35:43 UTC] PHP Warning:  Use of undefined constant en - assumed 'en' (this will throw an Error in a future version of PHP) in /home/allinkc/www/app/helpers/core.php on line 26
[15-Jun-2023 14:35:43 UTC] PHP Warning:  Use of undefined constant en - assumed 'en' (this will throw an Error in a future version of PHP) in /home/allinkc/www/app/helpers/core.php on line 26
[15-Jun-2023 14:35:43 UTC] PHP Warning:  Use of undefined constant en - assumed 'en' (this will throw an Error in a future version of PHP) in /home/allinkc/www/app/helpers/core.php on line 26
[15-Jun-2023 14:35:43 UTC] PHP Warning:  Use of undefined constant en - assumed 'en' (this will throw an Error in a future version of PHP) in /home/allinkc/www/app/helpers/core.php on line 26
[15-Jun-2023 14:35:43 UTC] PHP Warning:  Use of undefined constant en - assumed 'en' (this will throw an Error in a future version of PHP) in /home/allinkc/www/app/helpers/core.php on line 26
[15-Jun-2023 14:35:43 UTC] PHP Warning:  Use of undefined constant en - assumed 'en' (this will throw an Error in a future version of PHP) in /home/allinkc/www/app/helpers/core.php on line 26
[15-Jun-2023 14:35:43 UTC] PHP Warning:  Use of undefined constant en - assumed 'en' (this will throw an Error in a future version of PHP) in /home/allinkc/www/app/helpers/core.php on line 26
[15-Jun-2023 14:35:43 UTC] PHP Warning:  Use of undefined constant en - assumed 'en' (this will throw an Error in a future version of PHP) in /home/allinkc/www/app/helpers/core.php on line 26
[15-Jun-2023 14:35:43 UTC] PHP Warning:  Use of undefined constant en - assumed 'en' (this will throw an Error in a future version of PHP) in /home/allinkc/www/app/helpers/core.php on line 26
[15-Jun-2023 14:35:43 UTC] PHP Warning:  Use of undefined constant en - assumed 'en' (this will throw an Error in a future version of PHP) in /home/allinkc/www/app/helpers/core.php on line 26
[15-Jun-2023 14:35:43 UTC] PHP Warning:  Use of undefined constant en - assumed 'en' (this will throw an Error in a future version of PHP) in /home/allinkc/www/app/helpers/core.php on line 26
[15-Jun-2023 14:35:43 UTC] PHP Warning:  Use of undefined constant en - assumed 'en' (this will throw an Error in a future version of PHP) in /home/allinkc/www/app/helpers/core.php on line 26
[15-Jun-2023 14:35:43 UTC] PHP Warning:  Use of undefined constant en - assumed 'en' (this will throw an Error in a future version of PHP) in /home/allinkc/www/app/helpers/core.php on line 26
[15-Jun-2023 14:35:43 UTC] PHP Warning:  Use of undefined constant en - assumed 'en' (this will throw an Error in a future version of PHP) in /home/allinkc/www/app/helpers/core.php on line 26
[15-Jun-2023 14:35:43 UTC] PHP Warning:  Use of undefined constant en - assumed 'en' (this will throw an Error in a future version of PHP) in /home/allinkc/www/app/helpers/core.php on line 26
[15-Jun-2023 14:35:43 UTC] PHP Warning:  Use of undefined constant en - assumed 'en' (this will throw an Error in a future version of PHP) in /home/allinkc/www/app/helpers/core.php on line 26
[15-Jun-2023 14:35:43 UTC] PHP Warning:  Use of undefined constant en - assumed 'en' (this will throw an Error in a future version of PHP) in /home/allinkc/www/app/helpers/core.php on line 26
[15-Jun-2023 14:35:43 UTC] PHP Warning:  Use of undefined constant en - assumed 'en' (this will throw an Error in a future version of PHP) in /home/allinkc/www/app/helpers/core.php on line 26
[15-Jun-2023 14:35:43 UTC] PHP Warning:  Use of undefined constant en - assumed 'en' (this will throw an Error in a future version of PHP) in /home/allinkc/www/app/helpers/core.php on line 26
[15-Jun-2023 14:35:43 UTC] PHP Warning:  Use of undefined constant en - assumed 'en' (this will throw an Error in a future version of PHP) in /home/allinkc/www/app/helpers/core.php on line 26
[15-Jun-2023 16:35:44 Europe/Paris] PHP Warning:  Use of undefined constant en - assumed 'en' (this will throw an Error in a future version of PHP) in /home/allinkc/www/app/helpers/core.php on line 26
[15-Jun-2023 16:35:44 Europe/Paris] PHP Warning:  Use of undefined constant en - assumed 'en' (this will throw an Error in a future version of PHP) in /home/allinkc/www/app/helpers/core.php on line 26
[15-Jun-2023 14:35:44 UTC] PHP Warning:  Use of undefined constant en - assumed 'en' (this will throw an Error in a future version of PHP) in /home/allinkc/www/app/helpers/core.php on line 26
[15-Jun-2023 14:35:44 UTC] PHP Warning:  Use of undefined constant en - assumed 'en' (this will throw an Error in a future version of PHP) in /home/allinkc/www/app/helpers/core.php on line 26
[15-Jun-2023 14:35:44 UTC] PHP Warning:  Use of undefined constant en - assumed 'en' (this will throw an Error in a future version of PHP) in /home/allinkc/www/app/helpers/core.php on line 26
[15-Jun-2023 14:35:44 UTC] PHP Warning:  Use of undefined constant en - assumed 'en' (this will throw an Error in a future version of PHP) in /home/allinkc/www/app/helpers/core.php on line 26
[15-Jun-2023 14:35:44 UTC] PHP Warning:  Use of undefined constant en - assumed 'en' (this will throw an Error in a future version of PHP) in /home/allinkc/www/app/helpers/core.php on line 26
[15-Jun-2023 14:35:44 UTC] PHP Warning:  Use of undefined constant en - assumed 'en' (this will throw an Error in a future version of PHP) in /home/allinkc/www/app/helpers/core.php on line 26
[15-Jun-2023 14:35:44 UTC] PHP Warning:  Use of undefined constant en - assumed 'en' (this will throw an Error in a future version of PHP) in /home/allinkc/www/app/helpers/core.php on line 26
[15-Jun-2023 14:35:44 UTC] PHP Warning:  Use of undefined constant en - assumed 'en' (this will throw an Error in a future version of PHP) in /home/allinkc/www/app/helpers/core.php on line 26
[15-Jun-2023 14:35:44 UTC] PHP Warning:  Use of undefined constant en - assumed 'en' (this will throw an Error in a future version of PHP) in /home/allinkc/www/app/helpers/core.php on line 26
[15-Jun-2023 14:35:44 UTC] PHP Warning:  Use of undefined constant en - assumed 'en' (this will throw an Error in a future version of PHP) in /home/allinkc/www/app/helpers/core.php on line 26
[15-Jun-2023 14:35:44 UTC] PHP Warning:  Use of undefined constant en - assumed 'en' (this will throw an Error in a future version of PHP) in /home/allinkc/www/app/helpers/core.php on line 26
[15-Jun-2023 14:35:44 UTC] PHP Warning:  Use of undefined constant en - assumed 'en' (this will throw an Error in a future version of PHP) in /home/allinkc/www/app/helpers/core.php on line 26
[15-Jun-2023 14:35:44 UTC] PHP Warning:  Use of undefined constant en - assumed 'en' (this will throw an Error in a future version of PHP) in /home/allinkc/www/app/helpers/core.php on line 26
[15-Jun-2023 14:35:44 UTC] PHP Warning:  Use of undefined constant en - assumed 'en' (this will throw an Error in a future version of PHP) in /home/allinkc/www/app/helpers/core.php on line 26
[15-Jun-2023 14:35:44 UTC] PHP Warning:  Use of undefined constant en - assumed 'en' (this will throw an Error in a future version of PHP) in /home/allinkc/www/app/helpers/core.php on line 26
[15-Jun-2023 14:35:44 UTC] PHP Warning:  Use of undefined constant en - assumed 'en' (this will throw an Error in a future version of PHP) in /home/allinkc/www/app/helpers/core.php on line 26
[15-Jun-2023 14:35:44 UTC] PHP Warning:  Use of undefined constant en - assumed 'en' (this will throw an Error in a future version of PHP) in /home/allinkc/www/app/helpers/core.php on line 26
[15-Jun-2023 14:35:44 UTC] PHP Warning:  Use of undefined constant en - assumed 'en' (this will throw an Error in a future version of PHP) in /home/allinkc/www/app/helpers/core.php on line 26
[15-Jun-2023 14:35:44 UTC] PHP Warning:  Use of undefined constant en - assumed 'en' (this will throw an Error in a future version of PHP) in /home/allinkc/www/app/helpers/core.php on line 26
[15-Jun-2023 14:35:44 UTC] PHP Warning:  Use of undefined constant en - assumed 'en' (this will throw an Error in a future version of PHP) in /home/allinkc/www/app/helpers/core.php on line 26
[15-Jun-2023 14:35:44 UTC] PHP Warning:  Use of undefined constant en - assumed 'en' (this will throw an Error in a future version of PHP) in /home/allinkc/www/app/helpers/core.php on line 26
[15-Jun-2023 14:35:44 UTC] PHP Warning:  Use of undefined constant en - assumed 'en' (this will throw an Error in a future version of PHP) in /home/allinkc/www/app/helpers/core.php on line 26
[15-Jun-2023 14:35:44 UTC] PHP Warning:  Use of undefined constant en - assumed 'en' (this will throw an Error in a future version of PHP) in /home/allinkc/www/app/helpers/core.php on line 26
[15-Jun-2023 14:35:44 UTC] PHP Warning:  Use of undefined constant en - assumed 'en' (this will throw an Error in a future version of PHP) in /home/allinkc/www/app/helpers/core.php on line 26
[15-Jun-2023 16:35:59 Europe/Paris] PHP Warning:  Use of undefined constant en - assumed 'en' (this will throw an Error in a future version of PHP) in /home/allinkc/www/app/helpers/core.php on line 26
[15-Jun-2023 16:35:59 Europe/Paris] PHP Warning:  Use of undefined constant en - assumed 'en' (this will throw an Error in a future version of PHP) in /home/allinkc/www/app/helpers/core.php on line 26
[15-Jun-2023 16:36:05 Europe/Paris] PHP Warning:  Use of undefined constant en - assumed 'en' (this will throw an Error in a future version of PHP) in /home/allinkc/www/app/helpers/core.php on line 26
[15-Jun-2023 16:36:05 Europe/Paris] PHP Warning:  Use of undefined constant en - assumed 'en' (this will throw an Error in a future version of PHP) in /home/allinkc/www/app/helpers/core.php on line 26
[15-Jun-2023 14:36:05 UTC] PHP Warning:  Use of undefined constant en - assumed 'en' (this will throw an Error in a future version of PHP) in /home/allinkc/www/app/helpers/core.php on line 26
[15-Jun-2023 14:36:05 UTC] PHP Warning:  Use of undefined constant en - assumed 'en' (this will throw an Error in a future version of PHP) in /home/allinkc/www/app/helpers/core.php on line 26
[15-Jun-2023 14:36:05 UTC] PHP Warning:  Use of undefined constant en - assumed 'en' (this will throw an Error in a future version of PHP) in /home/allinkc/www/app/helpers/core.php on line 26
[15-Jun-2023 14:36:05 UTC] PHP Warning:  Use of undefined constant en - assumed 'en' (this will throw an Error in a future version of PHP) in /home/allinkc/www/app/helpers/core.php on line 26
[15-Jun-2023 14:36:05 UTC] PHP Warning:  Use of undefined constant en - assumed 'en' (this will throw an Error in a future version of PHP) in /home/allinkc/www/app/helpers/core.php on line 26
[15-Jun-2023 14:36:05 UTC] PHP Warning:  Use of undefined constant en - assumed 'en' (this will throw an Error in a future version of PHP) in /home/allinkc/www/app/helpers/core.php on line 26
[15-Jun-2023 14:36:05 UTC] PHP Warning:  Use of undefined constant en - assumed 'en' (this will throw an Error in a future version of PHP) in /home/allinkc/www/app/helpers/core.php on line 26
[15-Jun-2023 14:36:05 UTC] PHP Warning:  Use of undefined constant en - assumed 'en' (this will throw an Error in a future version of PHP) in /home/allinkc/www/app/helpers/core.php on line 26
[15-Jun-2023 14:36:05 UTC] PHP Warning:  Use of undefined constant en - assumed 'en' (this will throw an Error in a future version of PHP) in /home/allinkc/www/app/helpers/core.php on line 26
[15-Jun-2023 14:36:05 UTC] PHP Warning:  Use of undefined constant en - assumed 'en' (this will throw an Error in a future version of PHP) in /home/allinkc/www/app/helpers/core.php on line 26
[15-Jun-2023 14:36:05 UTC] PHP Warning:  Use of undefined constant en - assumed 'en' (this will throw an Error in a future version of PHP) in /home/allinkc/www/app/helpers/core.php on line 26
[15-Jun-2023 14:36:05 UTC] PHP Warning:  Use of undefined constant en - assumed 'en' (this will throw an Error in a future version of PHP) in /home/allinkc/www/app/helpers/core.php on line 26
[15-Jun-2023 14:36:05 UTC] PHP Warning:  Use of undefined constant en - assumed 'en' (this will throw an Error in a future version of PHP) in /home/allinkc/www/app/helpers/core.php on line 26
[15-Jun-2023 14:36:05 UTC] PHP Warning:  Use of undefined constant en - assumed 'en' (this will throw an Error in a future version of PHP) in /home/allinkc/www/app/helpers/core.php on line 26
[15-Jun-2023 14:36:05 UTC] PHP Warning:  Use of undefined constant en - assumed 'en' (this will throw an Error in a future version of PHP) in /home/allinkc/www/app/helpers/core.php on line 26
[15-Jun-2023 14:36:05 UTC] PHP Warning:  Use of undefined constant en - assumed 'en' (this will throw an Error in a future version of PHP) in /home/allinkc/www/app/helpers/core.php on line 26
[15-Jun-2023 14:36:05 UTC] PHP Warning:  Use of undefined constant en - assumed 'en' (this will throw an Error in a future version of PHP) in /home/allinkc/www/app/helpers/core.php on line 26
[15-Jun-2023 14:36:05 UTC] PHP Warning:  Use of undefined constant en - assumed 'en' (this will throw an Error in a future version of PHP) in /home/allinkc/www/app/helpers/core.php on line 26
[15-Jun-2023 14:36:05 UTC] PHP Warning:  Use of undefined constant en - assumed 'en' (this will throw an Error in a future version of PHP) in /home/allinkc/www/app/helpers/core.php on line 26
[15-Jun-2023 14:36:05 UTC] PHP Warning:  Use of undefined constant en - assumed 'en' (this will throw an Error in a future version of PHP) in /home/allinkc/www/app/helpers/core.php on line 26
[15-Jun-2023 14:36:05 UTC] PHP Warning:  Use of undefined constant en - assumed 'en' (this will throw an Error in a future version of PHP) in /home/allinkc/www/app/helpers/core.php on line 26
[15-Jun-2023 14:36:05 UTC] PHP Warning:  Use of undefined constant en - assumed 'en' (this will throw an Error in a future version of PHP) in /home/allinkc/www/app/helpers/core.php on line 26
[15-Jun-2023 14:36:05 UTC] PHP Warning:  Use of undefined constant en - assumed 'en' (this will throw an Error in a future version of PHP) in /home/allinkc/www/app/helpers/core.php on line 26
[15-Jun-2023 16:36:08 Europe/Paris] PHP Warning:  Use of undefined constant en - assumed 'en' (this will throw an Error in a future version of PHP) in /home/allinkc/www/app/helpers/core.php on line 26
[15-Jun-2023 16:36:08 Europe/Paris] PHP Warning:  Use of undefined constant en - assumed 'en' (this will throw an Error in a future version of PHP) in /home/allinkc/www/app/helpers/core.php on line 26
[15-Jun-2023 14:36:08 UTC] PHP Warning:  Use of undefined constant en - assumed 'en' (this will throw an Error in a future version of PHP) in /home/allinkc/www/app/helpers/core.php on line 26
[15-Jun-2023 14:36:08 UTC] PHP Warning:  Use of undefined constant en - assumed 'en' (this will throw an Error in a future version of PHP) in /home/allinkc/www/app/helpers/core.php on line 26
[15-Jun-2023 14:36:08 UTC] PHP Warning:  Use of undefined constant en - assumed 'en' (this will throw an Error in a future version of PHP) in /home/allinkc/www/app/helpers/core.php on line 26
[15-Jun-2023 14:36:08 UTC] PHP Warning:  Use of undefined constant en - assumed 'en' (this will throw an Error in a future version of PHP) in /home/allinkc/www/app/helpers/core.php on line 26
[15-Jun-2023 14:36:08 UTC] PHP Warning:  Use of undefined constant en - assumed 'en' (this will throw an Error in a future version of PHP) in /home/allinkc/www/app/helpers/core.php on line 26
[15-Jun-2023 14:36:08 UTC] PHP Warning:  Use of undefined constant en - assumed 'en' (this will throw an Error in a future version of PHP) in /home/allinkc/www/app/helpers/core.php on line 26
[15-Jun-2023 14:36:08 UTC] PHP Warning:  Use of undefined constant en - assumed 'en' (this will throw an Error in a future version of PHP) in /home/allinkc/www/app/helpers/core.php on line 26
[15-Jun-2023 14:36:08 UTC] PHP Warning:  Use of undefined constant en - assumed 'en' (this will throw an Error in a future version of PHP) in /home/allinkc/www/app/helpers/core.php on line 26
[15-Jun-2023 14:36:08 UTC] PHP Warning:  Use of undefined constant en - assumed 'en' (this will throw an Error in a future version of PHP) in /home/allinkc/www/app/helpers/core.php on line 26
[15-Jun-2023 14:36:08 UTC] PHP Warning:  Use of undefined constant en - assumed 'en' (this will throw an Error in a future version of PHP) in /home/allinkc/www/app/helpers/core.php on line 26
[15-Jun-2023 14:36:08 UTC] PHP Warning:  Use of undefined constant en - assumed 'en' (this will throw an Error in a future version of PHP) in /home/allinkc/www/app/helpers/core.php on line 26
[15-Jun-2023 14:36:08 UTC] PHP Warning:  Use of undefined constant en - assumed 'en' (this will throw an Error in a future version of PHP) in /home/allinkc/www/app/helpers/core.php on line 26
[15-Jun-2023 14:36:08 UTC] PHP Warning:  Use of undefined constant en - assumed 'en' (this will throw an Error in a future version of PHP) in /home/allinkc/www/app/helpers/core.php on line 26
[15-Jun-2023 14:36:08 UTC] PHP Warning:  Use of undefined constant en - assumed 'en' (this will throw an Error in a future version of PHP) in /home/allinkc/www/app/helpers/core.php on line 26
[15-Jun-2023 14:36:08 UTC] PHP Warning:  Use of undefined constant en - assumed 'en' (this will throw an Error in a future version of PHP) in /home/allinkc/www/app/helpers/core.php on line 26
[15-Jun-2023 14:36:08 UTC] PHP Warning:  Use of undefined constant en - assumed 'en' (this will throw an Error in a future version of PHP) in /home/allinkc/www/app/helpers/core.php on line 26
[15-Jun-2023 14:36:08 UTC] PHP Warning:  Use of undefined constant en - assumed 'en' (this will throw an Error in a future version of PHP) in /home/allinkc/www/app/helpers/core.php on line 26
[15-Jun-2023 14:36:08 UTC] PHP Warning:  Use of undefined constant en - assumed 'en' (this will throw an Error in a future version of PHP) in /home/allinkc/www/app/helpers/core.php on line 26
[15-Jun-2023 14:36:08 UTC] PHP Warning:  Use of undefined constant en - assumed 'en' (this will throw an Error in a future version of PHP) in /home/allinkc/www/app/helpers/core.php on line 26
[15-Jun-2023 14:36:08 UTC] PHP Warning:  Use of undefined constant en - assumed 'en' (this will throw an Error in a future version of PHP) in /home/allinkc/www/app/helpers/core.php on line 26
[15-Jun-2023 14:36:08 UTC] PHP Warning:  Use of undefined constant en - assumed 'en' (this will throw an Error in a future version of PHP) in /home/allinkc/www/app/helpers/core.php on line 26
[15-Jun-2023 14:36:08 UTC] PHP Warning:  Use of undefined constant en - assumed 'en' (this will throw an Error in a future version of PHP) in /home/allinkc/www/app/helpers/core.php on line 26
[15-Jun-2023 14:36:08 UTC] PHP Warning:  Use of undefined constant en - assumed 'en' (this will throw an Error in a future version of PHP) in /home/allinkc/www/app/helpers/core.php on line 26
[15-Jun-2023 15:24:15 UTC] PHP Fatal error:  Uncaught Error: Call to undefined function cookie_lang() in /home/allinkc/www/themes/altum/views/partials/cookie_consent.php:25
Stack trace:
#0 /home/allinkc/www/themes/altum/views/l/wrapper.php(111): require()
#1 /home/allinkc/www/app/core/View.php(35): require('/home/allinkc/w...')
#2 /home/allinkc/www/app/core/Controller.php(98): Altum\View->run()
#3 /home/allinkc/www/app/core/App.php(207): Altum\Controllers\Controller->run()
#4 /home/allinkc/www/index.php(20): Altum\App->__construct()
#5 {main}
  thrown in /home/allinkc/www/themes/altum/views/partials/cookie_consent.php on line 25
[15-Jun-2023 15:24:48 UTC] PHP Fatal error:  Uncaught Error: Call to undefined function cookie_langs() in /home/allinkc/www/themes/altum/views/partials/cookie_consent.php:25
Stack trace:
#0 /home/allinkc/www/themes/altum/views/l/wrapper.php(111): require()
#1 /home/allinkc/www/app/core/View.php(35): require('/home/allinkc/w...')
#2 /home/allinkc/www/app/core/Controller.php(98): Altum\View->run()
#3 /home/allinkc/www/app/core/App.php(207): Altum\Controllers\Controller->run()
#4 /home/allinkc/www/index.php(20): Altum\App->__construct()
#5 {main}
  thrown in /home/allinkc/www/themes/altum/views/partials/cookie_consent.php on line 25
[15-Jun-2023 15:24:49 UTC] PHP Fatal error:  Uncaught Error: Call to undefined function cookie_langs() in /home/allinkc/www/themes/altum/views/partials/cookie_consent.php:25
Stack trace:
#0 /home/allinkc/www/themes/altum/views/l/wrapper.php(111): require()
#1 /home/allinkc/www/app/core/View.php(35): require('/home/allinkc/w...')
#2 /home/allinkc/www/app/core/Controller.php(98): Altum\View->run()
#3 /home/allinkc/www/app/core/App.php(207): Altum\Controllers\Controller->run()
#4 /home/allinkc/www/index.php(20): Altum\App->__construct()
#5 {main}
  thrown in /home/allinkc/www/themes/altum/views/partials/cookie_consent.php on line 25
[15-Jun-2023 15:25:00 UTC] PHP Fatal error:  Uncaught Error: Call to undefined function cookie_langs() in /home/allinkc/www/themes/altum/views/partials/cookie_consent.php:25
Stack trace:
#0 /home/allinkc/www/themes/altum/views/l/wrapper.php(111): require()
#1 /home/allinkc/www/app/core/View.php(35): require('/home/allinkc/w...')
#2 /home/allinkc/www/app/core/Controller.php(98): Altum\View->run()
#3 /home/allinkc/www/app/core/App.php(207): Altum\Controllers\Controller->run()
#4 /home/allinkc/www/index.php(20): Altum\App->__construct()
#5 {main}
  thrown in /home/allinkc/www/themes/altum/views/partials/cookie_consent.php on line 25
[15-Jun-2023 15:25:05 UTC] PHP Fatal error:  Uncaught Error: Call to undefined function cookie_langs() in /home/allinkc/www/themes/altum/views/partials/cookie_consent.php:25
Stack trace:
#0 /home/allinkc/www/themes/altum/views/l/wrapper.php(111): require()
#1 /home/allinkc/www/app/core/View.php(35): require('/home/allinkc/w...')
#2 /home/allinkc/www/app/core/Controller.php(98): Altum\View->run()
#3 /home/allinkc/www/app/core/App.php(207): Altum\Controllers\Controller->run()
#4 /home/allinkc/www/index.php(20): Altum\App->__construct()
#5 {main}
  thrown in /home/allinkc/www/themes/altum/views/partials/cookie_consent.php on line 25
[15-Jun-2023 15:25:06 UTC] PHP Fatal error:  Uncaught Error: Call to undefined function cookie_langs() in /home/allinkc/www/themes/altum/views/partials/cookie_consent.php:25
Stack trace:
#0 /home/allinkc/www/themes/altum/views/l/wrapper.php(111): require()
#1 /home/allinkc/www/app/core/View.php(35): require('/home/allinkc/w...')
#2 /home/allinkc/www/app/core/Controller.php(98): Altum\View->run()
#3 /home/allinkc/www/app/core/App.php(207): Altum\Controllers\Controller->run()
#4 /home/allinkc/www/index.php(20): Altum\App->__construct()
#5 {main}
  thrown in /home/allinkc/www/themes/altum/views/partials/cookie_consent.php on line 25
[15-Jun-2023 15:26:58 UTC] PHP Warning:  Illegal string offset 'global.cookie_consent.header' in /home/allinkc/www/app/helpers/core.php on line 31
[15-Jun-2023 15:27:01 UTC] PHP Warning:  Illegal string offset 'global.cookie_consent.header' in /home/allinkc/www/app/helpers/core.php on line 31
[15-Jun-2023 15:27:02 UTC] PHP Warning:  Illegal string offset 'global.cookie_consent.header' in /home/allinkc/www/app/helpers/core.php on line 31
[15-Jun-2023 15:27:29 UTC] PHP Warning:  Illegal string offset 'global.cookie_consent.header' in /home/allinkc/www/app/helpers/core.php on line 31
[15-Jun-2023 15:27:31 UTC] PHP Warning:  Illegal string offset 'global.cookie_consent.header' in /home/allinkc/www/app/helpers/core.php on line 31
[15-Jun-2023 15:27:32 UTC] PHP Warning:  Illegal string offset 'global.cookie_consent.header' in /home/allinkc/www/app/helpers/core.php on line 31
[15-Jun-2023 15:27:33 UTC] PHP Warning:  Illegal string offset 'global.cookie_consent.header' in /home/allinkc/www/app/helpers/core.php on line 31
[15-Jun-2023 15:27:35 UTC] PHP Warning:  Illegal string offset 'global.cookie_consent.header' in /home/allinkc/www/app/helpers/core.php on line 31
[15-Jun-2023 15:27:36 UTC] PHP Warning:  Illegal string offset 'global.cookie_consent.header' in /home/allinkc/www/app/helpers/core.php on line 31
[15-Jun-2023 15:27:39 UTC] PHP Warning:  Illegal string offset 'global.cookie_consent.header' in /home/allinkc/www/app/helpers/core.php on line 31
[15-Jun-2023 15:27:41 UTC] PHP Warning:  Illegal string offset 'global.cookie_consent.header' in /home/allinkc/www/app/helpers/core.php on line 31
[15-Jun-2023 15:27:43 UTC] PHP Warning:  Illegal string offset 'global.cookie_consent.header' in /home/allinkc/www/app/helpers/core.php on line 31
[15-Jun-2023 15:27:49 UTC] PHP Warning:  Illegal string offset 'global.cookie_consent.header' in /home/allinkc/www/app/helpers/core.php on line 31
[15-Jun-2023 15:27:59 UTC] PHP Warning:  Illegal string offset 'global.cookie_consent.header' in /home/allinkc/www/app/helpers/core.php on line 31
[15-Jun-2023 15:29:57 UTC] PHP Fatal error:  Uncaught Error: Access to undeclared static property: Altum\Language::$language in /home/allinkc/www/app/helpers/core.php:31
Stack trace:
#0 /home/allinkc/www/themes/altum/views/partials/cookie_consent.php(25): cookie_lang('global.cookie_c...', 'fr')
#1 /home/allinkc/www/themes/altum/views/l/wrapper.php(111): require('/home/allinkc/w...')
#2 /home/allinkc/www/app/core/View.php(35): require('/home/allinkc/w...')
#3 /home/allinkc/www/app/core/Controller.php(98): Altum\View->run()
#4 /home/allinkc/www/app/core/App.php(207): Altum\Controllers\Controller->run()
#5 /home/allinkc/www/index.php(20): Altum\App->__construct()
#6 {main}
  thrown in /home/allinkc/www/app/helpers/core.php on line 31
[15-Jun-2023 15:30:00 UTC] PHP Fatal error:  Uncaught Error: Access to undeclared static property: Altum\Language::$language in /home/allinkc/www/app/helpers/core.php:31
Stack trace:
#0 /home/allinkc/www/themes/altum/views/partials/cookie_consent.php(25): cookie_lang('global.cookie_c...', 'fr')
#1 /home/allinkc/www/themes/altum/views/l/wrapper.php(111): require('/home/allinkc/w...')
#2 /home/allinkc/www/app/core/View.php(35): require('/home/allinkc/w...')
#3 /home/allinkc/www/app/core/Controller.php(98): Altum\View->run()
#4 /home/allinkc/www/app/core/App.php(207): Altum\Controllers\Controller->run()
#5 /home/allinkc/www/index.php(20): Altum\App->__construct()
#6 {main}
  thrown in /home/allinkc/www/app/helpers/core.php on line 31
[15-Jun-2023 15:30:01 UTC] PHP Fatal error:  Uncaught Error: Access to undeclared static property: Altum\Language::$language in /home/allinkc/www/app/helpers/core.php:31
Stack trace:
#0 /home/allinkc/www/themes/altum/views/partials/cookie_consent.php(25): cookie_lang('global.cookie_c...', 'fr')
#1 /home/allinkc/www/themes/altum/views/l/wrapper.php(111): require('/home/allinkc/w...')
#2 /home/allinkc/www/app/core/View.php(35): require('/home/allinkc/w...')
#3 /home/allinkc/www/app/core/Controller.php(98): Altum\View->run()
#4 /home/allinkc/www/app/core/App.php(207): Altum\Controllers\Controller->run()
#5 /home/allinkc/www/index.php(20): Altum\App->__construct()
#6 {main}
  thrown in /home/allinkc/www/app/helpers/core.php on line 31
[15-Jun-2023 15:30:07 UTC] PHP Fatal error:  Uncaught Error: Access to undeclared static property: Altum\Language::$language in /home/allinkc/www/app/helpers/core.php:31
Stack trace:
#0 /home/allinkc/www/themes/altum/views/partials/cookie_consent.php(25): cookie_lang('global.cookie_c...', 'fr')
#1 /home/allinkc/www/themes/altum/views/l/wrapper.php(111): require('/home/allinkc/w...')
#2 /home/allinkc/www/app/core/View.php(35): require('/home/allinkc/w...')
#3 /home/allinkc/www/app/core/Controller.php(98): Altum\View->run()
#4 /home/allinkc/www/app/core/App.php(207): Altum\Controllers\Controller->run()
#5 /home/allinkc/www/index.php(20): Altum\App->__construct()
#6 {main}
  thrown in /home/allinkc/www/app/helpers/core.php on line 31
[15-Jun-2023 15:30:08 UTC] PHP Fatal error:  Uncaught Error: Access to undeclared static property: Altum\Language::$language in /home/allinkc/www/app/helpers/core.php:31
Stack trace:
#0 /home/allinkc/www/themes/altum/views/partials/cookie_consent.php(25): cookie_lang('global.cookie_c...', 'fr')
#1 /home/allinkc/www/themes/altum/views/l/wrapper.php(111): require('/home/allinkc/w...')
#2 /home/allinkc/www/app/core/View.php(35): require('/home/allinkc/w...')
#3 /home/allinkc/www/app/core/Controller.php(98): Altum\View->run()
#4 /home/allinkc/www/app/core/App.php(207): Altum\Controllers\Controller->run()
#5 /home/allinkc/www/index.php(20): Altum\App->__construct()
#6 {main}
  thrown in /home/allinkc/www/app/helpers/core.php on line 31
[15-Jun-2023 15:30:10 UTC] PHP Fatal error:  Uncaught Error: Access to undeclared static property: Altum\Language::$language in /home/allinkc/www/app/helpers/core.php:31
Stack trace:
#0 /home/allinkc/www/themes/altum/views/partials/cookie_consent.php(25): cookie_lang('global.cookie_c...', 'fr')
#1 /home/allinkc/www/themes/altum/views/l/wrapper.php(111): require('/home/allinkc/w...')
#2 /home/allinkc/www/app/core/View.php(35): require('/home/allinkc/w...')
#3 /home/allinkc/www/app/core/Controller.php(98): Altum\View->run()
#4 /home/allinkc/www/app/core/App.php(207): Altum\Controllers\Controller->run()
#5 /home/allinkc/www/index.php(20): Altum\App->__construct()
#6 {main}
  thrown in /home/allinkc/www/app/helpers/core.php on line 31
[15-Jun-2023 15:30:11 UTC] PHP Fatal error:  Uncaught Error: Access to undeclared static property: Altum\Language::$language in /home/allinkc/www/app/helpers/core.php:31
Stack trace:
#0 /home/allinkc/www/themes/altum/views/partials/cookie_consent.php(25): cookie_lang('global.cookie_c...', 'fr')
#1 /home/allinkc/www/themes/altum/views/l/wrapper.php(111): require('/home/allinkc/w...')
#2 /home/allinkc/www/app/core/View.php(35): require('/home/allinkc/w...')
#3 /home/allinkc/www/app/core/Controller.php(98): Altum\View->run()
#4 /home/allinkc/www/app/core/App.php(207): Altum\Controllers\Controller->run()
#5 /home/allinkc/www/index.php(20): Altum\App->__construct()
#6 {main}
  thrown in /home/allinkc/www/app/helpers/core.php on line 31
[15-Jun-2023 15:30:11 UTC] PHP Fatal error:  Uncaught Error: Access to undeclared static property: Altum\Language::$language in /home/allinkc/www/app/helpers/core.php:31
Stack trace:
#0 /home/allinkc/www/themes/altum/views/partials/cookie_consent.php(25): cookie_lang('global.cookie_c...', 'fr')
#1 /home/allinkc/www/themes/altum/views/l/wrapper.php(111): require('/home/allinkc/w...')
#2 /home/allinkc/www/app/core/View.php(35): require('/home/allinkc/w...')
#3 /home/allinkc/www/app/core/Controller.php(98): Altum\View->run()
#4 /home/allinkc/www/app/core/App.php(207): Altum\Controllers\Controller->run()
#5 /home/allinkc/www/index.php(20): Altum\App->__construct()
#6 {main}
  thrown in /home/allinkc/www/app/helpers/core.php on line 31
[15-Jun-2023 15:30:13 UTC] PHP Fatal error:  Uncaught Error: Access to undeclared static property: Altum\Language::$language in /home/allinkc/www/app/helpers/core.php:31
Stack trace:
#0 /home/allinkc/www/themes/altum/views/partials/cookie_consent.php(25): cookie_lang('global.cookie_c...', 'fr')
#1 /home/allinkc/www/themes/altum/views/l/wrapper.php(111): require('/home/allinkc/w...')
#2 /home/allinkc/www/app/core/View.php(35): require('/home/allinkc/w...')
#3 /home/allinkc/www/app/core/Controller.php(98): Altum\View->run()
#4 /home/allinkc/www/app/core/App.php(207): Altum\Controllers\Controller->run()
#5 /home/allinkc/www/index.php(20): Altum\App->__construct()
#6 {main}
  thrown in /home/allinkc/www/app/helpers/core.php on line 31
[15-Jun-2023 15:30:13 UTC] PHP Fatal error:  Uncaught Error: Access to undeclared static property: Altum\Language::$language in /home/allinkc/www/app/helpers/core.php:31
Stack trace:
#0 /home/allinkc/www/themes/altum/views/partials/cookie_consent.php(25): cookie_lang('global.cookie_c...', 'fr')
#1 /home/allinkc/www/themes/altum/views/l/wrapper.php(111): require('/home/allinkc/w...')
#2 /home/allinkc/www/app/core/View.php(35): require('/home/allinkc/w...')
#3 /home/allinkc/www/app/core/Controller.php(98): Altum\View->run()
#4 /home/allinkc/www/app/core/App.php(207): Altum\Controllers\Controller->run()
#5 /home/allinkc/www/index.php(20): Altum\App->__construct()
#6 {main}
  thrown in /home/allinkc/www/app/helpers/core.php on line 31
[15-Jun-2023 15:30:21 UTC] PHP Fatal error:  Uncaught Error: Access to undeclared static property: Altum\Language::$language in /home/allinkc/www/app/helpers/core.php:31
Stack trace:
#0 /home/allinkc/www/themes/altum/views/partials/cookie_consent.php(25): cookie_lang('global.cookie_c...', 'fr')
#1 /home/allinkc/www/themes/altum/views/l/wrapper.php(111): require('/home/allinkc/w...')
#2 /home/allinkc/www/app/core/View.php(35): require('/home/allinkc/w...')
#3 /home/allinkc/www/app/core/Controller.php(98): Altum\View->run()
#4 /home/allinkc/www/app/core/App.php(207): Altum\Controllers\Controller->run()
#5 /home/allinkc/www/index.php(20): Altum\App->__construct()
#6 {main}
  thrown in /home/allinkc/www/app/helpers/core.php on line 31
[15-Jun-2023 15:30:22 UTC] PHP Fatal error:  Uncaught Error: Access to undeclared static property: Altum\Language::$language in /home/allinkc/www/app/helpers/core.php:31
Stack trace:
#0 /home/allinkc/www/themes/altum/views/partials/cookie_consent.php(25): cookie_lang('global.cookie_c...', 'fr')
#1 /home/allinkc/www/themes/altum/views/l/wrapper.php(111): require('/home/allinkc/w...')
#2 /home/allinkc/www/app/core/View.php(35): require('/home/allinkc/w...')
#3 /home/allinkc/www/app/core/Controller.php(98): Altum\View->run()
#4 /home/allinkc/www/app/core/App.php(207): Altum\Controllers\Controller->run()
#5 /home/allinkc/www/index.php(20): Altum\App->__construct()
#6 {main}
  thrown in /home/allinkc/www/app/helpers/core.php on line 31
[15-Jun-2023 15:30:42 UTC] PHP Fatal error:  Uncaught Error: Access to undeclared static property: Altum\Language::$language in /home/allinkc/www/app/helpers/core.php:31
Stack trace:
#0 /home/allinkc/www/themes/altum/views/partials/cookie_consent.php(25): cookie_lang('global.cookie_c...', 'fr')
#1 /home/allinkc/www/themes/altum/views/l/wrapper.php(111): require('/home/allinkc/w...')
#2 /home/allinkc/www/app/core/View.php(35): require('/home/allinkc/w...')
#3 /home/allinkc/www/app/core/Controller.php(98): Altum\View->run()
#4 /home/allinkc/www/app/core/App.php(207): Altum\Controllers\Controller->run()
#5 /home/allinkc/www/index.php(20): Altum\App->__construct()
#6 {main}
  thrown in /home/allinkc/www/app/helpers/core.php on line 31
[15-Jun-2023 15:30:45 UTC] PHP Fatal error:  Uncaught Error: Access to undeclared static property: Altum\Language::$language in /home/allinkc/www/app/helpers/core.php:31
Stack trace:
#0 /home/allinkc/www/themes/altum/views/partials/cookie_consent.php(25): cookie_lang('global.cookie_c...', 'fr')
#1 /home/allinkc/www/themes/altum/views/l/wrapper.php(111): require('/home/allinkc/w...')
#2 /home/allinkc/www/app/core/View.php(35): require('/home/allinkc/w...')
#3 /home/allinkc/www/app/core/Controller.php(98): Altum\View->run()
#4 /home/allinkc/www/app/core/App.php(207): Altum\Controllers\Controller->run()
#5 /home/allinkc/www/index.php(20): Altum\App->__construct()
#6 {main}
  thrown in /home/allinkc/www/app/helpers/core.php on line 31
[15-Jun-2023 15:30:49 UTC] PHP Fatal error:  Uncaught Error: Access to undeclared static property: Altum\Language::$language in /home/allinkc/www/app/helpers/core.php:31
Stack trace:
#0 /home/allinkc/www/themes/altum/views/partials/cookie_consent.php(25): cookie_lang('global.cookie_c...', 'fr')
#1 /home/allinkc/www/themes/altum/views/l/wrapper.php(111): require('/home/allinkc/w...')
#2 /home/allinkc/www/app/core/View.php(35): require('/home/allinkc/w...')
#3 /home/allinkc/www/app/core/Controller.php(98): Altum\View->run()
#4 /home/allinkc/www/app/core/App.php(207): Altum\Controllers\Controller->run()
#5 /home/allinkc/www/index.php(20): Altum\App->__construct()
#6 {main}
  thrown in /home/allinkc/www/app/helpers/core.php on line 31
[15-Jun-2023 15:30:50 UTC] PHP Fatal error:  Uncaught Error: Access to undeclared static property: Altum\Language::$language in /home/allinkc/www/app/helpers/core.php:31
Stack trace:
#0 /home/allinkc/www/themes/altum/views/partials/cookie_consent.php(25): cookie_lang('global.cookie_c...', 'fr')
#1 /home/allinkc/www/themes/altum/views/l/wrapper.php(111): require('/home/allinkc/w...')
#2 /home/allinkc/www/app/core/View.php(35): require('/home/allinkc/w...')
#3 /home/allinkc/www/app/core/Controller.php(98): Altum\View->run()
#4 /home/allinkc/www/app/core/App.php(207): Altum\Controllers\Controller->run()
#5 /home/allinkc/www/index.php(20): Altum\App->__construct()
#6 {main}
  thrown in /home/allinkc/www/app/helpers/core.php on line 31
[15-Jun-2023 15:30:50 UTC] PHP Fatal error:  Uncaught Error: Access to undeclared static property: Altum\Language::$language in /home/allinkc/www/app/helpers/core.php:31
Stack trace:
#0 /home/allinkc/www/themes/altum/views/partials/cookie_consent.php(25): cookie_lang('global.cookie_c...', 'fr')
#1 /home/allinkc/www/themes/altum/views/l/wrapper.php(111): require('/home/allinkc/w...')
#2 /home/allinkc/www/app/core/View.php(35): require('/home/allinkc/w...')
#3 /home/allinkc/www/app/core/Controller.php(98): Altum\View->run()
#4 /home/allinkc/www/app/core/App.php(207): Altum\Controllers\Controller->run()
#5 /home/allinkc/www/index.php(20): Altum\App->__construct()
#6 {main}
  thrown in /home/allinkc/www/app/helpers/core.php on line 31
[15-Jun-2023 15:30:50 UTC] PHP Fatal error:  Uncaught Error: Access to undeclared static property: Altum\Language::$language in /home/allinkc/www/app/helpers/core.php:31
Stack trace:
#0 /home/allinkc/www/themes/altum/views/partials/cookie_consent.php(25): cookie_lang('global.cookie_c...', 'fr')
#1 /home/allinkc/www/themes/altum/views/l/wrapper.php(111): require('/home/allinkc/w...')
#2 /home/allinkc/www/app/core/View.php(35): require('/home/allinkc/w...')
#3 /home/allinkc/www/app/core/Controller.php(98): Altum\View->run()
#4 /home/allinkc/www/app/core/App.php(207): Altum\Controllers\Controller->run()
#5 /home/allinkc/www/index.php(20): Altum\App->__construct()
#6 {main}
  thrown in /home/allinkc/www/app/helpers/core.php on line 31
[15-Jun-2023 15:30:50 UTC] PHP Fatal error:  Uncaught Error: Access to undeclared static property: Altum\Language::$language in /home/allinkc/www/app/helpers/core.php:31
Stack trace:
#0 /home/allinkc/www/themes/altum/views/partials/cookie_consent.php(25): cookie_lang('global.cookie_c...', 'fr')
#1 /home/allinkc/www/themes/altum/views/l/wrapper.php(111): require('/home/allinkc/w...')
#2 /home/allinkc/www/app/core/View.php(35): require('/home/allinkc/w...')
#3 /home/allinkc/www/app/core/Controller.php(98): Altum\View->run()
#4 /home/allinkc/www/app/core/App.php(207): Altum\Controllers\Controller->run()
#5 /home/allinkc/www/index.php(20): Altum\App->__construct()
#6 {main}
  thrown in /home/allinkc/www/app/helpers/core.php on line 31
[15-Jun-2023 15:30:51 UTC] PHP Fatal error:  Uncaught Error: Access to undeclared static property: Altum\Language::$language in /home/allinkc/www/app/helpers/core.php:31
Stack trace:
#0 /home/allinkc/www/themes/altum/views/partials/cookie_consent.php(25): cookie_lang('global.cookie_c...', 'fr')
#1 /home/allinkc/www/themes/altum/views/l/wrapper.php(111): require('/home/allinkc/w...')
#2 /home/allinkc/www/app/core/View.php(35): require('/home/allinkc/w...')
#3 /home/allinkc/www/app/core/Controller.php(98): Altum\View->run()
#4 /home/allinkc/www/app/core/App.php(207): Altum\Controllers\Controller->run()
#5 /home/allinkc/www/index.php(20): Altum\App->__construct()
#6 {main}
  thrown in /home/allinkc/www/app/helpers/core.php on line 31
[15-Jun-2023 15:30:54 UTC] PHP Fatal error:  Uncaught Error: Access to undeclared static property: Altum\Language::$language in /home/allinkc/www/app/helpers/core.php:31
Stack trace:
#0 /home/allinkc/www/themes/altum/views/partials/cookie_consent.php(25): cookie_lang('global.cookie_c...', 'fr')
#1 /home/allinkc/www/themes/altum/views/l/wrapper.php(111): require('/home/allinkc/w...')
#2 /home/allinkc/www/app/core/View.php(35): require('/home/allinkc/w...')
#3 /home/allinkc/www/app/core/Controller.php(98): Altum\View->run()
#4 /home/allinkc/www/app/core/App.php(207): Altum\Controllers\Controller->run()
#5 /home/allinkc/www/index.php(20): Altum\App->__construct()
#6 {main}
  thrown in /home/allinkc/www/app/helpers/core.php on line 31
[15-Jun-2023 15:30:56 UTC] PHP Fatal error:  Uncaught Error: Access to undeclared static property: Altum\Language::$language in /home/allinkc/www/app/helpers/core.php:31
Stack trace:
#0 /home/allinkc/www/themes/altum/views/partials/cookie_consent.php(25): cookie_lang('global.cookie_c...', 'fr')
#1 /home/allinkc/www/themes/altum/views/l/wrapper.php(111): require('/home/allinkc/w...')
#2 /home/allinkc/www/app/core/View.php(35): require('/home/allinkc/w...')
#3 /home/allinkc/www/app/core/Controller.php(98): Altum\View->run()
#4 /home/allinkc/www/app/core/App.php(207): Altum\Controllers\Controller->run()
#5 /home/allinkc/www/index.php(20): Altum\App->__construct()
#6 {main}
  thrown in /home/allinkc/www/app/helpers/core.php on line 31
[15-Jun-2023 15:30:57 UTC] PHP Fatal error:  Uncaught Error: Access to undeclared static property: Altum\Language::$language in /home/allinkc/www/app/helpers/core.php:31
Stack trace:
#0 /home/allinkc/www/themes/altum/views/partials/cookie_consent.php(25): cookie_lang('global.cookie_c...', 'fr')
#1 /home/allinkc/www/themes/altum/views/l/wrapper.php(111): require('/home/allinkc/w...')
#2 /home/allinkc/www/app/core/View.php(35): require('/home/allinkc/w...')
#3 /home/allinkc/www/app/core/Controller.php(98): Altum\View->run()
#4 /home/allinkc/www/app/core/App.php(207): Altum\Controllers\Controller->run()
#5 /home/allinkc/www/index.php(20): Altum\App->__construct()
#6 {main}
  thrown in /home/allinkc/www/app/helpers/core.php on line 31
[15-Jun-2023 15:30:57 UTC] PHP Fatal error:  Uncaught Error: Access to undeclared static property: Altum\Language::$language in /home/allinkc/www/app/helpers/core.php:31
Stack trace:
#0 /home/allinkc/www/themes/altum/views/partials/cookie_consent.php(25): cookie_lang('global.cookie_c...', 'fr')
#1 /home/allinkc/www/themes/altum/views/l/wrapper.php(111): require('/home/allinkc/w...')
#2 /home/allinkc/www/app/core/View.php(35): require('/home/allinkc/w...')
#3 /home/allinkc/www/app/core/Controller.php(98): Altum\View->run()
#4 /home/allinkc/www/app/core/App.php(207): Altum\Controllers\Controller->run()
#5 /home/allinkc/www/index.php(20): Altum\App->__construct()
#6 {main}
  thrown in /home/allinkc/www/app/helpers/core.php on line 31
[15-Jun-2023 15:30:58 UTC] PHP Fatal error:  Uncaught Error: Access to undeclared static property: Altum\Language::$language in /home/allinkc/www/app/helpers/core.php:31
Stack trace:
#0 /home/allinkc/www/themes/altum/views/partials/cookie_consent.php(25): cookie_lang('global.cookie_c...', 'fr')
#1 /home/allinkc/www/themes/altum/views/l/wrapper.php(111): require('/home/allinkc/w...')
#2 /home/allinkc/www/app/core/View.php(35): require('/home/allinkc/w...')
#3 /home/allinkc/www/app/core/Controller.php(98): Altum\View->run()
#4 /home/allinkc/www/app/core/App.php(207): Altum\Controllers\Controller->run()
#5 /home/allinkc/www/index.php(20): Altum\App->__construct()
#6 {main}
  thrown in /home/allinkc/www/app/helpers/core.php on line 31
[15-Jun-2023 15:30:58 UTC] PHP Fatal error:  Uncaught Error: Access to undeclared static property: Altum\Language::$language in /home/allinkc/www/app/helpers/core.php:31
Stack trace:
#0 /home/allinkc/www/themes/altum/views/partials/cookie_consent.php(25): cookie_lang('global.cookie_c...', 'fr')
#1 /home/allinkc/www/themes/altum/views/l/wrapper.php(111): require('/home/allinkc/w...')
#2 /home/allinkc/www/app/core/View.php(35): require('/home/allinkc/w...')
#3 /home/allinkc/www/app/core/Controller.php(98): Altum\View->run()
#4 /home/allinkc/www/app/core/App.php(207): Altum\Controllers\Controller->run()
#5 /home/allinkc/www/index.php(20): Altum\App->__construct()
#6 {main}
  thrown in /home/allinkc/www/app/helpers/core.php on line 31
[15-Jun-2023 15:31:07 UTC] PHP Fatal error:  Uncaught Error: Access to undeclared static property: Altum\Language::$language in /home/allinkc/www/app/helpers/core.php:31
Stack trace:
#0 /home/allinkc/www/themes/altum/views/partials/cookie_consent.php(25): cookie_lang('global.cookie_c...', 'fr')
#1 /home/allinkc/www/themes/altum/views/l/wrapper.php(111): require('/home/allinkc/w...')
#2 /home/allinkc/www/app/core/View.php(35): require('/home/allinkc/w...')
#3 /home/allinkc/www/app/core/Controller.php(98): Altum\View->run()
#4 /home/allinkc/www/app/core/App.php(207): Altum\Controllers\Controller->run()
#5 /home/allinkc/www/index.php(20): Altum\App->__construct()
#6 {main}
  thrown in /home/allinkc/www/app/helpers/core.php on line 31
[15-Jun-2023 15:31:09 UTC] PHP Fatal error:  Uncaught Error: Access to undeclared static property: Altum\Language::$language in /home/allinkc/www/app/helpers/core.php:31
Stack trace:
#0 /home/allinkc/www/themes/altum/views/partials/cookie_consent.php(25): cookie_lang('global.cookie_c...', 'fr')
#1 /home/allinkc/www/themes/altum/views/l/wrapper.php(111): require('/home/allinkc/w...')
#2 /home/allinkc/www/app/core/View.php(35): require('/home/allinkc/w...')
#3 /home/allinkc/www/app/core/Controller.php(98): Altum\View->run()
#4 /home/allinkc/www/app/core/App.php(207): Altum\Controllers\Controller->run()
#5 /home/allinkc/www/index.php(20): Altum\App->__construct()
#6 {main}
  thrown in /home/allinkc/www/app/helpers/core.php on line 31
[15-Jun-2023 15:31:09 UTC] PHP Fatal error:  Uncaught Error: Access to undeclared static property: Altum\Language::$language in /home/allinkc/www/app/helpers/core.php:31
Stack trace:
#0 /home/allinkc/www/themes/altum/views/partials/cookie_consent.php(25): cookie_lang('global.cookie_c...', 'fr')
#1 /home/allinkc/www/themes/altum/views/l/wrapper.php(111): require('/home/allinkc/w...')
#2 /home/allinkc/www/app/core/View.php(35): require('/home/allinkc/w...')
#3 /home/allinkc/www/app/core/Controller.php(98): Altum\View->run()
#4 /home/allinkc/www/app/core/App.php(207): Altum\Controllers\Controller->run()
#5 /home/allinkc/www/index.php(20): Altum\App->__construct()
#6 {main}
  thrown in /home/allinkc/www/app/helpers/core.php on line 31
[15-Jun-2023 15:31:09 UTC] PHP Fatal error:  Uncaught Error: Access to undeclared static property: Altum\Language::$language in /home/allinkc/www/app/helpers/core.php:31
Stack trace:
#0 /home/allinkc/www/themes/altum/views/partials/cookie_consent.php(25): cookie_lang('global.cookie_c...', 'fr')
#1 /home/allinkc/www/themes/altum/views/l/wrapper.php(111): require('/home/allinkc/w...')
#2 /home/allinkc/www/app/core/View.php(35): require('/home/allinkc/w...')
#3 /home/allinkc/www/app/core/Controller.php(98): Altum\View->run()
#4 /home/allinkc/www/app/core/App.php(207): Altum\Controllers\Controller->run()
#5 /home/allinkc/www/index.php(20): Altum\App->__construct()
#6 {main}
  thrown in /home/allinkc/www/app/helpers/core.php on line 31
[15-Jun-2023 15:31:09 UTC] PHP Fatal error:  Uncaught Error: Access to undeclared static property: Altum\Language::$language in /home/allinkc/www/app/helpers/core.php:31
Stack trace:
#0 /home/allinkc/www/themes/altum/views/partials/cookie_consent.php(25): cookie_lang('global.cookie_c...', 'fr')
#1 /home/allinkc/www/themes/altum/views/l/wrapper.php(111): require('/home/allinkc/w...')
#2 /home/allinkc/www/app/core/View.php(35): require('/home/allinkc/w...')
#3 /home/allinkc/www/app/core/Controller.php(98): Altum\View->run()
#4 /home/allinkc/www/app/core/App.php(207): Altum\Controllers\Controller->run()
#5 /home/allinkc/www/index.php(20): Altum\App->__construct()
#6 {main}
  thrown in /home/allinkc/www/app/helpers/core.php on line 31
[15-Jun-2023 15:31:11 UTC] PHP Fatal error:  Uncaught Error: Access to undeclared static property: Altum\Language::$language in /home/allinkc/www/app/helpers/core.php:31
Stack trace:
#0 /home/allinkc/www/themes/altum/views/partials/cookie_consent.php(25): cookie_lang('global.cookie_c...', 'fr')
#1 /home/allinkc/www/themes/altum/views/l/wrapper.php(111): require('/home/allinkc/w...')
#2 /home/allinkc/www/app/core/View.php(35): require('/home/allinkc/w...')
#3 /home/allinkc/www/app/core/Controller.php(98): Altum\View->run()
#4 /home/allinkc/www/app/core/App.php(207): Altum\Controllers\Controller->run()
#5 /home/allinkc/www/index.php(20): Altum\App->__construct()
#6 {main}
  thrown in /home/allinkc/www/app/helpers/core.php on line 31
[15-Jun-2023 15:31:11 UTC] PHP Fatal error:  Uncaught Error: Access to undeclared static property: Altum\Language::$language in /home/allinkc/www/app/helpers/core.php:31
Stack trace:
#0 /home/allinkc/www/themes/altum/views/partials/cookie_consent.php(25): cookie_lang('global.cookie_c...', 'fr')
#1 /home/allinkc/www/themes/altum/views/l/wrapper.php(111): require('/home/allinkc/w...')
#2 /home/allinkc/www/app/core/View.php(35): require('/home/allinkc/w...')
#3 /home/allinkc/www/app/core/Controller.php(98): Altum\View->run()
#4 /home/allinkc/www/app/core/App.php(207): Altum\Controllers\Controller->run()
#5 /home/allinkc/www/index.php(20): Altum\App->__construct()
#6 {main}
  thrown in /home/allinkc/www/app/helpers/core.php on line 31
[15-Jun-2023 15:31:11 UTC] PHP Fatal error:  Uncaught Error: Access to undeclared static property: Altum\Language::$language in /home/allinkc/www/app/helpers/core.php:31
Stack trace:
#0 /home/allinkc/www/themes/altum/views/partials/cookie_consent.php(25): cookie_lang('global.cookie_c...', 'fr')
#1 /home/allinkc/www/themes/altum/views/l/wrapper.php(111): require('/home/allinkc/w...')
#2 /home/allinkc/www/app/core/View.php(35): require('/home/allinkc/w...')
#3 /home/allinkc/www/app/core/Controller.php(98): Altum\View->run()
#4 /home/allinkc/www/app/core/App.php(207): Altum\Controllers\Controller->run()
#5 /home/allinkc/www/index.php(20): Altum\App->__construct()
#6 {main}
  thrown in /home/allinkc/www/app/helpers/core.php on line 31
[15-Jun-2023 15:31:11 UTC] PHP Fatal error:  Uncaught Error: Access to undeclared static property: Altum\Language::$language in /home/allinkc/www/app/helpers/core.php:31
Stack trace:
#0 /home/allinkc/www/themes/altum/views/partials/cookie_consent.php(25): cookie_lang('global.cookie_c...', 'fr')
#1 /home/allinkc/www/themes/altum/views/l/wrapper.php(111): require('/home/allinkc/w...')
#2 /home/allinkc/www/app/core/View.php(35): require('/home/allinkc/w...')
#3 /home/allinkc/www/app/core/Controller.php(98): Altum\View->run()
#4 /home/allinkc/www/app/core/App.php(207): Altum\Controllers\Controller->run()
#5 /home/allinkc/www/index.php(20): Altum\App->__construct()
#6 {main}
  thrown in /home/allinkc/www/app/helpers/core.php on line 31
[15-Jun-2023 15:31:12 UTC] PHP Fatal error:  Uncaught Error: Access to undeclared static property: Altum\Language::$language in /home/allinkc/www/app/helpers/core.php:31
Stack trace:
#0 /home/allinkc/www/themes/altum/views/partials/cookie_consent.php(25): cookie_lang('global.cookie_c...', 'fr')
#1 /home/allinkc/www/themes/altum/views/l/wrapper.php(111): require('/home/allinkc/w...')
#2 /home/allinkc/www/app/core/View.php(35): require('/home/allinkc/w...')
#3 /home/allinkc/www/app/core/Controller.php(98): Altum\View->run()
#4 /home/allinkc/www/app/core/App.php(207): Altum\Controllers\Controller->run()
#5 /home/allinkc/www/index.php(20): Altum\App->__construct()
#6 {main}
  thrown in /home/allinkc/www/app/helpers/core.php on line 31
[15-Jun-2023 15:31:12 UTC] PHP Fatal error:  Uncaught Error: Access to undeclared static property: Altum\Language::$language in /home/allinkc/www/app/helpers/core.php:31
Stack trace:
#0 /home/allinkc/www/themes/altum/views/partials/cookie_consent.php(25): cookie_lang('global.cookie_c...', 'fr')
#1 /home/allinkc/www/themes/altum/views/l/wrapper.php(111): require('/home/allinkc/w...')
#2 /home/allinkc/www/app/core/View.php(35): require('/home/allinkc/w...')
#3 /home/allinkc/www/app/core/Controller.php(98): Altum\View->run()
#4 /home/allinkc/www/app/core/App.php(207): Altum\Controllers\Controller->run()
#5 /home/allinkc/www/index.php(20): Altum\App->__construct()
#6 {main}
  thrown in /home/allinkc/www/app/helpers/core.php on line 31
[15-Jun-2023 15:36:49 UTC] PHP Fatal error:  Uncaught Error: Call to undefined function cookie_lang() in /home/allinkc/www/themes/altum/views/partials/cookie_consent.php:25
Stack trace:
#0 /home/allinkc/www/themes/altum/views/l/wrapper.php(111): require()
#1 /home/allinkc/www/app/core/View.php(35): require('/home/allinkc/w...')
#2 /home/allinkc/www/app/core/Controller.php(98): Altum\View->run()
#3 /home/allinkc/www/app/core/App.php(207): Altum\Controllers\Controller->run()
#4 /home/allinkc/www/index.php(20): Altum\App->__construct()
#5 {main}
  thrown in /home/allinkc/www/themes/altum/views/partials/cookie_consent.php on line 25
[15-Jun-2023 15:36:52 UTC] PHP Fatal error:  Uncaught Error: Call to undefined function cookie_lang() in /home/allinkc/www/themes/altum/views/partials/cookie_consent.php:25
Stack trace:
#0 /home/allinkc/www/themes/altum/views/l/wrapper.php(111): require()
#1 /home/allinkc/www/app/core/View.php(35): require('/home/allinkc/w...')
#2 /home/allinkc/www/app/core/Controller.php(98): Altum\View->run()
#3 /home/allinkc/www/app/core/App.php(207): Altum\Controllers\Controller->run()
#4 /home/allinkc/www/index.php(20): Altum\App->__construct()
#5 {main}
  thrown in /home/allinkc/www/themes/altum/views/partials/cookie_consent.php on line 25
[15-Jun-2023 15:37:01 UTC] PHP Fatal error:  Uncaught Error: Call to undefined function cookie_lang() in /home/allinkc/www/themes/altum/views/partials/cookie_consent.php:25
Stack trace:
#0 /home/allinkc/www/themes/altum/views/l/wrapper.php(111): require()
#1 /home/allinkc/www/app/core/View.php(35): require('/home/allinkc/w...')
#2 /home/allinkc/www/app/core/Controller.php(98): Altum\View->run()
#3 /home/allinkc/www/app/core/App.php(207): Altum\Controllers\Controller->run()
#4 /home/allinkc/www/index.php(20): Altum\App->__construct()
#5 {main}
  thrown in /home/allinkc/www/themes/altum/views/partials/cookie_consent.php on line 25
[15-Jun-2023 15:37:11 UTC] PHP Fatal error:  Uncaught Error: Call to undefined function cookie_lang() in /home/allinkc/www/themes/altum/views/partials/cookie_consent.php:25
Stack trace:
#0 /home/allinkc/www/themes/altum/views/l/wrapper.php(111): require()
#1 /home/allinkc/www/app/core/View.php(35): require('/home/allinkc/w...')
#2 /home/allinkc/www/app/core/Controller.php(98): Altum\View->run()
#3 /home/allinkc/www/app/core/App.php(207): Altum\Controllers\Controller->run()
#4 /home/allinkc/www/index.php(20): Altum\App->__construct()
#5 {main}
  thrown in /home/allinkc/www/themes/altum/views/partials/cookie_consent.php on line 25
[15-Jun-2023 15:37:11 UTC] PHP Fatal error:  Uncaught Error: Call to undefined function cookie_lang() in /home/allinkc/www/themes/altum/views/partials/cookie_consent.php:25
Stack trace:
#0 /home/allinkc/www/themes/altum/views/l/wrapper.php(111): require()
#1 /home/allinkc/www/app/core/View.php(35): require('/home/allinkc/w...')
#2 /home/allinkc/www/app/core/Controller.php(98): Altum\View->run()
#3 /home/allinkc/www/app/core/App.php(207): Altum\Controllers\Controller->run()
#4 /home/allinkc/www/index.php(20): Altum\App->__construct()
#5 {main}
  thrown in /home/allinkc/www/themes/altum/views/partials/cookie_consent.php on line 25
[15-Jun-2023 15:37:12 UTC] PHP Fatal error:  Uncaught Error: Call to undefined function cookie_lang() in /home/allinkc/www/themes/altum/views/partials/cookie_consent.php:25
Stack trace:
#0 /home/allinkc/www/themes/altum/views/l/wrapper.php(111): require()
#1 /home/allinkc/www/app/core/View.php(35): require('/home/allinkc/w...')
#2 /home/allinkc/www/app/core/Controller.php(98): Altum\View->run()
#3 /home/allinkc/www/app/core/App.php(207): Altum\Controllers\Controller->run()
#4 /home/allinkc/www/index.php(20): Altum\App->__construct()
#5 {main}
  thrown in /home/allinkc/www/themes/altum/views/partials/cookie_consent.php on line 25
[15-Jun-2023 15:37:15 UTC] PHP Fatal error:  Uncaught Error: Call to undefined function cookie_lang() in /home/allinkc/www/themes/altum/views/partials/cookie_consent.php:25
Stack trace:
#0 /home/allinkc/www/themes/altum/views/l/wrapper.php(111): require()
#1 /home/allinkc/www/app/core/View.php(35): require('/home/allinkc/w...')
#2 /home/allinkc/www/app/core/Controller.php(98): Altum\View->run()
#3 /home/allinkc/www/app/core/App.php(207): Altum\Controllers\Controller->run()
#4 /home/allinkc/www/index.php(20): Altum\App->__construct()
#5 {main}
  thrown in /home/allinkc/www/themes/altum/views/partials/cookie_consent.php on line 25
[15-Jun-2023 15:37:17 UTC] PHP Fatal error:  Uncaught Error: Call to undefined function cookie_lang() in /home/allinkc/www/themes/altum/views/partials/cookie_consent.php:25
Stack trace:
#0 /home/allinkc/www/themes/altum/views/l/wrapper.php(111): require()
#1 /home/allinkc/www/app/core/View.php(35): require('/home/allinkc/w...')
#2 /home/allinkc/www/app/core/Controller.php(98): Altum\View->run()
#3 /home/allinkc/www/app/core/App.php(207): Altum\Controllers\Controller->run()
#4 /home/allinkc/www/index.php(20): Altum\App->__construct()
#5 {main}
  thrown in /home/allinkc/www/themes/altum/views/partials/cookie_consent.php on line 25
[15-Jun-2023 15:37:18 UTC] PHP Fatal error:  Uncaught Error: Call to undefined function cookie_lang() in /home/allinkc/www/themes/altum/views/partials/cookie_consent.php:25
Stack trace:
#0 /home/allinkc/www/themes/altum/views/l/wrapper.php(111): require()
#1 /home/allinkc/www/app/core/View.php(35): require('/home/allinkc/w...')
#2 /home/allinkc/www/app/core/Controller.php(98): Altum\View->run()
#3 /home/allinkc/www/app/core/App.php(207): Altum\Controllers\Controller->run()
#4 /home/allinkc/www/index.php(20): Altum\App->__construct()
#5 {main}
  thrown in /home/allinkc/www/themes/altum/views/partials/cookie_consent.php on line 25
[15-Jun-2023 16:37:46 UTC] PHP Warning:  Invalid argument supplied for foreach() in /home/allinkc/www/themes/altum/views/dashboard/index.php on line 8
[15-Jun-2023 16:37:46 UTC] PHP Warning:  Invalid argument supplied for foreach() in /home/allinkc/www/themes/altum/views/dashboard/index.php on line 15
[15-Jun-2023 18:04:24 UTC] PHP Warning:  Invalid argument supplied for foreach() in /home/allinkc/www/themes/altum/views/dashboard/index.php on line 8
[15-Jun-2023 18:04:24 UTC] PHP Warning:  Invalid argument supplied for foreach() in /home/allinkc/www/themes/altum/views/dashboard/index.php on line 15
