[12-Dec-2023 04:25:10 UTC] PHP Warning:  Invalid argument supplied for foreach() in /home/allinkc/www/themes/altum/views/dashboard/index.php on line 8
[12-Dec-2023 04:25:10 UTC] PHP Warning:  Invalid argument supplied for foreach() in /home/allinkc/www/themes/altum/views/dashboard/index.php on line 15
[12-Dec-2023 04:30:54 UTC] PHP Warning:  Invalid argument supplied for foreach() in /home/allinkc/www/themes/altum/views/dashboard/index.php on line 8
[12-Dec-2023 04:30:54 UTC] PHP Warning:  Invalid argument supplied for foreach() in /home/allinkc/www/themes/altum/views/dashboard/index.php on line 15
[12-Dec-2023 04:31:09 UTC] PHP Warning:  Invalid argument supplied for foreach() in /home/allinkc/www/themes/altum/views/dashboard/index.php on line 8
[12-Dec-2023 04:31:09 UTC] PHP Warning:  Invalid argument supplied for foreach() in /home/allinkc/www/themes/altum/views/dashboard/index.php on line 15
[12-Dec-2023 04:49:54 UTC] PHP Warning:  Invalid argument supplied for foreach() in /home/allinkc/www/themes/altum/views/dashboard/index.php on line 8
[12-Dec-2023 04:49:54 UTC] PHP Warning:  Invalid argument supplied for foreach() in /home/allinkc/www/themes/altum/views/dashboard/index.php on line 15
[12-Dec-2023 04:49:54 UTC] PHP Warning:  Invalid argument supplied for foreach() in /home/allinkc/www/themes/altum/views/dashboard/index.php on line 8
[12-Dec-2023 04:49:54 UTC] PHP Warning:  Invalid argument supplied for foreach() in /home/allinkc/www/themes/altum/views/dashboard/index.php on line 15
[12-Dec-2023 04:49:57 UTC] PHP Warning:  Invalid argument supplied for foreach() in /home/allinkc/www/themes/altum/views/dashboard/index.php on line 8
[12-Dec-2023 04:49:57 UTC] PHP Warning:  Invalid argument supplied for foreach() in /home/allinkc/www/themes/altum/views/dashboard/index.php on line 15
[12-Dec-2023 04:50:12 UTC] PHP Warning:  Invalid argument supplied for foreach() in /home/allinkc/www/themes/altum/views/dashboard/index.php on line 8
[12-Dec-2023 04:50:12 UTC] PHP Warning:  Invalid argument supplied for foreach() in /home/allinkc/www/themes/altum/views/dashboard/index.php on line 15
[12-Dec-2023 04:50:14 UTC] PHP Warning:  Invalid argument supplied for foreach() in /home/allinkc/www/themes/altum/views/dashboard/index.php on line 8
[12-Dec-2023 04:50:14 UTC] PHP Warning:  Invalid argument supplied for foreach() in /home/allinkc/www/themes/altum/views/dashboard/index.php on line 15
[12-Dec-2023 04:50:16 UTC] PHP Warning:  Invalid argument supplied for foreach() in /home/allinkc/www/themes/altum/views/dashboard/index.php on line 8
[12-Dec-2023 04:50:16 UTC] PHP Warning:  Invalid argument supplied for foreach() in /home/allinkc/www/themes/altum/views/dashboard/index.php on line 15
[12-Dec-2023 07:23:20 UTC] PHP Warning:  Invalid argument supplied for foreach() in /home/allinkc/www/themes/altum/views/dashboard/index.php on line 8
[12-Dec-2023 07:23:20 UTC] PHP Warning:  Invalid argument supplied for foreach() in /home/allinkc/www/themes/altum/views/dashboard/index.php on line 15
[12-Dec-2023 07:29:20 UTC] PHP Warning:  Invalid argument supplied for foreach() in /home/allinkc/www/themes/altum/views/dashboard/index.php on line 8
[12-Dec-2023 07:29:20 UTC] PHP Warning:  Invalid argument supplied for foreach() in /home/allinkc/www/themes/altum/views/dashboard/index.php on line 15
[12-Dec-2023 07:29:20 UTC] PHP Warning:  Invalid argument supplied for foreach() in /home/allinkc/www/themes/altum/views/dashboard/index.php on line 8
[12-Dec-2023 07:29:20 UTC] PHP Warning:  Invalid argument supplied for foreach() in /home/allinkc/www/themes/altum/views/dashboard/index.php on line 15
[12-Dec-2023 07:29:21 UTC] PHP Warning:  Invalid argument supplied for foreach() in /home/allinkc/www/themes/altum/views/dashboard/index.php on line 8
[12-Dec-2023 07:29:21 UTC] PHP Warning:  Invalid argument supplied for foreach() in /home/allinkc/www/themes/altum/views/dashboard/index.php on line 15
[12-Dec-2023 07:39:24 UTC] PHP Warning:  Invalid argument supplied for foreach() in /home/allinkc/www/themes/altum/views/dashboard/index.php on line 8
[12-Dec-2023 07:39:24 UTC] PHP Warning:  Invalid argument supplied for foreach() in /home/allinkc/www/themes/altum/views/dashboard/index.php on line 15
[12-Dec-2023 08:06:27 UTC] PHP Warning:  Invalid argument supplied for foreach() in /home/allinkc/www/themes/altum/views/dashboard/index.php on line 8
[12-Dec-2023 08:06:27 UTC] PHP Warning:  Invalid argument supplied for foreach() in /home/allinkc/www/themes/altum/views/dashboard/index.php on line 15
[12-Dec-2023 08:12:16 UTC] PHP Warning:  Invalid argument supplied for foreach() in /home/allinkc/www/themes/altum/views/dashboard/index.php on line 8
[12-Dec-2023 08:12:16 UTC] PHP Warning:  Invalid argument supplied for foreach() in /home/allinkc/www/themes/altum/views/dashboard/index.php on line 15
[12-Dec-2023 08:12:17 UTC] PHP Warning:  Invalid argument supplied for foreach() in /home/allinkc/www/themes/altum/views/dashboard/index.php on line 8
[12-Dec-2023 08:12:17 UTC] PHP Warning:  Invalid argument supplied for foreach() in /home/allinkc/www/themes/altum/views/dashboard/index.php on line 15
[12-Dec-2023 08:12:20 UTC] PHP Warning:  Invalid argument supplied for foreach() in /home/allinkc/www/themes/altum/views/dashboard/index.php on line 8
[12-Dec-2023 08:12:20 UTC] PHP Warning:  Invalid argument supplied for foreach() in /home/allinkc/www/themes/altum/views/dashboard/index.php on line 15
[12-Dec-2023 09:55:44 UTC] PHP Warning:  Invalid argument supplied for foreach() in /home/allinkc/www/themes/altum/views/dashboard/index.php on line 8
[12-Dec-2023 09:55:44 UTC] PHP Warning:  Invalid argument supplied for foreach() in /home/allinkc/www/themes/altum/views/dashboard/index.php on line 15
[12-Dec-2023 09:55:59 UTC] PHP Warning:  Invalid argument supplied for foreach() in /home/allinkc/www/themes/altum/views/dashboard/index.php on line 8
[12-Dec-2023 09:55:59 UTC] PHP Warning:  Invalid argument supplied for foreach() in /home/allinkc/www/themes/altum/views/dashboard/index.php on line 15
[12-Dec-2023 10:22:03 UTC] PHP Warning:  Invalid argument supplied for foreach() in /home/allinkc/www/themes/altum/views/dashboard/index.php on line 8
[12-Dec-2023 10:22:03 UTC] PHP Warning:  Invalid argument supplied for foreach() in /home/allinkc/www/themes/altum/views/dashboard/index.php on line 15
[12-Dec-2023 10:22:26 UTC] PHP Warning:  Invalid argument supplied for foreach() in /home/allinkc/www/themes/altum/views/dashboard/index.php on line 8
[12-Dec-2023 10:22:26 UTC] PHP Warning:  Invalid argument supplied for foreach() in /home/allinkc/www/themes/altum/views/dashboard/index.php on line 15
[12-Dec-2023 12:28:32 UTC] PHP Warning:  Invalid argument supplied for foreach() in /home/allinkc/www/themes/altum/views/dashboard/index.php on line 8
[12-Dec-2023 12:28:32 UTC] PHP Warning:  Invalid argument supplied for foreach() in /home/allinkc/www/themes/altum/views/dashboard/index.php on line 15
[12-Dec-2023 12:29:17 UTC] PHP Warning:  Invalid argument supplied for foreach() in /home/allinkc/www/themes/altum/views/dashboard/index.php on line 8
[12-Dec-2023 12:29:17 UTC] PHP Warning:  Invalid argument supplied for foreach() in /home/allinkc/www/themes/altum/views/dashboard/index.php on line 15
[12-Dec-2023 12:30:19 UTC] PHP Warning:  Invalid argument supplied for foreach() in /home/allinkc/www/themes/altum/views/dashboard/index.php on line 8
[12-Dec-2023 12:30:19 UTC] PHP Warning:  Invalid argument supplied for foreach() in /home/allinkc/www/themes/altum/views/dashboard/index.php on line 15
[12-Dec-2023 12:31:37 UTC] PHP Fatal error:  Uncaught Error: Call to a member function fetch_object() on bool in /home/allinkc/www/app/models/Domain.php:43
Stack trace:
#0 /home/allinkc/www/app/controllers/BiolinksTemplates.php(55): Altum\Models\Domain->get_available_domains_by_user(NULL)
#1 [internal function]: Altum\controllers\BiolinksTemplates->index()
#2 /home/allinkc/www/app/core/App.php(204): call_user_func_array(Array, Array)
#3 /home/allinkc/www/index.php(20): Altum\App->__construct()
#4 {main}
  thrown in /home/allinkc/www/app/models/Domain.php on line 43
[12-Dec-2023 13:32:27 UTC] PHP Warning:  Invalid argument supplied for foreach() in /home/allinkc/www/themes/altum/views/dashboard/index.php on line 8
[12-Dec-2023 13:32:27 UTC] PHP Warning:  Invalid argument supplied for foreach() in /home/allinkc/www/themes/altum/views/dashboard/index.php on line 15
