[21-May-2023 09:05:10 UTC] PHP Warning:  simplexml_load_file(https://www.youtube.com/feeds/videos.xml?channel_id=cleonis92): failed to open stream: HTTP request failed! HTTP/1.0 404 Not Found
 in /home/allinkc/www/plugins/ultimate-blocks/views/l/biolink_blocks/youtube_feed.php on line 12
[21-May-2023 09:05:10 UTC] PHP Warning:  simplexml_load_file(): I/O warning : failed to load external entity &quot;https://www.youtube.com/feeds/videos.xml?channel_id=cleonis92&quot; in /home/allinkc/www/plugins/ultimate-blocks/views/l/biolink_blocks/youtube_feed.php on line 12
[21-May-2023 09:05:10 UTC] PHP Warning:  Invalid argument supplied for foreach() in /home/allinkc/www/plugins/ultimate-blocks/views/l/biolink_blocks/youtube_feed.php on line 16
[21-May-2023 09:05:31 UTC] PHP Warning:  simplexml_load_file(https://www.youtube.com/feeds/videos.xml?channel_id=cleonis92): failed to open stream: HTTP request failed! HTTP/1.0 404 Not Found
 in /home/allinkc/www/plugins/ultimate-blocks/views/l/biolink_blocks/youtube_feed.php on line 12
[21-May-2023 09:05:31 UTC] PHP Warning:  simplexml_load_file(): I/O warning : failed to load external entity &quot;https://www.youtube.com/feeds/videos.xml?channel_id=cleonis92&quot; in /home/allinkc/www/plugins/ultimate-blocks/views/l/biolink_blocks/youtube_feed.php on line 12
[21-May-2023 09:05:31 UTC] PHP Warning:  Invalid argument supplied for foreach() in /home/allinkc/www/plugins/ultimate-blocks/views/l/biolink_blocks/youtube_feed.php on line 16
[21-May-2023 09:05:59 UTC] PHP Warning:  simplexml_load_file(https://www.youtube.com/feeds/videos.xml?channel_id=https://www.youtube.com/channel/UCswMukIhDfDvrjAxdm1Bnbg): failed to open stream: HTTP request failed! HTTP/1.0 404 Not Found
 in /home/allinkc/www/plugins/ultimate-blocks/views/l/biolink_blocks/youtube_feed.php on line 12
[21-May-2023 09:05:59 UTC] PHP Warning:  simplexml_load_file(): I/O warning : failed to load external entity &quot;https://www.youtube.com/feeds/videos.xml?channel_id=https://www.youtube.com/channel/UCswMukIhDfDvrjAxdm1Bnbg&quot; in /home/allinkc/www/plugins/ultimate-blocks/views/l/biolink_blocks/youtube_feed.php on line 12
[21-May-2023 09:05:59 UTC] PHP Warning:  Invalid argument supplied for foreach() in /home/allinkc/www/plugins/ultimate-blocks/views/l/biolink_blocks/youtube_feed.php on line 16
[21-May-2023 09:06:08 UTC] PHP Warning:  simplexml_load_file(https://www.youtube.com/feeds/videos.xml?channel_id=https://www.youtube.com/channel/UCswMukIhDfDvrjAxdm1Bnbg): failed to open stream: HTTP request failed! HTTP/1.0 404 Not Found
 in /home/allinkc/www/plugins/ultimate-blocks/views/l/biolink_blocks/youtube_feed.php on line 12
[21-May-2023 09:06:08 UTC] PHP Warning:  simplexml_load_file(): I/O warning : failed to load external entity &quot;https://www.youtube.com/feeds/videos.xml?channel_id=https://www.youtube.com/channel/UCswMukIhDfDvrjAxdm1Bnbg&quot; in /home/allinkc/www/plugins/ultimate-blocks/views/l/biolink_blocks/youtube_feed.php on line 12
[21-May-2023 09:06:08 UTC] PHP Warning:  Invalid argument supplied for foreach() in /home/allinkc/www/plugins/ultimate-blocks/views/l/biolink_blocks/youtube_feed.php on line 16
[21-May-2023 09:06:30 UTC] PHP Warning:  simplexml_load_file(https://www.youtube.com/feeds/videos.xml?channel_id=https://www.youtube.com/channel/UCswMukIhDfDvrjAxdm1Bnbg): failed to open stream: HTTP request failed! HTTP/1.0 404 Not Found
 in /home/allinkc/www/plugins/ultimate-blocks/views/l/biolink_blocks/youtube_feed.php on line 12
[21-May-2023 09:06:30 UTC] PHP Warning:  simplexml_load_file(): I/O warning : failed to load external entity &quot;https://www.youtube.com/feeds/videos.xml?channel_id=https://www.youtube.com/channel/UCswMukIhDfDvrjAxdm1Bnbg&quot; in /home/allinkc/www/plugins/ultimate-blocks/views/l/biolink_blocks/youtube_feed.php on line 12
[21-May-2023 09:06:30 UTC] PHP Warning:  Invalid argument supplied for foreach() in /home/allinkc/www/plugins/ultimate-blocks/views/l/biolink_blocks/youtube_feed.php on line 16
[21-May-2023 09:06:54 UTC] PHP Warning:  simplexml_load_file(https://...@cleonis92): failed to open stream: HTTP request failed! HTTP/1.0 404 Not Found
 in /home/allinkc/www/plugins/ultimate-blocks/views/l/biolink_blocks/youtube_feed.php on line 12
[21-May-2023 09:06:54 UTC] PHP Warning:  simplexml_load_file(): I/O warning : failed to load external entity &quot;https://www.youtube.com/feeds/videos.xml?channel_id=@cleonis92&quot; in /home/allinkc/www/plugins/ultimate-blocks/views/l/biolink_blocks/youtube_feed.php on line 12
[21-May-2023 09:06:54 UTC] PHP Warning:  Invalid argument supplied for foreach() in /home/allinkc/www/plugins/ultimate-blocks/views/l/biolink_blocks/youtube_feed.php on line 16
[21-May-2023 10:22:18 UTC] PHP Warning:  Invalid argument supplied for foreach() in /home/allinkc/www/themes/altum/views/dashboard/index.php on line 8
[21-May-2023 10:22:18 UTC] PHP Warning:  Invalid argument supplied for foreach() in /home/allinkc/www/themes/altum/views/dashboard/index.php on line 15
[21-May-2023 10:33:07 UTC] PHP Warning:  Invalid argument supplied for foreach() in /home/allinkc/www/themes/altum/views/dashboard/index.php on line 8
[21-May-2023 10:33:07 UTC] PHP Warning:  Invalid argument supplied for foreach() in /home/allinkc/www/themes/altum/views/dashboard/index.php on line 15
[21-May-2023 10:37:11 UTC] PHP Warning:  Invalid argument supplied for foreach() in /home/allinkc/www/themes/altum/views/dashboard/index.php on line 8
[21-May-2023 10:37:11 UTC] PHP Warning:  Invalid argument supplied for foreach() in /home/allinkc/www/themes/altum/views/dashboard/index.php on line 15
[21-May-2023 10:37:59 UTC] PHP Warning:  Invalid argument supplied for foreach() in /home/allinkc/www/themes/altum/views/dashboard/index.php on line 8
[21-May-2023 10:37:59 UTC] PHP Warning:  Invalid argument supplied for foreach() in /home/allinkc/www/themes/altum/views/dashboard/index.php on line 15
[21-May-2023 10:52:02 UTC] PHP Warning:  Invalid argument supplied for foreach() in /home/allinkc/www/themes/altum/views/dashboard/index.php on line 8
[21-May-2023 10:52:02 UTC] PHP Warning:  Invalid argument supplied for foreach() in /home/allinkc/www/themes/altum/views/dashboard/index.php on line 15
[21-May-2023 19:57:21 Europe/Paris] PHP Warning:  require_once(/home/allinkc/www/app/controllers/NotFound.php): failed to open stream: No such file or directory in /home/allinkc/www/app/core/Router.php on line 1401
[21-May-2023 19:57:21 Europe/Paris] PHP Fatal error:  require_once(): Failed opening required '/home/allinkc/www/app/controllers/NotFound.php' (include_path='.:/usr/local/php7.4/lib/php') in /home/allinkc/www/app/core/Router.php on line 1401
[21-May-2023 19:57:23 Europe/Paris] PHP Warning:  require_once(/home/allinkc/www/app/controllers/NotFound.php): failed to open stream: No such file or directory in /home/allinkc/www/app/core/Router.php on line 1401
[21-May-2023 19:57:23 Europe/Paris] PHP Fatal error:  require_once(): Failed opening required '/home/allinkc/www/app/controllers/NotFound.php' (include_path='.:/usr/local/php7.4/lib/php') in /home/allinkc/www/app/core/Router.php on line 1401
[21-May-2023 19:58:00 Europe/Paris] PHP Warning:  require_once(/home/allinkc/www/app/controllers/l/Link.php): failed to open stream: No such file or directory in /home/allinkc/www/app/core/Router.php on line 1401
[21-May-2023 19:58:00 Europe/Paris] PHP Fatal error:  require_once(): Failed opening required '/home/allinkc/www/app/controllers/l/Link.php' (include_path='.:/usr/local/php7.4/lib/php') in /home/allinkc/www/app/core/Router.php on line 1401
[21-May-2023 19:58:02 Europe/Paris] PHP Warning:  require_once(/home/allinkc/www/app/controllers/l/Link.php): failed to open stream: No such file or directory in /home/allinkc/www/app/core/Router.php on line 1401
[21-May-2023 19:58:02 Europe/Paris] PHP Fatal error:  require_once(): Failed opening required '/home/allinkc/www/app/controllers/l/Link.php' (include_path='.:/usr/local/php7.4/lib/php') in /home/allinkc/www/app/core/Router.php on line 1401
[21-May-2023 19:58:04 Europe/Paris] PHP Warning:  require_once(/home/allinkc/www/app/controllers/l/Link.php): failed to open stream: No such file or directory in /home/allinkc/www/app/core/Router.php on line 1401
[21-May-2023 19:58:04 Europe/Paris] PHP Fatal error:  require_once(): Failed opening required '/home/allinkc/www/app/controllers/l/Link.php' (include_path='.:/usr/local/php7.4/lib/php') in /home/allinkc/www/app/core/Router.php on line 1401
[21-May-2023 19:58:04 Europe/Paris] PHP Warning:  require_once(/home/allinkc/www/app/controllers/l/Link.php): failed to open stream: No such file or directory in /home/allinkc/www/app/core/Router.php on line 1401
[21-May-2023 19:58:04 Europe/Paris] PHP Fatal error:  require_once(): Failed opening required '/home/allinkc/www/app/controllers/l/Link.php' (include_path='.:/usr/local/php7.4/lib/php') in /home/allinkc/www/app/core/Router.php on line 1401
[21-May-2023 19:58:05 Europe/Paris] PHP Warning:  require_once(/home/allinkc/www/app/controllers/l/Link.php): failed to open stream: No such file or directory in /home/allinkc/www/app/core/Router.php on line 1401
[21-May-2023 19:58:05 Europe/Paris] PHP Fatal error:  require_once(): Failed opening required '/home/allinkc/www/app/controllers/l/Link.php' (include_path='.:/usr/local/php7.4/lib/php') in /home/allinkc/www/app/core/Router.php on line 1401
[21-May-2023 19:58:05 Europe/Paris] PHP Warning:  require_once(/home/allinkc/www/app/controllers/l/Link.php): failed to open stream: No such file or directory in /home/allinkc/www/app/core/Router.php on line 1401
[21-May-2023 19:58:05 Europe/Paris] PHP Fatal error:  require_once(): Failed opening required '/home/allinkc/www/app/controllers/l/Link.php' (include_path='.:/usr/local/php7.4/lib/php') in /home/allinkc/www/app/core/Router.php on line 1401
[21-May-2023 19:58:05 Europe/Paris] PHP Warning:  require_once(/home/allinkc/www/app/controllers/l/Link.php): failed to open stream: No such file or directory in /home/allinkc/www/app/core/Router.php on line 1401
[21-May-2023 19:58:05 Europe/Paris] PHP Fatal error:  require_once(): Failed opening required '/home/allinkc/www/app/controllers/l/Link.php' (include_path='.:/usr/local/php7.4/lib/php') in /home/allinkc/www/app/core/Router.php on line 1401
[21-May-2023 19:58:05 Europe/Paris] PHP Warning:  require_once(/home/allinkc/www/app/controllers/l/Link.php): failed to open stream: No such file or directory in /home/allinkc/www/app/core/Router.php on line 1401
[21-May-2023 19:58:05 Europe/Paris] PHP Fatal error:  require_once(): Failed opening required '/home/allinkc/www/app/controllers/l/Link.php' (include_path='.:/usr/local/php7.4/lib/php') in /home/allinkc/www/app/core/Router.php on line 1401
[21-May-2023 19:58:06 Europe/Paris] PHP Warning:  require_once(/home/allinkc/www/app/controllers/l/Link.php): failed to open stream: No such file or directory in /home/allinkc/www/app/core/Router.php on line 1401
[21-May-2023 19:58:06 Europe/Paris] PHP Fatal error:  require_once(): Failed opening required '/home/allinkc/www/app/controllers/l/Link.php' (include_path='.:/usr/local/php7.4/lib/php') in /home/allinkc/www/app/core/Router.php on line 1401
[21-May-2023 19:58:06 Europe/Paris] PHP Warning:  require_once(/home/allinkc/www/app/controllers/l/Link.php): failed to open stream: No such file or directory in /home/allinkc/www/app/core/Router.php on line 1401
[21-May-2023 19:58:06 Europe/Paris] PHP Fatal error:  require_once(): Failed opening required '/home/allinkc/www/app/controllers/l/Link.php' (include_path='.:/usr/local/php7.4/lib/php') in /home/allinkc/www/app/core/Router.php on line 1401
[21-May-2023 19:58:07 Europe/Paris] PHP Warning:  require_once(/home/allinkc/www/app/controllers/l/Link.php): failed to open stream: No such file or directory in /home/allinkc/www/app/core/Router.php on line 1401
[21-May-2023 19:58:07 Europe/Paris] PHP Fatal error:  require_once(): Failed opening required '/home/allinkc/www/app/controllers/l/Link.php' (include_path='.:/usr/local/php7.4/lib/php') in /home/allinkc/www/app/core/Router.php on line 1401
[21-May-2023 19:58:09 Europe/Paris] PHP Warning:  require_once(/home/allinkc/www/app/controllers/l/Link.php): failed to open stream: No such file or directory in /home/allinkc/www/app/core/Router.php on line 1401
[21-May-2023 19:58:09 Europe/Paris] PHP Fatal error:  require_once(): Failed opening required '/home/allinkc/www/app/controllers/l/Link.php' (include_path='.:/usr/local/php7.4/lib/php') in /home/allinkc/www/app/core/Router.php on line 1401
[21-May-2023 19:58:33 Europe/Paris] PHP Warning:  require_once(/home/allinkc/www/app/controllers/l/Link.php): failed to open stream: No such file or directory in /home/allinkc/www/app/core/Router.php on line 1401
[21-May-2023 19:58:33 Europe/Paris] PHP Fatal error:  require_once(): Failed opening required '/home/allinkc/www/app/controllers/l/Link.php' (include_path='.:/usr/local/php7.4/lib/php') in /home/allinkc/www/app/core/Router.php on line 1401
[21-May-2023 19:58:56 Europe/Paris] PHP Warning:  require_once(/home/allinkc/www/app/controllers/l/Link.php): failed to open stream: No such file or directory in /home/allinkc/www/app/core/Router.php on line 1401
[21-May-2023 19:58:56 Europe/Paris] PHP Fatal error:  require_once(): Failed opening required '/home/allinkc/www/app/controllers/l/Link.php' (include_path='.:/usr/local/php7.4/lib/php') in /home/allinkc/www/app/core/Router.php on line 1401
[21-May-2023 19:58:57 Europe/Paris] PHP Warning:  require_once(/home/allinkc/www/app/controllers/l/Link.php): failed to open stream: No such file or directory in /home/allinkc/www/app/core/Router.php on line 1401
[21-May-2023 19:58:57 Europe/Paris] PHP Fatal error:  require_once(): Failed opening required '/home/allinkc/www/app/controllers/l/Link.php' (include_path='.:/usr/local/php7.4/lib/php') in /home/allinkc/www/app/core/Router.php on line 1401
[21-May-2023 19:59:57 Europe/Paris] PHP Warning:  require_once(/home/allinkc/www/app/controllers/l/Link.php): failed to open stream: No such file or directory in /home/allinkc/www/app/core/Router.php on line 1401
[21-May-2023 19:59:57 Europe/Paris] PHP Fatal error:  require_once(): Failed opening required '/home/allinkc/www/app/controllers/l/Link.php' (include_path='.:/usr/local/php7.4/lib/php') in /home/allinkc/www/app/core/Router.php on line 1401
[21-May-2023 19:59:58 Europe/Paris] PHP Warning:  require_once(/home/allinkc/www/app/controllers/l/Link.php): failed to open stream: No such file or directory in /home/allinkc/www/app/core/Router.php on line 1401
[21-May-2023 19:59:58 Europe/Paris] PHP Fatal error:  require_once(): Failed opening required '/home/allinkc/www/app/controllers/l/Link.php' (include_path='.:/usr/local/php7.4/lib/php') in /home/allinkc/www/app/core/Router.php on line 1401
[21-May-2023 19:59:58 Europe/Paris] PHP Warning:  require_once(/home/allinkc/www/app/controllers/l/Link.php): failed to open stream: No such file or directory in /home/allinkc/www/app/core/Router.php on line 1401
[21-May-2023 19:59:58 Europe/Paris] PHP Fatal error:  require_once(): Failed opening required '/home/allinkc/www/app/controllers/l/Link.php' (include_path='.:/usr/local/php7.4/lib/php') in /home/allinkc/www/app/core/Router.php on line 1401
[21-May-2023 20:00:40 Europe/Paris] PHP Warning:  require_once(/home/allinkc/www/app/controllers/l/Link.php): failed to open stream: No such file or directory in /home/allinkc/www/app/core/Router.php on line 1401
[21-May-2023 20:00:40 Europe/Paris] PHP Fatal error:  require_once(): Failed opening required '/home/allinkc/www/app/controllers/l/Link.php' (include_path='.:/usr/local/php7.4/lib/php') in /home/allinkc/www/app/core/Router.php on line 1401
[21-May-2023 20:00:41 Europe/Paris] PHP Warning:  require_once(/home/allinkc/www/app/controllers/l/Link.php): failed to open stream: No such file or directory in /home/allinkc/www/app/core/Router.php on line 1401
[21-May-2023 20:00:41 Europe/Paris] PHP Fatal error:  require_once(): Failed opening required '/home/allinkc/www/app/controllers/l/Link.php' (include_path='.:/usr/local/php7.4/lib/php') in /home/allinkc/www/app/core/Router.php on line 1401
[21-May-2023 20:00:41 Europe/Paris] PHP Warning:  require_once(/home/allinkc/www/app/controllers/l/Link.php): failed to open stream: No such file or directory in /home/allinkc/www/app/core/Router.php on line 1401
[21-May-2023 20:00:41 Europe/Paris] PHP Fatal error:  require_once(): Failed opening required '/home/allinkc/www/app/controllers/l/Link.php' (include_path='.:/usr/local/php7.4/lib/php') in /home/allinkc/www/app/core/Router.php on line 1401
[21-May-2023 20:00:45 Europe/Paris] PHP Warning:  require_once(/home/allinkc/www/app/controllers/Index.php): failed to open stream: No such file or directory in /home/allinkc/www/app/core/Router.php on line 1401
[21-May-2023 20:00:45 Europe/Paris] PHP Fatal error:  require_once(): Failed opening required '/home/allinkc/www/app/controllers/Index.php' (include_path='.:/usr/local/php7.4/lib/php') in /home/allinkc/www/app/core/Router.php on line 1401
[21-May-2023 20:00:47 Europe/Paris] PHP Warning:  require_once(/home/allinkc/www/app/controllers/Index.php): failed to open stream: No such file or directory in /home/allinkc/www/app/core/Router.php on line 1401
[21-May-2023 20:00:47 Europe/Paris] PHP Fatal error:  require_once(): Failed opening required '/home/allinkc/www/app/controllers/Index.php' (include_path='.:/usr/local/php7.4/lib/php') in /home/allinkc/www/app/core/Router.php on line 1401
[21-May-2023 20:00:48 Europe/Paris] PHP Warning:  require_once(/home/allinkc/www/app/controllers/Index.php): failed to open stream: No such file or directory in /home/allinkc/www/app/core/Router.php on line 1401
[21-May-2023 20:00:48 Europe/Paris] PHP Fatal error:  require_once(): Failed opening required '/home/allinkc/www/app/controllers/Index.php' (include_path='.:/usr/local/php7.4/lib/php') in /home/allinkc/www/app/core/Router.php on line 1401
[21-May-2023 20:00:49 Europe/Paris] PHP Warning:  require_once(/home/allinkc/www/app/controllers/Index.php): failed to open stream: No such file or directory in /home/allinkc/www/app/core/Router.php on line 1401
[21-May-2023 20:00:49 Europe/Paris] PHP Fatal error:  require_once(): Failed opening required '/home/allinkc/www/app/controllers/Index.php' (include_path='.:/usr/local/php7.4/lib/php') in /home/allinkc/www/app/core/Router.php on line 1401
[21-May-2023 20:00:51 Europe/Paris] PHP Warning:  require_once(/home/allinkc/www/app/controllers/admin/AdminIndex.php): failed to open stream: No such file or directory in /home/allinkc/www/app/core/Router.php on line 1401
[21-May-2023 20:00:51 Europe/Paris] PHP Fatal error:  require_once(): Failed opening required '/home/allinkc/www/app/controllers/admin/AdminIndex.php' (include_path='.:/usr/local/php7.4/lib/php') in /home/allinkc/www/app/core/Router.php on line 1401
[21-May-2023 20:00:56 Europe/Paris] PHP Warning:  require_once(/home/allinkc/www/app/controllers/admin/AdminIndex.php): failed to open stream: No such file or directory in /home/allinkc/www/app/core/Router.php on line 1401
[21-May-2023 20:00:56 Europe/Paris] PHP Fatal error:  require_once(): Failed opening required '/home/allinkc/www/app/controllers/admin/AdminIndex.php' (include_path='.:/usr/local/php7.4/lib/php') in /home/allinkc/www/app/core/Router.php on line 1401
[21-May-2023 20:01:01 Europe/Paris] PHP Warning:  require_once(/home/allinkc/www/app/controllers/Index.php): failed to open stream: No such file or directory in /home/allinkc/www/app/core/Router.php on line 1401
[21-May-2023 20:01:01 Europe/Paris] PHP Fatal error:  require_once(): Failed opening required '/home/allinkc/www/app/controllers/Index.php' (include_path='.:/usr/local/php7.4/lib/php') in /home/allinkc/www/app/core/Router.php on line 1401
[21-May-2023 20:01:24 Europe/Paris] PHP Warning:  require_once(/home/allinkc/www/app/controllers/Index.php): failed to open stream: No such file or directory in /home/allinkc/www/app/core/Router.php on line 1401
[21-May-2023 20:01:24 Europe/Paris] PHP Fatal error:  require_once(): Failed opening required '/home/allinkc/www/app/controllers/Index.php' (include_path='.:/usr/local/php7.4/lib/php') in /home/allinkc/www/app/core/Router.php on line 1401
[21-May-2023 20:01:25 Europe/Paris] PHP Warning:  require_once(/home/allinkc/www/app/controllers/Index.php): failed to open stream: No such file or directory in /home/allinkc/www/app/core/Router.php on line 1401
[21-May-2023 20:01:25 Europe/Paris] PHP Fatal error:  require_once(): Failed opening required '/home/allinkc/www/app/controllers/Index.php' (include_path='.:/usr/local/php7.4/lib/php') in /home/allinkc/www/app/core/Router.php on line 1401
[21-May-2023 20:01:25 Europe/Paris] PHP Warning:  require_once(/home/allinkc/www/app/controllers/Index.php): failed to open stream: No such file or directory in /home/allinkc/www/app/core/Router.php on line 1401
[21-May-2023 20:01:25 Europe/Paris] PHP Fatal error:  require_once(): Failed opening required '/home/allinkc/www/app/controllers/Index.php' (include_path='.:/usr/local/php7.4/lib/php') in /home/allinkc/www/app/core/Router.php on line 1401
[21-May-2023 20:01:26 Europe/Paris] PHP Warning:  require_once(/home/allinkc/www/app/controllers/Index.php): failed to open stream: No such file or directory in /home/allinkc/www/app/core/Router.php on line 1401
[21-May-2023 20:01:26 Europe/Paris] PHP Fatal error:  require_once(): Failed opening required '/home/allinkc/www/app/controllers/Index.php' (include_path='.:/usr/local/php7.4/lib/php') in /home/allinkc/www/app/core/Router.php on line 1401
[21-May-2023 20:01:32 Europe/Paris] PHP Warning:  require_once(/home/allinkc/www/app/controllers/Index.php): failed to open stream: No such file or directory in /home/allinkc/www/app/core/Router.php on line 1401
[21-May-2023 20:01:32 Europe/Paris] PHP Fatal error:  require_once(): Failed opening required '/home/allinkc/www/app/controllers/Index.php' (include_path='.:/usr/local/php7.4/lib/php') in /home/allinkc/www/app/core/Router.php on line 1401
[21-May-2023 20:01:34 Europe/Paris] PHP Warning:  require_once(/home/allinkc/www/app/controllers/l/Link.php): failed to open stream: No such file or directory in /home/allinkc/www/app/core/Router.php on line 1401
[21-May-2023 20:01:34 Europe/Paris] PHP Fatal error:  require_once(): Failed opening required '/home/allinkc/www/app/controllers/l/Link.php' (include_path='.:/usr/local/php7.4/lib/php') in /home/allinkc/www/app/core/Router.php on line 1401
[21-May-2023 20:01:36 Europe/Paris] PHP Warning:  require_once(/home/allinkc/www/app/controllers/l/Link.php): failed to open stream: No such file or directory in /home/allinkc/www/app/core/Router.php on line 1401
[21-May-2023 20:01:36 Europe/Paris] PHP Fatal error:  require_once(): Failed opening required '/home/allinkc/www/app/controllers/l/Link.php' (include_path='.:/usr/local/php7.4/lib/php') in /home/allinkc/www/app/core/Router.php on line 1401
[21-May-2023 20:01:37 Europe/Paris] PHP Warning:  require_once(/home/allinkc/www/app/controllers/l/Link.php): failed to open stream: No such file or directory in /home/allinkc/www/app/core/Router.php on line 1401
[21-May-2023 20:01:37 Europe/Paris] PHP Fatal error:  require_once(): Failed opening required '/home/allinkc/www/app/controllers/l/Link.php' (include_path='.:/usr/local/php7.4/lib/php') in /home/allinkc/www/app/core/Router.php on line 1401
[21-May-2023 20:01:37 Europe/Paris] PHP Warning:  require_once(/home/allinkc/www/app/controllers/l/Link.php): failed to open stream: No such file or directory in /home/allinkc/www/app/core/Router.php on line 1401
[21-May-2023 20:01:37 Europe/Paris] PHP Fatal error:  require_once(): Failed opening required '/home/allinkc/www/app/controllers/l/Link.php' (include_path='.:/usr/local/php7.4/lib/php') in /home/allinkc/www/app/core/Router.php on line 1401
[21-May-2023 20:01:38 Europe/Paris] PHP Warning:  require_once(/home/allinkc/www/app/controllers/l/Link.php): failed to open stream: No such file or directory in /home/allinkc/www/app/core/Router.php on line 1401
[21-May-2023 20:01:38 Europe/Paris] PHP Fatal error:  require_once(): Failed opening required '/home/allinkc/www/app/controllers/l/Link.php' (include_path='.:/usr/local/php7.4/lib/php') in /home/allinkc/www/app/core/Router.php on line 1401
[21-May-2023 20:02:04 Europe/Paris] PHP Warning:  require_once(/home/allinkc/www/app/controllers/l/Link.php): failed to open stream: No such file or directory in /home/allinkc/www/app/core/Router.php on line 1401
[21-May-2023 20:02:04 Europe/Paris] PHP Fatal error:  require_once(): Failed opening required '/home/allinkc/www/app/controllers/l/Link.php' (include_path='.:/usr/local/php7.4/lib/php') in /home/allinkc/www/app/core/Router.php on line 1401
[21-May-2023 20:02:08 Europe/Paris] PHP Warning:  require_once(/home/allinkc/www/app/controllers/l/Link.php): failed to open stream: No such file or directory in /home/allinkc/www/app/core/Router.php on line 1401
[21-May-2023 20:02:08 Europe/Paris] PHP Fatal error:  require_once(): Failed opening required '/home/allinkc/www/app/controllers/l/Link.php' (include_path='.:/usr/local/php7.4/lib/php') in /home/allinkc/www/app/core/Router.php on line 1401
[21-May-2023 20:02:19 Europe/Paris] PHP Warning:  require_once(/home/allinkc/www/app/controllers/Index.php): failed to open stream: No such file or directory in /home/allinkc/www/app/core/Router.php on line 1401
[21-May-2023 20:02:19 Europe/Paris] PHP Fatal error:  require_once(): Failed opening required '/home/allinkc/www/app/controllers/Index.php' (include_path='.:/usr/local/php7.4/lib/php') in /home/allinkc/www/app/core/Router.php on line 1401
[21-May-2023 20:02:20 Europe/Paris] PHP Warning:  require_once(/home/allinkc/www/app/controllers/Index.php): failed to open stream: No such file or directory in /home/allinkc/www/app/core/Router.php on line 1401
[21-May-2023 20:02:20 Europe/Paris] PHP Fatal error:  require_once(): Failed opening required '/home/allinkc/www/app/controllers/Index.php' (include_path='.:/usr/local/php7.4/lib/php') in /home/allinkc/www/app/core/Router.php on line 1401
[21-May-2023 20:02:20 Europe/Paris] PHP Warning:  require_once(/home/allinkc/www/app/controllers/Index.php): failed to open stream: No such file or directory in /home/allinkc/www/app/core/Router.php on line 1401
[21-May-2023 20:02:20 Europe/Paris] PHP Fatal error:  require_once(): Failed opening required '/home/allinkc/www/app/controllers/Index.php' (include_path='.:/usr/local/php7.4/lib/php') in /home/allinkc/www/app/core/Router.php on line 1401
[21-May-2023 20:02:21 Europe/Paris] PHP Warning:  require_once(/home/allinkc/www/app/controllers/Index.php): failed to open stream: No such file or directory in /home/allinkc/www/app/core/Router.php on line 1401
[21-May-2023 20:02:21 Europe/Paris] PHP Fatal error:  require_once(): Failed opening required '/home/allinkc/www/app/controllers/Index.php' (include_path='.:/usr/local/php7.4/lib/php') in /home/allinkc/www/app/core/Router.php on line 1401
[21-May-2023 20:02:21 Europe/Paris] PHP Warning:  require_once(/home/allinkc/www/app/controllers/Index.php): failed to open stream: No such file or directory in /home/allinkc/www/app/core/Router.php on line 1401
[21-May-2023 20:02:21 Europe/Paris] PHP Fatal error:  require_once(): Failed opening required '/home/allinkc/www/app/controllers/Index.php' (include_path='.:/usr/local/php7.4/lib/php') in /home/allinkc/www/app/core/Router.php on line 1401
[21-May-2023 20:02:21 Europe/Paris] PHP Warning:  require_once(/home/allinkc/www/app/controllers/Index.php): failed to open stream: No such file or directory in /home/allinkc/www/app/core/Router.php on line 1401
[21-May-2023 20:02:21 Europe/Paris] PHP Fatal error:  require_once(): Failed opening required '/home/allinkc/www/app/controllers/Index.php' (include_path='.:/usr/local/php7.4/lib/php') in /home/allinkc/www/app/core/Router.php on line 1401
[21-May-2023 20:02:22 Europe/Paris] PHP Warning:  require_once(/home/allinkc/www/app/controllers/Index.php): failed to open stream: No such file or directory in /home/allinkc/www/app/core/Router.php on line 1401
[21-May-2023 20:02:22 Europe/Paris] PHP Fatal error:  require_once(): Failed opening required '/home/allinkc/www/app/controllers/Index.php' (include_path='.:/usr/local/php7.4/lib/php') in /home/allinkc/www/app/core/Router.php on line 1401
[21-May-2023 20:02:22 Europe/Paris] PHP Warning:  require_once(/home/allinkc/www/app/controllers/Index.php): failed to open stream: No such file or directory in /home/allinkc/www/app/core/Router.php on line 1401
[21-May-2023 20:02:22 Europe/Paris] PHP Fatal error:  require_once(): Failed opening required '/home/allinkc/www/app/controllers/Index.php' (include_path='.:/usr/local/php7.4/lib/php') in /home/allinkc/www/app/core/Router.php on line 1401
[21-May-2023 20:02:22 Europe/Paris] PHP Warning:  require_once(/home/allinkc/www/app/controllers/Index.php): failed to open stream: No such file or directory in /home/allinkc/www/app/core/Router.php on line 1401
[21-May-2023 20:02:22 Europe/Paris] PHP Fatal error:  require_once(): Failed opening required '/home/allinkc/www/app/controllers/Index.php' (include_path='.:/usr/local/php7.4/lib/php') in /home/allinkc/www/app/core/Router.php on line 1401
[21-May-2023 20:02:22 Europe/Paris] PHP Warning:  require_once(/home/allinkc/www/app/controllers/Index.php): failed to open stream: No such file or directory in /home/allinkc/www/app/core/Router.php on line 1401
[21-May-2023 20:02:22 Europe/Paris] PHP Fatal error:  require_once(): Failed opening required '/home/allinkc/www/app/controllers/Index.php' (include_path='.:/usr/local/php7.4/lib/php') in /home/allinkc/www/app/core/Router.php on line 1401
[21-May-2023 20:02:22 Europe/Paris] PHP Warning:  require_once(/home/allinkc/www/app/controllers/Index.php): failed to open stream: No such file or directory in /home/allinkc/www/app/core/Router.php on line 1401
[21-May-2023 20:02:22 Europe/Paris] PHP Fatal error:  require_once(): Failed opening required '/home/allinkc/www/app/controllers/Index.php' (include_path='.:/usr/local/php7.4/lib/php') in /home/allinkc/www/app/core/Router.php on line 1401
[21-May-2023 20:02:22 Europe/Paris] PHP Warning:  require_once(/home/allinkc/www/app/controllers/Index.php): failed to open stream: No such file or directory in /home/allinkc/www/app/core/Router.php on line 1401
[21-May-2023 20:02:22 Europe/Paris] PHP Fatal error:  require_once(): Failed opening required '/home/allinkc/www/app/controllers/Index.php' (include_path='.:/usr/local/php7.4/lib/php') in /home/allinkc/www/app/core/Router.php on line 1401
[21-May-2023 20:02:23 Europe/Paris] PHP Warning:  require_once(/home/allinkc/www/app/controllers/Index.php): failed to open stream: No such file or directory in /home/allinkc/www/app/core/Router.php on line 1401
[21-May-2023 20:02:23 Europe/Paris] PHP Fatal error:  require_once(): Failed opening required '/home/allinkc/www/app/controllers/Index.php' (include_path='.:/usr/local/php7.4/lib/php') in /home/allinkc/www/app/core/Router.php on line 1401
[21-May-2023 20:02:23 Europe/Paris] PHP Warning:  require_once(/home/allinkc/www/app/controllers/Index.php): failed to open stream: No such file or directory in /home/allinkc/www/app/core/Router.php on line 1401
[21-May-2023 20:02:23 Europe/Paris] PHP Fatal error:  require_once(): Failed opening required '/home/allinkc/www/app/controllers/Index.php' (include_path='.:/usr/local/php7.4/lib/php') in /home/allinkc/www/app/core/Router.php on line 1401
[21-May-2023 20:02:23 Europe/Paris] PHP Warning:  require_once(/home/allinkc/www/app/controllers/Index.php): failed to open stream: No such file or directory in /home/allinkc/www/app/core/Router.php on line 1401
[21-May-2023 20:02:23 Europe/Paris] PHP Fatal error:  require_once(): Failed opening required '/home/allinkc/www/app/controllers/Index.php' (include_path='.:/usr/local/php7.4/lib/php') in /home/allinkc/www/app/core/Router.php on line 1401
[21-May-2023 20:02:24 Europe/Paris] PHP Warning:  require_once(/home/allinkc/www/app/controllers/Index.php): failed to open stream: No such file or directory in /home/allinkc/www/app/core/Router.php on line 1401
[21-May-2023 20:02:24 Europe/Paris] PHP Fatal error:  require_once(): Failed opening required '/home/allinkc/www/app/controllers/Index.php' (include_path='.:/usr/local/php7.4/lib/php') in /home/allinkc/www/app/core/Router.php on line 1401
[21-May-2023 20:02:25 Europe/Paris] PHP Warning:  require_once(/home/allinkc/www/app/controllers/Index.php): failed to open stream: No such file or directory in /home/allinkc/www/app/core/Router.php on line 1401
[21-May-2023 20:02:25 Europe/Paris] PHP Fatal error:  require_once(): Failed opening required '/home/allinkc/www/app/controllers/Index.php' (include_path='.:/usr/local/php7.4/lib/php') in /home/allinkc/www/app/core/Router.php on line 1401
[21-May-2023 20:02:26 Europe/Paris] PHP Warning:  require_once(/home/allinkc/www/app/controllers/Index.php): failed to open stream: No such file or directory in /home/allinkc/www/app/core/Router.php on line 1401
[21-May-2023 20:02:26 Europe/Paris] PHP Fatal error:  require_once(): Failed opening required '/home/allinkc/www/app/controllers/Index.php' (include_path='.:/usr/local/php7.4/lib/php') in /home/allinkc/www/app/core/Router.php on line 1401
[21-May-2023 20:02:26 Europe/Paris] PHP Warning:  require_once(/home/allinkc/www/app/controllers/Index.php): failed to open stream: No such file or directory in /home/allinkc/www/app/core/Router.php on line 1401
[21-May-2023 20:02:26 Europe/Paris] PHP Fatal error:  require_once(): Failed opening required '/home/allinkc/www/app/controllers/Index.php' (include_path='.:/usr/local/php7.4/lib/php') in /home/allinkc/www/app/core/Router.php on line 1401
[21-May-2023 20:02:29 Europe/Paris] PHP Warning:  require_once(/home/allinkc/www/app/controllers/Index.php): failed to open stream: No such file or directory in /home/allinkc/www/app/core/Router.php on line 1401
[21-May-2023 20:02:29 Europe/Paris] PHP Fatal error:  require_once(): Failed opening required '/home/allinkc/www/app/controllers/Index.php' (include_path='.:/usr/local/php7.4/lib/php') in /home/allinkc/www/app/core/Router.php on line 1401
[21-May-2023 20:02:39 Europe/Paris] PHP Warning:  require_once(/home/allinkc/www/app/controllers/Index.php): failed to open stream: No such file or directory in /home/allinkc/www/app/core/Router.php on line 1401
[21-May-2023 20:02:39 Europe/Paris] PHP Fatal error:  require_once(): Failed opening required '/home/allinkc/www/app/controllers/Index.php' (include_path='.:/usr/local/php7.4/lib/php') in /home/allinkc/www/app/core/Router.php on line 1401
[21-May-2023 20:02:45 Europe/Paris] PHP Warning:  require_once(/home/allinkc/www/app/controllers/Index.php): failed to open stream: No such file or directory in /home/allinkc/www/app/core/Router.php on line 1401
[21-May-2023 20:02:45 Europe/Paris] PHP Fatal error:  require_once(): Failed opening required '/home/allinkc/www/app/controllers/Index.php' (include_path='.:/usr/local/php7.4/lib/php') in /home/allinkc/www/app/core/Router.php on line 1401
[21-May-2023 20:03:23 Europe/Paris] PHP Warning:  require_once(/home/allinkc/www/app/controllers/Index.php): failed to open stream: No such file or directory in /home/allinkc/www/app/core/Router.php on line 1401
[21-May-2023 20:03:23 Europe/Paris] PHP Fatal error:  require_once(): Failed opening required '/home/allinkc/www/app/controllers/Index.php' (include_path='.:/usr/local/php7.4/lib/php') in /home/allinkc/www/app/core/Router.php on line 1401
[21-May-2023 20:03:23 Europe/Paris] PHP Warning:  require_once(/home/allinkc/www/app/controllers/Index.php): failed to open stream: No such file or directory in /home/allinkc/www/app/core/Router.php on line 1401
[21-May-2023 20:03:23 Europe/Paris] PHP Fatal error:  require_once(): Failed opening required '/home/allinkc/www/app/controllers/Index.php' (include_path='.:/usr/local/php7.4/lib/php') in /home/allinkc/www/app/core/Router.php on line 1401
[21-May-2023 20:04:04 Europe/Paris] PHP Warning:  require_once(/home/allinkc/www/app/controllers/Index.php): failed to open stream: No such file or directory in /home/allinkc/www/app/core/Router.php on line 1401
[21-May-2023 20:04:04 Europe/Paris] PHP Fatal error:  require_once(): Failed opening required '/home/allinkc/www/app/controllers/Index.php' (include_path='.:/usr/local/php7.4/lib/php') in /home/allinkc/www/app/core/Router.php on line 1401
[21-May-2023 20:04:45 Europe/Paris] PHP Warning:  require_once(/home/allinkc/www/app/controllers/Index.php): failed to open stream: No such file or directory in /home/allinkc/www/app/core/Router.php on line 1401
[21-May-2023 20:04:45 Europe/Paris] PHP Fatal error:  require_once(): Failed opening required '/home/allinkc/www/app/controllers/Index.php' (include_path='.:/usr/local/php7.4/lib/php') in /home/allinkc/www/app/core/Router.php on line 1401
[21-May-2023 20:04:58 Europe/Paris] PHP Warning:  require_once(/home/allinkc/www/app/controllers/l/Link.php): failed to open stream: No such file or directory in /home/allinkc/www/app/core/Router.php on line 1401
[21-May-2023 20:04:58 Europe/Paris] PHP Fatal error:  require_once(): Failed opening required '/home/allinkc/www/app/controllers/l/Link.php' (include_path='.:/usr/local/php7.4/lib/php') in /home/allinkc/www/app/core/Router.php on line 1401
[21-May-2023 20:05:00 Europe/Paris] PHP Warning:  require_once(/home/allinkc/www/app/controllers/l/Link.php): failed to open stream: No such file or directory in /home/allinkc/www/app/core/Router.php on line 1401
[21-May-2023 20:05:00 Europe/Paris] PHP Fatal error:  require_once(): Failed opening required '/home/allinkc/www/app/controllers/l/Link.php' (include_path='.:/usr/local/php7.4/lib/php') in /home/allinkc/www/app/core/Router.php on line 1401
[21-May-2023 20:05:04 Europe/Paris] PHP Warning:  require_once(/home/allinkc/www/app/controllers/l/Link.php): failed to open stream: No such file or directory in /home/allinkc/www/app/core/Router.php on line 1401
[21-May-2023 20:05:04 Europe/Paris] PHP Fatal error:  require_once(): Failed opening required '/home/allinkc/www/app/controllers/l/Link.php' (include_path='.:/usr/local/php7.4/lib/php') in /home/allinkc/www/app/core/Router.php on line 1401
[21-May-2023 20:05:07 Europe/Paris] PHP Warning:  require_once(/home/allinkc/www/app/controllers/l/Link.php): failed to open stream: No such file or directory in /home/allinkc/www/app/core/Router.php on line 1401
[21-May-2023 20:05:07 Europe/Paris] PHP Fatal error:  require_once(): Failed opening required '/home/allinkc/www/app/controllers/l/Link.php' (include_path='.:/usr/local/php7.4/lib/php') in /home/allinkc/www/app/core/Router.php on line 1401
[21-May-2023 20:05:08 Europe/Paris] PHP Warning:  require_once(/home/allinkc/www/app/controllers/l/Link.php): failed to open stream: No such file or directory in /home/allinkc/www/app/core/Router.php on line 1401
[21-May-2023 20:05:08 Europe/Paris] PHP Fatal error:  require_once(): Failed opening required '/home/allinkc/www/app/controllers/l/Link.php' (include_path='.:/usr/local/php7.4/lib/php') in /home/allinkc/www/app/core/Router.php on line 1401
[21-May-2023 20:05:45 Europe/Paris] PHP Warning:  require_once(/home/allinkc/www/app/controllers/l/Link.php): failed to open stream: No such file or directory in /home/allinkc/www/app/core/Router.php on line 1401
[21-May-2023 20:05:45 Europe/Paris] PHP Fatal error:  require_once(): Failed opening required '/home/allinkc/www/app/controllers/l/Link.php' (include_path='.:/usr/local/php7.4/lib/php') in /home/allinkc/www/app/core/Router.php on line 1401
[21-May-2023 20:05:47 Europe/Paris] PHP Warning:  require_once(/home/allinkc/www/app/controllers/l/Link.php): failed to open stream: No such file or directory in /home/allinkc/www/app/core/Router.php on line 1401
[21-May-2023 20:05:47 Europe/Paris] PHP Fatal error:  require_once(): Failed opening required '/home/allinkc/www/app/controllers/l/Link.php' (include_path='.:/usr/local/php7.4/lib/php') in /home/allinkc/www/app/core/Router.php on line 1401
[21-May-2023 20:06:04 Europe/Paris] PHP Warning:  require_once(/home/allinkc/www/app/controllers/l/Link.php): failed to open stream: No such file or directory in /home/allinkc/www/app/core/Router.php on line 1401
[21-May-2023 20:06:04 Europe/Paris] PHP Fatal error:  require_once(): Failed opening required '/home/allinkc/www/app/controllers/l/Link.php' (include_path='.:/usr/local/php7.4/lib/php') in /home/allinkc/www/app/core/Router.php on line 1401
[21-May-2023 20:06:05 Europe/Paris] PHP Warning:  require_once(/home/allinkc/www/app/controllers/l/Link.php): failed to open stream: No such file or directory in /home/allinkc/www/app/core/Router.php on line 1401
[21-May-2023 20:06:05 Europe/Paris] PHP Fatal error:  require_once(): Failed opening required '/home/allinkc/www/app/controllers/l/Link.php' (include_path='.:/usr/local/php7.4/lib/php') in /home/allinkc/www/app/core/Router.php on line 1401
[21-May-2023 20:06:17 Europe/Paris] PHP Warning:  require_once(/home/allinkc/www/app/controllers/Index.php): failed to open stream: No such file or directory in /home/allinkc/www/app/core/Router.php on line 1401
[21-May-2023 20:06:17 Europe/Paris] PHP Fatal error:  require_once(): Failed opening required '/home/allinkc/www/app/controllers/Index.php' (include_path='.:/usr/local/php7.4/lib/php') in /home/allinkc/www/app/core/Router.php on line 1401
[21-May-2023 20:06:17 Europe/Paris] PHP Warning:  require_once(/home/allinkc/www/app/controllers/Index.php): failed to open stream: No such file or directory in /home/allinkc/www/app/core/Router.php on line 1401
[21-May-2023 20:06:17 Europe/Paris] PHP Fatal error:  require_once(): Failed opening required '/home/allinkc/www/app/controllers/Index.php' (include_path='.:/usr/local/php7.4/lib/php') in /home/allinkc/www/app/core/Router.php on line 1401
[21-May-2023 20:06:18 Europe/Paris] PHP Warning:  require_once(/home/allinkc/www/app/controllers/Index.php): failed to open stream: No such file or directory in /home/allinkc/www/app/core/Router.php on line 1401
[21-May-2023 20:06:18 Europe/Paris] PHP Fatal error:  require_once(): Failed opening required '/home/allinkc/www/app/controllers/Index.php' (include_path='.:/usr/local/php7.4/lib/php') in /home/allinkc/www/app/core/Router.php on line 1401
[21-May-2023 20:06:18 Europe/Paris] PHP Warning:  require_once(/home/allinkc/www/app/controllers/Index.php): failed to open stream: No such file or directory in /home/allinkc/www/app/core/Router.php on line 1401
[21-May-2023 20:06:18 Europe/Paris] PHP Fatal error:  require_once(): Failed opening required '/home/allinkc/www/app/controllers/Index.php' (include_path='.:/usr/local/php7.4/lib/php') in /home/allinkc/www/app/core/Router.php on line 1401
[21-May-2023 20:06:18 Europe/Paris] PHP Warning:  require_once(/home/allinkc/www/app/controllers/Index.php): failed to open stream: No such file or directory in /home/allinkc/www/app/core/Router.php on line 1401
[21-May-2023 20:06:18 Europe/Paris] PHP Fatal error:  require_once(): Failed opening required '/home/allinkc/www/app/controllers/Index.php' (include_path='.:/usr/local/php7.4/lib/php') in /home/allinkc/www/app/core/Router.php on line 1401
[21-May-2023 20:06:18 Europe/Paris] PHP Warning:  require_once(/home/allinkc/www/app/controllers/Index.php): failed to open stream: No such file or directory in /home/allinkc/www/app/core/Router.php on line 1401
[21-May-2023 20:06:18 Europe/Paris] PHP Fatal error:  require_once(): Failed opening required '/home/allinkc/www/app/controllers/Index.php' (include_path='.:/usr/local/php7.4/lib/php') in /home/allinkc/www/app/core/Router.php on line 1401
[21-May-2023 20:06:19 Europe/Paris] PHP Warning:  require_once(/home/allinkc/www/app/controllers/Index.php): failed to open stream: No such file or directory in /home/allinkc/www/app/core/Router.php on line 1401
[21-May-2023 20:06:19 Europe/Paris] PHP Fatal error:  require_once(): Failed opening required '/home/allinkc/www/app/controllers/Index.php' (include_path='.:/usr/local/php7.4/lib/php') in /home/allinkc/www/app/core/Router.php on line 1401
[21-May-2023 20:06:19 Europe/Paris] PHP Warning:  require_once(/home/allinkc/www/app/controllers/Index.php): failed to open stream: No such file or directory in /home/allinkc/www/app/core/Router.php on line 1401
[21-May-2023 20:06:19 Europe/Paris] PHP Fatal error:  require_once(): Failed opening required '/home/allinkc/www/app/controllers/Index.php' (include_path='.:/usr/local/php7.4/lib/php') in /home/allinkc/www/app/core/Router.php on line 1401
[21-May-2023 20:06:19 Europe/Paris] PHP Warning:  require_once(/home/allinkc/www/app/controllers/Index.php): failed to open stream: No such file or directory in /home/allinkc/www/app/core/Router.php on line 1401
[21-May-2023 20:06:19 Europe/Paris] PHP Fatal error:  require_once(): Failed opening required '/home/allinkc/www/app/controllers/Index.php' (include_path='.:/usr/local/php7.4/lib/php') in /home/allinkc/www/app/core/Router.php on line 1401
[21-May-2023 20:06:19 Europe/Paris] PHP Warning:  require_once(/home/allinkc/www/app/controllers/Index.php): failed to open stream: No such file or directory in /home/allinkc/www/app/core/Router.php on line 1401
[21-May-2023 20:06:19 Europe/Paris] PHP Fatal error:  require_once(): Failed opening required '/home/allinkc/www/app/controllers/Index.php' (include_path='.:/usr/local/php7.4/lib/php') in /home/allinkc/www/app/core/Router.php on line 1401
[21-May-2023 20:06:19 Europe/Paris] PHP Warning:  require_once(/home/allinkc/www/app/controllers/Index.php): failed to open stream: No such file or directory in /home/allinkc/www/app/core/Router.php on line 1401
[21-May-2023 20:06:19 Europe/Paris] PHP Fatal error:  require_once(): Failed opening required '/home/allinkc/www/app/controllers/Index.php' (include_path='.:/usr/local/php7.4/lib/php') in /home/allinkc/www/app/core/Router.php on line 1401
[21-May-2023 20:06:19 Europe/Paris] PHP Warning:  require_once(/home/allinkc/www/app/controllers/Index.php): failed to open stream: No such file or directory in /home/allinkc/www/app/core/Router.php on line 1401
[21-May-2023 20:06:19 Europe/Paris] PHP Fatal error:  require_once(): Failed opening required '/home/allinkc/www/app/controllers/Index.php' (include_path='.:/usr/local/php7.4/lib/php') in /home/allinkc/www/app/core/Router.php on line 1401
[21-May-2023 20:06:19 Europe/Paris] PHP Warning:  require_once(/home/allinkc/www/app/controllers/Index.php): failed to open stream: No such file or directory in /home/allinkc/www/app/core/Router.php on line 1401
[21-May-2023 20:06:19 Europe/Paris] PHP Fatal error:  require_once(): Failed opening required '/home/allinkc/www/app/controllers/Index.php' (include_path='.:/usr/local/php7.4/lib/php') in /home/allinkc/www/app/core/Router.php on line 1401
[21-May-2023 20:06:19 Europe/Paris] PHP Warning:  require_once(/home/allinkc/www/app/controllers/l/Link.php): failed to open stream: No such file or directory in /home/allinkc/www/app/core/Router.php on line 1401
[21-May-2023 20:06:19 Europe/Paris] PHP Fatal error:  require_once(): Failed opening required '/home/allinkc/www/app/controllers/l/Link.php' (include_path='.:/usr/local/php7.4/lib/php') in /home/allinkc/www/app/core/Router.php on line 1401
[21-May-2023 20:06:22 Europe/Paris] PHP Warning:  require_once(/home/allinkc/www/app/controllers/admin/AdminIndex.php): failed to open stream: No such file or directory in /home/allinkc/www/app/core/Router.php on line 1401
[21-May-2023 20:06:22 Europe/Paris] PHP Fatal error:  require_once(): Failed opening required '/home/allinkc/www/app/controllers/admin/AdminIndex.php' (include_path='.:/usr/local/php7.4/lib/php') in /home/allinkc/www/app/core/Router.php on line 1401
[21-May-2023 20:06:22 Europe/Paris] PHP Warning:  require_once(/home/allinkc/www/app/controllers/l/Link.php): failed to open stream: No such file or directory in /home/allinkc/www/app/core/Router.php on line 1401
[21-May-2023 20:06:22 Europe/Paris] PHP Fatal error:  require_once(): Failed opening required '/home/allinkc/www/app/controllers/l/Link.php' (include_path='.:/usr/local/php7.4/lib/php') in /home/allinkc/www/app/core/Router.php on line 1401
[21-May-2023 20:06:22 Europe/Paris] PHP Warning:  require_once(/home/allinkc/www/app/controllers/admin/AdminIndex.php): failed to open stream: No such file or directory in /home/allinkc/www/app/core/Router.php on line 1401
[21-May-2023 20:06:22 Europe/Paris] PHP Fatal error:  require_once(): Failed opening required '/home/allinkc/www/app/controllers/admin/AdminIndex.php' (include_path='.:/usr/local/php7.4/lib/php') in /home/allinkc/www/app/core/Router.php on line 1401
[21-May-2023 20:06:23 Europe/Paris] PHP Warning:  require_once(/home/allinkc/www/app/controllers/l/Link.php): failed to open stream: No such file or directory in /home/allinkc/www/app/core/Router.php on line 1401
[21-May-2023 20:06:23 Europe/Paris] PHP Fatal error:  require_once(): Failed opening required '/home/allinkc/www/app/controllers/l/Link.php' (include_path='.:/usr/local/php7.4/lib/php') in /home/allinkc/www/app/core/Router.php on line 1401
[21-May-2023 20:07:23 Europe/Paris] PHP Warning:  require_once(/home/allinkc/www/app/controllers/l/Link.php): failed to open stream: No such file or directory in /home/allinkc/www/app/core/Router.php on line 1401
[21-May-2023 20:07:23 Europe/Paris] PHP Fatal error:  require_once(): Failed opening required '/home/allinkc/www/app/controllers/l/Link.php' (include_path='.:/usr/local/php7.4/lib/php') in /home/allinkc/www/app/core/Router.php on line 1401
[21-May-2023 20:07:25 Europe/Paris] PHP Warning:  require_once(/home/allinkc/www/app/controllers/l/Link.php): failed to open stream: No such file or directory in /home/allinkc/www/app/core/Router.php on line 1401
[21-May-2023 20:07:25 Europe/Paris] PHP Fatal error:  require_once(): Failed opening required '/home/allinkc/www/app/controllers/l/Link.php' (include_path='.:/usr/local/php7.4/lib/php') in /home/allinkc/www/app/core/Router.php on line 1401
[21-May-2023 20:07:27 Europe/Paris] PHP Warning:  require_once(/home/allinkc/www/app/controllers/l/Link.php): failed to open stream: No such file or directory in /home/allinkc/www/app/core/Router.php on line 1401
[21-May-2023 20:07:27 Europe/Paris] PHP Fatal error:  require_once(): Failed opening required '/home/allinkc/www/app/controllers/l/Link.php' (include_path='.:/usr/local/php7.4/lib/php') in /home/allinkc/www/app/core/Router.php on line 1401
[21-May-2023 20:07:28 Europe/Paris] PHP Warning:  require_once(/home/allinkc/www/app/controllers/admin/AdminIndex.php): failed to open stream: No such file or directory in /home/allinkc/www/app/core/Router.php on line 1401
[21-May-2023 20:07:28 Europe/Paris] PHP Fatal error:  require_once(): Failed opening required '/home/allinkc/www/app/controllers/admin/AdminIndex.php' (include_path='.:/usr/local/php7.4/lib/php') in /home/allinkc/www/app/core/Router.php on line 1401
[21-May-2023 20:07:30 Europe/Paris] PHP Warning:  require_once(/home/allinkc/www/app/controllers/l/Link.php): failed to open stream: No such file or directory in /home/allinkc/www/app/core/Router.php on line 1401
[21-May-2023 20:07:30 Europe/Paris] PHP Fatal error:  require_once(): Failed opening required '/home/allinkc/www/app/controllers/l/Link.php' (include_path='.:/usr/local/php7.4/lib/php') in /home/allinkc/www/app/core/Router.php on line 1401
[21-May-2023 20:07:31 Europe/Paris] PHP Warning:  require_once(/home/allinkc/www/app/controllers/l/Link.php): failed to open stream: No such file or directory in /home/allinkc/www/app/core/Router.php on line 1401
[21-May-2023 20:07:31 Europe/Paris] PHP Fatal error:  require_once(): Failed opening required '/home/allinkc/www/app/controllers/l/Link.php' (include_path='.:/usr/local/php7.4/lib/php') in /home/allinkc/www/app/core/Router.php on line 1401
[21-May-2023 20:07:32 Europe/Paris] PHP Warning:  require_once(/home/allinkc/www/app/controllers/admin/AdminIndex.php): failed to open stream: No such file or directory in /home/allinkc/www/app/core/Router.php on line 1401
[21-May-2023 20:07:32 Europe/Paris] PHP Fatal error:  require_once(): Failed opening required '/home/allinkc/www/app/controllers/admin/AdminIndex.php' (include_path='.:/usr/local/php7.4/lib/php') in /home/allinkc/www/app/core/Router.php on line 1401
[21-May-2023 20:07:46 Europe/Paris] PHP Warning:  require_once(/home/allinkc/www/app/controllers/admin/AdminIndex.php): failed to open stream: No such file or directory in /home/allinkc/www/app/core/Router.php on line 1401
[21-May-2023 20:07:46 Europe/Paris] PHP Fatal error:  require_once(): Failed opening required '/home/allinkc/www/app/controllers/admin/AdminIndex.php' (include_path='.:/usr/local/php7.4/lib/php') in /home/allinkc/www/app/core/Router.php on line 1401
[21-May-2023 20:07:46 Europe/Paris] PHP Warning:  require_once(/home/allinkc/www/app/controllers/admin/AdminIndex.php): failed to open stream: No such file or directory in /home/allinkc/www/app/core/Router.php on line 1401
[21-May-2023 20:07:46 Europe/Paris] PHP Fatal error:  require_once(): Failed opening required '/home/allinkc/www/app/controllers/admin/AdminIndex.php' (include_path='.:/usr/local/php7.4/lib/php') in /home/allinkc/www/app/core/Router.php on line 1401
[21-May-2023 20:07:47 Europe/Paris] PHP Warning:  require_once(/home/allinkc/www/app/controllers/admin/AdminIndex.php): failed to open stream: No such file or directory in /home/allinkc/www/app/core/Router.php on line 1401
[21-May-2023 20:07:47 Europe/Paris] PHP Fatal error:  require_once(): Failed opening required '/home/allinkc/www/app/controllers/admin/AdminIndex.php' (include_path='.:/usr/local/php7.4/lib/php') in /home/allinkc/www/app/core/Router.php on line 1401
[21-May-2023 20:07:47 Europe/Paris] PHP Warning:  require_once(/home/allinkc/www/app/controllers/admin/AdminIndex.php): failed to open stream: No such file or directory in /home/allinkc/www/app/core/Router.php on line 1401
[21-May-2023 20:07:47 Europe/Paris] PHP Fatal error:  require_once(): Failed opening required '/home/allinkc/www/app/controllers/admin/AdminIndex.php' (include_path='.:/usr/local/php7.4/lib/php') in /home/allinkc/www/app/core/Router.php on line 1401
[21-May-2023 20:08:53 Europe/Paris] PHP Warning:  require_once(/home/allinkc/www/app/controllers/NotFound.php): failed to open stream: No such file or directory in /home/allinkc/www/app/core/Router.php on line 1401
[21-May-2023 20:08:53 Europe/Paris] PHP Fatal error:  require_once(): Failed opening required '/home/allinkc/www/app/controllers/NotFound.php' (include_path='.:/usr/local/php7.4/lib/php') in /home/allinkc/www/app/core/Router.php on line 1401
[21-May-2023 20:08:57 Europe/Paris] PHP Warning:  require_once(/home/allinkc/www/app/controllers/NotFound.php): failed to open stream: No such file or directory in /home/allinkc/www/app/core/Router.php on line 1401
[21-May-2023 20:08:57 Europe/Paris] PHP Fatal error:  require_once(): Failed opening required '/home/allinkc/www/app/controllers/NotFound.php' (include_path='.:/usr/local/php7.4/lib/php') in /home/allinkc/www/app/core/Router.php on line 1401
[21-May-2023 20:08:59 Europe/Paris] PHP Warning:  require_once(/home/allinkc/www/app/controllers/NotFound.php): failed to open stream: No such file or directory in /home/allinkc/www/app/core/Router.php on line 1401
[21-May-2023 20:08:59 Europe/Paris] PHP Fatal error:  require_once(): Failed opening required '/home/allinkc/www/app/controllers/NotFound.php' (include_path='.:/usr/local/php7.4/lib/php') in /home/allinkc/www/app/core/Router.php on line 1401
[21-May-2023 20:09:02 Europe/Paris] PHP Warning:  require_once(/home/allinkc/www/app/controllers/admin/AdminIndex.php): failed to open stream: No such file or directory in /home/allinkc/www/app/core/Router.php on line 1401
[21-May-2023 20:09:02 Europe/Paris] PHP Fatal error:  require_once(): Failed opening required '/home/allinkc/www/app/controllers/admin/AdminIndex.php' (include_path='.:/usr/local/php7.4/lib/php') in /home/allinkc/www/app/core/Router.php on line 1401
[21-May-2023 20:09:02 Europe/Paris] PHP Warning:  require_once(/home/allinkc/www/app/controllers/admin/AdminIndex.php): failed to open stream: No such file or directory in /home/allinkc/www/app/core/Router.php on line 1401
[21-May-2023 20:09:02 Europe/Paris] PHP Fatal error:  require_once(): Failed opening required '/home/allinkc/www/app/controllers/admin/AdminIndex.php' (include_path='.:/usr/local/php7.4/lib/php') in /home/allinkc/www/app/core/Router.php on line 1401
[21-May-2023 20:09:04 Europe/Paris] PHP Warning:  require_once(/home/allinkc/www/app/controllers/NotFound.php): failed to open stream: No such file or directory in /home/allinkc/www/app/core/Router.php on line 1401
[21-May-2023 20:09:04 Europe/Paris] PHP Fatal error:  require_once(): Failed opening required '/home/allinkc/www/app/controllers/NotFound.php' (include_path='.:/usr/local/php7.4/lib/php') in /home/allinkc/www/app/core/Router.php on line 1401
[21-May-2023 20:09:04 Europe/Paris] PHP Warning:  require_once(/home/allinkc/www/app/controllers/NotFound.php): failed to open stream: No such file or directory in /home/allinkc/www/app/core/Router.php on line 1401
[21-May-2023 20:09:04 Europe/Paris] PHP Fatal error:  require_once(): Failed opening required '/home/allinkc/www/app/controllers/NotFound.php' (include_path='.:/usr/local/php7.4/lib/php') in /home/allinkc/www/app/core/Router.php on line 1401
[21-May-2023 20:09:26 Europe/Paris] PHP Warning:  require_once(/home/allinkc/www/app/controllers/NotFound.php): failed to open stream: No such file or directory in /home/allinkc/www/app/core/Router.php on line 1401
[21-May-2023 20:09:26 Europe/Paris] PHP Fatal error:  require_once(): Failed opening required '/home/allinkc/www/app/controllers/NotFound.php' (include_path='.:/usr/local/php7.4/lib/php') in /home/allinkc/www/app/core/Router.php on line 1401
[21-May-2023 20:09:57 Europe/Paris] PHP Warning:  require_once(/home/allinkc/www/app/controllers/NotFound.php): failed to open stream: No such file or directory in /home/allinkc/www/app/core/Router.php on line 1401
[21-May-2023 20:09:57 Europe/Paris] PHP Fatal error:  require_once(): Failed opening required '/home/allinkc/www/app/controllers/NotFound.php' (include_path='.:/usr/local/php7.4/lib/php') in /home/allinkc/www/app/core/Router.php on line 1401
[21-May-2023 20:09:58 Europe/Paris] PHP Warning:  require_once(/home/allinkc/www/app/controllers/NotFound.php): failed to open stream: No such file or directory in /home/allinkc/www/app/core/Router.php on line 1401
[21-May-2023 20:09:58 Europe/Paris] PHP Fatal error:  require_once(): Failed opening required '/home/allinkc/www/app/controllers/NotFound.php' (include_path='.:/usr/local/php7.4/lib/php') in /home/allinkc/www/app/core/Router.php on line 1401
[21-May-2023 20:09:58 Europe/Paris] PHP Warning:  require_once(/home/allinkc/www/app/controllers/NotFound.php): failed to open stream: No such file or directory in /home/allinkc/www/app/core/Router.php on line 1401
[21-May-2023 20:09:58 Europe/Paris] PHP Fatal error:  require_once(): Failed opening required '/home/allinkc/www/app/controllers/NotFound.php' (include_path='.:/usr/local/php7.4/lib/php') in /home/allinkc/www/app/core/Router.php on line 1401
[21-May-2023 20:09:58 Europe/Paris] PHP Warning:  require_once(/home/allinkc/www/app/controllers/NotFound.php): failed to open stream: No such file or directory in /home/allinkc/www/app/core/Router.php on line 1401
[21-May-2023 20:09:58 Europe/Paris] PHP Fatal error:  require_once(): Failed opening required '/home/allinkc/www/app/controllers/NotFound.php' (include_path='.:/usr/local/php7.4/lib/php') in /home/allinkc/www/app/core/Router.php on line 1401
[21-May-2023 20:09:59 Europe/Paris] PHP Warning:  require_once(/home/allinkc/www/app/controllers/NotFound.php): failed to open stream: No such file or directory in /home/allinkc/www/app/core/Router.php on line 1401
[21-May-2023 20:09:59 Europe/Paris] PHP Fatal error:  require_once(): Failed opening required '/home/allinkc/www/app/controllers/NotFound.php' (include_path='.:/usr/local/php7.4/lib/php') in /home/allinkc/www/app/core/Router.php on line 1401
[21-May-2023 20:09:59 Europe/Paris] PHP Warning:  require_once(/home/allinkc/www/app/controllers/NotFound.php): failed to open stream: No such file or directory in /home/allinkc/www/app/core/Router.php on line 1401
[21-May-2023 20:09:59 Europe/Paris] PHP Fatal error:  require_once(): Failed opening required '/home/allinkc/www/app/controllers/NotFound.php' (include_path='.:/usr/local/php7.4/lib/php') in /home/allinkc/www/app/core/Router.php on line 1401
[21-May-2023 20:09:59 Europe/Paris] PHP Warning:  require_once(/home/allinkc/www/app/controllers/NotFound.php): failed to open stream: No such file or directory in /home/allinkc/www/app/core/Router.php on line 1401
[21-May-2023 20:09:59 Europe/Paris] PHP Fatal error:  require_once(): Failed opening required '/home/allinkc/www/app/controllers/NotFound.php' (include_path='.:/usr/local/php7.4/lib/php') in /home/allinkc/www/app/core/Router.php on line 1401
[21-May-2023 20:09:59 Europe/Paris] PHP Warning:  require_once(/home/allinkc/www/app/controllers/NotFound.php): failed to open stream: No such file or directory in /home/allinkc/www/app/core/Router.php on line 1401
[21-May-2023 20:09:59 Europe/Paris] PHP Fatal error:  require_once(): Failed opening required '/home/allinkc/www/app/controllers/NotFound.php' (include_path='.:/usr/local/php7.4/lib/php') in /home/allinkc/www/app/core/Router.php on line 1401
[21-May-2023 20:10:00 Europe/Paris] PHP Warning:  require_once(/home/allinkc/www/app/controllers/NotFound.php): failed to open stream: No such file or directory in /home/allinkc/www/app/core/Router.php on line 1401
[21-May-2023 20:10:00 Europe/Paris] PHP Fatal error:  require_once(): Failed opening required '/home/allinkc/www/app/controllers/NotFound.php' (include_path='.:/usr/local/php7.4/lib/php') in /home/allinkc/www/app/core/Router.php on line 1401
[21-May-2023 20:10:00 Europe/Paris] PHP Warning:  require_once(/home/allinkc/www/app/controllers/NotFound.php): failed to open stream: No such file or directory in /home/allinkc/www/app/core/Router.php on line 1401
[21-May-2023 20:10:00 Europe/Paris] PHP Fatal error:  require_once(): Failed opening required '/home/allinkc/www/app/controllers/NotFound.php' (include_path='.:/usr/local/php7.4/lib/php') in /home/allinkc/www/app/core/Router.php on line 1401
[21-May-2023 20:10:00 Europe/Paris] PHP Warning:  require_once(/home/allinkc/www/app/controllers/NotFound.php): failed to open stream: No such file or directory in /home/allinkc/www/app/core/Router.php on line 1401
[21-May-2023 20:10:00 Europe/Paris] PHP Fatal error:  require_once(): Failed opening required '/home/allinkc/www/app/controllers/NotFound.php' (include_path='.:/usr/local/php7.4/lib/php') in /home/allinkc/www/app/core/Router.php on line 1401
[21-May-2023 20:10:00 Europe/Paris] PHP Warning:  require_once(/home/allinkc/www/app/controllers/NotFound.php): failed to open stream: No such file or directory in /home/allinkc/www/app/core/Router.php on line 1401
[21-May-2023 20:10:00 Europe/Paris] PHP Fatal error:  require_once(): Failed opening required '/home/allinkc/www/app/controllers/NotFound.php' (include_path='.:/usr/local/php7.4/lib/php') in /home/allinkc/www/app/core/Router.php on line 1401
[21-May-2023 20:10:00 Europe/Paris] PHP Warning:  require_once(/home/allinkc/www/app/controllers/NotFound.php): failed to open stream: No such file or directory in /home/allinkc/www/app/core/Router.php on line 1401
[21-May-2023 20:10:00 Europe/Paris] PHP Fatal error:  require_once(): Failed opening required '/home/allinkc/www/app/controllers/NotFound.php' (include_path='.:/usr/local/php7.4/lib/php') in /home/allinkc/www/app/core/Router.php on line 1401
[21-May-2023 20:10:01 Europe/Paris] PHP Warning:  require_once(/home/allinkc/www/app/controllers/NotFound.php): failed to open stream: No such file or directory in /home/allinkc/www/app/core/Router.php on line 1401
[21-May-2023 20:10:01 Europe/Paris] PHP Fatal error:  require_once(): Failed opening required '/home/allinkc/www/app/controllers/NotFound.php' (include_path='.:/usr/local/php7.4/lib/php') in /home/allinkc/www/app/core/Router.php on line 1401
[21-May-2023 20:10:02 Europe/Paris] PHP Warning:  require_once(/home/allinkc/www/app/controllers/Index.php): failed to open stream: No such file or directory in /home/allinkc/www/app/core/Router.php on line 1401
[21-May-2023 20:10:02 Europe/Paris] PHP Fatal error:  require_once(): Failed opening required '/home/allinkc/www/app/controllers/Index.php' (include_path='.:/usr/local/php7.4/lib/php') in /home/allinkc/www/app/core/Router.php on line 1401
[21-May-2023 20:10:38 Europe/Paris] PHP Warning:  require_once(/home/allinkc/www/app/controllers/l/Link.php): failed to open stream: No such file or directory in /home/allinkc/www/app/core/Router.php on line 1401
[21-May-2023 20:10:38 Europe/Paris] PHP Fatal error:  require_once(): Failed opening required '/home/allinkc/www/app/controllers/l/Link.php' (include_path='.:/usr/local/php7.4/lib/php') in /home/allinkc/www/app/core/Router.php on line 1401
[21-May-2023 20:10:39 Europe/Paris] PHP Warning:  require_once(/home/allinkc/www/app/controllers/l/Link.php): failed to open stream: No such file or directory in /home/allinkc/www/app/core/Router.php on line 1401
[21-May-2023 20:10:39 Europe/Paris] PHP Fatal error:  require_once(): Failed opening required '/home/allinkc/www/app/controllers/l/Link.php' (include_path='.:/usr/local/php7.4/lib/php') in /home/allinkc/www/app/core/Router.php on line 1401
[21-May-2023 20:10:58 Europe/Paris] PHP Warning:  require_once(/home/allinkc/www/app/controllers/l/Link.php): failed to open stream: No such file or directory in /home/allinkc/www/app/core/Router.php on line 1401
[21-May-2023 20:10:58 Europe/Paris] PHP Fatal error:  require_once(): Failed opening required '/home/allinkc/www/app/controllers/l/Link.php' (include_path='.:/usr/local/php7.4/lib/php') in /home/allinkc/www/app/core/Router.php on line 1401
[21-May-2023 20:11:00 Europe/Paris] PHP Warning:  require_once(/home/allinkc/www/app/controllers/l/Link.php): failed to open stream: No such file or directory in /home/allinkc/www/app/core/Router.php on line 1401
[21-May-2023 20:11:00 Europe/Paris] PHP Fatal error:  require_once(): Failed opening required '/home/allinkc/www/app/controllers/l/Link.php' (include_path='.:/usr/local/php7.4/lib/php') in /home/allinkc/www/app/core/Router.php on line 1401
[21-May-2023 20:11:02 Europe/Paris] PHP Warning:  require_once(/home/allinkc/www/app/controllers/l/Link.php): failed to open stream: No such file or directory in /home/allinkc/www/app/core/Router.php on line 1401
[21-May-2023 20:11:02 Europe/Paris] PHP Fatal error:  require_once(): Failed opening required '/home/allinkc/www/app/controllers/l/Link.php' (include_path='.:/usr/local/php7.4/lib/php') in /home/allinkc/www/app/core/Router.php on line 1401
[21-May-2023 20:11:07 Europe/Paris] PHP Warning:  require_once(/home/allinkc/www/app/controllers/l/Link.php): failed to open stream: No such file or directory in /home/allinkc/www/app/core/Router.php on line 1401
[21-May-2023 20:11:07 Europe/Paris] PHP Fatal error:  require_once(): Failed opening required '/home/allinkc/www/app/controllers/l/Link.php' (include_path='.:/usr/local/php7.4/lib/php') in /home/allinkc/www/app/core/Router.php on line 1401
[21-May-2023 20:11:09 Europe/Paris] PHP Warning:  require_once(/home/allinkc/www/app/controllers/l/Link.php): failed to open stream: No such file or directory in /home/allinkc/www/app/core/Router.php on line 1401
[21-May-2023 20:11:09 Europe/Paris] PHP Fatal error:  require_once(): Failed opening required '/home/allinkc/www/app/controllers/l/Link.php' (include_path='.:/usr/local/php7.4/lib/php') in /home/allinkc/www/app/core/Router.php on line 1401
[21-May-2023 20:11:10 Europe/Paris] PHP Warning:  require_once(/home/allinkc/www/app/controllers/l/Link.php): failed to open stream: No such file or directory in /home/allinkc/www/app/core/Router.php on line 1401
[21-May-2023 20:11:10 Europe/Paris] PHP Fatal error:  require_once(): Failed opening required '/home/allinkc/www/app/controllers/l/Link.php' (include_path='.:/usr/local/php7.4/lib/php') in /home/allinkc/www/app/core/Router.php on line 1401
[21-May-2023 20:12:45 Europe/Paris] PHP Warning:  require_once(/home/allinkc/www/app/controllers/l/Link.php): failed to open stream: No such file or directory in /home/allinkc/www/app/core/Router.php on line 1401
[21-May-2023 20:12:45 Europe/Paris] PHP Fatal error:  require_once(): Failed opening required '/home/allinkc/www/app/controllers/l/Link.php' (include_path='.:/usr/local/php7.4/lib/php') in /home/allinkc/www/app/core/Router.php on line 1401
[21-May-2023 20:12:45 Europe/Paris] PHP Warning:  require_once(/home/allinkc/www/app/controllers/NotFound.php): failed to open stream: No such file or directory in /home/allinkc/www/app/core/Router.php on line 1401
[21-May-2023 20:12:45 Europe/Paris] PHP Fatal error:  require_once(): Failed opening required '/home/allinkc/www/app/controllers/NotFound.php' (include_path='.:/usr/local/php7.4/lib/php') in /home/allinkc/www/app/core/Router.php on line 1401
[21-May-2023 20:14:25 Europe/Paris] PHP Warning:  require_once(/home/allinkc/www/app/controllers/l/Link.php): failed to open stream: No such file or directory in /home/allinkc/www/app/core/Router.php on line 1401
[21-May-2023 20:14:25 Europe/Paris] PHP Fatal error:  require_once(): Failed opening required '/home/allinkc/www/app/controllers/l/Link.php' (include_path='.:/usr/local/php7.4/lib/php') in /home/allinkc/www/app/core/Router.php on line 1401
[21-May-2023 20:14:25 Europe/Paris] PHP Warning:  require_once(/home/allinkc/www/app/controllers/NotFound.php): failed to open stream: No such file or directory in /home/allinkc/www/app/core/Router.php on line 1401
[21-May-2023 20:14:25 Europe/Paris] PHP Fatal error:  require_once(): Failed opening required '/home/allinkc/www/app/controllers/NotFound.php' (include_path='.:/usr/local/php7.4/lib/php') in /home/allinkc/www/app/core/Router.php on line 1401
[21-May-2023 20:14:39 Europe/Paris] PHP Warning:  require_once(/home/allinkc/www/app/controllers/l/Link.php): failed to open stream: No such file or directory in /home/allinkc/www/app/core/Router.php on line 1401
[21-May-2023 20:14:39 Europe/Paris] PHP Fatal error:  require_once(): Failed opening required '/home/allinkc/www/app/controllers/l/Link.php' (include_path='.:/usr/local/php7.4/lib/php') in /home/allinkc/www/app/core/Router.php on line 1401
[21-May-2023 20:14:41 Europe/Paris] PHP Warning:  require_once(/home/allinkc/www/app/controllers/l/Link.php): failed to open stream: No such file or directory in /home/allinkc/www/app/core/Router.php on line 1401
[21-May-2023 20:14:41 Europe/Paris] PHP Fatal error:  require_once(): Failed opening required '/home/allinkc/www/app/controllers/l/Link.php' (include_path='.:/usr/local/php7.4/lib/php') in /home/allinkc/www/app/core/Router.php on line 1401
[21-May-2023 20:15:07 Europe/Paris] PHP Warning:  require_once(/home/allinkc/www/app/controllers/l/Link.php): failed to open stream: No such file or directory in /home/allinkc/www/app/core/Router.php on line 1401
[21-May-2023 20:15:07 Europe/Paris] PHP Fatal error:  require_once(): Failed opening required '/home/allinkc/www/app/controllers/l/Link.php' (include_path='.:/usr/local/php7.4/lib/php') in /home/allinkc/www/app/core/Router.php on line 1401
[21-May-2023 20:15:08 Europe/Paris] PHP Warning:  require_once(/home/allinkc/www/app/controllers/l/Link.php): failed to open stream: No such file or directory in /home/allinkc/www/app/core/Router.php on line 1401
[21-May-2023 20:15:08 Europe/Paris] PHP Fatal error:  require_once(): Failed opening required '/home/allinkc/www/app/controllers/l/Link.php' (include_path='.:/usr/local/php7.4/lib/php') in /home/allinkc/www/app/core/Router.php on line 1401
[21-May-2023 20:15:15 Europe/Paris] PHP Warning:  require_once(/home/allinkc/www/app/controllers/l/Link.php): failed to open stream: No such file or directory in /home/allinkc/www/app/core/Router.php on line 1401
[21-May-2023 20:15:15 Europe/Paris] PHP Fatal error:  require_once(): Failed opening required '/home/allinkc/www/app/controllers/l/Link.php' (include_path='.:/usr/local/php7.4/lib/php') in /home/allinkc/www/app/core/Router.php on line 1401
[21-May-2023 20:15:17 Europe/Paris] PHP Warning:  require_once(/home/allinkc/www/app/controllers/l/Link.php): failed to open stream: No such file or directory in /home/allinkc/www/app/core/Router.php on line 1401
[21-May-2023 20:15:17 Europe/Paris] PHP Fatal error:  require_once(): Failed opening required '/home/allinkc/www/app/controllers/l/Link.php' (include_path='.:/usr/local/php7.4/lib/php') in /home/allinkc/www/app/core/Router.php on line 1401
[21-May-2023 20:15:18 Europe/Paris] PHP Warning:  require_once(/home/allinkc/www/app/controllers/l/Link.php): failed to open stream: No such file or directory in /home/allinkc/www/app/core/Router.php on line 1401
[21-May-2023 20:15:18 Europe/Paris] PHP Fatal error:  require_once(): Failed opening required '/home/allinkc/www/app/controllers/l/Link.php' (include_path='.:/usr/local/php7.4/lib/php') in /home/allinkc/www/app/core/Router.php on line 1401
[21-May-2023 20:15:18 Europe/Paris] PHP Warning:  require_once(/home/allinkc/www/app/controllers/Index.php): failed to open stream: No such file or directory in /home/allinkc/www/app/core/Router.php on line 1401
[21-May-2023 20:15:18 Europe/Paris] PHP Fatal error:  require_once(): Failed opening required '/home/allinkc/www/app/controllers/Index.php' (include_path='.:/usr/local/php7.4/lib/php') in /home/allinkc/www/app/core/Router.php on line 1401
[21-May-2023 20:15:45 Europe/Paris] PHP Warning:  require_once(/home/allinkc/www/app/controllers/l/Link.php): failed to open stream: No such file or directory in /home/allinkc/www/app/core/Router.php on line 1401
[21-May-2023 20:15:45 Europe/Paris] PHP Fatal error:  require_once(): Failed opening required '/home/allinkc/www/app/controllers/l/Link.php' (include_path='.:/usr/local/php7.4/lib/php') in /home/allinkc/www/app/core/Router.php on line 1401
[21-May-2023 20:15:50 Europe/Paris] PHP Warning:  require_once(/home/allinkc/www/app/controllers/Index.php): failed to open stream: No such file or directory in /home/allinkc/www/app/core/Router.php on line 1401
[21-May-2023 20:15:50 Europe/Paris] PHP Fatal error:  require_once(): Failed opening required '/home/allinkc/www/app/controllers/Index.php' (include_path='.:/usr/local/php7.4/lib/php') in /home/allinkc/www/app/core/Router.php on line 1401
[21-May-2023 20:15:51 Europe/Paris] PHP Warning:  require_once(/home/allinkc/www/app/controllers/Index.php): failed to open stream: No such file or directory in /home/allinkc/www/app/core/Router.php on line 1401
[21-May-2023 20:15:51 Europe/Paris] PHP Fatal error:  require_once(): Failed opening required '/home/allinkc/www/app/controllers/Index.php' (include_path='.:/usr/local/php7.4/lib/php') in /home/allinkc/www/app/core/Router.php on line 1401
[21-May-2023 20:15:51 Europe/Paris] PHP Warning:  require_once(/home/allinkc/www/app/controllers/Index.php): failed to open stream: No such file or directory in /home/allinkc/www/app/core/Router.php on line 1401
[21-May-2023 20:15:51 Europe/Paris] PHP Fatal error:  require_once(): Failed opening required '/home/allinkc/www/app/controllers/Index.php' (include_path='.:/usr/local/php7.4/lib/php') in /home/allinkc/www/app/core/Router.php on line 1401
[21-May-2023 20:15:51 Europe/Paris] PHP Warning:  require_once(/home/allinkc/www/app/controllers/Index.php): failed to open stream: No such file or directory in /home/allinkc/www/app/core/Router.php on line 1401
[21-May-2023 20:15:51 Europe/Paris] PHP Fatal error:  require_once(): Failed opening required '/home/allinkc/www/app/controllers/Index.php' (include_path='.:/usr/local/php7.4/lib/php') in /home/allinkc/www/app/core/Router.php on line 1401
[21-May-2023 20:15:52 Europe/Paris] PHP Warning:  require_once(/home/allinkc/www/app/controllers/Index.php): failed to open stream: No such file or directory in /home/allinkc/www/app/core/Router.php on line 1401
[21-May-2023 20:15:52 Europe/Paris] PHP Fatal error:  require_once(): Failed opening required '/home/allinkc/www/app/controllers/Index.php' (include_path='.:/usr/local/php7.4/lib/php') in /home/allinkc/www/app/core/Router.php on line 1401
[21-May-2023 20:15:52 Europe/Paris] PHP Warning:  require_once(/home/allinkc/www/app/controllers/Index.php): failed to open stream: No such file or directory in /home/allinkc/www/app/core/Router.php on line 1401
[21-May-2023 20:15:52 Europe/Paris] PHP Fatal error:  require_once(): Failed opening required '/home/allinkc/www/app/controllers/Index.php' (include_path='.:/usr/local/php7.4/lib/php') in /home/allinkc/www/app/core/Router.php on line 1401
[21-May-2023 20:15:52 Europe/Paris] PHP Warning:  require_once(/home/allinkc/www/app/controllers/Index.php): failed to open stream: No such file or directory in /home/allinkc/www/app/core/Router.php on line 1401
[21-May-2023 20:15:52 Europe/Paris] PHP Fatal error:  require_once(): Failed opening required '/home/allinkc/www/app/controllers/Index.php' (include_path='.:/usr/local/php7.4/lib/php') in /home/allinkc/www/app/core/Router.php on line 1401
[21-May-2023 20:15:52 Europe/Paris] PHP Warning:  require_once(/home/allinkc/www/app/controllers/Index.php): failed to open stream: No such file or directory in /home/allinkc/www/app/core/Router.php on line 1401
[21-May-2023 20:15:52 Europe/Paris] PHP Fatal error:  require_once(): Failed opening required '/home/allinkc/www/app/controllers/Index.php' (include_path='.:/usr/local/php7.4/lib/php') in /home/allinkc/www/app/core/Router.php on line 1401
[21-May-2023 20:15:52 Europe/Paris] PHP Warning:  require_once(/home/allinkc/www/app/controllers/Index.php): failed to open stream: No such file or directory in /home/allinkc/www/app/core/Router.php on line 1401
[21-May-2023 20:15:52 Europe/Paris] PHP Fatal error:  require_once(): Failed opening required '/home/allinkc/www/app/controllers/Index.php' (include_path='.:/usr/local/php7.4/lib/php') in /home/allinkc/www/app/core/Router.php on line 1401
[21-May-2023 20:15:53 Europe/Paris] PHP Warning:  require_once(/home/allinkc/www/app/controllers/Index.php): failed to open stream: No such file or directory in /home/allinkc/www/app/core/Router.php on line 1401
[21-May-2023 20:15:53 Europe/Paris] PHP Fatal error:  require_once(): Failed opening required '/home/allinkc/www/app/controllers/Index.php' (include_path='.:/usr/local/php7.4/lib/php') in /home/allinkc/www/app/core/Router.php on line 1401
[21-May-2023 20:15:53 Europe/Paris] PHP Warning:  require_once(/home/allinkc/www/app/controllers/Index.php): failed to open stream: No such file or directory in /home/allinkc/www/app/core/Router.php on line 1401
[21-May-2023 20:15:53 Europe/Paris] PHP Fatal error:  require_once(): Failed opening required '/home/allinkc/www/app/controllers/Index.php' (include_path='.:/usr/local/php7.4/lib/php') in /home/allinkc/www/app/core/Router.php on line 1401
[21-May-2023 20:15:53 Europe/Paris] PHP Warning:  require_once(/home/allinkc/www/app/controllers/Index.php): failed to open stream: No such file or directory in /home/allinkc/www/app/core/Router.php on line 1401
[21-May-2023 20:15:53 Europe/Paris] PHP Fatal error:  require_once(): Failed opening required '/home/allinkc/www/app/controllers/Index.php' (include_path='.:/usr/local/php7.4/lib/php') in /home/allinkc/www/app/core/Router.php on line 1401
[21-May-2023 20:16:12 Europe/Paris] PHP Warning:  require_once(/home/allinkc/www/app/controllers/l/Link.php): failed to open stream: No such file or directory in /home/allinkc/www/app/core/Router.php on line 1401
[21-May-2023 20:16:12 Europe/Paris] PHP Fatal error:  require_once(): Failed opening required '/home/allinkc/www/app/controllers/l/Link.php' (include_path='.:/usr/local/php7.4/lib/php') in /home/allinkc/www/app/core/Router.php on line 1401
[21-May-2023 20:16:14 Europe/Paris] PHP Warning:  require_once(/home/allinkc/www/app/controllers/l/Link.php): failed to open stream: No such file or directory in /home/allinkc/www/app/core/Router.php on line 1401
[21-May-2023 20:16:14 Europe/Paris] PHP Fatal error:  require_once(): Failed opening required '/home/allinkc/www/app/controllers/l/Link.php' (include_path='.:/usr/local/php7.4/lib/php') in /home/allinkc/www/app/core/Router.php on line 1401
[21-May-2023 20:01:06 UTC] PHP Warning:  Invalid argument supplied for foreach() in /home/allinkc/www/themes/altum/views/dashboard/index.php on line 8
[21-May-2023 20:01:06 UTC] PHP Warning:  Invalid argument supplied for foreach() in /home/allinkc/www/themes/altum/views/dashboard/index.php on line 15
