[11-May-2023 10:32:53 UTC] PHP Notice:  Undefined property: stdClass::$background_attachment in /app/themes/altum/views/link/settings/biolink.php on line 167
[11-May-2023 10:32:53 UTC] PHP Notice:  Undefined property: stdClass::$border_shadow_offset_x in /app/themes/altum/views/link/settings/biolink_blocks/link/link_update_form.php on line 164
[11-May-2023 10:32:53 UTC] PHP Notice:  Undefined property: stdClass::$border_shadow_offset_y in /app/themes/altum/views/link/settings/biolink_blocks/link/link_update_form.php on line 169
[11-May-2023 10:32:53 UTC] PHP Notice:  Undefined property: stdClass::$border_shadow_blur in /app/themes/altum/views/link/settings/biolink_blocks/link/link_update_form.php on line 174
[11-May-2023 10:32:53 UTC] PHP Notice:  Undefined property: stdClass::$border_shadow_spread in /app/themes/altum/views/link/settings/biolink_blocks/link/link_update_form.php on line 179
[11-May-2023 10:32:53 UTC] PHP Notice:  Undefined property: stdClass::$border_shadow_color in /app/themes/altum/views/link/settings/biolink_blocks/link/link_update_form.php on line 184
[11-May-2023 10:32:53 UTC] PHP Notice:  Undefined property: stdClass::$border_shadow_offset_x in /app/themes/altum/views/link/settings/biolink_blocks/link/link_update_form.php on line 164
[11-May-2023 10:32:53 UTC] PHP Notice:  Undefined property: stdClass::$border_shadow_offset_y in /app/themes/altum/views/link/settings/biolink_blocks/link/link_update_form.php on line 169
[11-May-2023 10:32:53 UTC] PHP Notice:  Undefined property: stdClass::$border_shadow_blur in /app/themes/altum/views/link/settings/biolink_blocks/link/link_update_form.php on line 174
[11-May-2023 10:32:53 UTC] PHP Notice:  Undefined property: stdClass::$border_shadow_spread in /app/themes/altum/views/link/settings/biolink_blocks/link/link_update_form.php on line 179
[11-May-2023 10:32:53 UTC] PHP Notice:  Undefined property: stdClass::$border_shadow_color in /app/themes/altum/views/link/settings/biolink_blocks/link/link_update_form.php on line 184
[11-May-2023 10:32:53 UTC] PHP Notice:  Undefined property: stdClass::$border_shadow_offset_x in /app/themes/altum/views/link/settings/biolink_blocks/link/link_update_form.php on line 164
[11-May-2023 10:32:53 UTC] PHP Notice:  Undefined property: stdClass::$border_shadow_offset_y in /app/themes/altum/views/link/settings/biolink_blocks/link/link_update_form.php on line 169
[11-May-2023 10:32:53 UTC] PHP Notice:  Undefined property: stdClass::$border_shadow_blur in /app/themes/altum/views/link/settings/biolink_blocks/link/link_update_form.php on line 174
[11-May-2023 10:32:53 UTC] PHP Notice:  Undefined property: stdClass::$border_shadow_spread in /app/themes/altum/views/link/settings/biolink_blocks/link/link_update_form.php on line 179
[11-May-2023 10:32:53 UTC] PHP Notice:  Undefined property: stdClass::$border_shadow_color in /app/themes/altum/views/link/settings/biolink_blocks/link/link_update_form.php on line 184
[11-May-2023 10:32:53 UTC] PHP Notice:  Undefined property: stdClass::$border_shadow_offset_x in /app/themes/altum/views/link/settings/biolink_blocks/link/link_update_form.php on line 164
[11-May-2023 10:32:53 UTC] PHP Notice:  Undefined property: stdClass::$border_shadow_offset_y in /app/themes/altum/views/link/settings/biolink_blocks/link/link_update_form.php on line 169
[11-May-2023 10:32:53 UTC] PHP Notice:  Undefined property: stdClass::$border_shadow_blur in /app/themes/altum/views/link/settings/biolink_blocks/link/link_update_form.php on line 174
[11-May-2023 10:32:53 UTC] PHP Notice:  Undefined property: stdClass::$border_shadow_spread in /app/themes/altum/views/link/settings/biolink_blocks/link/link_update_form.php on line 179
[11-May-2023 10:32:53 UTC] PHP Notice:  Undefined property: stdClass::$border_shadow_color in /app/themes/altum/views/link/settings/biolink_blocks/link/link_update_form.php on line 184
[11-May-2023 10:32:53 UTC] PHP Notice:  Undefined property: stdClass::$border_shadow_offset_x in /app/themes/altum/views/link/settings/biolink_blocks/link/link_update_form.php on line 164
[11-May-2023 10:32:53 UTC] PHP Notice:  Undefined property: stdClass::$border_shadow_offset_y in /app/themes/altum/views/link/settings/biolink_blocks/link/link_update_form.php on line 169
[11-May-2023 10:32:53 UTC] PHP Notice:  Undefined property: stdClass::$border_shadow_blur in /app/themes/altum/views/link/settings/biolink_blocks/link/link_update_form.php on line 174
[11-May-2023 10:32:53 UTC] PHP Notice:  Undefined property: stdClass::$border_shadow_spread in /app/themes/altum/views/link/settings/biolink_blocks/link/link_update_form.php on line 179
[11-May-2023 10:32:53 UTC] PHP Notice:  Undefined property: stdClass::$border_shadow_color in /app/themes/altum/views/link/settings/biolink_blocks/link/link_update_form.php on line 184
[11-May-2023 10:32:53 UTC] PHP Notice:  Undefined property: stdClass::$border_shadow_offset_x in /app/themes/altum/views/link/settings/biolink_blocks/link/link_update_form.php on line 164
[11-May-2023 10:32:53 UTC] PHP Notice:  Undefined property: stdClass::$border_shadow_offset_y in /app/themes/altum/views/link/settings/biolink_blocks/link/link_update_form.php on line 169
[11-May-2023 10:32:53 UTC] PHP Notice:  Undefined property: stdClass::$border_shadow_blur in /app/themes/altum/views/link/settings/biolink_blocks/link/link_update_form.php on line 174
[11-May-2023 10:32:53 UTC] PHP Notice:  Undefined property: stdClass::$border_shadow_spread in /app/themes/altum/views/link/settings/biolink_blocks/link/link_update_form.php on line 179
[11-May-2023 10:32:53 UTC] PHP Notice:  Undefined property: stdClass::$border_shadow_color in /app/themes/altum/views/link/settings/biolink_blocks/link/link_update_form.php on line 184
[11-May-2023 10:32:53 UTC] PHP Notice:  Undefined property: stdClass::$border_shadow_offset_x in /app/themes/altum/views/link/settings/biolink_blocks/link/link_update_form.php on line 164
[11-May-2023 10:32:53 UTC] PHP Notice:  Undefined property: stdClass::$border_shadow_offset_y in /app/themes/altum/views/link/settings/biolink_blocks/link/link_update_form.php on line 169
[11-May-2023 10:32:53 UTC] PHP Notice:  Undefined property: stdClass::$border_shadow_blur in /app/themes/altum/views/link/settings/biolink_blocks/link/link_update_form.php on line 174
[11-May-2023 10:32:53 UTC] PHP Notice:  Undefined property: stdClass::$border_shadow_spread in /app/themes/altum/views/link/settings/biolink_blocks/link/link_update_form.php on line 179
[11-May-2023 10:32:53 UTC] PHP Notice:  Undefined property: stdClass::$border_shadow_color in /app/themes/altum/views/link/settings/biolink_blocks/link/link_update_form.php on line 184
[11-May-2023 10:32:53 UTC] PHP Notice:  Undefined property: stdClass::$border_shadow_offset_x in /app/themes/altum/views/link/settings/biolink_blocks/link/link_update_form.php on line 164
[11-May-2023 10:32:53 UTC] PHP Notice:  Undefined property: stdClass::$border_shadow_offset_y in /app/themes/altum/views/link/settings/biolink_blocks/link/link_update_form.php on line 169
[11-May-2023 10:32:53 UTC] PHP Notice:  Undefined property: stdClass::$border_shadow_blur in /app/themes/altum/views/link/settings/biolink_blocks/link/link_update_form.php on line 174
[11-May-2023 10:32:53 UTC] PHP Notice:  Undefined property: stdClass::$border_shadow_spread in /app/themes/altum/views/link/settings/biolink_blocks/link/link_update_form.php on line 179
[11-May-2023 10:32:53 UTC] PHP Notice:  Undefined property: stdClass::$border_shadow_color in /app/themes/altum/views/link/settings/biolink_blocks/link/link_update_form.php on line 184
[11-May-2023 10:32:53 UTC] PHP Notice:  Undefined property: stdClass::$border_shadow_offset_x in /app/themes/altum/views/link/settings/biolink_blocks/link/link_update_form.php on line 164
[11-May-2023 10:32:53 UTC] PHP Notice:  Undefined property: stdClass::$border_shadow_offset_y in /app/themes/altum/views/link/settings/biolink_blocks/link/link_update_form.php on line 169
[11-May-2023 10:32:53 UTC] PHP Notice:  Undefined property: stdClass::$border_shadow_blur in /app/themes/altum/views/link/settings/biolink_blocks/link/link_update_form.php on line 174
[11-May-2023 10:32:53 UTC] PHP Notice:  Undefined property: stdClass::$border_shadow_spread in /app/themes/altum/views/link/settings/biolink_blocks/link/link_update_form.php on line 179
[11-May-2023 10:32:53 UTC] PHP Notice:  Undefined property: stdClass::$border_shadow_color in /app/themes/altum/views/link/settings/biolink_blocks/link/link_update_form.php on line 184
[11-May-2023 10:32:53 UTC] PHP Notice:  Undefined property: stdClass::$border_shadow_offset_x in /app/themes/altum/views/link/settings/biolink_blocks/link/link_update_form.php on line 164
[11-May-2023 10:32:53 UTC] PHP Notice:  Undefined property: stdClass::$border_shadow_offset_y in /app/themes/altum/views/link/settings/biolink_blocks/link/link_update_form.php on line 169
[11-May-2023 10:32:53 UTC] PHP Notice:  Undefined property: stdClass::$border_shadow_blur in /app/themes/altum/views/link/settings/biolink_blocks/link/link_update_form.php on line 174
[11-May-2023 10:32:53 UTC] PHP Notice:  Undefined property: stdClass::$border_shadow_spread in /app/themes/altum/views/link/settings/biolink_blocks/link/link_update_form.php on line 179
[11-May-2023 10:32:53 UTC] PHP Notice:  Undefined property: stdClass::$border_shadow_color in /app/themes/altum/views/link/settings/biolink_blocks/link/link_update_form.php on line 184
[11-May-2023 10:32:53 UTC] PHP Notice:  Undefined property: stdClass::$object_fit in /app/themes/altum/views/l/biolink_blocks/avatar.php on line 5
[11-May-2023 10:48:16 UTC] PHP Notice:  Undefined property: stdClass::$name_color in /app/themes/altum/views/link/settings/biolink_blocks/external_item/external_item_update_form.php on line 67
[11-May-2023 10:48:16 UTC] PHP Notice:  Undefined property: stdClass::$description_color in /app/themes/altum/views/link/settings/biolink_blocks/external_item/external_item_update_form.php on line 87
[11-May-2023 10:48:16 UTC] PHP Notice:  Undefined property: stdClass::$price_color in /app/themes/altum/views/link/settings/biolink_blocks/external_item/external_item_update_form.php on line 93
[11-May-2023 10:48:17 UTC] PHP Notice:  Undefined property: stdClass::$name_color in /app/plugins/ultimate-blocks/views/l/biolink_blocks/external_item.php on line 14
[11-May-2023 10:48:17 UTC] PHP Notice:  Undefined property: stdClass::$description_color in /app/plugins/ultimate-blocks/views/l/biolink_blocks/external_item.php on line 15
[11-May-2023 10:48:17 UTC] PHP Notice:  Undefined property: stdClass::$price_color in /app/plugins/ultimate-blocks/views/l/biolink_blocks/external_item.php on line 16
[11-May-2023 10:48:51 UTC] PHP Notice:  Undefined property: stdClass::$name_color in /app/themes/altum/views/link/settings/biolink_blocks/external_item/external_item_update_form.php on line 67
[11-May-2023 10:48:51 UTC] PHP Notice:  Undefined property: stdClass::$description_color in /app/themes/altum/views/link/settings/biolink_blocks/external_item/external_item_update_form.php on line 87
[11-May-2023 10:48:51 UTC] PHP Notice:  Undefined property: stdClass::$price_color in /app/themes/altum/views/link/settings/biolink_blocks/external_item/external_item_update_form.php on line 93
[11-May-2023 10:48:53 UTC] PHP Notice:  Undefined property: stdClass::$name_color in /app/plugins/ultimate-blocks/views/l/biolink_blocks/external_item.php on line 14
[11-May-2023 10:48:53 UTC] PHP Notice:  Undefined property: stdClass::$description_color in /app/plugins/ultimate-blocks/views/l/biolink_blocks/external_item.php on line 15
[11-May-2023 10:48:53 UTC] PHP Notice:  Undefined property: stdClass::$price_color in /app/plugins/ultimate-blocks/views/l/biolink_blocks/external_item.php on line 16
[11-May-2023 10:50:00 UTC] PHP Notice:  Undefined property: stdClass::$name_color in /app/themes/altum/views/link/settings/biolink_blocks/external_item/external_item_update_form.php on line 67
[11-May-2023 10:50:00 UTC] PHP Notice:  Undefined property: stdClass::$description_color in /app/themes/altum/views/link/settings/biolink_blocks/external_item/external_item_update_form.php on line 87
[11-May-2023 10:50:00 UTC] PHP Notice:  Undefined property: stdClass::$price_color in /app/themes/altum/views/link/settings/biolink_blocks/external_item/external_item_update_form.php on line 93
[11-May-2023 10:50:01 UTC] PHP Notice:  Undefined property: stdClass::$name_color in /app/plugins/ultimate-blocks/views/l/biolink_blocks/external_item.php on line 14
[11-May-2023 10:50:01 UTC] PHP Notice:  Undefined property: stdClass::$description_color in /app/plugins/ultimate-blocks/views/l/biolink_blocks/external_item.php on line 15
[11-May-2023 10:50:01 UTC] PHP Notice:  Undefined property: stdClass::$price_color in /app/plugins/ultimate-blocks/views/l/biolink_blocks/external_item.php on line 16
[11-May-2023 10:50:53 UTC] PHP Notice:  Undefined index: animation_runs in /app/app/controllers/BiolinkBlockAjax.php on line 2981
[11-May-2023 10:50:53 UTC] PHP Notice:  Undefined index: name_text_color in /app/app/controllers/BiolinkBlockAjax.php on line 2982
[11-May-2023 10:50:53 UTC] PHP Notice:  Undefined index: description_text_color in /app/app/controllers/BiolinkBlockAjax.php on line 2983
[11-May-2023 10:50:53 UTC] PHP Notice:  Undefined index: price_text_color in /app/app/controllers/BiolinkBlockAjax.php on line 2984
[11-May-2023 10:50:56 UTC] PHP Notice:  Undefined property: stdClass::$name_color in /app/plugins/ultimate-blocks/views/l/biolink_blocks/external_item.php on line 14
[11-May-2023 10:50:56 UTC] PHP Notice:  Undefined property: stdClass::$description_color in /app/plugins/ultimate-blocks/views/l/biolink_blocks/external_item.php on line 15
[11-May-2023 10:50:56 UTC] PHP Notice:  Undefined property: stdClass::$price_color in /app/plugins/ultimate-blocks/views/l/biolink_blocks/external_item.php on line 16
[11-May-2023 10:51:04 UTC] PHP Notice:  Undefined property: stdClass::$name_color in /app/plugins/ultimate-blocks/views/l/biolink_blocks/external_item.php on line 14
[11-May-2023 10:51:04 UTC] PHP Notice:  Undefined property: stdClass::$description_color in /app/plugins/ultimate-blocks/views/l/biolink_blocks/external_item.php on line 15
[11-May-2023 10:51:04 UTC] PHP Notice:  Undefined property: stdClass::$price_color in /app/plugins/ultimate-blocks/views/l/biolink_blocks/external_item.php on line 16
[11-May-2023 10:51:42 UTC] PHP Notice:  Undefined property: stdClass::$name_color in /app/themes/altum/views/link/settings/biolink_blocks/external_item/external_item_update_form.php on line 67
[11-May-2023 10:51:42 UTC] PHP Notice:  Undefined property: stdClass::$description_color in /app/themes/altum/views/link/settings/biolink_blocks/external_item/external_item_update_form.php on line 87
[11-May-2023 10:51:42 UTC] PHP Notice:  Undefined property: stdClass::$price_color in /app/themes/altum/views/link/settings/biolink_blocks/external_item/external_item_update_form.php on line 93
[11-May-2023 10:51:44 UTC] PHP Notice:  Undefined property: stdClass::$name_color in /app/plugins/ultimate-blocks/views/l/biolink_blocks/external_item.php on line 14
[11-May-2023 10:51:44 UTC] PHP Notice:  Undefined property: stdClass::$description_color in /app/plugins/ultimate-blocks/views/l/biolink_blocks/external_item.php on line 15
[11-May-2023 10:51:44 UTC] PHP Notice:  Undefined property: stdClass::$price_color in /app/plugins/ultimate-blocks/views/l/biolink_blocks/external_item.php on line 16
[11-May-2023 10:52:56 UTC] PHP Notice:  Undefined property: stdClass::$name_color in /app/themes/altum/views/link/settings/biolink_blocks/external_item/external_item_update_form.php on line 67
[11-May-2023 10:52:56 UTC] PHP Notice:  Undefined property: stdClass::$description_color in /app/themes/altum/views/link/settings/biolink_blocks/external_item/external_item_update_form.php on line 87
[11-May-2023 10:52:56 UTC] PHP Notice:  Undefined property: stdClass::$price_color in /app/themes/altum/views/link/settings/biolink_blocks/external_item/external_item_update_form.php on line 93
[11-May-2023 10:52:57 UTC] PHP Notice:  Undefined property: stdClass::$name_color in /app/plugins/ultimate-blocks/views/l/biolink_blocks/external_item.php on line 14
[11-May-2023 10:52:57 UTC] PHP Notice:  Undefined property: stdClass::$description_color in /app/plugins/ultimate-blocks/views/l/biolink_blocks/external_item.php on line 15
[11-May-2023 10:52:57 UTC] PHP Notice:  Undefined property: stdClass::$price_color in /app/plugins/ultimate-blocks/views/l/biolink_blocks/external_item.php on line 16
[11-May-2023 10:53:06 UTC] PHP Notice:  Undefined property: stdClass::$name_color in /app/themes/altum/views/link/settings/biolink_blocks/external_item/external_item_update_form.php on line 67
[11-May-2023 10:53:06 UTC] PHP Notice:  Undefined property: stdClass::$description_color in /app/themes/altum/views/link/settings/biolink_blocks/external_item/external_item_update_form.php on line 87
[11-May-2023 10:53:06 UTC] PHP Notice:  Undefined property: stdClass::$price_color in /app/themes/altum/views/link/settings/biolink_blocks/external_item/external_item_update_form.php on line 93
[11-May-2023 10:53:08 UTC] PHP Notice:  Undefined property: stdClass::$name_color in /app/plugins/ultimate-blocks/views/l/biolink_blocks/external_item.php on line 14
[11-May-2023 10:53:08 UTC] PHP Notice:  Undefined property: stdClass::$description_color in /app/plugins/ultimate-blocks/views/l/biolink_blocks/external_item.php on line 15
[11-May-2023 10:53:08 UTC] PHP Notice:  Undefined property: stdClass::$price_color in /app/plugins/ultimate-blocks/views/l/biolink_blocks/external_item.php on line 16
[11-May-2023 10:53:42 UTC] PHP Notice:  Undefined property: stdClass::$name_color in /app/themes/altum/views/link/settings/biolink_blocks/external_item/external_item_update_form.php on line 67
[11-May-2023 10:53:42 UTC] PHP Notice:  Undefined property: stdClass::$description_color in /app/themes/altum/views/link/settings/biolink_blocks/external_item/external_item_update_form.php on line 87
[11-May-2023 10:53:42 UTC] PHP Notice:  Undefined property: stdClass::$price_color in /app/themes/altum/views/link/settings/biolink_blocks/external_item/external_item_update_form.php on line 93
[11-May-2023 10:53:43 UTC] PHP Notice:  Undefined property: stdClass::$name_color in /app/plugins/ultimate-blocks/views/l/biolink_blocks/external_item.php on line 14
[11-May-2023 10:53:43 UTC] PHP Notice:  Undefined property: stdClass::$description_color in /app/plugins/ultimate-blocks/views/l/biolink_blocks/external_item.php on line 15
[11-May-2023 10:53:43 UTC] PHP Notice:  Undefined property: stdClass::$price_color in /app/plugins/ultimate-blocks/views/l/biolink_blocks/external_item.php on line 16
[11-May-2023 10:55:28 UTC] PHP Notice:  Undefined property: stdClass::$name_color in /app/themes/altum/views/link/settings/biolink_blocks/external_item/external_item_update_form.php on line 67
[11-May-2023 10:55:28 UTC] PHP Notice:  Undefined property: stdClass::$description_color in /app/themes/altum/views/link/settings/biolink_blocks/external_item/external_item_update_form.php on line 87
[11-May-2023 10:55:28 UTC] PHP Notice:  Undefined property: stdClass::$price_color in /app/themes/altum/views/link/settings/biolink_blocks/external_item/external_item_update_form.php on line 93
[11-May-2023 10:55:30 UTC] PHP Notice:  Undefined property: stdClass::$name_color in /app/plugins/ultimate-blocks/views/l/biolink_blocks/external_item.php on line 14
[11-May-2023 10:55:30 UTC] PHP Notice:  Undefined property: stdClass::$description_color in /app/plugins/ultimate-blocks/views/l/biolink_blocks/external_item.php on line 15
[11-May-2023 10:55:30 UTC] PHP Notice:  Undefined property: stdClass::$price_color in /app/plugins/ultimate-blocks/views/l/biolink_blocks/external_item.php on line 16
[11-May-2023 10:55:50 UTC] PHP Notice:  Undefined index: animation_runs in /app/app/controllers/BiolinkBlockAjax.php on line 3148
[11-May-2023 10:55:51 UTC] PHP Notice:  Undefined property: stdClass::$name_color in /app/plugins/ultimate-blocks/views/l/biolink_blocks/external_item.php on line 14
[11-May-2023 10:55:51 UTC] PHP Notice:  Undefined property: stdClass::$description_color in /app/plugins/ultimate-blocks/views/l/biolink_blocks/external_item.php on line 15
[11-May-2023 10:55:51 UTC] PHP Notice:  Undefined property: stdClass::$price_color in /app/plugins/ultimate-blocks/views/l/biolink_blocks/external_item.php on line 16
[11-May-2023 10:55:56 UTC] PHP Notice:  Undefined property: stdClass::$name_color in /app/themes/altum/views/link/settings/biolink_blocks/external_item/external_item_update_form.php on line 67
[11-May-2023 10:55:56 UTC] PHP Notice:  Undefined property: stdClass::$description_color in /app/themes/altum/views/link/settings/biolink_blocks/external_item/external_item_update_form.php on line 87
[11-May-2023 10:55:56 UTC] PHP Notice:  Undefined property: stdClass::$price_color in /app/themes/altum/views/link/settings/biolink_blocks/external_item/external_item_update_form.php on line 93
[11-May-2023 10:55:57 UTC] PHP Notice:  Undefined property: stdClass::$name_color in /app/plugins/ultimate-blocks/views/l/biolink_blocks/external_item.php on line 14
[11-May-2023 10:55:57 UTC] PHP Notice:  Undefined property: stdClass::$description_color in /app/plugins/ultimate-blocks/views/l/biolink_blocks/external_item.php on line 15
[11-May-2023 10:55:57 UTC] PHP Notice:  Undefined property: stdClass::$price_color in /app/plugins/ultimate-blocks/views/l/biolink_blocks/external_item.php on line 16
[11-May-2023 10:56:50 UTC] PHP Notice:  Undefined property: stdClass::$name_color in /app/themes/altum/views/link/settings/biolink_blocks/external_item/external_item_update_form.php on line 67
[11-May-2023 10:56:50 UTC] PHP Notice:  Undefined property: stdClass::$description_color in /app/themes/altum/views/link/settings/biolink_blocks/external_item/external_item_update_form.php on line 87
[11-May-2023 10:56:50 UTC] PHP Notice:  Undefined property: stdClass::$price_color in /app/themes/altum/views/link/settings/biolink_blocks/external_item/external_item_update_form.php on line 93
[11-May-2023 10:56:51 UTC] PHP Notice:  Undefined property: stdClass::$name_color in /app/plugins/ultimate-blocks/views/l/biolink_blocks/external_item.php on line 14
[11-May-2023 10:56:51 UTC] PHP Notice:  Undefined property: stdClass::$description_color in /app/plugins/ultimate-blocks/views/l/biolink_blocks/external_item.php on line 15
[11-May-2023 10:56:51 UTC] PHP Notice:  Undefined property: stdClass::$price_color in /app/plugins/ultimate-blocks/views/l/biolink_blocks/external_item.php on line 16
[11-May-2023 10:57:42 UTC] PHP Notice:  Undefined property: stdClass::$name_color in /app/plugins/ultimate-blocks/views/l/biolink_blocks/external_item.php on line 14
[11-May-2023 10:57:42 UTC] PHP Notice:  Undefined property: stdClass::$description_color in /app/plugins/ultimate-blocks/views/l/biolink_blocks/external_item.php on line 15
[11-May-2023 10:57:42 UTC] PHP Notice:  Undefined property: stdClass::$price_color in /app/plugins/ultimate-blocks/views/l/biolink_blocks/external_item.php on line 16
[11-May-2023 10:58:03 UTC] PHP Notice:  Undefined property: stdClass::$name_color in /app/themes/altum/views/link/settings/biolink_blocks/external_item/external_item_update_form.php on line 67
[11-May-2023 10:58:03 UTC] PHP Notice:  Undefined property: stdClass::$description_color in /app/themes/altum/views/link/settings/biolink_blocks/external_item/external_item_update_form.php on line 87
[11-May-2023 10:58:03 UTC] PHP Notice:  Undefined property: stdClass::$price_color in /app/themes/altum/views/link/settings/biolink_blocks/external_item/external_item_update_form.php on line 93
[11-May-2023 10:58:04 UTC] PHP Notice:  Undefined property: stdClass::$name_color in /app/plugins/ultimate-blocks/views/l/biolink_blocks/external_item.php on line 14
[11-May-2023 10:58:04 UTC] PHP Notice:  Undefined property: stdClass::$description_color in /app/plugins/ultimate-blocks/views/l/biolink_blocks/external_item.php on line 15
[11-May-2023 10:58:04 UTC] PHP Notice:  Undefined property: stdClass::$price_color in /app/plugins/ultimate-blocks/views/l/biolink_blocks/external_item.php on line 16
[11-May-2023 10:58:20 UTC] PHP Notice:  Undefined property: stdClass::$name_color in /app/plugins/ultimate-blocks/views/l/biolink_blocks/external_item.php on line 14
[11-May-2023 10:58:20 UTC] PHP Notice:  Undefined property: stdClass::$description_color in /app/plugins/ultimate-blocks/views/l/biolink_blocks/external_item.php on line 15
[11-May-2023 10:58:20 UTC] PHP Notice:  Undefined property: stdClass::$price_color in /app/plugins/ultimate-blocks/views/l/biolink_blocks/external_item.php on line 16
[11-May-2023 10:58:30 UTC] PHP Notice:  Undefined property: stdClass::$name_color in /app/plugins/ultimate-blocks/views/l/biolink_blocks/external_item.php on line 14
[11-May-2023 10:58:30 UTC] PHP Notice:  Undefined property: stdClass::$description_color in /app/plugins/ultimate-blocks/views/l/biolink_blocks/external_item.php on line 15
[11-May-2023 10:58:30 UTC] PHP Notice:  Undefined property: stdClass::$price_color in /app/plugins/ultimate-blocks/views/l/biolink_blocks/external_item.php on line 16
[11-May-2023 10:58:56 UTC] PHP Notice:  Undefined property: stdClass::$name_color in /app/themes/altum/views/link/settings/biolink_blocks/external_item/external_item_update_form.php on line 67
[11-May-2023 10:58:56 UTC] PHP Notice:  Undefined property: stdClass::$description_color in /app/themes/altum/views/link/settings/biolink_blocks/external_item/external_item_update_form.php on line 87
[11-May-2023 10:58:56 UTC] PHP Notice:  Undefined property: stdClass::$price_color in /app/themes/altum/views/link/settings/biolink_blocks/external_item/external_item_update_form.php on line 93
[11-May-2023 10:58:57 UTC] PHP Notice:  Undefined property: stdClass::$name_color in /app/plugins/ultimate-blocks/views/l/biolink_blocks/external_item.php on line 14
[11-May-2023 10:58:57 UTC] PHP Notice:  Undefined property: stdClass::$description_color in /app/plugins/ultimate-blocks/views/l/biolink_blocks/external_item.php on line 15
[11-May-2023 10:58:57 UTC] PHP Notice:  Undefined property: stdClass::$price_color in /app/plugins/ultimate-blocks/views/l/biolink_blocks/external_item.php on line 16
[11-May-2023 10:59:38 UTC] PHP Notice:  Undefined property: stdClass::$name_color in /app/plugins/ultimate-blocks/views/l/biolink_blocks/external_item.php on line 14
[11-May-2023 10:59:38 UTC] PHP Notice:  Undefined property: stdClass::$description_color in /app/plugins/ultimate-blocks/views/l/biolink_blocks/external_item.php on line 15
[11-May-2023 10:59:39 UTC] PHP Notice:  Undefined property: stdClass::$price_color in /app/plugins/ultimate-blocks/views/l/biolink_blocks/external_item.php on line 16
[11-May-2023 10:59:57 UTC] PHP Notice:  Undefined property: stdClass::$name_color in /app/themes/altum/views/link/settings/biolink_blocks/external_item/external_item_update_form.php on line 67
[11-May-2023 10:59:57 UTC] PHP Notice:  Undefined property: stdClass::$description_color in /app/themes/altum/views/link/settings/biolink_blocks/external_item/external_item_update_form.php on line 87
[11-May-2023 10:59:57 UTC] PHP Notice:  Undefined property: stdClass::$price_color in /app/themes/altum/views/link/settings/biolink_blocks/external_item/external_item_update_form.php on line 93
[11-May-2023 10:59:59 UTC] PHP Notice:  Undefined property: stdClass::$name_color in /app/plugins/ultimate-blocks/views/l/biolink_blocks/external_item.php on line 14
[11-May-2023 10:59:59 UTC] PHP Notice:  Undefined property: stdClass::$description_color in /app/plugins/ultimate-blocks/views/l/biolink_blocks/external_item.php on line 15
[11-May-2023 10:59:59 UTC] PHP Notice:  Undefined property: stdClass::$price_color in /app/plugins/ultimate-blocks/views/l/biolink_blocks/external_item.php on line 16
[11-May-2023 11:00:11 UTC] PHP Notice:  Undefined property: stdClass::$name_color in /app/themes/altum/views/link/settings/biolink_blocks/external_item/external_item_update_form.php on line 67
[11-May-2023 11:00:11 UTC] PHP Notice:  Undefined property: stdClass::$description_color in /app/themes/altum/views/link/settings/biolink_blocks/external_item/external_item_update_form.php on line 87
[11-May-2023 11:00:11 UTC] PHP Notice:  Undefined property: stdClass::$price_color in /app/themes/altum/views/link/settings/biolink_blocks/external_item/external_item_update_form.php on line 93
[11-May-2023 11:00:12 UTC] PHP Notice:  Undefined property: stdClass::$name_color in /app/plugins/ultimate-blocks/views/l/biolink_blocks/external_item.php on line 14
[11-May-2023 11:00:13 UTC] PHP Notice:  Undefined property: stdClass::$description_color in /app/plugins/ultimate-blocks/views/l/biolink_blocks/external_item.php on line 15
[11-May-2023 11:00:13 UTC] PHP Notice:  Undefined property: stdClass::$price_color in /app/plugins/ultimate-blocks/views/l/biolink_blocks/external_item.php on line 16
[11-May-2023 11:01:41 UTC] PHP Notice:  Undefined property: stdClass::$name_color in /app/themes/altum/views/link/settings/biolink_blocks/external_item/external_item_update_form.php on line 67
[11-May-2023 11:01:41 UTC] PHP Notice:  Undefined property: stdClass::$description_color in /app/themes/altum/views/link/settings/biolink_blocks/external_item/external_item_update_form.php on line 87
[11-May-2023 11:01:41 UTC] PHP Notice:  Undefined property: stdClass::$price_color in /app/themes/altum/views/link/settings/biolink_blocks/external_item/external_item_update_form.php on line 93
[11-May-2023 11:01:43 UTC] PHP Notice:  Undefined property: stdClass::$name_color in /app/plugins/ultimate-blocks/views/l/biolink_blocks/external_item.php on line 14
[11-May-2023 11:01:43 UTC] PHP Notice:  Undefined property: stdClass::$description_color in /app/plugins/ultimate-blocks/views/l/biolink_blocks/external_item.php on line 15
[11-May-2023 11:01:43 UTC] PHP Notice:  Undefined property: stdClass::$price_color in /app/plugins/ultimate-blocks/views/l/biolink_blocks/external_item.php on line 16
[11-May-2023 11:02:05 UTC] PHP Notice:  Undefined property: stdClass::$name_color in /app/plugins/ultimate-blocks/views/l/biolink_blocks/external_item.php on line 14
[11-May-2023 11:02:05 UTC] PHP Notice:  Undefined property: stdClass::$description_color in /app/plugins/ultimate-blocks/views/l/biolink_blocks/external_item.php on line 15
[11-May-2023 11:02:05 UTC] PHP Notice:  Undefined property: stdClass::$price_color in /app/plugins/ultimate-blocks/views/l/biolink_blocks/external_item.php on line 16
[11-May-2023 11:02:32 UTC] PHP Notice:  Undefined property: stdClass::$name_color in /app/plugins/ultimate-blocks/views/l/biolink_blocks/external_item.php on line 14
[11-May-2023 11:02:32 UTC] PHP Notice:  Undefined property: stdClass::$description_color in /app/plugins/ultimate-blocks/views/l/biolink_blocks/external_item.php on line 15
[11-May-2023 11:02:32 UTC] PHP Notice:  Undefined property: stdClass::$price_color in /app/plugins/ultimate-blocks/views/l/biolink_blocks/external_item.php on line 16
[11-May-2023 11:02:39 UTC] PHP Notice:  Undefined property: stdClass::$name_color in /app/plugins/ultimate-blocks/views/l/biolink_blocks/external_item.php on line 14
[11-May-2023 11:02:39 UTC] PHP Notice:  Undefined property: stdClass::$description_color in /app/plugins/ultimate-blocks/views/l/biolink_blocks/external_item.php on line 15
[11-May-2023 11:02:39 UTC] PHP Notice:  Undefined property: stdClass::$price_color in /app/plugins/ultimate-blocks/views/l/biolink_blocks/external_item.php on line 16
[11-May-2023 11:09:55 UTC] PHP Notice:  Undefined property: stdClass::$theme in /app/themes/altum/views/link/settings/biolink_blocks/twitter_tweet/twitter_tweet_update_form.php on line 19
[11-May-2023 11:09:55 UTC] PHP Notice:  Undefined property: stdClass::$theme in /app/themes/altum/views/link/settings/biolink_blocks/twitter_tweet/twitter_tweet_update_form.php on line 20
[11-May-2023 11:09:56 UTC] PHP Notice:  Undefined property: stdClass::$theme in /app/plugins/pro-blocks/views/l/biolink_blocks/twitter_tweet.php on line 4
[11-May-2023 11:10:07 UTC] PHP Notice:  Undefined property: stdClass::$theme in /app/plugins/pro-blocks/views/l/biolink_blocks/twitter_tweet.php on line 4
[11-May-2023 11:10:53 UTC] PHP Notice:  Undefined property: stdClass::$theme in /app/plugins/pro-blocks/views/l/biolink_blocks/twitter_tweet.php on line 4
[11-May-2023 11:17:45 UTC] PHP Warning:  simplexml_load_file(https://www.youtube.com/feeds/videos.xml?channel_id=https://www.youtube.com/channel/UCvKkzIj08a9GhZAkHTgKpRg): failed to open stream: HTTP request failed! HTTP/1.0 404 Not Found
 in /app/plugins/ultimate-blocks/views/l/biolink_blocks/youtube_feed.php on line 12
[11-May-2023 11:17:45 UTC] PHP Warning:  simplexml_load_file(): I/O warning : failed to load external entity "https://www.youtube.com/feeds/videos.xml?channel_id=https://www.youtube.com/channel/UCvKkzIj08a9GhZAkHTgKpRg" in /app/plugins/ultimate-blocks/views/l/biolink_blocks/youtube_feed.php on line 12
[11-May-2023 11:17:45 UTC] PHP Notice:  Trying to get property 'entry' of non-object in /app/plugins/ultimate-blocks/views/l/biolink_blocks/youtube_feed.php on line 16
[11-May-2023 11:17:45 UTC] PHP Warning:  Invalid argument supplied for foreach() in /app/plugins/ultimate-blocks/views/l/biolink_blocks/youtube_feed.php on line 16
[11-May-2023 11:17:53 UTC] PHP Notice:  Undefined index: animation_runs in /app/app/controllers/BiolinkBlockAjax.php on line 3307
[11-May-2023 11:17:53 UTC] PHP Warning:  simplexml_load_file(https://www.youtube.com/feeds/videos.xml?channel_id=https://www.youtube.com/channel/UCvKkzIj08a9GhZAkHTgKpRg): failed to open stream: HTTP request failed! HTTP/1.0 404 Not Found
 in /app/plugins/ultimate-blocks/views/l/biolink_blocks/youtube_feed.php on line 12
[11-May-2023 11:17:53 UTC] PHP Warning:  simplexml_load_file(): I/O warning : failed to load external entity "https://www.youtube.com/feeds/videos.xml?channel_id=https://www.youtube.com/channel/UCvKkzIj08a9GhZAkHTgKpRg" in /app/plugins/ultimate-blocks/views/l/biolink_blocks/youtube_feed.php on line 12
[11-May-2023 11:17:53 UTC] PHP Notice:  Trying to get property 'entry' of non-object in /app/plugins/ultimate-blocks/views/l/biolink_blocks/youtube_feed.php on line 16
[11-May-2023 11:17:53 UTC] PHP Warning:  Invalid argument supplied for foreach() in /app/plugins/ultimate-blocks/views/l/biolink_blocks/youtube_feed.php on line 16
[11-May-2023 11:17:59 UTC] PHP Notice:  Undefined index: animation_runs in /app/app/controllers/BiolinkBlockAjax.php on line 3307
[11-May-2023 11:19:52 UTC] PHP Notice:  Undefined index: animation_runs in /app/app/controllers/BiolinkBlockAjax.php on line 3307
[11-May-2023 18:34:55 UTC] PHP Notice:  Undefined index:  in /app/app/helpers/others.php on line 1162
[11-May-2023 18:34:55 UTC] PHP Notice:  Undefined index: WhatsApp in /app/app/helpers/others.php on line 1162
[11-May-2023 18:34:55 UTC] PHP Notice:  Undefined index:  in /app/app/helpers/others.php on line 1162
[11-May-2023 18:34:57 UTC] PHP Notice:  Undefined index:  in /app/app/helpers/others.php on line 1162
[11-May-2023 18:34:57 UTC] PHP Notice:  Undefined index: WhatsApp in /app/app/helpers/others.php on line 1162
[11-May-2023 18:34:57 UTC] PHP Notice:  Undefined index:  in /app/app/helpers/others.php on line 1162
