[13-Apr-2023 15:10:56 UTC] PHP Warning:  Invalid argument supplied for foreach() in /home/allinkc/www/themes/altum/views/dashboard/index.php on line 8
[13-Apr-2023 15:10:56 UTC] PHP Warning:  Invalid argument supplied for foreach() in /home/allinkc/www/themes/altum/views/dashboard/index.php on line 15
[13-Apr-2023 15:11:02 UTC] PHP Warning:  Invalid argument supplied for foreach() in /home/allinkc/www/themes/altum/views/dashboard/index.php on line 8
[13-Apr-2023 15:11:02 UTC] PHP Warning:  Invalid argument supplied for foreach() in /home/allinkc/www/themes/altum/views/dashboard/index.php on line 15
[13-Apr-2023 15:11:08 UTC] PHP Warning:  Invalid argument supplied for foreach() in /home/allinkc/www/themes/altum/views/dashboard/index.php on line 8
[13-Apr-2023 15:11:08 UTC] PHP Warning:  Invalid argument supplied for foreach() in /home/allinkc/www/themes/altum/views/dashboard/index.php on line 15
[13-Apr-2023 15:47:19 UTC] PHP Warning:  Invalid argument supplied for foreach() in /home/allinkc/www/themes/altum/views/dashboard/index.php on line 8
[13-Apr-2023 15:47:19 UTC] PHP Warning:  Invalid argument supplied for foreach() in /home/allinkc/www/themes/altum/views/dashboard/index.php on line 15
[13-Apr-2023 16:05:31 UTC] PHP Fatal error:  Uncaught Error: Call to a member function fetch_object() on bool in /home/allinkc/www/app/controllers/BiolinksTemplates.php:49
Stack trace:
#0 [internal function]: Altum\controllers\BiolinksTemplates->index()
#1 /home/allinkc/www/app/core/App.php(204): call_user_func_array(Array, Array)
#2 /home/allinkc/www/index.php(20): Altum\App->__construct()
#3 {main}
  thrown in /home/allinkc/www/app/controllers/BiolinksTemplates.php on line 49
[13-Apr-2023 16:05:44 UTC] PHP Fatal error:  Uncaught Error: Call to a member function fetch_object() on bool in /home/allinkc/www/app/controllers/BiolinksTemplates.php:49
Stack trace:
#0 [internal function]: Altum\controllers\BiolinksTemplates->index()
#1 /home/allinkc/www/app/core/App.php(204): call_user_func_array(Array, Array)
#2 /home/allinkc/www/index.php(20): Altum\App->__construct()
#3 {main}
  thrown in /home/allinkc/www/app/controllers/BiolinksTemplates.php on line 49
[13-Apr-2023 16:10:09 UTC] PHP Fatal error:  Uncaught Error: Call to a member function fetch_object() on bool in /home/allinkc/www/app/controllers/BiolinksTemplates.php:49
Stack trace:
#0 [internal function]: Altum\controllers\BiolinksTemplates->index()
#1 /home/allinkc/www/app/core/App.php(204): call_user_func_array(Array, Array)
#2 /home/allinkc/www/index.php(20): Altum\App->__construct()
#3 {main}
  thrown in /home/allinkc/www/app/controllers/BiolinksTemplates.php on line 49
[13-Apr-2023 16:10:10 UTC] PHP Fatal error:  Uncaught Error: Call to a member function fetch_object() on bool in /home/allinkc/www/app/controllers/BiolinksTemplates.php:49
Stack trace:
#0 [internal function]: Altum\controllers\BiolinksTemplates->index()
#1 /home/allinkc/www/app/core/App.php(204): call_user_func_array(Array, Array)
#2 /home/allinkc/www/index.php(20): Altum\App->__construct()
#3 {main}
  thrown in /home/allinkc/www/app/controllers/BiolinksTemplates.php on line 49
[13-Apr-2023 16:10:10 UTC] PHP Fatal error:  Uncaught Error: Call to a member function fetch_object() on bool in /home/allinkc/www/app/controllers/BiolinksTemplates.php:49
Stack trace:
#0 [internal function]: Altum\controllers\BiolinksTemplates->index()
#1 /home/allinkc/www/app/core/App.php(204): call_user_func_array(Array, Array)
#2 /home/allinkc/www/index.php(20): Altum\App->__construct()
#3 {main}
  thrown in /home/allinkc/www/app/controllers/BiolinksTemplates.php on line 49
[13-Apr-2023 16:10:23 UTC] PHP Fatal error:  Uncaught Error: Call to a member function fetch_object() on bool in /home/allinkc/www/app/controllers/BiolinksTemplates.php:49
Stack trace:
#0 [internal function]: Altum\controllers\BiolinksTemplates->index()
#1 /home/allinkc/www/app/core/App.php(204): call_user_func_array(Array, Array)
#2 /home/allinkc/www/index.php(20): Altum\App->__construct()
#3 {main}
  thrown in /home/allinkc/www/app/controllers/BiolinksTemplates.php on line 49
[13-Apr-2023 16:10:24 UTC] PHP Fatal error:  Uncaught Error: Call to a member function fetch_object() on bool in /home/allinkc/www/app/controllers/BiolinksTemplates.php:49
Stack trace:
#0 [internal function]: Altum\controllers\BiolinksTemplates->index()
#1 /home/allinkc/www/app/core/App.php(204): call_user_func_array(Array, Array)
#2 /home/allinkc/www/index.php(20): Altum\App->__construct()
#3 {main}
  thrown in /home/allinkc/www/app/controllers/BiolinksTemplates.php on line 49
[13-Apr-2023 16:17:23 UTC] PHP Fatal error:  Uncaught Error: Call to a member function fetch_object() on bool in /home/allinkc/www/app/controllers/BiolinksTemplates.php:29
Stack trace:
#0 [internal function]: Altum\controllers\BiolinksTemplates->index()
#1 /home/allinkc/www/app/core/App.php(204): call_user_func_array(Array, Array)
#2 /home/allinkc/www/index.php(20): Altum\App->__construct()
#3 {main}
  thrown in /home/allinkc/www/app/controllers/BiolinksTemplates.php on line 29
[13-Apr-2023 16:17:33 UTC] PHP Fatal error:  Uncaught Error: Call to a member function fetch_object() on bool in /home/allinkc/www/app/controllers/BiolinksTemplates.php:29
Stack trace:
#0 [internal function]: Altum\controllers\BiolinksTemplates->index()
#1 /home/allinkc/www/app/core/App.php(204): call_user_func_array(Array, Array)
#2 /home/allinkc/www/index.php(20): Altum\App->__construct()
#3 {main}
  thrown in /home/allinkc/www/app/controllers/BiolinksTemplates.php on line 29
[13-Apr-2023 16:17:33 UTC] PHP Fatal error:  Uncaught Error: Call to a member function fetch_object() on bool in /home/allinkc/www/app/controllers/BiolinksTemplates.php:29
Stack trace:
#0 [internal function]: Altum\controllers\BiolinksTemplates->index()
#1 /home/allinkc/www/app/core/App.php(204): call_user_func_array(Array, Array)
#2 /home/allinkc/www/index.php(20): Altum\App->__construct()
#3 {main}
  thrown in /home/allinkc/www/app/controllers/BiolinksTemplates.php on line 29
[13-Apr-2023 16:17:34 UTC] PHP Fatal error:  Uncaught Error: Call to a member function fetch_object() on bool in /home/allinkc/www/app/controllers/BiolinksTemplates.php:29
Stack trace:
#0 [internal function]: Altum\controllers\BiolinksTemplates->index()
#1 /home/allinkc/www/app/core/App.php(204): call_user_func_array(Array, Array)
#2 /home/allinkc/www/index.php(20): Altum\App->__construct()
#3 {main}
  thrown in /home/allinkc/www/app/controllers/BiolinksTemplates.php on line 29
[13-Apr-2023 16:17:34 UTC] PHP Fatal error:  Uncaught Error: Call to a member function fetch_object() on bool in /home/allinkc/www/app/controllers/BiolinksTemplates.php:29
Stack trace:
#0 [internal function]: Altum\controllers\BiolinksTemplates->index()
#1 /home/allinkc/www/app/core/App.php(204): call_user_func_array(Array, Array)
#2 /home/allinkc/www/index.php(20): Altum\App->__construct()
#3 {main}
  thrown in /home/allinkc/www/app/controllers/BiolinksTemplates.php on line 29
[13-Apr-2023 16:22:43 UTC] PHP Fatal error:  Uncaught Error: Call to a member function fetch_object() on bool in /home/allinkc/www/app/controllers/BiolinksTemplates.php:49
Stack trace:
#0 [internal function]: Altum\controllers\BiolinksTemplates->index()
#1 /home/allinkc/www/app/core/App.php(204): call_user_func_array(Array, Array)
#2 /home/allinkc/www/index.php(20): Altum\App->__construct()
#3 {main}
  thrown in /home/allinkc/www/app/controllers/BiolinksTemplates.php on line 49
[13-Apr-2023 16:22:48 UTC] PHP Fatal error:  Uncaught Error: Call to a member function fetch_object() on bool in /home/allinkc/www/app/controllers/BiolinksTemplates.php:49
Stack trace:
#0 [internal function]: Altum\controllers\BiolinksTemplates->index()
#1 /home/allinkc/www/app/core/App.php(204): call_user_func_array(Array, Array)
#2 /home/allinkc/www/index.php(20): Altum\App->__construct()
#3 {main}
  thrown in /home/allinkc/www/app/controllers/BiolinksTemplates.php on line 49
[13-Apr-2023 16:22:50 UTC] PHP Fatal error:  Uncaught Error: Call to a member function fetch_object() on bool in /home/allinkc/www/app/controllers/BiolinksTemplates.php:49
Stack trace:
#0 [internal function]: Altum\controllers\BiolinksTemplates->index()
#1 /home/allinkc/www/app/core/App.php(204): call_user_func_array(Array, Array)
#2 /home/allinkc/www/index.php(20): Altum\App->__construct()
#3 {main}
  thrown in /home/allinkc/www/app/controllers/BiolinksTemplates.php on line 49
[13-Apr-2023 16:22:50 UTC] PHP Fatal error:  Uncaught Error: Call to a member function fetch_object() on bool in /home/allinkc/www/app/controllers/BiolinksTemplates.php:49
Stack trace:
#0 [internal function]: Altum\controllers\BiolinksTemplates->index()
#1 /home/allinkc/www/app/core/App.php(204): call_user_func_array(Array, Array)
#2 /home/allinkc/www/index.php(20): Altum\App->__construct()
#3 {main}
  thrown in /home/allinkc/www/app/controllers/BiolinksTemplates.php on line 49
[13-Apr-2023 16:22:51 UTC] PHP Fatal error:  Uncaught Error: Call to a member function fetch_object() on bool in /home/allinkc/www/app/controllers/BiolinksTemplates.php:49
Stack trace:
#0 [internal function]: Altum\controllers\BiolinksTemplates->index()
#1 /home/allinkc/www/app/core/App.php(204): call_user_func_array(Array, Array)
#2 /home/allinkc/www/index.php(20): Altum\App->__construct()
#3 {main}
  thrown in /home/allinkc/www/app/controllers/BiolinksTemplates.php on line 49
[13-Apr-2023 16:22:51 UTC] PHP Fatal error:  Uncaught Error: Call to a member function fetch_object() on bool in /home/allinkc/www/app/controllers/BiolinksTemplates.php:49
Stack trace:
#0 [internal function]: Altum\controllers\BiolinksTemplates->index()
#1 /home/allinkc/www/app/core/App.php(204): call_user_func_array(Array, Array)
#2 /home/allinkc/www/index.php(20): Altum\App->__construct()
#3 {main}
  thrown in /home/allinkc/www/app/controllers/BiolinksTemplates.php on line 49
[13-Apr-2023 16:22:51 UTC] PHP Fatal error:  Uncaught Error: Call to a member function fetch_object() on bool in /home/allinkc/www/app/controllers/BiolinksTemplates.php:49
Stack trace:
#0 [internal function]: Altum\controllers\BiolinksTemplates->index()
#1 /home/allinkc/www/app/core/App.php(204): call_user_func_array(Array, Array)
#2 /home/allinkc/www/index.php(20): Altum\App->__construct()
#3 {main}
  thrown in /home/allinkc/www/app/controllers/BiolinksTemplates.php on line 49
[13-Apr-2023 16:22:52 UTC] PHP Fatal error:  Uncaught Error: Call to a member function fetch_object() on bool in /home/allinkc/www/app/controllers/BiolinksTemplates.php:49
Stack trace:
#0 [internal function]: Altum\controllers\BiolinksTemplates->index()
#1 /home/allinkc/www/app/core/App.php(204): call_user_func_array(Array, Array)
#2 /home/allinkc/www/index.php(20): Altum\App->__construct()
#3 {main}
  thrown in /home/allinkc/www/app/controllers/BiolinksTemplates.php on line 49
[13-Apr-2023 16:22:52 UTC] PHP Fatal error:  Uncaught Error: Call to a member function fetch_object() on bool in /home/allinkc/www/app/controllers/BiolinksTemplates.php:49
Stack trace:
#0 [internal function]: Altum\controllers\BiolinksTemplates->index()
#1 /home/allinkc/www/app/core/App.php(204): call_user_func_array(Array, Array)
#2 /home/allinkc/www/index.php(20): Altum\App->__construct()
#3 {main}
  thrown in /home/allinkc/www/app/controllers/BiolinksTemplates.php on line 49
[13-Apr-2023 16:22:55 UTC] PHP Fatal error:  Uncaught Error: Call to a member function fetch_object() on bool in /home/allinkc/www/app/controllers/BiolinksTemplates.php:49
Stack trace:
#0 [internal function]: Altum\controllers\BiolinksTemplates->index()
#1 /home/allinkc/www/app/core/App.php(204): call_user_func_array(Array, Array)
#2 /home/allinkc/www/index.php(20): Altum\App->__construct()
#3 {main}
  thrown in /home/allinkc/www/app/controllers/BiolinksTemplates.php on line 49
[13-Apr-2023 16:22:56 UTC] PHP Fatal error:  Uncaught Error: Call to a member function fetch_object() on bool in /home/allinkc/www/app/controllers/BiolinksTemplates.php:49
Stack trace:
#0 [internal function]: Altum\controllers\BiolinksTemplates->index()
#1 /home/allinkc/www/app/core/App.php(204): call_user_func_array(Array, Array)
#2 /home/allinkc/www/index.php(20): Altum\App->__construct()
#3 {main}
  thrown in /home/allinkc/www/app/controllers/BiolinksTemplates.php on line 49
[13-Apr-2023 16:23:08 UTC] PHP Fatal error:  Uncaught Error: Call to a member function fetch_object() on bool in /home/allinkc/www/app/controllers/BiolinksTemplates.php:49
Stack trace:
#0 [internal function]: Altum\controllers\BiolinksTemplates->index()
#1 /home/allinkc/www/app/core/App.php(204): call_user_func_array(Array, Array)
#2 /home/allinkc/www/index.php(20): Altum\App->__construct()
#3 {main}
  thrown in /home/allinkc/www/app/controllers/BiolinksTemplates.php on line 49
[13-Apr-2023 16:23:08 UTC] PHP Fatal error:  Uncaught Error: Call to a member function fetch_object() on bool in /home/allinkc/www/app/controllers/BiolinksTemplates.php:49
Stack trace:
#0 [internal function]: Altum\controllers\BiolinksTemplates->index()
#1 /home/allinkc/www/app/core/App.php(204): call_user_func_array(Array, Array)
#2 /home/allinkc/www/index.php(20): Altum\App->__construct()
#3 {main}
  thrown in /home/allinkc/www/app/controllers/BiolinksTemplates.php on line 49
[13-Apr-2023 16:23:09 UTC] PHP Fatal error:  Uncaught Error: Call to a member function fetch_object() on bool in /home/allinkc/www/app/controllers/BiolinksTemplates.php:49
Stack trace:
#0 [internal function]: Altum\controllers\BiolinksTemplates->index()
#1 /home/allinkc/www/app/core/App.php(204): call_user_func_array(Array, Array)
#2 /home/allinkc/www/index.php(20): Altum\App->__construct()
#3 {main}
  thrown in /home/allinkc/www/app/controllers/BiolinksTemplates.php on line 49
[13-Apr-2023 16:23:09 UTC] PHP Fatal error:  Uncaught Error: Call to a member function fetch_object() on bool in /home/allinkc/www/app/controllers/BiolinksTemplates.php:49
Stack trace:
#0 [internal function]: Altum\controllers\BiolinksTemplates->index()
#1 /home/allinkc/www/app/core/App.php(204): call_user_func_array(Array, Array)
#2 /home/allinkc/www/index.php(20): Altum\App->__construct()
#3 {main}
  thrown in /home/allinkc/www/app/controllers/BiolinksTemplates.php on line 49
[13-Apr-2023 16:23:09 UTC] PHP Fatal error:  Uncaught Error: Call to a member function fetch_object() on bool in /home/allinkc/www/app/controllers/BiolinksTemplates.php:49
Stack trace:
#0 [internal function]: Altum\controllers\BiolinksTemplates->index()
#1 /home/allinkc/www/app/core/App.php(204): call_user_func_array(Array, Array)
#2 /home/allinkc/www/index.php(20): Altum\App->__construct()
#3 {main}
  thrown in /home/allinkc/www/app/controllers/BiolinksTemplates.php on line 49
[13-Apr-2023 16:23:10 UTC] PHP Fatal error:  Uncaught Error: Call to a member function fetch_object() on bool in /home/allinkc/www/app/controllers/BiolinksTemplates.php:49
Stack trace:
#0 [internal function]: Altum\controllers\BiolinksTemplates->index()
#1 /home/allinkc/www/app/core/App.php(204): call_user_func_array(Array, Array)
#2 /home/allinkc/www/index.php(20): Altum\App->__construct()
#3 {main}
  thrown in /home/allinkc/www/app/controllers/BiolinksTemplates.php on line 49
[13-Apr-2023 16:23:10 UTC] PHP Fatal error:  Uncaught Error: Call to a member function fetch_object() on bool in /home/allinkc/www/app/controllers/BiolinksTemplates.php:49
Stack trace:
#0 [internal function]: Altum\controllers\BiolinksTemplates->index()
#1 /home/allinkc/www/app/core/App.php(204): call_user_func_array(Array, Array)
#2 /home/allinkc/www/index.php(20): Altum\App->__construct()
#3 {main}
  thrown in /home/allinkc/www/app/controllers/BiolinksTemplates.php on line 49
[13-Apr-2023 16:23:10 UTC] PHP Fatal error:  Uncaught Error: Call to a member function fetch_object() on bool in /home/allinkc/www/app/controllers/BiolinksTemplates.php:49
Stack trace:
#0 [internal function]: Altum\controllers\BiolinksTemplates->index()
#1 /home/allinkc/www/app/core/App.php(204): call_user_func_array(Array, Array)
#2 /home/allinkc/www/index.php(20): Altum\App->__construct()
#3 {main}
  thrown in /home/allinkc/www/app/controllers/BiolinksTemplates.php on line 49
[13-Apr-2023 16:23:11 UTC] PHP Fatal error:  Uncaught Error: Call to a member function fetch_object() on bool in /home/allinkc/www/app/controllers/BiolinksTemplates.php:49
Stack trace:
#0 [internal function]: Altum\controllers\BiolinksTemplates->index()
#1 /home/allinkc/www/app/core/App.php(204): call_user_func_array(Array, Array)
#2 /home/allinkc/www/index.php(20): Altum\App->__construct()
#3 {main}
  thrown in /home/allinkc/www/app/controllers/BiolinksTemplates.php on line 49
[13-Apr-2023 16:31:29 UTC] PHP Fatal error:  Uncaught Error: Call to a member function fetch_object() on bool in /home/allinkc/www/app/controllers/BiolinksTemplates.php:48
Stack trace:
#0 [internal function]: Altum\controllers\BiolinksTemplates->index()
#1 /home/allinkc/www/app/core/App.php(204): call_user_func_array(Array, Array)
#2 /home/allinkc/www/index.php(20): Altum\App->__construct()
#3 {main}
  thrown in /home/allinkc/www/app/controllers/BiolinksTemplates.php on line 48
[13-Apr-2023 16:31:30 UTC] PHP Fatal error:  Uncaught Error: Call to a member function fetch_object() on bool in /home/allinkc/www/app/controllers/BiolinksTemplates.php:48
Stack trace:
#0 [internal function]: Altum\controllers\BiolinksTemplates->index()
#1 /home/allinkc/www/app/core/App.php(204): call_user_func_array(Array, Array)
#2 /home/allinkc/www/index.php(20): Altum\App->__construct()
#3 {main}
  thrown in /home/allinkc/www/app/controllers/BiolinksTemplates.php on line 48
[13-Apr-2023 16:31:55 UTC] PHP Fatal error:  Uncaught Error: Call to a member function fetch_object() on bool in /home/allinkc/www/app/controllers/BiolinksTemplates.php:48
Stack trace:
#0 [internal function]: Altum\controllers\BiolinksTemplates->index()
#1 /home/allinkc/www/app/core/App.php(204): call_user_func_array(Array, Array)
#2 /home/allinkc/www/index.php(20): Altum\App->__construct()
#3 {main}
  thrown in /home/allinkc/www/app/controllers/BiolinksTemplates.php on line 48
[13-Apr-2023 16:31:56 UTC] PHP Fatal error:  Uncaught Error: Call to a member function fetch_object() on bool in /home/allinkc/www/app/controllers/BiolinksTemplates.php:48
Stack trace:
#0 [internal function]: Altum\controllers\BiolinksTemplates->index()
#1 /home/allinkc/www/app/core/App.php(204): call_user_func_array(Array, Array)
#2 /home/allinkc/www/index.php(20): Altum\App->__construct()
#3 {main}
  thrown in /home/allinkc/www/app/controllers/BiolinksTemplates.php on line 48
[13-Apr-2023 16:31:57 UTC] PHP Fatal error:  Uncaught Error: Call to a member function fetch_object() on bool in /home/allinkc/www/app/controllers/BiolinksTemplates.php:48
Stack trace:
#0 [internal function]: Altum\controllers\BiolinksTemplates->index()
#1 /home/allinkc/www/app/core/App.php(204): call_user_func_array(Array, Array)
#2 /home/allinkc/www/index.php(20): Altum\App->__construct()
#3 {main}
  thrown in /home/allinkc/www/app/controllers/BiolinksTemplates.php on line 48
[13-Apr-2023 16:31:58 UTC] PHP Fatal error:  Uncaught Error: Call to a member function fetch_object() on bool in /home/allinkc/www/app/controllers/BiolinksTemplates.php:48
Stack trace:
#0 [internal function]: Altum\controllers\BiolinksTemplates->index()
#1 /home/allinkc/www/app/core/App.php(204): call_user_func_array(Array, Array)
#2 /home/allinkc/www/index.php(20): Altum\App->__construct()
#3 {main}
  thrown in /home/allinkc/www/app/controllers/BiolinksTemplates.php on line 48
[13-Apr-2023 16:31:58 UTC] PHP Fatal error:  Uncaught Error: Call to a member function fetch_object() on bool in /home/allinkc/www/app/controllers/BiolinksTemplates.php:48
Stack trace:
#0 [internal function]: Altum\controllers\BiolinksTemplates->index()
#1 /home/allinkc/www/app/core/App.php(204): call_user_func_array(Array, Array)
#2 /home/allinkc/www/index.php(20): Altum\App->__construct()
#3 {main}
  thrown in /home/allinkc/www/app/controllers/BiolinksTemplates.php on line 48
[13-Apr-2023 16:31:59 UTC] PHP Fatal error:  Uncaught Error: Call to a member function fetch_object() on bool in /home/allinkc/www/app/controllers/BiolinksTemplates.php:48
Stack trace:
#0 [internal function]: Altum\controllers\BiolinksTemplates->index()
#1 /home/allinkc/www/app/core/App.php(204): call_user_func_array(Array, Array)
#2 /home/allinkc/www/index.php(20): Altum\App->__construct()
#3 {main}
  thrown in /home/allinkc/www/app/controllers/BiolinksTemplates.php on line 48
[13-Apr-2023 18:53:22 Europe/Paris] PHP Parse error:  syntax error, unexpected 'ORDER' (T_STRING), expecting :: (T_PAAMAYIM_NEKUDOTAYIM) in /home/allinkc/www/app/controllers/BiolinksTemplates.php on line 28
[13-Apr-2023 18:53:23 Europe/Paris] PHP Parse error:  syntax error, unexpected 'ORDER' (T_STRING), expecting :: (T_PAAMAYIM_NEKUDOTAYIM) in /home/allinkc/www/app/controllers/BiolinksTemplates.php on line 28
[13-Apr-2023 18:53:38 Europe/Paris] PHP Parse error:  syntax error, unexpected 'ORDER' (T_STRING), expecting :: (T_PAAMAYIM_NEKUDOTAYIM) in /home/allinkc/www/app/controllers/BiolinksTemplates.php on line 28
[13-Apr-2023 18:53:39 Europe/Paris] PHP Parse error:  syntax error, unexpected 'ORDER' (T_STRING), expecting :: (T_PAAMAYIM_NEKUDOTAYIM) in /home/allinkc/www/app/controllers/BiolinksTemplates.php on line 28
[13-Apr-2023 18:53:39 Europe/Paris] PHP Parse error:  syntax error, unexpected 'ORDER' (T_STRING), expecting :: (T_PAAMAYIM_NEKUDOTAYIM) in /home/allinkc/www/app/controllers/BiolinksTemplates.php on line 28
[13-Apr-2023 18:53:39 Europe/Paris] PHP Parse error:  syntax error, unexpected 'ORDER' (T_STRING), expecting :: (T_PAAMAYIM_NEKUDOTAYIM) in /home/allinkc/www/app/controllers/BiolinksTemplates.php on line 28
[13-Apr-2023 18:53:41 Europe/Paris] PHP Parse error:  syntax error, unexpected 'ORDER' (T_STRING), expecting :: (T_PAAMAYIM_NEKUDOTAYIM) in /home/allinkc/www/app/controllers/BiolinksTemplates.php on line 28
[13-Apr-2023 18:53:48 Europe/Paris] PHP Parse error:  syntax error, unexpected 'ORDER' (T_STRING), expecting :: (T_PAAMAYIM_NEKUDOTAYIM) in /home/allinkc/www/app/controllers/BiolinksTemplates.php on line 28
[13-Apr-2023 18:53:49 Europe/Paris] PHP Parse error:  syntax error, unexpected 'ORDER' (T_STRING), expecting :: (T_PAAMAYIM_NEKUDOTAYIM) in /home/allinkc/www/app/controllers/BiolinksTemplates.php on line 28
[13-Apr-2023 18:53:49 Europe/Paris] PHP Parse error:  syntax error, unexpected 'ORDER' (T_STRING), expecting :: (T_PAAMAYIM_NEKUDOTAYIM) in /home/allinkc/www/app/controllers/BiolinksTemplates.php on line 28
[13-Apr-2023 18:53:50 Europe/Paris] PHP Parse error:  syntax error, unexpected 'ORDER' (T_STRING), expecting :: (T_PAAMAYIM_NEKUDOTAYIM) in /home/allinkc/www/app/controllers/BiolinksTemplates.php on line 28
[13-Apr-2023 18:53:50 Europe/Paris] PHP Parse error:  syntax error, unexpected 'ORDER' (T_STRING), expecting :: (T_PAAMAYIM_NEKUDOTAYIM) in /home/allinkc/www/app/controllers/BiolinksTemplates.php on line 28
[13-Apr-2023 18:53:50 Europe/Paris] PHP Parse error:  syntax error, unexpected 'ORDER' (T_STRING), expecting :: (T_PAAMAYIM_NEKUDOTAYIM) in /home/allinkc/www/app/controllers/BiolinksTemplates.php on line 28
[13-Apr-2023 18:53:51 Europe/Paris] PHP Parse error:  syntax error, unexpected 'ORDER' (T_STRING), expecting :: (T_PAAMAYIM_NEKUDOTAYIM) in /home/allinkc/www/app/controllers/BiolinksTemplates.php on line 28
[13-Apr-2023 18:53:51 Europe/Paris] PHP Parse error:  syntax error, unexpected 'ORDER' (T_STRING), expecting :: (T_PAAMAYIM_NEKUDOTAYIM) in /home/allinkc/www/app/controllers/BiolinksTemplates.php on line 28
[13-Apr-2023 18:53:51 Europe/Paris] PHP Parse error:  syntax error, unexpected 'ORDER' (T_STRING), expecting :: (T_PAAMAYIM_NEKUDOTAYIM) in /home/allinkc/www/app/controllers/BiolinksTemplates.php on line 28
[13-Apr-2023 18:53:51 Europe/Paris] PHP Parse error:  syntax error, unexpected 'ORDER' (T_STRING), expecting :: (T_PAAMAYIM_NEKUDOTAYIM) in /home/allinkc/www/app/controllers/BiolinksTemplates.php on line 28
[13-Apr-2023 18:53:52 Europe/Paris] PHP Parse error:  syntax error, unexpected 'ORDER' (T_STRING), expecting :: (T_PAAMAYIM_NEKUDOTAYIM) in /home/allinkc/www/app/controllers/BiolinksTemplates.php on line 28
[13-Apr-2023 18:53:52 Europe/Paris] PHP Parse error:  syntax error, unexpected 'ORDER' (T_STRING), expecting :: (T_PAAMAYIM_NEKUDOTAYIM) in /home/allinkc/www/app/controllers/BiolinksTemplates.php on line 28
[13-Apr-2023 18:53:52 Europe/Paris] PHP Parse error:  syntax error, unexpected 'ORDER' (T_STRING), expecting :: (T_PAAMAYIM_NEKUDOTAYIM) in /home/allinkc/www/app/controllers/BiolinksTemplates.php on line 28
[13-Apr-2023 18:53:52 Europe/Paris] PHP Parse error:  syntax error, unexpected 'ORDER' (T_STRING), expecting :: (T_PAAMAYIM_NEKUDOTAYIM) in /home/allinkc/www/app/controllers/BiolinksTemplates.php on line 28
[13-Apr-2023 18:53:52 Europe/Paris] PHP Parse error:  syntax error, unexpected 'ORDER' (T_STRING), expecting :: (T_PAAMAYIM_NEKUDOTAYIM) in /home/allinkc/www/app/controllers/BiolinksTemplates.php on line 28
[13-Apr-2023 18:53:52 Europe/Paris] PHP Parse error:  syntax error, unexpected 'ORDER' (T_STRING), expecting :: (T_PAAMAYIM_NEKUDOTAYIM) in /home/allinkc/www/app/controllers/BiolinksTemplates.php on line 28
[13-Apr-2023 16:58:24 UTC] PHP Warning:  Use of undefined constant ASC - assumed 'ASC' (this will throw an Error in a future version of PHP) in /home/allinkc/www/app/controllers/BiolinksTemplates.php on line 40
[13-Apr-2023 16:58:24 UTC] PHP Fatal error:  Uncaught Error: Call to a member function fetch_object() on bool in /home/allinkc/www/app/controllers/BiolinksTemplates.php:47
Stack trace:
#0 [internal function]: Altum\controllers\BiolinksTemplates->index()
#1 /home/allinkc/www/app/core/App.php(204): call_user_func_array(Array, Array)
#2 /home/allinkc/www/index.php(20): Altum\App->__construct()
#3 {main}
  thrown in /home/allinkc/www/app/controllers/BiolinksTemplates.php on line 47
[13-Apr-2023 16:58:25 UTC] PHP Warning:  Use of undefined constant ASC - assumed 'ASC' (this will throw an Error in a future version of PHP) in /home/allinkc/www/app/controllers/BiolinksTemplates.php on line 40
[13-Apr-2023 16:58:25 UTC] PHP Fatal error:  Uncaught Error: Call to a member function fetch_object() on bool in /home/allinkc/www/app/controllers/BiolinksTemplates.php:47
Stack trace:
#0 [internal function]: Altum\controllers\BiolinksTemplates->index()
#1 /home/allinkc/www/app/core/App.php(204): call_user_func_array(Array, Array)
#2 /home/allinkc/www/index.php(20): Altum\App->__construct()
#3 {main}
  thrown in /home/allinkc/www/app/controllers/BiolinksTemplates.php on line 47
