[09-Dec-2023 00:14:24 UTC] PHP Warning:  Invalid argument supplied for foreach() in /home/allinkc/www/themes/altum/views/dashboard/index.php on line 8
[09-Dec-2023 00:14:24 UTC] PHP Warning:  Invalid argument supplied for foreach() in /home/allinkc/www/themes/altum/views/dashboard/index.php on line 15
[09-Dec-2023 00:14:30 UTC] PHP Warning:  Invalid argument supplied for foreach() in /home/allinkc/www/themes/altum/views/dashboard/index.php on line 8
[09-Dec-2023 00:14:30 UTC] PHP Warning:  Invalid argument supplied for foreach() in /home/allinkc/www/themes/altum/views/dashboard/index.php on line 15
[09-Dec-2023 00:14:57 UTC] PHP Warning:  Invalid argument supplied for foreach() in /home/allinkc/www/themes/altum/views/dashboard/index.php on line 8
[09-Dec-2023 00:14:57 UTC] PHP Warning:  Invalid argument supplied for foreach() in /home/allinkc/www/themes/altum/views/dashboard/index.php on line 15
[09-Dec-2023 00:15:19 UTC] PHP Warning:  Invalid argument supplied for foreach() in /home/allinkc/www/themes/altum/views/dashboard/index.php on line 8
[09-Dec-2023 00:15:19 UTC] PHP Warning:  Invalid argument supplied for foreach() in /home/allinkc/www/themes/altum/views/dashboard/index.php on line 15
[09-Dec-2023 00:16:33 UTC] PHP Fatal error:  Uncaught Error: Call to a member function fetch_object() on bool in /home/allinkc/www/app/models/Domain.php:43
Stack trace:
#0 /home/allinkc/www/app/controllers/BiolinksTemplates.php(55): Altum\Models\Domain->get_available_domains_by_user(NULL)
#1 [internal function]: Altum\controllers\BiolinksTemplates->index()
#2 /home/allinkc/www/app/core/App.php(204): call_user_func_array(Array, Array)
#3 /home/allinkc/www/index.php(20): Altum\App->__construct()
#4 {main}
  thrown in /home/allinkc/www/app/models/Domain.php on line 43
[09-Dec-2023 05:44:07 UTC] PHP Warning:  Invalid argument supplied for foreach() in /home/allinkc/www/themes/altum/views/dashboard/index.php on line 8
[09-Dec-2023 05:44:07 UTC] PHP Warning:  Invalid argument supplied for foreach() in /home/allinkc/www/themes/altum/views/dashboard/index.php on line 15
[09-Dec-2023 06:15:55 UTC] PHP Warning:  Invalid argument supplied for foreach() in /home/allinkc/www/themes/altum/views/dashboard/index.php on line 8
[09-Dec-2023 06:15:55 UTC] PHP Warning:  Invalid argument supplied for foreach() in /home/allinkc/www/themes/altum/views/dashboard/index.php on line 15
[09-Dec-2023 06:15:56 UTC] PHP Warning:  Invalid argument supplied for foreach() in /home/allinkc/www/themes/altum/views/dashboard/index.php on line 8
[09-Dec-2023 06:15:56 UTC] PHP Warning:  Invalid argument supplied for foreach() in /home/allinkc/www/themes/altum/views/dashboard/index.php on line 15
[09-Dec-2023 06:15:58 UTC] PHP Warning:  Invalid argument supplied for foreach() in /home/allinkc/www/themes/altum/views/dashboard/index.php on line 8
[09-Dec-2023 06:15:58 UTC] PHP Warning:  Invalid argument supplied for foreach() in /home/allinkc/www/themes/altum/views/dashboard/index.php on line 15
[09-Dec-2023 13:08:41 UTC] PHP Warning:  Invalid argument supplied for foreach() in /home/allinkc/www/themes/altum/views/dashboard/index.php on line 8
[09-Dec-2023 13:08:41 UTC] PHP Warning:  Invalid argument supplied for foreach() in /home/allinkc/www/themes/altum/views/dashboard/index.php on line 15
[09-Dec-2023 13:14:16 UTC] PHP Warning:  Invalid argument supplied for foreach() in /home/allinkc/www/themes/altum/views/dashboard/index.php on line 8
[09-Dec-2023 13:14:16 UTC] PHP Warning:  Invalid argument supplied for foreach() in /home/allinkc/www/themes/altum/views/dashboard/index.php on line 15
[09-Dec-2023 13:14:17 UTC] PHP Warning:  Invalid argument supplied for foreach() in /home/allinkc/www/themes/altum/views/dashboard/index.php on line 8
[09-Dec-2023 13:14:17 UTC] PHP Warning:  Invalid argument supplied for foreach() in /home/allinkc/www/themes/altum/views/dashboard/index.php on line 15
[09-Dec-2023 13:14:19 UTC] PHP Warning:  Invalid argument supplied for foreach() in /home/allinkc/www/themes/altum/views/dashboard/index.php on line 8
[09-Dec-2023 13:14:19 UTC] PHP Warning:  Invalid argument supplied for foreach() in /home/allinkc/www/themes/altum/views/dashboard/index.php on line 15
[09-Dec-2023 21:30:23 UTC] PHP Warning:  Invalid argument supplied for foreach() in /home/allinkc/www/themes/altum/views/dashboard/index.php on line 8
[09-Dec-2023 21:30:23 UTC] PHP Warning:  Invalid argument supplied for foreach() in /home/allinkc/www/themes/altum/views/dashboard/index.php on line 15
[09-Dec-2023 21:59:48 UTC] PHP Warning:  Invalid argument supplied for foreach() in /home/allinkc/www/themes/altum/views/dashboard/index.php on line 8
[09-Dec-2023 21:59:48 UTC] PHP Warning:  Invalid argument supplied for foreach() in /home/allinkc/www/themes/altum/views/dashboard/index.php on line 15
[09-Dec-2023 22:27:17 UTC] PHP Fatal error:  Uncaught Error: Call to a member function fetch_object() on bool in /home/allinkc/www/app/models/Domain.php:43
Stack trace:
#0 /home/allinkc/www/app/controllers/BiolinksTemplates.php(55): Altum\Models\Domain->get_available_domains_by_user(NULL)
#1 [internal function]: Altum\controllers\BiolinksTemplates->index()
#2 /home/allinkc/www/app/core/App.php(204): call_user_func_array(Array, Array)
#3 /home/allinkc/www/index.php(20): Altum\App->__construct()
#4 {main}
  thrown in /home/allinkc/www/app/models/Domain.php on line 43
