[14-Apr-2023 10:05:58 UTC] PHP Warning:  Invalid argument supplied for foreach() in /home/allinkc/www/themes/altum/views/dashboard/index.php on line 8
[14-Apr-2023 10:05:58 UTC] PHP Warning:  Invalid argument supplied for foreach() in /home/allinkc/www/themes/altum/views/dashboard/index.php on line 15
[14-Apr-2023 10:06:42 UTC] PHP Warning:  Invalid argument supplied for foreach() in /home/allinkc/www/themes/altum/views/dashboard/index.php on line 8
[14-Apr-2023 10:06:42 UTC] PHP Warning:  Invalid argument supplied for foreach() in /home/allinkc/www/themes/altum/views/dashboard/index.php on line 15
[14-Apr-2023 10:07:09 UTC] PHP Warning:  Invalid argument supplied for foreach() in /home/allinkc/www/themes/altum/views/dashboard/index.php on line 8
[14-Apr-2023 10:07:09 UTC] PHP Warning:  Invalid argument supplied for foreach() in /home/allinkc/www/themes/altum/views/dashboard/index.php on line 15
[14-Apr-2023 10:07:17 UTC] PHP Warning:  Invalid argument supplied for foreach() in /home/allinkc/www/themes/altum/views/dashboard/index.php on line 8
[14-Apr-2023 10:07:17 UTC] PHP Warning:  Invalid argument supplied for foreach() in /home/allinkc/www/themes/altum/views/dashboard/index.php on line 15
[14-Apr-2023 15:17:18 UTC] PHP Fatal error:  Uncaught Error: Call to undefined method Altum\Helpers\MysqliDb::getAll() in /home/allinkc/www/app/controllers/BiolinkBlockAjax.php:91
Stack trace:
#0 [internal function]: Altum\Controllers\BiolinkBlockAjax->duplicate()
#1 /home/allinkc/www/app/core/App.php(204): call_user_func_array(Array, Array)
#2 /home/allinkc/www/index.php(20): Altum\App->__construct()
#3 {main}
  thrown in /home/allinkc/www/app/controllers/BiolinkBlockAjax.php on line 91
[14-Apr-2023 15:17:21 UTC] PHP Fatal error:  Uncaught Error: Call to undefined method Altum\Helpers\MysqliDb::getAll() in /home/allinkc/www/app/controllers/BiolinkBlockAjax.php:91
Stack trace:
#0 [internal function]: Altum\Controllers\BiolinkBlockAjax->duplicate()
#1 /home/allinkc/www/app/core/App.php(204): call_user_func_array(Array, Array)
#2 /home/allinkc/www/index.php(20): Altum\App->__construct()
#3 {main}
  thrown in /home/allinkc/www/app/controllers/BiolinkBlockAjax.php on line 91
[14-Apr-2023 15:17:25 UTC] PHP Fatal error:  Uncaught Error: Call to undefined method Altum\Helpers\MysqliDb::getAll() in /home/allinkc/www/app/controllers/BiolinkBlockAjax.php:91
Stack trace:
#0 [internal function]: Altum\Controllers\BiolinkBlockAjax->duplicate()
#1 /home/allinkc/www/app/core/App.php(204): call_user_func_array(Array, Array)
#2 /home/allinkc/www/index.php(20): Altum\App->__construct()
#3 {main}
  thrown in /home/allinkc/www/app/controllers/BiolinkBlockAjax.php on line 91
[14-Apr-2023 15:17:44 UTC] PHP Fatal error:  Uncaught Error: Call to undefined method Altum\Helpers\MysqliDb::getAll() in /home/allinkc/www/app/controllers/BiolinkBlockAjax.php:91
Stack trace:
#0 [internal function]: Altum\Controllers\BiolinkBlockAjax->duplicate()
#1 /home/allinkc/www/app/core/App.php(204): call_user_func_array(Array, Array)
#2 /home/allinkc/www/index.php(20): Altum\App->__construct()
#3 {main}
  thrown in /home/allinkc/www/app/controllers/BiolinkBlockAjax.php on line 91
[14-Apr-2023 15:17:50 UTC] PHP Fatal error:  Uncaught Error: Call to undefined method Altum\Helpers\MysqliDb::getAll() in /home/allinkc/www/app/controllers/BiolinkBlockAjax.php:91
Stack trace:
#0 [internal function]: Altum\Controllers\BiolinkBlockAjax->duplicate()
#1 /home/allinkc/www/app/core/App.php(204): call_user_func_array(Array, Array)
#2 /home/allinkc/www/index.php(20): Altum\App->__construct()
#3 {main}
  thrown in /home/allinkc/www/app/controllers/BiolinkBlockAjax.php on line 91
[14-Apr-2023 15:19:14 UTC] PHP Fatal error:  Uncaught Error: Call to undefined method Altum\Helpers\MysqliDb::getAll() in /home/allinkc/www/app/controllers/BiolinkBlockAjax.php:91
Stack trace:
#0 [internal function]: Altum\Controllers\BiolinkBlockAjax->duplicate()
#1 /home/allinkc/www/app/core/App.php(204): call_user_func_array(Array, Array)
#2 /home/allinkc/www/index.php(20): Altum\App->__construct()
#3 {main}
  thrown in /home/allinkc/www/app/controllers/BiolinkBlockAjax.php on line 91
[14-Apr-2023 15:19:59 UTC] PHP Fatal error:  Uncaught Error: Call to undefined method Altum\Helpers\MysqliDb::getAll() in /home/allinkc/www/app/controllers/BiolinkBlockAjax.php:91
Stack trace:
#0 [internal function]: Altum\Controllers\BiolinkBlockAjax->duplicate()
#1 /home/allinkc/www/app/core/App.php(204): call_user_func_array(Array, Array)
#2 /home/allinkc/www/index.php(20): Altum\App->__construct()
#3 {main}
  thrown in /home/allinkc/www/app/controllers/BiolinkBlockAjax.php on line 91
[14-Apr-2023 15:20:08 UTC] PHP Fatal error:  Uncaught Error: Call to undefined method Altum\Helpers\MysqliDb::getAll() in /home/allinkc/www/app/controllers/BiolinkBlockAjax.php:91
Stack trace:
#0 [internal function]: Altum\Controllers\BiolinkBlockAjax->duplicate()
#1 /home/allinkc/www/app/core/App.php(204): call_user_func_array(Array, Array)
#2 /home/allinkc/www/index.php(20): Altum\App->__construct()
#3 {main}
  thrown in /home/allinkc/www/app/controllers/BiolinkBlockAjax.php on line 91
[14-Apr-2023 15:21:39 UTC] PHP Fatal error:  Uncaught Error: Call to undefined method Altum\Helpers\MysqliDb::getAll() in /home/allinkc/www/app/controllers/BiolinkBlockAjax.php:91
Stack trace:
#0 [internal function]: Altum\Controllers\BiolinkBlockAjax->duplicate()
#1 /home/allinkc/www/app/core/App.php(204): call_user_func_array(Array, Array)
#2 /home/allinkc/www/index.php(20): Altum\App->__construct()
#3 {main}
  thrown in /home/allinkc/www/app/controllers/BiolinkBlockAjax.php on line 91
[14-Apr-2023 15:59:28 UTC] PHP Fatal error:  Uncaught Exception: You have an error in your SQL syntax; check the manual that corresponds to your MySQL server version for the right syntax to use near 'order = ?  AND user_id = ?' at line 1 query: SELECT  * FROM biolinks_blocks WHERE  order = ?  AND user_id = ?  in /home/allinkc/www/app/helpers/MysqliDb.php:2010
Stack trace:
#0 /home/allinkc/www/app/helpers/MysqliDb.php(1598): Altum\Helpers\MysqliDb->_prepareQuery()
#1 /home/allinkc/www/app/helpers/MysqliDb.php(747): Altum\Helpers\MysqliDb->_buildQuery(NULL)
#2 /home/allinkc/www/app/controllers/BiolinkBlockAjax.php(156): Altum\Helpers\MysqliDb->get('biolinks_blocks')
#3 [internal function]: Altum\Controllers\BiolinkBlockAjax->duplicate()
#4 /home/allinkc/www/app/core/App.php(204): call_user_func_array(Array, Array)
#5 /home/allinkc/www/index.php(20): Altum\App->__construct()
#6 {main}
  thrown in /home/allinkc/www/app/helpers/MysqliDb.php on line 2010
[14-Apr-2023 16:00:48 UTC] PHP Fatal error:  Uncaught Exception: You have an error in your SQL syntax; check the manual that corresponds to your MySQL server version for the right syntax to use near 'order = ?  AND user_id = ?' at line 1 query: SELECT  * FROM biolinks_blocks WHERE  order = ?  AND user_id = ?  in /home/allinkc/www/app/helpers/MysqliDb.php:2010
Stack trace:
#0 /home/allinkc/www/app/helpers/MysqliDb.php(1598): Altum\Helpers\MysqliDb->_prepareQuery()
#1 /home/allinkc/www/app/helpers/MysqliDb.php(747): Altum\Helpers\MysqliDb->_buildQuery(NULL)
#2 /home/allinkc/www/app/controllers/BiolinkBlockAjax.php(156): Altum\Helpers\MysqliDb->get('biolinks_blocks')
#3 [internal function]: Altum\Controllers\BiolinkBlockAjax->duplicate()
#4 /home/allinkc/www/app/core/App.php(204): call_user_func_array(Array, Array)
#5 /home/allinkc/www/index.php(20): Altum\App->__construct()
#6 {main}
  thrown in /home/allinkc/www/app/helpers/MysqliDb.php on line 2010
[14-Apr-2023 16:01:06 UTC] PHP Fatal error:  Uncaught Exception: You have an error in your SQL syntax; check the manual that corresponds to your MySQL server version for the right syntax to use near 'order = ?  AND user_id = ?' at line 1 query: SELECT  * FROM biolinks_blocks WHERE  order = ?  AND user_id = ?  in /home/allinkc/www/app/helpers/MysqliDb.php:2010
Stack trace:
#0 /home/allinkc/www/app/helpers/MysqliDb.php(1598): Altum\Helpers\MysqliDb->_prepareQuery()
#1 /home/allinkc/www/app/helpers/MysqliDb.php(747): Altum\Helpers\MysqliDb->_buildQuery(NULL)
#2 /home/allinkc/www/app/controllers/BiolinkBlockAjax.php(156): Altum\Helpers\MysqliDb->get('biolinks_blocks')
#3 [internal function]: Altum\Controllers\BiolinkBlockAjax->duplicate()
#4 /home/allinkc/www/app/core/App.php(204): call_user_func_array(Array, Array)
#5 /home/allinkc/www/index.php(20): Altum\App->__construct()
#6 {main}
  thrown in /home/allinkc/www/app/helpers/MysqliDb.php on line 2010
[14-Apr-2023 16:02:29 UTC] PHP Fatal error:  Uncaught Exception: You have an error in your SQL syntax; check the manual that corresponds to your MySQL server version for the right syntax to use near 'order = ?  AND user_id = ?' at line 1 query: SELECT  * FROM biolinks_blocks WHERE  order = ?  AND user_id = ?  in /home/allinkc/www/app/helpers/MysqliDb.php:2010
Stack trace:
#0 /home/allinkc/www/app/helpers/MysqliDb.php(1598): Altum\Helpers\MysqliDb->_prepareQuery()
#1 /home/allinkc/www/app/helpers/MysqliDb.php(747): Altum\Helpers\MysqliDb->_buildQuery(NULL)
#2 /home/allinkc/www/app/controllers/BiolinkBlockAjax.php(155): Altum\Helpers\MysqliDb->get('biolinks_blocks')
#3 [internal function]: Altum\Controllers\BiolinkBlockAjax->duplicate()
#4 /home/allinkc/www/app/core/App.php(204): call_user_func_array(Array, Array)
#5 /home/allinkc/www/index.php(20): Altum\App->__construct()
#6 {main}
  thrown in /home/allinkc/www/app/helpers/MysqliDb.php on line 2010
[14-Apr-2023 16:02:46 UTC] PHP Fatal error:  Uncaught Exception: You have an error in your SQL syntax; check the manual that corresponds to your MySQL server version for the right syntax to use near 'order = ?  AND user_id = ?' at line 1 query: SELECT  * FROM biolinks_blocks WHERE  order = ?  AND user_id = ?  in /home/allinkc/www/app/helpers/MysqliDb.php:2010
Stack trace:
#0 /home/allinkc/www/app/helpers/MysqliDb.php(1598): Altum\Helpers\MysqliDb->_prepareQuery()
#1 /home/allinkc/www/app/helpers/MysqliDb.php(747): Altum\Helpers\MysqliDb->_buildQuery(NULL)
#2 /home/allinkc/www/app/controllers/BiolinkBlockAjax.php(155): Altum\Helpers\MysqliDb->get('biolinks_blocks')
#3 [internal function]: Altum\Controllers\BiolinkBlockAjax->duplicate()
#4 /home/allinkc/www/app/core/App.php(204): call_user_func_array(Array, Array)
#5 /home/allinkc/www/index.php(20): Altum\App->__construct()
#6 {main}
  thrown in /home/allinkc/www/app/helpers/MysqliDb.php on line 2010
[14-Apr-2023 16:03:30 UTC] PHP Fatal error:  Uncaught Exception: You have an error in your SQL syntax; check the manual that corresponds to your MySQL server version for the right syntax to use near 'order = ?' at line 1 query: SELECT  * FROM biolinks_blocks WHERE  order = ?  in /home/allinkc/www/app/helpers/MysqliDb.php:2010
Stack trace:
#0 /home/allinkc/www/app/helpers/MysqliDb.php(1598): Altum\Helpers\MysqliDb->_prepareQuery()
#1 /home/allinkc/www/app/helpers/MysqliDb.php(747): Altum\Helpers\MysqliDb->_buildQuery(NULL)
#2 /home/allinkc/www/app/controllers/BiolinkBlockAjax.php(155): Altum\Helpers\MysqliDb->get('biolinks_blocks')
#3 [internal function]: Altum\Controllers\BiolinkBlockAjax->duplicate()
#4 /home/allinkc/www/app/core/App.php(204): call_user_func_array(Array, Array)
#5 /home/allinkc/www/index.php(20): Altum\App->__construct()
#6 {main}
  thrown in /home/allinkc/www/app/helpers/MysqliDb.php on line 2010
[14-Apr-2023 16:06:34 UTC] PHP Fatal error:  Uncaught Exception: You have an error in your SQL syntax; check the manual that corresponds to your MySQL server version for the right syntax to use near 'order = ?' at line 1 query: SELECT  * FROM biolinks_blocks WHERE  order = ?  in /home/allinkc/www/app/helpers/MysqliDb.php:2010
Stack trace:
#0 /home/allinkc/www/app/helpers/MysqliDb.php(1598): Altum\Helpers\MysqliDb->_prepareQuery()
#1 /home/allinkc/www/app/helpers/MysqliDb.php(747): Altum\Helpers\MysqliDb->_buildQuery(NULL)
#2 /home/allinkc/www/app/controllers/BiolinkBlockAjax.php(155): Altum\Helpers\MysqliDb->get('biolinks_blocks')
#3 [internal function]: Altum\Controllers\BiolinkBlockAjax->duplicate()
#4 /home/allinkc/www/app/core/App.php(204): call_user_func_array(Array, Array)
#5 /home/allinkc/www/index.php(20): Altum\App->__construct()
#6 {main}
  thrown in /home/allinkc/www/app/helpers/MysqliDb.php on line 2010
[14-Apr-2023 16:06:59 UTC] PHP Fatal error:  Uncaught Exception: You have an error in your SQL syntax; check the manual that corresponds to your MySQL server version for the right syntax to use near 'order = ?' at line 1 query: SELECT  * FROM biolinks_blocks WHERE  order = ?  in /home/allinkc/www/app/helpers/MysqliDb.php:2010
Stack trace:
#0 /home/allinkc/www/app/helpers/MysqliDb.php(1598): Altum\Helpers\MysqliDb->_prepareQuery()
#1 /home/allinkc/www/app/helpers/MysqliDb.php(747): Altum\Helpers\MysqliDb->_buildQuery(NULL)
#2 /home/allinkc/www/app/controllers/BiolinkBlockAjax.php(155): Altum\Helpers\MysqliDb->get('biolinks_blocks')
#3 [internal function]: Altum\Controllers\BiolinkBlockAjax->duplicate()
#4 /home/allinkc/www/app/core/App.php(204): call_user_func_array(Array, Array)
#5 /home/allinkc/www/index.php(20): Altum\App->__construct()
#6 {main}
  thrown in /home/allinkc/www/app/helpers/MysqliDb.php on line 2010
[14-Apr-2023 17:48:27 UTC] PHP Fatal error:  Uncaught Exception: You have an error in your SQL syntax; check the manual that corresponds to your MySQL server version for the right syntax to use near 'order = ?  AND user_id = ?' at line 1 query: SELECT  * FROM biolinks_blocks WHERE  order = ?  AND user_id = ?  in /home/allinkc/www/app/helpers/MysqliDb.php:2010
Stack trace:
#0 /home/allinkc/www/app/helpers/MysqliDb.php(1598): Altum\Helpers\MysqliDb->_prepareQuery()
#1 /home/allinkc/www/app/helpers/MysqliDb.php(747): Altum\Helpers\MysqliDb->_buildQuery(NULL)
#2 /home/allinkc/www/app/controllers/BiolinkBlockAjax.php(156): Altum\Helpers\MysqliDb->get('biolinks_blocks')
#3 [internal function]: Altum\Controllers\BiolinkBlockAjax->duplicate()
#4 /home/allinkc/www/app/core/App.php(204): call_user_func_array(Array, Array)
#5 /home/allinkc/www/index.php(20): Altum\App->__construct()
#6 {main}
  thrown in /home/allinkc/www/app/helpers/MysqliDb.php on line 2010
[14-Apr-2023 17:53:11 UTC] PHP Fatal error:  Uncaught Error: Call to undefined method Altum\Helpers\MysqliDb::getAll() in /home/allinkc/www/app/controllers/BiolinkBlockAjax.php:159
Stack trace:
#0 [internal function]: Altum\Controllers\BiolinkBlockAjax->duplicate()
#1 /home/allinkc/www/app/core/App.php(204): call_user_func_array(Array, Array)
#2 /home/allinkc/www/index.php(20): Altum\App->__construct()
#3 {main}
  thrown in /home/allinkc/www/app/controllers/BiolinkBlockAjax.php on line 159
[14-Apr-2023 17:55:19 UTC] PHP Fatal error:  Uncaught Error: Call to undefined method Altum\Helpers\MysqliDb::getAll() in /home/allinkc/www/app/controllers/BiolinkBlockAjax.php:159
Stack trace:
#0 [internal function]: Altum\Controllers\BiolinkBlockAjax->duplicate()
#1 /home/allinkc/www/app/core/App.php(204): call_user_func_array(Array, Array)
#2 /home/allinkc/www/index.php(20): Altum\App->__construct()
#3 {main}
  thrown in /home/allinkc/www/app/controllers/BiolinkBlockAjax.php on line 159
[14-Apr-2023 17:55:39 UTC] PHP Fatal error:  Uncaught Error: Call to undefined method Altum\Helpers\MysqliDb::getAll() in /home/allinkc/www/app/controllers/BiolinkBlockAjax.php:159
Stack trace:
#0 [internal function]: Altum\Controllers\BiolinkBlockAjax->duplicate()
#1 /home/allinkc/www/app/core/App.php(204): call_user_func_array(Array, Array)
#2 /home/allinkc/www/index.php(20): Altum\App->__construct()
#3 {main}
  thrown in /home/allinkc/www/app/controllers/BiolinkBlockAjax.php on line 159
[14-Apr-2023 17:55:43 UTC] PHP Fatal error:  Uncaught Error: Call to undefined method Altum\Helpers\MysqliDb::getAll() in /home/allinkc/www/app/controllers/BiolinkBlockAjax.php:159
Stack trace:
#0 [internal function]: Altum\Controllers\BiolinkBlockAjax->duplicate()
#1 /home/allinkc/www/app/core/App.php(204): call_user_func_array(Array, Array)
#2 /home/allinkc/www/index.php(20): Altum\App->__construct()
#3 {main}
  thrown in /home/allinkc/www/app/controllers/BiolinkBlockAjax.php on line 159
[14-Apr-2023 18:01:45 UTC] PHP Fatal error:  Uncaught Error: Cannot use object of type stdClass as array in /home/allinkc/www/app/controllers/BiolinkBlockAjax.php:140
Stack trace:
#0 [internal function]: Altum\Controllers\BiolinkBlockAjax->duplicate()
#1 /home/allinkc/www/app/core/App.php(204): call_user_func_array(Array, Array)
#2 /home/allinkc/www/index.php(20): Altum\App->__construct()
#3 {main}
  thrown in /home/allinkc/www/app/controllers/BiolinkBlockAjax.php on line 140
[14-Apr-2023 18:01:47 UTC] PHP Fatal error:  Uncaught Error: Cannot use object of type stdClass as array in /home/allinkc/www/app/controllers/BiolinkBlockAjax.php:140
Stack trace:
#0 [internal function]: Altum\Controllers\BiolinkBlockAjax->duplicate()
#1 /home/allinkc/www/app/core/App.php(204): call_user_func_array(Array, Array)
#2 /home/allinkc/www/index.php(20): Altum\App->__construct()
#3 {main}
  thrown in /home/allinkc/www/app/controllers/BiolinkBlockAjax.php on line 140
[14-Apr-2023 18:01:56 UTC] PHP Fatal error:  Uncaught Error: Cannot use object of type stdClass as array in /home/allinkc/www/app/controllers/BiolinkBlockAjax.php:140
Stack trace:
#0 [internal function]: Altum\Controllers\BiolinkBlockAjax->duplicate()
#1 /home/allinkc/www/app/core/App.php(204): call_user_func_array(Array, Array)
#2 /home/allinkc/www/index.php(20): Altum\App->__construct()
#3 {main}
  thrown in /home/allinkc/www/app/controllers/BiolinkBlockAjax.php on line 140
[14-Apr-2023 18:01:59 UTC] PHP Fatal error:  Uncaught Error: Cannot use object of type stdClass as array in /home/allinkc/www/app/controllers/BiolinkBlockAjax.php:140
Stack trace:
#0 [internal function]: Altum\Controllers\BiolinkBlockAjax->duplicate()
#1 /home/allinkc/www/app/core/App.php(204): call_user_func_array(Array, Array)
#2 /home/allinkc/www/index.php(20): Altum\App->__construct()
#3 {main}
  thrown in /home/allinkc/www/app/controllers/BiolinkBlockAjax.php on line 140
[14-Apr-2023 18:02:10 UTC] PHP Fatal error:  Uncaught Error: Cannot use object of type stdClass as array in /home/allinkc/www/app/controllers/BiolinkBlockAjax.php:140
Stack trace:
#0 [internal function]: Altum\Controllers\BiolinkBlockAjax->duplicate()
#1 /home/allinkc/www/app/core/App.php(204): call_user_func_array(Array, Array)
#2 /home/allinkc/www/index.php(20): Altum\App->__construct()
#3 {main}
  thrown in /home/allinkc/www/app/controllers/BiolinkBlockAjax.php on line 140
[14-Apr-2023 18:06:09 UTC] PHP Fatal error:  Uncaught Exception: You have an error in your SQL syntax; check the manual that corresponds to your MySQL server version for the right syntax to use near 'order = ?  AND user_id = ?  LIMIT 1' at line 1 query: SELECT  * FROM biolinks_blocks WHERE  biolink_block_id = ?  AND order = ?  AND user_id = ?  LIMIT 1 in /home/allinkc/www/app/helpers/MysqliDb.php:2010
Stack trace:
#0 /home/allinkc/www/app/helpers/MysqliDb.php(1598): Altum\Helpers\MysqliDb->_prepareQuery()
#1 /home/allinkc/www/app/helpers/MysqliDb.php(747): Altum\Helpers\MysqliDb->_buildQuery(1)
#2 /home/allinkc/www/app/helpers/MysqliDb.php(773): Altum\Helpers\MysqliDb->get('biolinks_blocks', 1, '*')
#3 /home/allinkc/www/app/controllers/BiolinkBlockAjax.php(94): Altum\Helpers\MysqliDb->getOne('biolinks_blocks')
#4 [internal function]: Altum\Controllers\BiolinkBlockAjax->duplicate()
#5 /home/allinkc/www/app/core/App.php(204): call_user_func_array(Array, Array)
#6 /home/allinkc/www/index.php(20): Altum\App->__construct()
#7 {main}
  thrown in /home/allinkc/www/app/helpers/MysqliDb.php on line 2010
[14-Apr-2023 18:10:11 UTC] PHP Fatal error:  Uncaught Error: Call to a member function getNumRows() on null in /home/allinkc/www/app/controllers/BiolinkBlockAjax.php:159
Stack trace:
#0 [internal function]: Altum\Controllers\BiolinkBlockAjax->duplicate()
#1 /home/allinkc/www/app/core/App.php(204): call_user_func_array(Array, Array)
#2 /home/allinkc/www/index.php(20): Altum\App->__construct()
#3 {main}
  thrown in /home/allinkc/www/app/controllers/BiolinkBlockAjax.php on line 159
[14-Apr-2023 18:11:57 UTC] PHP Notice:  Undefined property: stdClass::$image in /home/allinkc/www/app/controllers/BiolinkBlockAjax.php on line 135
[14-Apr-2023 18:11:57 UTC] PHP Notice:  Undefined variable: db in /home/allinkc/www/app/controllers/BiolinkBlockAjax.php on line 159
[14-Apr-2023 18:11:57 UTC] PHP Fatal error:  Uncaught Error: Call to a member function getNumRows() on null in /home/allinkc/www/app/controllers/BiolinkBlockAjax.php:159
Stack trace:
#0 [internal function]: Altum\Controllers\BiolinkBlockAjax->duplicate()
#1 /home/allinkc/www/app/core/App.php(204): call_user_func_array(Array, Array)
#2 /home/allinkc/www/index.php(20): Altum\App->__construct()
#3 {main}
  thrown in /home/allinkc/www/app/controllers/BiolinkBlockAjax.php on line 159
[14-Apr-2023 18:12:27 UTC] PHP Notice:  Undefined property: stdClass::$password in /home/allinkc/www/app/controllers/l/Link.php on line 124
[14-Apr-2023 18:12:27 UTC] PHP Notice:  Undefined property: stdClass::$sensitive_content in /home/allinkc/www/app/controllers/l/Link.php on line 153
[14-Apr-2023 18:12:30 UTC] PHP Fatal error:  Uncaught Exception: You have an error in your SQL syntax; check the manual that corresponds to your MySQL server version for the right syntax to use near 'order = ?  AND user_id = ?  LIMIT 1' at line 1 query: SELECT  * FROM biolinks_blocks WHERE  biolink_block_id = ?  AND order = ?  AND user_id = ?  LIMIT 1 in /home/allinkc/www/app/helpers/MysqliDb.php:2010
Stack trace:
#0 /home/allinkc/www/app/helpers/MysqliDb.php(1598): Altum\Helpers\MysqliDb->_prepareQuery()
#1 /home/allinkc/www/app/helpers/MysqliDb.php(747): Altum\Helpers\MysqliDb->_buildQuery(1)
#2 /home/allinkc/www/app/helpers/MysqliDb.php(773): Altum\Helpers\MysqliDb->get('biolinks_blocks', 1, '*')
#3 /home/allinkc/www/app/controllers/BiolinkBlockAjax.php(94): Altum\Helpers\MysqliDb->getOne('biolinks_blocks')
#4 [internal function]: Altum\Controllers\BiolinkBlockAjax->duplicate()
#5 /home/allinkc/www/app/core/App.php(204): call_user_func_array(Array, Array)
#6 /home/allinkc/www/index.php(20): Altum\App->__construct()
#7 {main}
  thrown in /home/allinkc/www/app/helpers/MysqliDb.php on line 2010
[14-Apr-2023 18:14:11 UTC] PHP Notice:  Undefined property: stdClass::$image in /home/allinkc/www/app/controllers/BiolinkBlockAjax.php on line 135
[14-Apr-2023 18:14:11 UTC] PHP Notice:  Undefined variable: db in /home/allinkc/www/app/controllers/BiolinkBlockAjax.php on line 159
[14-Apr-2023 18:14:11 UTC] PHP Fatal error:  Uncaught Error: Call to a member function getNumRows() on null in /home/allinkc/www/app/controllers/BiolinkBlockAjax.php:159
Stack trace:
#0 [internal function]: Altum\Controllers\BiolinkBlockAjax->duplicate()
#1 /home/allinkc/www/app/core/App.php(204): call_user_func_array(Array, Array)
#2 /home/allinkc/www/index.php(20): Altum\App->__construct()
#3 {main}
  thrown in /home/allinkc/www/app/controllers/BiolinkBlockAjax.php on line 159
[14-Apr-2023 18:19:02 UTC] PHP Notice:  Undefined property: stdClass::$image in /home/allinkc/www/app/controllers/BiolinkBlockAjax.php on line 134
[14-Apr-2023 18:19:02 UTC] PHP Fatal error:  Uncaught Error: Cannot use object of type stdClass as array in /home/allinkc/www/app/controllers/BiolinkBlockAjax.php:161
Stack trace:
#0 [internal function]: Altum\Controllers\BiolinkBlockAjax->duplicate()
#1 /home/allinkc/www/app/core/App.php(204): call_user_func_array(Array, Array)
#2 /home/allinkc/www/index.php(20): Altum\App->__construct()
#3 {main}
  thrown in /home/allinkc/www/app/controllers/BiolinkBlockAjax.php on line 161
[14-Apr-2023 18:21:23 UTC] PHP Notice:  Undefined property: stdClass::$image in /home/allinkc/www/app/controllers/BiolinkBlockAjax.php on line 134
[14-Apr-2023 18:21:23 UTC] PHP Fatal error:  Uncaught Error: Cannot use object of type stdClass as array in /home/allinkc/www/app/controllers/BiolinkBlockAjax.php:161
Stack trace:
#0 [internal function]: Altum\Controllers\BiolinkBlockAjax->duplicate()
#1 /home/allinkc/www/app/core/App.php(204): call_user_func_array(Array, Array)
#2 /home/allinkc/www/index.php(20): Altum\App->__construct()
#3 {main}
  thrown in /home/allinkc/www/app/controllers/BiolinkBlockAjax.php on line 161
[14-Apr-2023 18:22:14 UTC] PHP Fatal error:  Uncaught Error: Cannot use object of type stdClass as array in /home/allinkc/www/app/controllers/BiolinkBlockAjax.php:161
Stack trace:
#0 [internal function]: Altum\Controllers\BiolinkBlockAjax->duplicate()
#1 /home/allinkc/www/app/core/App.php(204): call_user_func_array(Array, Array)
#2 /home/allinkc/www/index.php(20): Altum\App->__construct()
#3 {main}
  thrown in /home/allinkc/www/app/controllers/BiolinkBlockAjax.php on line 161
[14-Apr-2023 18:24:25 UTC] PHP Fatal error:  Uncaught Error: Call to a member function getNumRows() on array in /home/allinkc/www/app/controllers/BiolinkBlockAjax.php:157
Stack trace:
#0 [internal function]: Altum\Controllers\BiolinkBlockAjax->duplicate()
#1 /home/allinkc/www/app/core/App.php(204): call_user_func_array(Array, Array)
#2 /home/allinkc/www/index.php(20): Altum\App->__construct()
#3 {main}
  thrown in /home/allinkc/www/app/controllers/BiolinkBlockAjax.php on line 157
[14-Apr-2023 18:24:48 UTC] PHP Fatal error:  Uncaught Error: Call to a member function getNumRows() on array in /home/allinkc/www/app/controllers/BiolinkBlockAjax.php:157
Stack trace:
#0 [internal function]: Altum\Controllers\BiolinkBlockAjax->duplicate()
#1 /home/allinkc/www/app/core/App.php(204): call_user_func_array(Array, Array)
#2 /home/allinkc/www/index.php(20): Altum\App->__construct()
#3 {main}
  thrown in /home/allinkc/www/app/controllers/BiolinkBlockAjax.php on line 157
[14-Apr-2023 18:26:18 UTC] PHP Fatal error:  Uncaught Error: Cannot use object of type stdClass as array in /home/allinkc/www/app/controllers/BiolinkBlockAjax.php:161
Stack trace:
#0 [internal function]: Altum\Controllers\BiolinkBlockAjax->duplicate()
#1 /home/allinkc/www/app/core/App.php(204): call_user_func_array(Array, Array)
#2 /home/allinkc/www/index.php(20): Altum\App->__construct()
#3 {main}
  thrown in /home/allinkc/www/app/controllers/BiolinkBlockAjax.php on line 161
[14-Apr-2023 18:27:43 UTC] PHP Notice:  Undefined property: stdClass::$password in /home/allinkc/www/app/controllers/l/Link.php on line 124
[14-Apr-2023 18:27:43 UTC] PHP Notice:  Undefined property: stdClass::$sensitive_content in /home/allinkc/www/app/controllers/l/Link.php on line 153
[14-Apr-2023 18:34:24 UTC] PHP Notice:  Undefined property: stdClass::$password in /home/allinkc/www/app/controllers/l/Link.php on line 124
[14-Apr-2023 18:34:24 UTC] PHP Notice:  Undefined property: stdClass::$sensitive_content in /home/allinkc/www/app/controllers/l/Link.php on line 153
[14-Apr-2023 19:04:43 UTC] PHP Notice:  Undefined property: stdClass::$display_countries in /home/allinkc/www/themes/altum/views/l/partials/biolink.php on line 61
[14-Apr-2023 19:04:43 UTC] PHP Notice:  Undefined property: stdClass::$display_devices in /home/allinkc/www/themes/altum/views/l/partials/biolink.php on line 64
[14-Apr-2023 19:04:43 UTC] PHP Notice:  Undefined property: stdClass::$display_languages in /home/allinkc/www/themes/altum/views/l/partials/biolink.php on line 67
[14-Apr-2023 19:04:43 UTC] PHP Notice:  Undefined property: stdClass::$display_operating_systems in /home/allinkc/www/themes/altum/views/l/partials/biolink.php on line 70
[14-Apr-2023 19:04:53 UTC] PHP Notice:  Undefined property: stdClass::$display_countries in /home/allinkc/www/themes/altum/views/l/partials/biolink.php on line 61
[14-Apr-2023 19:04:53 UTC] PHP Notice:  Undefined property: stdClass::$display_devices in /home/allinkc/www/themes/altum/views/l/partials/biolink.php on line 64
[14-Apr-2023 19:04:53 UTC] PHP Notice:  Undefined property: stdClass::$display_languages in /home/allinkc/www/themes/altum/views/l/partials/biolink.php on line 67
[14-Apr-2023 19:04:53 UTC] PHP Notice:  Undefined property: stdClass::$display_operating_systems in /home/allinkc/www/themes/altum/views/l/partials/biolink.php on line 70
[14-Apr-2023 19:04:53 UTC] PHP Notice:  Undefined property: stdClass::$display_countries in /home/allinkc/www/themes/altum/views/l/partials/biolink.php on line 61
[14-Apr-2023 19:04:53 UTC] PHP Notice:  Undefined property: stdClass::$display_devices in /home/allinkc/www/themes/altum/views/l/partials/biolink.php on line 64
[14-Apr-2023 19:04:53 UTC] PHP Notice:  Undefined property: stdClass::$display_languages in /home/allinkc/www/themes/altum/views/l/partials/biolink.php on line 67
[14-Apr-2023 19:04:53 UTC] PHP Notice:  Undefined property: stdClass::$display_operating_systems in /home/allinkc/www/themes/altum/views/l/partials/biolink.php on line 70
[14-Apr-2023 19:05:19 UTC] PHP Notice:  Undefined property: stdClass::$display_countries in /home/allinkc/www/themes/altum/views/l/partials/biolink.php on line 61
[14-Apr-2023 19:05:19 UTC] PHP Notice:  Undefined property: stdClass::$display_devices in /home/allinkc/www/themes/altum/views/l/partials/biolink.php on line 64
[14-Apr-2023 19:05:19 UTC] PHP Notice:  Undefined property: stdClass::$display_languages in /home/allinkc/www/themes/altum/views/l/partials/biolink.php on line 67
[14-Apr-2023 19:05:19 UTC] PHP Notice:  Undefined property: stdClass::$display_operating_systems in /home/allinkc/www/themes/altum/views/l/partials/biolink.php on line 70
[14-Apr-2023 19:05:32 UTC] PHP Notice:  Undefined property: stdClass::$display_countries in /home/allinkc/www/themes/altum/views/l/partials/biolink.php on line 61
[14-Apr-2023 19:05:32 UTC] PHP Notice:  Undefined property: stdClass::$display_devices in /home/allinkc/www/themes/altum/views/l/partials/biolink.php on line 64
[14-Apr-2023 19:05:32 UTC] PHP Notice:  Undefined property: stdClass::$display_languages in /home/allinkc/www/themes/altum/views/l/partials/biolink.php on line 67
[14-Apr-2023 19:05:32 UTC] PHP Notice:  Undefined property: stdClass::$display_operating_systems in /home/allinkc/www/themes/altum/views/l/partials/biolink.php on line 70
[14-Apr-2023 19:07:09 UTC] PHP Notice:  Undefined property: stdClass::$display_countries in /home/allinkc/www/themes/altum/views/l/partials/biolink.php on line 61
[14-Apr-2023 19:07:09 UTC] PHP Notice:  Undefined property: stdClass::$display_devices in /home/allinkc/www/themes/altum/views/l/partials/biolink.php on line 64
[14-Apr-2023 19:07:09 UTC] PHP Notice:  Undefined property: stdClass::$display_languages in /home/allinkc/www/themes/altum/views/l/partials/biolink.php on line 67
[14-Apr-2023 19:07:09 UTC] PHP Notice:  Undefined property: stdClass::$display_operating_systems in /home/allinkc/www/themes/altum/views/l/partials/biolink.php on line 70
[14-Apr-2023 19:07:11 UTC] PHP Notice:  Undefined property: stdClass::$display_countries in /home/allinkc/www/themes/altum/views/l/partials/biolink.php on line 61
[14-Apr-2023 19:07:11 UTC] PHP Notice:  Undefined property: stdClass::$display_devices in /home/allinkc/www/themes/altum/views/l/partials/biolink.php on line 64
[14-Apr-2023 19:07:11 UTC] PHP Notice:  Undefined property: stdClass::$display_languages in /home/allinkc/www/themes/altum/views/l/partials/biolink.php on line 67
[14-Apr-2023 19:07:11 UTC] PHP Notice:  Undefined property: stdClass::$display_operating_systems in /home/allinkc/www/themes/altum/views/l/partials/biolink.php on line 70
[14-Apr-2023 19:07:30 UTC] PHP Notice:  Undefined property: stdClass::$password in /home/allinkc/www/app/controllers/l/Link.php on line 124
[14-Apr-2023 19:07:30 UTC] PHP Notice:  Undefined property: stdClass::$sensitive_content in /home/allinkc/www/app/controllers/l/Link.php on line 153
[14-Apr-2023 19:07:50 UTC] PHP Notice:  Undefined property: stdClass::$display_countries in /home/allinkc/www/themes/altum/views/l/partials/biolink.php on line 61
[14-Apr-2023 19:07:50 UTC] PHP Notice:  Undefined property: stdClass::$display_devices in /home/allinkc/www/themes/altum/views/l/partials/biolink.php on line 64
[14-Apr-2023 19:07:50 UTC] PHP Notice:  Undefined property: stdClass::$display_languages in /home/allinkc/www/themes/altum/views/l/partials/biolink.php on line 67
[14-Apr-2023 19:07:50 UTC] PHP Notice:  Undefined property: stdClass::$display_operating_systems in /home/allinkc/www/themes/altum/views/l/partials/biolink.php on line 70
[14-Apr-2023 19:08:05 UTC] PHP Notice:  Undefined property: stdClass::$display_countries in /home/allinkc/www/themes/altum/views/l/partials/biolink.php on line 61
[14-Apr-2023 19:08:05 UTC] PHP Notice:  Undefined property: stdClass::$display_devices in /home/allinkc/www/themes/altum/views/l/partials/biolink.php on line 64
[14-Apr-2023 19:08:05 UTC] PHP Notice:  Undefined property: stdClass::$display_languages in /home/allinkc/www/themes/altum/views/l/partials/biolink.php on line 67
[14-Apr-2023 19:08:05 UTC] PHP Notice:  Undefined property: stdClass::$display_operating_systems in /home/allinkc/www/themes/altum/views/l/partials/biolink.php on line 70
[14-Apr-2023 19:08:23 UTC] PHP Notice:  Undefined property: stdClass::$display_countries in /home/allinkc/www/themes/altum/views/l/partials/biolink.php on line 61
[14-Apr-2023 19:08:23 UTC] PHP Notice:  Undefined property: stdClass::$display_devices in /home/allinkc/www/themes/altum/views/l/partials/biolink.php on line 64
[14-Apr-2023 19:08:23 UTC] PHP Notice:  Undefined property: stdClass::$display_languages in /home/allinkc/www/themes/altum/views/l/partials/biolink.php on line 67
[14-Apr-2023 19:08:23 UTC] PHP Notice:  Undefined property: stdClass::$display_operating_systems in /home/allinkc/www/themes/altum/views/l/partials/biolink.php on line 70
[14-Apr-2023 19:08:25 UTC] PHP Notice:  Undefined property: stdClass::$display_countries in /home/allinkc/www/themes/altum/views/l/partials/biolink.php on line 61
[14-Apr-2023 19:08:25 UTC] PHP Notice:  Undefined property: stdClass::$display_devices in /home/allinkc/www/themes/altum/views/l/partials/biolink.php on line 64
[14-Apr-2023 19:08:25 UTC] PHP Notice:  Undefined property: stdClass::$display_languages in /home/allinkc/www/themes/altum/views/l/partials/biolink.php on line 67
[14-Apr-2023 19:08:25 UTC] PHP Notice:  Undefined property: stdClass::$display_operating_systems in /home/allinkc/www/themes/altum/views/l/partials/biolink.php on line 70
[14-Apr-2023 19:28:28 UTC] PHP Notice:  Undefined property: stdClass::$password in /home/allinkc/www/app/controllers/l/Link.php on line 124
[14-Apr-2023 19:28:28 UTC] PHP Notice:  Undefined property: stdClass::$sensitive_content in /home/allinkc/www/app/controllers/l/Link.php on line 153
[14-Apr-2023 19:31:11 UTC] PHP Notice:  Undefined property: stdClass::$password in /home/allinkc/www/app/controllers/l/Link.php on line 124
[14-Apr-2023 19:31:11 UTC] PHP Notice:  Undefined property: stdClass::$sensitive_content in /home/allinkc/www/app/controllers/l/Link.php on line 153
[14-Apr-2023 19:33:13 UTC] PHP Notice:  Undefined property: stdClass::$password in /home/allinkc/www/app/controllers/l/Link.php on line 124
[14-Apr-2023 19:33:13 UTC] PHP Notice:  Undefined property: stdClass::$sensitive_content in /home/allinkc/www/app/controllers/l/Link.php on line 153
[14-Apr-2023 19:35:31 UTC] PHP Notice:  Undefined property: stdClass::$password in /home/allinkc/www/app/controllers/l/Link.php on line 124
[14-Apr-2023 19:35:31 UTC] PHP Notice:  Undefined property: stdClass::$sensitive_content in /home/allinkc/www/app/controllers/l/Link.php on line 153
[14-Apr-2023 19:48:56 UTC] PHP Notice:  Undefined property: stdClass::$password in /home/allinkc/www/app/controllers/l/Link.php on line 124
[14-Apr-2023 19:48:56 UTC] PHP Notice:  Undefined property: stdClass::$sensitive_content in /home/allinkc/www/app/controllers/l/Link.php on line 153
[14-Apr-2023 19:49:41 UTC] PHP Notice:  Undefined property: stdClass::$password in /home/allinkc/www/app/controllers/l/Link.php on line 124
[14-Apr-2023 19:49:41 UTC] PHP Notice:  Undefined property: stdClass::$sensitive_content in /home/allinkc/www/app/controllers/l/Link.php on line 153
[14-Apr-2023 20:04:00 UTC] PHP Notice:  Undefined property: stdClass::$contact in /home/allinkc/www/app/controllers/Contact.php on line 70
[14-Apr-2023 20:17:42 UTC] PHP Notice:  Undefined property: stdClass::$display_countries in /home/allinkc/www/themes/altum/views/l/partials/biolink.php on line 61
[14-Apr-2023 20:17:42 UTC] PHP Notice:  Undefined property: stdClass::$display_devices in /home/allinkc/www/themes/altum/views/l/partials/biolink.php on line 64
[14-Apr-2023 20:17:42 UTC] PHP Notice:  Undefined property: stdClass::$display_languages in /home/allinkc/www/themes/altum/views/l/partials/biolink.php on line 67
[14-Apr-2023 20:17:42 UTC] PHP Notice:  Undefined property: stdClass::$display_operating_systems in /home/allinkc/www/themes/altum/views/l/partials/biolink.php on line 70
[14-Apr-2023 20:17:44 UTC] PHP Notice:  Undefined property: stdClass::$display_countries in /home/allinkc/www/themes/altum/views/l/partials/biolink.php on line 61
[14-Apr-2023 20:17:44 UTC] PHP Notice:  Undefined property: stdClass::$display_devices in /home/allinkc/www/themes/altum/views/l/partials/biolink.php on line 64
[14-Apr-2023 20:17:44 UTC] PHP Notice:  Undefined property: stdClass::$display_languages in /home/allinkc/www/themes/altum/views/l/partials/biolink.php on line 67
[14-Apr-2023 20:17:44 UTC] PHP Notice:  Undefined property: stdClass::$display_operating_systems in /home/allinkc/www/themes/altum/views/l/partials/biolink.php on line 70
[14-Apr-2023 20:17:51 UTC] PHP Notice:  Undefined property: stdClass::$password in /home/allinkc/www/app/controllers/l/Link.php on line 124
[14-Apr-2023 20:17:51 UTC] PHP Notice:  Undefined property: stdClass::$sensitive_content in /home/allinkc/www/app/controllers/l/Link.php on line 153
[14-Apr-2023 20:19:34 UTC] PHP Notice:  Undefined property: stdClass::$display_countries in /home/allinkc/www/themes/altum/views/l/partials/biolink.php on line 61
[14-Apr-2023 20:19:34 UTC] PHP Notice:  Undefined property: stdClass::$display_devices in /home/allinkc/www/themes/altum/views/l/partials/biolink.php on line 64
[14-Apr-2023 20:19:34 UTC] PHP Notice:  Undefined property: stdClass::$display_languages in /home/allinkc/www/themes/altum/views/l/partials/biolink.php on line 67
[14-Apr-2023 20:19:34 UTC] PHP Notice:  Undefined property: stdClass::$display_operating_systems in /home/allinkc/www/themes/altum/views/l/partials/biolink.php on line 70
[14-Apr-2023 20:22:24 UTC] PHP Notice:  Undefined property: stdClass::$display_countries in /home/allinkc/www/themes/altum/views/l/partials/biolink.php on line 61
[14-Apr-2023 20:22:24 UTC] PHP Notice:  Undefined property: stdClass::$display_devices in /home/allinkc/www/themes/altum/views/l/partials/biolink.php on line 64
[14-Apr-2023 20:22:24 UTC] PHP Notice:  Undefined property: stdClass::$display_languages in /home/allinkc/www/themes/altum/views/l/partials/biolink.php on line 67
[14-Apr-2023 20:22:24 UTC] PHP Notice:  Undefined property: stdClass::$display_operating_systems in /home/allinkc/www/themes/altum/views/l/partials/biolink.php on line 70
[14-Apr-2023 20:22:28 UTC] PHP Notice:  Undefined property: stdClass::$display_countries in /home/allinkc/www/themes/altum/views/l/partials/biolink.php on line 61
[14-Apr-2023 20:22:28 UTC] PHP Notice:  Undefined property: stdClass::$display_devices in /home/allinkc/www/themes/altum/views/l/partials/biolink.php on line 64
[14-Apr-2023 20:22:28 UTC] PHP Notice:  Undefined property: stdClass::$display_languages in /home/allinkc/www/themes/altum/views/l/partials/biolink.php on line 67
[14-Apr-2023 20:22:28 UTC] PHP Notice:  Undefined property: stdClass::$display_operating_systems in /home/allinkc/www/themes/altum/views/l/partials/biolink.php on line 70
[14-Apr-2023 20:22:30 UTC] PHP Notice:  Undefined property: stdClass::$display_countries in /home/allinkc/www/themes/altum/views/l/partials/biolink.php on line 61
[14-Apr-2023 20:22:30 UTC] PHP Notice:  Undefined property: stdClass::$display_devices in /home/allinkc/www/themes/altum/views/l/partials/biolink.php on line 64
[14-Apr-2023 20:22:30 UTC] PHP Notice:  Undefined property: stdClass::$display_languages in /home/allinkc/www/themes/altum/views/l/partials/biolink.php on line 67
[14-Apr-2023 20:22:30 UTC] PHP Notice:  Undefined property: stdClass::$display_operating_systems in /home/allinkc/www/themes/altum/views/l/partials/biolink.php on line 70
[14-Apr-2023 20:22:30 UTC] PHP Notice:  Undefined property: stdClass::$display_countries in /home/allinkc/www/themes/altum/views/l/partials/biolink.php on line 61
[14-Apr-2023 20:22:30 UTC] PHP Notice:  Undefined property: stdClass::$display_devices in /home/allinkc/www/themes/altum/views/l/partials/biolink.php on line 64
[14-Apr-2023 20:22:30 UTC] PHP Notice:  Undefined property: stdClass::$display_languages in /home/allinkc/www/themes/altum/views/l/partials/biolink.php on line 67
[14-Apr-2023 20:22:30 UTC] PHP Notice:  Undefined property: stdClass::$display_operating_systems in /home/allinkc/www/themes/altum/views/l/partials/biolink.php on line 70
[14-Apr-2023 20:22:30 UTC] PHP Notice:  Undefined property: stdClass::$display_countries in /home/allinkc/www/themes/altum/views/l/partials/biolink.php on line 61
[14-Apr-2023 20:22:30 UTC] PHP Notice:  Undefined property: stdClass::$display_devices in /home/allinkc/www/themes/altum/views/l/partials/biolink.php on line 64
[14-Apr-2023 20:22:30 UTC] PHP Notice:  Undefined property: stdClass::$display_languages in /home/allinkc/www/themes/altum/views/l/partials/biolink.php on line 67
[14-Apr-2023 20:22:30 UTC] PHP Notice:  Undefined property: stdClass::$display_operating_systems in /home/allinkc/www/themes/altum/views/l/partials/biolink.php on line 70
[14-Apr-2023 20:22:33 UTC] PHP Notice:  Undefined property: stdClass::$display_countries in /home/allinkc/www/themes/altum/views/l/partials/biolink.php on line 61
[14-Apr-2023 20:22:33 UTC] PHP Notice:  Undefined property: stdClass::$display_devices in /home/allinkc/www/themes/altum/views/l/partials/biolink.php on line 64
[14-Apr-2023 20:22:33 UTC] PHP Notice:  Undefined property: stdClass::$display_languages in /home/allinkc/www/themes/altum/views/l/partials/biolink.php on line 67
[14-Apr-2023 20:22:33 UTC] PHP Notice:  Undefined property: stdClass::$display_operating_systems in /home/allinkc/www/themes/altum/views/l/partials/biolink.php on line 70
[14-Apr-2023 20:24:15 UTC] PHP Notice:  Undefined property: stdClass::$password in /home/allinkc/www/app/controllers/l/Link.php on line 124
[14-Apr-2023 20:24:15 UTC] PHP Notice:  Undefined property: stdClass::$sensitive_content in /home/allinkc/www/app/controllers/l/Link.php on line 153
[14-Apr-2023 20:24:25 UTC] PHP Notice:  Undefined property: stdClass::$password in /home/allinkc/www/app/controllers/l/Link.php on line 124
[14-Apr-2023 20:24:25 UTC] PHP Notice:  Undefined property: stdClass::$sensitive_content in /home/allinkc/www/app/controllers/l/Link.php on line 153
[14-Apr-2023 20:27:18 UTC] PHP Notice:  Undefined index: path in /home/allinkc/www/app/controllers/l/Link.php on line 368
[14-Apr-2023 20:27:33 UTC] PHP Notice:  Undefined property: stdClass::$password in /home/allinkc/www/app/controllers/l/Link.php on line 124
[14-Apr-2023 20:27:33 UTC] PHP Notice:  Undefined property: stdClass::$sensitive_content in /home/allinkc/www/app/controllers/l/Link.php on line 153
[14-Apr-2023 20:31:12 UTC] PHP Notice:  Undefined property: stdClass::$password in /home/allinkc/www/app/controllers/l/Link.php on line 124
[14-Apr-2023 20:31:12 UTC] PHP Notice:  Undefined property: stdClass::$sensitive_content in /home/allinkc/www/app/controllers/l/Link.php on line 153
[14-Apr-2023 20:36:35 UTC] PHP Notice:  Undefined property: stdClass::$password in /home/allinkc/www/app/controllers/l/Link.php on line 124
[14-Apr-2023 20:36:35 UTC] PHP Notice:  Undefined property: stdClass::$sensitive_content in /home/allinkc/www/app/controllers/l/Link.php on line 153
[14-Apr-2023 20:42:15 UTC] PHP Notice:  Undefined index: path in /home/allinkc/www/app/controllers/l/Link.php on line 368
[14-Apr-2023 20:42:20 UTC] PHP Notice:  Undefined property: stdClass::$password in /home/allinkc/www/app/controllers/l/Link.php on line 124
[14-Apr-2023 20:42:20 UTC] PHP Notice:  Undefined property: stdClass::$sensitive_content in /home/allinkc/www/app/controllers/l/Link.php on line 153
[14-Apr-2023 20:49:19 UTC] PHP Notice:  Undefined property: stdClass::$password in /home/allinkc/www/app/controllers/l/Link.php on line 124
[14-Apr-2023 20:49:19 UTC] PHP Notice:  Undefined property: stdClass::$sensitive_content in /home/allinkc/www/app/controllers/l/Link.php on line 153
[14-Apr-2023 20:49:23 UTC] PHP Notice:  Undefined property: stdClass::$password in /home/allinkc/www/app/controllers/l/Link.php on line 124
[14-Apr-2023 20:49:23 UTC] PHP Notice:  Undefined property: stdClass::$sensitive_content in /home/allinkc/www/app/controllers/l/Link.php on line 153
[14-Apr-2023 20:49:33 UTC] PHP Notice:  Undefined property: stdClass::$password in /home/allinkc/www/app/controllers/l/Link.php on line 124
[14-Apr-2023 20:49:33 UTC] PHP Notice:  Undefined property: stdClass::$sensitive_content in /home/allinkc/www/app/controllers/l/Link.php on line 153
[14-Apr-2023 20:51:57 UTC] PHP Notice:  Undefined property: stdClass::$password in /home/allinkc/www/app/controllers/l/Link.php on line 124
[14-Apr-2023 20:51:57 UTC] PHP Notice:  Undefined property: stdClass::$sensitive_content in /home/allinkc/www/app/controllers/l/Link.php on line 153
[14-Apr-2023 21:26:15 UTC] PHP Notice:  Undefined property: stdClass::$password in /home/allinkc/www/app/controllers/l/Link.php on line 124
[14-Apr-2023 21:26:15 UTC] PHP Notice:  Undefined property: stdClass::$sensitive_content in /home/allinkc/www/app/controllers/l/Link.php on line 153
[14-Apr-2023 21:26:46 UTC] PHP Notice:  Undefined property: stdClass::$password in /home/allinkc/www/app/controllers/l/Link.php on line 124
[14-Apr-2023 21:26:46 UTC] PHP Notice:  Undefined property: stdClass::$sensitive_content in /home/allinkc/www/app/controllers/l/Link.php on line 153
[14-Apr-2023 21:37:05 UTC] PHP Notice:  Undefined property: stdClass::$password in /home/allinkc/www/app/controllers/l/Link.php on line 124
[14-Apr-2023 21:37:05 UTC] PHP Notice:  Undefined property: stdClass::$sensitive_content in /home/allinkc/www/app/controllers/l/Link.php on line 153
[14-Apr-2023 21:39:00 UTC] PHP Notice:  Undefined property: stdClass::$password in /home/allinkc/www/app/controllers/l/Link.php on line 124
[14-Apr-2023 21:39:00 UTC] PHP Notice:  Undefined property: stdClass::$sensitive_content in /home/allinkc/www/app/controllers/l/Link.php on line 153
