[22-Oct-2023 11:10:38 UTC] PHP Warning:  Invalid argument supplied for foreach() in /home/allinkc/www/themes/altum/views/dashboard/index.php on line 8
[22-Oct-2023 11:10:38 UTC] PHP Warning:  Invalid argument supplied for foreach() in /home/allinkc/www/themes/altum/views/dashboard/index.php on line 15
[22-Oct-2023 11:15:17 UTC] PHP Warning:  Invalid argument supplied for foreach() in /home/allinkc/www/themes/altum/views/dashboard/index.php on line 8
[22-Oct-2023 11:15:17 UTC] PHP Warning:  Invalid argument supplied for foreach() in /home/allinkc/www/themes/altum/views/dashboard/index.php on line 15
[22-Oct-2023 11:15:39 UTC] PHP Warning:  Invalid argument supplied for foreach() in /home/allinkc/www/themes/altum/views/dashboard/index.php on line 8
[22-Oct-2023 11:15:39 UTC] PHP Warning:  Invalid argument supplied for foreach() in /home/allinkc/www/themes/altum/views/dashboard/index.php on line 15
[22-Oct-2023 12:37:34 UTC] PHP Warning:  Invalid argument supplied for foreach() in /home/allinkc/www/themes/altum/views/dashboard/index.php on line 8
[22-Oct-2023 12:37:34 UTC] PHP Warning:  Invalid argument supplied for foreach() in /home/allinkc/www/themes/altum/views/dashboard/index.php on line 15
[22-Oct-2023 13:25:25 UTC] PHP Warning:  Invalid argument supplied for foreach() in /home/allinkc/www/themes/altum/views/dashboard/index.php on line 8
[22-Oct-2023 13:25:25 UTC] PHP Warning:  Invalid argument supplied for foreach() in /home/allinkc/www/themes/altum/views/dashboard/index.php on line 15
[22-Oct-2023 13:26:26 UTC] PHP Warning:  Invalid argument supplied for foreach() in /home/allinkc/www/themes/altum/views/dashboard/index.php on line 8
[22-Oct-2023 13:26:26 UTC] PHP Warning:  Invalid argument supplied for foreach() in /home/allinkc/www/themes/altum/views/dashboard/index.php on line 15
[22-Oct-2023 13:32:36 UTC] PHP Warning:  Invalid argument supplied for foreach() in /home/allinkc/www/themes/altum/views/dashboard/index.php on line 8
[22-Oct-2023 13:32:36 UTC] PHP Warning:  Invalid argument supplied for foreach() in /home/allinkc/www/themes/altum/views/dashboard/index.php on line 15
[22-Oct-2023 13:55:34 UTC] PHP Warning:  Invalid argument supplied for foreach() in /home/allinkc/www/themes/altum/views/dashboard/index.php on line 8
[22-Oct-2023 13:55:34 UTC] PHP Warning:  Invalid argument supplied for foreach() in /home/allinkc/www/themes/altum/views/dashboard/index.php on line 15
[22-Oct-2023 13:55:53 UTC] PHP Warning:  Invalid argument supplied for foreach() in /home/allinkc/www/themes/altum/views/dashboard/index.php on line 8
[22-Oct-2023 13:55:53 UTC] PHP Warning:  Invalid argument supplied for foreach() in /home/allinkc/www/themes/altum/views/dashboard/index.php on line 15
[22-Oct-2023 13:55:55 UTC] PHP Warning:  Invalid argument supplied for foreach() in /home/allinkc/www/themes/altum/views/dashboard/index.php on line 8
[22-Oct-2023 13:55:55 UTC] PHP Warning:  Invalid argument supplied for foreach() in /home/allinkc/www/themes/altum/views/dashboard/index.php on line 15
[22-Oct-2023 14:00:57 UTC] PHP Warning:  Invalid argument supplied for foreach() in /home/allinkc/www/themes/altum/views/dashboard/index.php on line 8
[22-Oct-2023 14:00:57 UTC] PHP Warning:  Invalid argument supplied for foreach() in /home/allinkc/www/themes/altum/views/dashboard/index.php on line 15
[22-Oct-2023 14:01:33 UTC] PHP Warning:  Invalid argument supplied for foreach() in /home/allinkc/www/themes/altum/views/dashboard/index.php on line 8
[22-Oct-2023 14:01:33 UTC] PHP Warning:  Invalid argument supplied for foreach() in /home/allinkc/www/themes/altum/views/dashboard/index.php on line 15
[22-Oct-2023 16:41:36 UTC] PHP Warning:  Invalid argument supplied for foreach() in /home/allinkc/www/themes/altum/views/dashboard/index.php on line 8
[22-Oct-2023 16:41:36 UTC] PHP Warning:  Invalid argument supplied for foreach() in /home/allinkc/www/themes/altum/views/dashboard/index.php on line 15
[22-Oct-2023 16:44:02 UTC] PHP Warning:  Invalid argument supplied for foreach() in /home/allinkc/www/themes/altum/views/dashboard/index.php on line 8
[22-Oct-2023 16:44:02 UTC] PHP Warning:  Invalid argument supplied for foreach() in /home/allinkc/www/themes/altum/views/dashboard/index.php on line 15
[22-Oct-2023 16:59:08 UTC] PHP Warning:  Invalid argument supplied for foreach() in /home/allinkc/www/themes/altum/views/dashboard/index.php on line 8
[22-Oct-2023 16:59:08 UTC] PHP Warning:  Invalid argument supplied for foreach() in /home/allinkc/www/themes/altum/views/dashboard/index.php on line 15
[22-Oct-2023 16:59:12 UTC] PHP Warning:  Invalid argument supplied for foreach() in /home/allinkc/www/themes/altum/views/dashboard/index.php on line 8
[22-Oct-2023 16:59:12 UTC] PHP Warning:  Invalid argument supplied for foreach() in /home/allinkc/www/themes/altum/views/dashboard/index.php on line 15
[22-Oct-2023 17:00:06 UTC] PHP Warning:  Invalid argument supplied for foreach() in /home/allinkc/www/themes/altum/views/dashboard/index.php on line 8
[22-Oct-2023 17:00:06 UTC] PHP Warning:  Invalid argument supplied for foreach() in /home/allinkc/www/themes/altum/views/dashboard/index.php on line 15
[22-Oct-2023 18:45:10 UTC] PHP Warning:  Invalid argument supplied for foreach() in /home/allinkc/www/themes/altum/views/dashboard/index.php on line 8
[22-Oct-2023 18:45:10 UTC] PHP Warning:  Invalid argument supplied for foreach() in /home/allinkc/www/themes/altum/views/dashboard/index.php on line 15
[22-Oct-2023 18:46:51 UTC] PHP Fatal error:  Uncaught Error: Call to a member function fetch_object() on bool in /home/allinkc/www/app/models/Domain.php:43
Stack trace:
#0 /home/allinkc/www/app/controllers/BiolinksTemplates.php(55): Altum\Models\Domain->get_available_domains_by_user(NULL)
#1 [internal function]: Altum\controllers\BiolinksTemplates->index()
#2 /home/allinkc/www/app/core/App.php(204): call_user_func_array(Array, Array)
#3 /home/allinkc/www/index.php(20): Altum\App->__construct()
#4 {main}
  thrown in /home/allinkc/www/app/models/Domain.php on line 43
