[15-Apr-2023 22:00:14 UTC] PHP Notice:  Undefined property: stdClass::$image in /home/allinkc/www/app/controllers/BiolinkBlockAjax.php on line 134
[15-Apr-2023 22:00:14 UTC] PHP Fatal error:  Uncaught Exception: You have an error in your SQL syntax; check the manual that corresponds to your MySQL server version for the right syntax to use near '3 ?  AND user_id = ?' at line 1 query: SELECT  * FROM biolinks_blocks WHERE  `order` 3 ?  AND user_id = ?  in /home/allinkc/www/app/helpers/MysqliDb.php:2010
Stack trace:
#0 /home/allinkc/www/app/helpers/MysqliDb.php(1598): Altum\Helpers\MysqliDb->_prepareQuery()
#1 /home/allinkc/www/app/helpers/MysqliDb.php(747): Altum\Helpers\MysqliDb->_buildQuery(NULL)
#2 /home/allinkc/www/app/controllers/BiolinkBlockAjax.php(156): Altum\Helpers\MysqliDb->get('biolinks_blocks')
#3 [internal function]: Altum\Controllers\BiolinkBlockAjax->duplicate()
#4 /home/allinkc/www/app/core/App.php(204): call_user_func_array(Array, Array)
#5 /home/allinkc/www/index.php(20): Altum\App->__construct()
#6 {main}
  thrown in /home/allinkc/www/app/helpers/MysqliDb.php on line 2010
[15-Apr-2023 22:00:35 UTC] PHP Notice:  Undefined property: stdClass::$image in /home/allinkc/www/app/controllers/BiolinkBlockAjax.php on line 134
[15-Apr-2023 22:00:35 UTC] PHP Fatal error:  Uncaught Exception: You have an error in your SQL syntax; check the manual that corresponds to your MySQL server version for the right syntax to use near '3 ?  AND user_id = ?' at line 1 query: SELECT  * FROM biolinks_blocks WHERE  `order` 3 ?  AND user_id = ?  in /home/allinkc/www/app/helpers/MysqliDb.php:2010
Stack trace:
#0 /home/allinkc/www/app/helpers/MysqliDb.php(1598): Altum\Helpers\MysqliDb->_prepareQuery()
#1 /home/allinkc/www/app/helpers/MysqliDb.php(747): Altum\Helpers\MysqliDb->_buildQuery(NULL)
#2 /home/allinkc/www/app/controllers/BiolinkBlockAjax.php(156): Altum\Helpers\MysqliDb->get('biolinks_blocks')
#3 [internal function]: Altum\Controllers\BiolinkBlockAjax->duplicate()
#4 /home/allinkc/www/app/core/App.php(204): call_user_func_array(Array, Array)
#5 /home/allinkc/www/index.php(20): Altum\App->__construct()
#6 {main}
  thrown in /home/allinkc/www/app/helpers/MysqliDb.php on line 2010
[15-Apr-2023 22:00:56 UTC] PHP Fatal error:  Uncaught Exception: You have an error in your SQL syntax; check the manual that corresponds to your MySQL server version for the right syntax to use near '3 ?  AND user_id = ?' at line 1 query: SELECT  * FROM biolinks_blocks WHERE  `order` 3 ?  AND user_id = ?  in /home/allinkc/www/app/helpers/MysqliDb.php:2010
Stack trace:
#0 /home/allinkc/www/app/helpers/MysqliDb.php(1598): Altum\Helpers\MysqliDb->_prepareQuery()
#1 /home/allinkc/www/app/helpers/MysqliDb.php(747): Altum\Helpers\MysqliDb->_buildQuery(NULL)
#2 /home/allinkc/www/app/controllers/BiolinkBlockAjax.php(156): Altum\Helpers\MysqliDb->get('biolinks_blocks')
#3 [internal function]: Altum\Controllers\BiolinkBlockAjax->duplicate()
#4 /home/allinkc/www/app/core/App.php(204): call_user_func_array(Array, Array)
#5 /home/allinkc/www/index.php(20): Altum\App->__construct()
#6 {main}
  thrown in /home/allinkc/www/app/helpers/MysqliDb.php on line 2010
[15-Apr-2023 22:02:40 UTC] PHP Notice:  Trying to access array offset on value of type bool in /home/allinkc/www/themes/altum/views/dashboard/index.php on line 5
[15-Apr-2023 22:02:40 UTC] PHP Warning:  Invalid argument supplied for foreach() in /home/allinkc/www/themes/altum/views/dashboard/index.php on line 8
[15-Apr-2023 22:02:40 UTC] PHP Notice:  Trying to access array offset on value of type bool in /home/allinkc/www/themes/altum/views/dashboard/index.php on line 12
[15-Apr-2023 22:02:40 UTC] PHP Warning:  Invalid argument supplied for foreach() in /home/allinkc/www/themes/altum/views/dashboard/index.php on line 15
[15-Apr-2023 22:04:05 UTC] PHP Notice:  Undefined index: verified_location in /home/allinkc/www/app/controllers/LinkAjax.php on line 1009
[15-Apr-2023 22:04:05 UTC] PHP Notice:  Undefined index: utm_medium in /home/allinkc/www/app/controllers/LinkAjax.php on line 1016
[15-Apr-2023 22:04:05 UTC] PHP Notice:  Undefined index: utm_source in /home/allinkc/www/app/controllers/LinkAjax.php on line 1017
[15-Apr-2023 22:04:05 UTC] PHP Notice:  Undefined index: custom_css in /home/allinkc/www/app/controllers/LinkAjax.php on line 1022
[15-Apr-2023 22:04:05 UTC] PHP Notice:  Undefined index: custom_js in /home/allinkc/www/app/controllers/LinkAjax.php on line 1023
[15-Apr-2023 22:04:30 UTC] PHP Fatal error:  Uncaught Exception: You have an error in your SQL syntax; check the manual that corresponds to your MySQL server version for the right syntax to use near '1 ?  AND user_id = ?' at line 1 query: SELECT  * FROM biolinks_blocks WHERE  `order` 1 ?  AND user_id = ?  in /home/allinkc/www/app/helpers/MysqliDb.php:2010
Stack trace:
#0 /home/allinkc/www/app/helpers/MysqliDb.php(1598): Altum\Helpers\MysqliDb->_prepareQuery()
#1 /home/allinkc/www/app/helpers/MysqliDb.php(747): Altum\Helpers\MysqliDb->_buildQuery(NULL)
#2 /home/allinkc/www/app/controllers/BiolinkBlockAjax.php(156): Altum\Helpers\MysqliDb->get('biolinks_blocks')
#3 [internal function]: Altum\Controllers\BiolinkBlockAjax->duplicate()
#4 /home/allinkc/www/app/core/App.php(204): call_user_func_array(Array, Array)
#5 /home/allinkc/www/index.php(20): Altum\App->__construct()
#6 {main}
  thrown in /home/allinkc/www/app/helpers/MysqliDb.php on line 2010
[15-Apr-2023 22:04:56 UTC] PHP Fatal error:  Uncaught Exception: You have an error in your SQL syntax; check the manual that corresponds to your MySQL server version for the right syntax to use near '2 ?  AND user_id = ?' at line 1 query: SELECT  * FROM biolinks_blocks WHERE  `order` 2 ?  AND user_id = ?  in /home/allinkc/www/app/helpers/MysqliDb.php:2010
Stack trace:
#0 /home/allinkc/www/app/helpers/MysqliDb.php(1598): Altum\Helpers\MysqliDb->_prepareQuery()
#1 /home/allinkc/www/app/helpers/MysqliDb.php(747): Altum\Helpers\MysqliDb->_buildQuery(NULL)
#2 /home/allinkc/www/app/controllers/BiolinkBlockAjax.php(156): Altum\Helpers\MysqliDb->get('biolinks_blocks')
#3 [internal function]: Altum\Controllers\BiolinkBlockAjax->duplicate()
#4 /home/allinkc/www/app/core/App.php(204): call_user_func_array(Array, Array)
#5 /home/allinkc/www/index.php(20): Altum\App->__construct()
#6 {main}
  thrown in /home/allinkc/www/app/helpers/MysqliDb.php on line 2010
[15-Apr-2023 22:05:54 UTC] PHP Notice:  Undefined property: stdClass::$image in /home/allinkc/www/app/models/Link.php on line 38
[15-Apr-2023 22:16:40 UTC] PHP Notice:  Undefined variable: new_links_order in /home/allinkc/www/app/controllers/BiolinkBlockAjax.php on line 79
[15-Apr-2023 22:16:59 UTC] PHP Notice:  Undefined variable: new_links_order in /home/allinkc/www/app/controllers/BiolinkBlockAjax.php on line 79
[15-Apr-2023 22:17:24 UTC] PHP Notice:  Array to string conversion in /home/allinkc/www/app/controllers/BiolinkBlockAjax.php on line 79
[15-Apr-2023 22:25:20 UTC] PHP Notice:  Trying to get property 'order' of non-object in /home/allinkc/www/app/controllers/BiolinkBlockAjax.php on line 157
[15-Apr-2023 22:25:20 UTC] PHP Notice:  Trying to get property 'biolink_block_id' of non-object in /home/allinkc/www/app/controllers/BiolinkBlockAjax.php on line 158
[15-Apr-2023 22:25:31 UTC] PHP Notice:  Trying to get property 'order' of non-object in /home/allinkc/www/app/controllers/BiolinkBlockAjax.php on line 157
[15-Apr-2023 22:25:31 UTC] PHP Notice:  Trying to get property 'biolink_block_id' of non-object in /home/allinkc/www/app/controllers/BiolinkBlockAjax.php on line 158
[15-Apr-2023 22:34:06 UTC] PHP Notice:  Undefined property: stdClass::$image in /home/allinkc/www/app/controllers/BiolinkBlockAjax.php on line 135
[15-Apr-2023 22:34:18 UTC] PHP Notice:  Undefined property: stdClass::$image in /home/allinkc/www/app/controllers/BiolinkBlockAjax.php on line 135
[15-Apr-2023 22:34:29 UTC] PHP Notice:  Undefined property: stdClass::$image in /home/allinkc/www/app/controllers/BiolinkBlockAjax.php on line 135
[15-Apr-2023 22:43:28 UTC] PHP Notice:  Undefined property: stdClass::$image in /home/allinkc/www/app/controllers/BiolinkBlockAjax.php on line 135
[15-Apr-2023 22:43:53 UTC] PHP Notice:  Undefined property: stdClass::$image in /home/allinkc/www/app/controllers/BiolinkBlockAjax.php on line 135
[15-Apr-2023 22:44:12 UTC] PHP Notice:  Undefined property: stdClass::$image in /home/allinkc/www/app/controllers/BiolinkBlockAjax.php on line 135
[15-Apr-2023 22:44:23 UTC] PHP Notice:  Undefined property: stdClass::$image in /home/allinkc/www/app/models/Link.php on line 38
[15-Apr-2023 23:14:56 UTC] PHP Notice:  Undefined property: stdClass::$image in /home/allinkc/www/app/controllers/BiolinkBlockAjax.php on line 135
[16-Apr-2023 12:40:46 UTC] PHP Warning:  Invalid argument supplied for foreach() in /home/allinkc/www/themes/altum/views/dashboard/index.php on line 8
[16-Apr-2023 12:40:46 UTC] PHP Warning:  Invalid argument supplied for foreach() in /home/allinkc/www/themes/altum/views/dashboard/index.php on line 15
[16-Apr-2023 21:03:13 UTC] PHP Warning:  Invalid argument supplied for foreach() in /home/allinkc/www/themes/altum/views/dashboard/index.php on line 8
[16-Apr-2023 21:03:13 UTC] PHP Warning:  Invalid argument supplied for foreach() in /home/allinkc/www/themes/altum/views/dashboard/index.php on line 15
[16-Apr-2023 21:03:21 UTC] PHP Warning:  Invalid argument supplied for foreach() in /home/allinkc/www/themes/altum/views/dashboard/index.php on line 8
[16-Apr-2023 21:03:21 UTC] PHP Warning:  Invalid argument supplied for foreach() in /home/allinkc/www/themes/altum/views/dashboard/index.php on line 15
[16-Apr-2023 21:03:25 UTC] PHP Warning:  Invalid argument supplied for foreach() in /home/allinkc/www/themes/altum/views/dashboard/index.php on line 8
[16-Apr-2023 21:03:25 UTC] PHP Warning:  Invalid argument supplied for foreach() in /home/allinkc/www/themes/altum/views/dashboard/index.php on line 15
