[26-May-2023 08:59:13 UTC] PHP Warning:  Invalid argument supplied for foreach() in /home/allinkc/www/themes/altum/views/dashboard/index.php on line 8
[26-May-2023 08:59:13 UTC] PHP Warning:  Invalid argument supplied for foreach() in /home/allinkc/www/themes/altum/views/dashboard/index.php on line 15
[26-May-2023 14:19:18 UTC] PHP Parse error:  syntax error, unexpected '.', expecting :: (T_PAAMAYIM_NEKUDOTAYIM) in /home/allinkc/www/themes/altum/views/team-member-create/index.php on line 41
[26-May-2023 14:19:19 UTC] PHP Parse error:  syntax error, unexpected '.', expecting :: (T_PAAMAYIM_NEKUDOTAYIM) in /home/allinkc/www/themes/altum/views/team-member-create/index.php on line 41
[26-May-2023 14:19:44 UTC] PHP Parse error:  syntax error, unexpected '.', expecting :: (T_PAAMAYIM_NEKUDOTAYIM) in /home/allinkc/www/themes/altum/views/team-member-create/index.php on line 41
[26-May-2023 14:19:44 UTC] PHP Parse error:  syntax error, unexpected '.', expecting :: (T_PAAMAYIM_NEKUDOTAYIM) in /home/allinkc/www/themes/altum/views/team-member-create/index.php on line 41
[26-May-2023 14:19:45 UTC] PHP Parse error:  syntax error, unexpected '.', expecting :: (T_PAAMAYIM_NEKUDOTAYIM) in /home/allinkc/www/themes/altum/views/team-member-create/index.php on line 41
[26-May-2023 16:26:43 Europe/Paris] PHP Parse error:  syntax error, unexpected ''team_members.table.status_inv' (T_CONSTANT_ENCAPSED_STRING), expecting ']' in /home/allinkc/www/app/languages/english#en#disabled.php on line 776
[26-May-2023 16:26:49 Europe/Paris] PHP Parse error:  syntax error, unexpected ''team_members.table.status_inv' (T_CONSTANT_ENCAPSED_STRING), expecting ']' in /home/allinkc/www/app/languages/english#en#disabled.php on line 776
[26-May-2023 16:26:51 Europe/Paris] PHP Parse error:  syntax error, unexpected ''team_members.table.status_inv' (T_CONSTANT_ENCAPSED_STRING), expecting ']' in /home/allinkc/www/app/languages/english#en#disabled.php on line 776
[26-May-2023 16:26:52 Europe/Paris] PHP Parse error:  syntax error, unexpected ''team_members.table.status_inv' (T_CONSTANT_ENCAPSED_STRING), expecting ']' in /home/allinkc/www/app/languages/english#en#disabled.php on line 776
[26-May-2023 16:26:52 Europe/Paris] PHP Parse error:  syntax error, unexpected ''team_members.table.status_inv' (T_CONSTANT_ENCAPSED_STRING), expecting ']' in /home/allinkc/www/app/languages/english#en#disabled.php on line 776
[26-May-2023 16:26:53 Europe/Paris] PHP Parse error:  syntax error, unexpected ''team_members.table.status_inv' (T_CONSTANT_ENCAPSED_STRING), expecting ']' in /home/allinkc/www/app/languages/english#en#disabled.php on line 776
[26-May-2023 16:26:53 Europe/Paris] PHP Parse error:  syntax error, unexpected ''team_members.table.status_inv' (T_CONSTANT_ENCAPSED_STRING), expecting ']' in /home/allinkc/www/app/languages/english#en#disabled.php on line 776
[26-May-2023 16:26:54 Europe/Paris] PHP Parse error:  syntax error, unexpected ''team_members.table.status_inv' (T_CONSTANT_ENCAPSED_STRING), expecting ']' in /home/allinkc/www/app/languages/english#en#disabled.php on line 776
[26-May-2023 16:26:55 Europe/Paris] PHP Parse error:  syntax error, unexpected ''team_members.table.status_inv' (T_CONSTANT_ENCAPSED_STRING), expecting ']' in /home/allinkc/www/app/languages/english#en#disabled.php on line 776
[26-May-2023 16:26:55 Europe/Paris] PHP Parse error:  syntax error, unexpected ''team_members.table.status_inv' (T_CONSTANT_ENCAPSED_STRING), expecting ']' in /home/allinkc/www/app/languages/english#en#disabled.php on line 776
[26-May-2023 16:26:57 Europe/Paris] PHP Parse error:  syntax error, unexpected ''team_members.table.status_inv' (T_CONSTANT_ENCAPSED_STRING), expecting ']' in /home/allinkc/www/app/languages/english#en#disabled.php on line 776
[26-May-2023 16:27:02 Europe/Paris] PHP Parse error:  syntax error, unexpected ''team_members.table.status_inv' (T_CONSTANT_ENCAPSED_STRING), expecting ']' in /home/allinkc/www/app/languages/english#en#disabled.php on line 776
[26-May-2023 16:27:07 Europe/Paris] PHP Parse error:  syntax error, unexpected ''team_members.table.status_inv' (T_CONSTANT_ENCAPSED_STRING), expecting ']' in /home/allinkc/www/app/languages/english#en#disabled.php on line 776
[26-May-2023 16:27:08 Europe/Paris] PHP Parse error:  syntax error, unexpected ''team_members.table.status_inv' (T_CONSTANT_ENCAPSED_STRING), expecting ']' in /home/allinkc/www/app/languages/english#en#disabled.php on line 776
[26-May-2023 16:27:09 Europe/Paris] PHP Parse error:  syntax error, unexpected ''team_members.table.status_inv' (T_CONSTANT_ENCAPSED_STRING), expecting ']' in /home/allinkc/www/app/languages/english#en#disabled.php on line 776
[26-May-2023 14:27:12 UTC] PHP Parse error:  syntax error, unexpected ''team_members.table.status_inv' (T_CONSTANT_ENCAPSED_STRING), expecting ']' in /home/allinkc/www/app/languages/english#en#disabled.php on line 776
[26-May-2023 16:27:13 Europe/Paris] PHP Parse error:  syntax error, unexpected ''team_members.table.status_inv' (T_CONSTANT_ENCAPSED_STRING), expecting ']' in /home/allinkc/www/app/languages/english#en#disabled.php on line 776
[26-May-2023 16:27:13 Europe/Paris] PHP Parse error:  syntax error, unexpected ''team_members.table.status_inv' (T_CONSTANT_ENCAPSED_STRING), expecting ']' in /home/allinkc/www/app/languages/english#en#disabled.php on line 776
[26-May-2023 14:47:04 UTC] PHP Warning:  Invalid argument supplied for foreach() in /home/allinkc/www/themes/altum/views/dashboard/index.php on line 8
[26-May-2023 14:47:04 UTC] PHP Warning:  Invalid argument supplied for foreach() in /home/allinkc/www/themes/altum/views/dashboard/index.php on line 15
[26-May-2023 14:55:01 UTC] PHP Parse error:  syntax error, unexpected ':', expecting ';' in /home/allinkc/www/themes/altum/views/teams-system/index.php on line 41
[26-May-2023 14:55:02 UTC] PHP Parse error:  syntax error, unexpected ':', expecting ';' in /home/allinkc/www/themes/altum/views/teams-system/index.php on line 41
[26-May-2023 14:55:14 UTC] PHP Parse error:  syntax error, unexpected ':', expecting ';' in /home/allinkc/www/themes/altum/views/teams-system/index.php on line 41
[26-May-2023 14:55:14 UTC] PHP Parse error:  syntax error, unexpected ':', expecting ';' in /home/allinkc/www/themes/altum/views/teams-system/index.php on line 41
[26-May-2023 14:55:15 UTC] PHP Parse error:  syntax error, unexpected ':', expecting ';' in /home/allinkc/www/themes/altum/views/teams-system/index.php on line 41
[26-May-2023 14:55:15 UTC] PHP Parse error:  syntax error, unexpected ':', expecting ';' in /home/allinkc/www/themes/altum/views/teams-system/index.php on line 41
[26-May-2023 14:55:15 UTC] PHP Parse error:  syntax error, unexpected ':', expecting ';' in /home/allinkc/www/themes/altum/views/teams-system/index.php on line 41
[26-May-2023 14:55:15 UTC] PHP Parse error:  syntax error, unexpected ':', expecting ';' in /home/allinkc/www/themes/altum/views/teams-system/index.php on line 41
[26-May-2023 14:55:16 UTC] PHP Parse error:  syntax error, unexpected ':', expecting ';' in /home/allinkc/www/themes/altum/views/teams-system/index.php on line 41
[26-May-2023 14:55:16 UTC] PHP Parse error:  syntax error, unexpected ':', expecting ';' in /home/allinkc/www/themes/altum/views/teams-system/index.php on line 41
[26-May-2023 14:55:16 UTC] PHP Parse error:  syntax error, unexpected ':', expecting ';' in /home/allinkc/www/themes/altum/views/teams-system/index.php on line 41
[26-May-2023 14:55:16 UTC] PHP Parse error:  syntax error, unexpected ':', expecting ';' in /home/allinkc/www/themes/altum/views/teams-system/index.php on line 41
[26-May-2023 14:55:16 UTC] PHP Parse error:  syntax error, unexpected ':', expecting ';' in /home/allinkc/www/themes/altum/views/teams-system/index.php on line 41
[26-May-2023 14:55:17 UTC] PHP Parse error:  syntax error, unexpected ':', expecting ';' in /home/allinkc/www/themes/altum/views/teams-system/index.php on line 41
[26-May-2023 14:55:17 UTC] PHP Parse error:  syntax error, unexpected ':', expecting ';' in /home/allinkc/www/themes/altum/views/teams-system/index.php on line 41
[26-May-2023 14:55:17 UTC] PHP Parse error:  syntax error, unexpected ':', expecting ';' in /home/allinkc/www/themes/altum/views/teams-system/index.php on line 41
[26-May-2023 14:55:18 UTC] PHP Parse error:  syntax error, unexpected ':', expecting ';' in /home/allinkc/www/themes/altum/views/teams-system/index.php on line 41
[26-May-2023 14:55:19 UTC] PHP Parse error:  syntax error, unexpected ':', expecting ';' in /home/allinkc/www/themes/altum/views/teams-system/index.php on line 41
[26-May-2023 14:55:19 UTC] PHP Parse error:  syntax error, unexpected ':', expecting ';' in /home/allinkc/www/themes/altum/views/teams-system/index.php on line 41
[26-May-2023 14:55:19 UTC] PHP Parse error:  syntax error, unexpected ':', expecting ';' in /home/allinkc/www/themes/altum/views/teams-system/index.php on line 41
[26-May-2023 14:55:20 UTC] PHP Parse error:  syntax error, unexpected ':', expecting ';' in /home/allinkc/www/themes/altum/views/teams-system/index.php on line 41
[26-May-2023 14:55:20 UTC] PHP Parse error:  syntax error, unexpected ':', expecting ';' in /home/allinkc/www/themes/altum/views/teams-system/index.php on line 41
[26-May-2023 14:55:20 UTC] PHP Parse error:  syntax error, unexpected ':', expecting ';' in /home/allinkc/www/themes/altum/views/teams-system/index.php on line 41
[26-May-2023 14:55:20 UTC] PHP Parse error:  syntax error, unexpected ':', expecting ';' in /home/allinkc/www/themes/altum/views/teams-system/index.php on line 41
[26-May-2023 14:55:20 UTC] PHP Parse error:  syntax error, unexpected ':', expecting ';' in /home/allinkc/www/themes/altum/views/teams-system/index.php on line 41
[26-May-2023 14:55:21 UTC] PHP Parse error:  syntax error, unexpected ':', expecting ';' in /home/allinkc/www/themes/altum/views/teams-system/index.php on line 41
[26-May-2023 14:55:21 UTC] PHP Parse error:  syntax error, unexpected ':', expecting ';' in /home/allinkc/www/themes/altum/views/teams-system/index.php on line 41
[26-May-2023 15:08:31 UTC] PHP Parse error:  syntax error, unexpected '$key' (T_VARIABLE), expecting '(' in /home/allinkc/www/themes/altum/views/data/index.php on line 124
[26-May-2023 15:08:41 UTC] PHP Parse error:  syntax error, unexpected '$key' (T_VARIABLE), expecting '(' in /home/allinkc/www/themes/altum/views/data/index.php on line 124
[26-May-2023 15:08:43 UTC] PHP Parse error:  syntax error, unexpected '$key' (T_VARIABLE), expecting '(' in /home/allinkc/www/themes/altum/views/data/index.php on line 124
[26-May-2023 15:08:44 UTC] PHP Parse error:  syntax error, unexpected '$key' (T_VARIABLE), expecting '(' in /home/allinkc/www/themes/altum/views/data/index.php on line 124
[26-May-2023 15:08:44 UTC] PHP Parse error:  syntax error, unexpected '$key' (T_VARIABLE), expecting '(' in /home/allinkc/www/themes/altum/views/data/index.php on line 124
[26-May-2023 15:08:44 UTC] PHP Parse error:  syntax error, unexpected '$key' (T_VARIABLE), expecting '(' in /home/allinkc/www/themes/altum/views/data/index.php on line 124
[26-May-2023 15:08:57 UTC] PHP Parse error:  syntax error, unexpected '$key' (T_VARIABLE), expecting '(' in /home/allinkc/www/themes/altum/views/data/index.php on line 124
[26-May-2023 15:08:58 UTC] PHP Parse error:  syntax error, unexpected '$key' (T_VARIABLE), expecting '(' in /home/allinkc/www/themes/altum/views/data/index.php on line 124
[26-May-2023 15:08:58 UTC] PHP Parse error:  syntax error, unexpected '$key' (T_VARIABLE), expecting '(' in /home/allinkc/www/themes/altum/views/data/index.php on line 124
[26-May-2023 15:08:58 UTC] PHP Parse error:  syntax error, unexpected '$key' (T_VARIABLE), expecting '(' in /home/allinkc/www/themes/altum/views/data/index.php on line 124
[26-May-2023 15:08:58 UTC] PHP Parse error:  syntax error, unexpected '$key' (T_VARIABLE), expecting '(' in /home/allinkc/www/themes/altum/views/data/index.php on line 124
[26-May-2023 15:09:00 UTC] PHP Parse error:  syntax error, unexpected '$key' (T_VARIABLE), expecting '(' in /home/allinkc/www/themes/altum/views/data/index.php on line 124
[26-May-2023 15:09:00 UTC] PHP Parse error:  syntax error, unexpected '$key' (T_VARIABLE), expecting '(' in /home/allinkc/www/themes/altum/views/data/index.php on line 124
[26-May-2023 15:09:00 UTC] PHP Parse error:  syntax error, unexpected '$key' (T_VARIABLE), expecting '(' in /home/allinkc/www/themes/altum/views/data/index.php on line 124
[26-May-2023 15:09:00 UTC] PHP Parse error:  syntax error, unexpected '$key' (T_VARIABLE), expecting '(' in /home/allinkc/www/themes/altum/views/data/index.php on line 124
[26-May-2023 15:09:00 UTC] PHP Parse error:  syntax error, unexpected '$key' (T_VARIABLE), expecting '(' in /home/allinkc/www/themes/altum/views/data/index.php on line 124
