[04-Aug-2023 09:09:17 UTC] PHP Warning:  Invalid argument supplied for foreach() in /home/allinkc/www/themes/altum/views/dashboard/index.php on line 8
[04-Aug-2023 09:09:17 UTC] PHP Warning:  Invalid argument supplied for foreach() in /home/allinkc/www/themes/altum/views/dashboard/index.php on line 15
[04-Aug-2023 09:09:38 UTC] PHP Warning:  Invalid argument supplied for foreach() in /home/allinkc/www/themes/altum/views/dashboard/index.php on line 8
[04-Aug-2023 09:09:38 UTC] PHP Warning:  Invalid argument supplied for foreach() in /home/allinkc/www/themes/altum/views/dashboard/index.php on line 15
[04-Aug-2023 09:09:55 UTC] PHP Warning:  Invalid argument supplied for foreach() in /home/allinkc/www/themes/altum/views/dashboard/index.php on line 8
[04-Aug-2023 09:09:55 UTC] PHP Warning:  Invalid argument supplied for foreach() in /home/allinkc/www/themes/altum/views/dashboard/index.php on line 15
[04-Aug-2023 09:10:02 UTC] PHP Warning:  Invalid argument supplied for foreach() in /home/allinkc/www/themes/altum/views/dashboard/index.php on line 8
[04-Aug-2023 09:10:02 UTC] PHP Warning:  Invalid argument supplied for foreach() in /home/allinkc/www/themes/altum/views/dashboard/index.php on line 15
[04-Aug-2023 09:35:40 UTC] PHP Warning:  Invalid argument supplied for foreach() in /home/allinkc/www/themes/altum/views/dashboard/index.php on line 8
[04-Aug-2023 09:35:40 UTC] PHP Warning:  Invalid argument supplied for foreach() in /home/allinkc/www/themes/altum/views/dashboard/index.php on line 15
[04-Aug-2023 09:36:16 UTC] PHP Warning:  Invalid argument supplied for foreach() in /home/allinkc/www/themes/altum/views/dashboard/index.php on line 8
[04-Aug-2023 09:36:16 UTC] PHP Warning:  Invalid argument supplied for foreach() in /home/allinkc/www/themes/altum/views/dashboard/index.php on line 15
[04-Aug-2023 09:38:17 UTC] PHP Fatal error:  Uncaught Error: Call to a member function fetch_object() on bool in /home/allinkc/www/app/models/Domain.php:43
Stack trace:
#0 /home/allinkc/www/app/controllers/BiolinksTemplates.php(55): Altum\Models\Domain->get_available_domains_by_user(NULL)
#1 [internal function]: Altum\controllers\BiolinksTemplates->index()
#2 /home/allinkc/www/app/core/App.php(204): call_user_func_array(Array, Array)
#3 /home/allinkc/www/index.php(20): Altum\App->__construct()
#4 {main}
  thrown in /home/allinkc/www/app/models/Domain.php on line 43
[04-Aug-2023 10:05:49 UTC] PHP Warning:  Invalid argument supplied for foreach() in /home/allinkc/www/themes/altum/views/dashboard/index.php on line 8
[04-Aug-2023 10:05:49 UTC] PHP Warning:  Invalid argument supplied for foreach() in /home/allinkc/www/themes/altum/views/dashboard/index.php on line 15
[04-Aug-2023 11:00:25 UTC] PHP Warning:  Invalid argument supplied for foreach() in /home/allinkc/www/themes/altum/views/dashboard/index.php on line 8
[04-Aug-2023 11:00:25 UTC] PHP Warning:  Invalid argument supplied for foreach() in /home/allinkc/www/themes/altum/views/dashboard/index.php on line 15
[04-Aug-2023 17:09:07 UTC] PHP Warning:  Invalid argument supplied for foreach() in /home/allinkc/www/themes/altum/views/dashboard/index.php on line 8
[04-Aug-2023 17:09:07 UTC] PHP Warning:  Invalid argument supplied for foreach() in /home/allinkc/www/themes/altum/views/dashboard/index.php on line 15
