[17-Jun-2023 00:59:36 UTC] PHP Warning:  Invalid argument supplied for foreach() in /home/allinkc/www/themes/altum/views/dashboard/index.php on line 8
[17-Jun-2023 00:59:36 UTC] PHP Warning:  Invalid argument supplied for foreach() in /home/allinkc/www/themes/altum/views/dashboard/index.php on line 15
[17-Jun-2023 06:32:56 UTC] PHP Warning:  Invalid argument supplied for foreach() in /home/allinkc/www/themes/altum/views/dashboard/index.php on line 8
[17-Jun-2023 06:32:56 UTC] PHP Warning:  Invalid argument supplied for foreach() in /home/allinkc/www/themes/altum/views/dashboard/index.php on line 15
[17-Jun-2023 06:34:44 UTC] PHP Warning:  Invalid argument supplied for foreach() in /home/allinkc/www/themes/altum/views/dashboard/index.php on line 8
[17-Jun-2023 06:34:44 UTC] PHP Warning:  Invalid argument supplied for foreach() in /home/allinkc/www/themes/altum/views/dashboard/index.php on line 15
[17-Jun-2023 06:34:54 UTC] PHP Fatal error:  Uncaught Error: Call to a member function fetch_object() on bool in /home/allinkc/www/app/models/Domain.php:43
Stack trace:
#0 /home/allinkc/www/app/controllers/BiolinksTemplates.php(55): Altum\Models\Domain->get_available_domains_by_user(NULL)
#1 [internal function]: Altum\controllers\BiolinksTemplates->index()
#2 /home/allinkc/www/app/core/App.php(204): call_user_func_array(Array, Array)
#3 /home/allinkc/www/index.php(20): Altum\App->__construct()
#4 {main}
  thrown in /home/allinkc/www/app/models/Domain.php on line 43
[17-Jun-2023 06:35:25 UTC] PHP Warning:  Invalid argument supplied for foreach() in /home/allinkc/www/themes/altum/views/dashboard/index.php on line 8
[17-Jun-2023 06:35:25 UTC] PHP Warning:  Invalid argument supplied for foreach() in /home/allinkc/www/themes/altum/views/dashboard/index.php on line 15
[17-Jun-2023 07:28:59 UTC] PHP Fatal error:  Uncaught Error: Call to a member function fetch_object() on bool in /home/allinkc/www/app/models/Domain.php:43
Stack trace:
#0 /home/allinkc/www/app/controllers/BiolinksTemplates.php(55): Altum\Models\Domain->get_available_domains_by_user(NULL)
#1 [internal function]: Altum\controllers\BiolinksTemplates->index()
#2 /home/allinkc/www/app/core/App.php(204): call_user_func_array(Array, Array)
#3 /home/allinkc/www/index.php(20): Altum\App->__construct()
#4 {main}
  thrown in /home/allinkc/www/app/models/Domain.php on line 43
[17-Jun-2023 09:25:29 UTC] PHP Warning:  Invalid argument supplied for foreach() in /home/allinkc/www/themes/altum/views/dashboard/index.php on line 8
[17-Jun-2023 09:25:29 UTC] PHP Warning:  Invalid argument supplied for foreach() in /home/allinkc/www/themes/altum/views/dashboard/index.php on line 15
[17-Jun-2023 10:13:17 UTC] PHP Warning:  Invalid argument supplied for foreach() in /home/allinkc/www/themes/altum/views/dashboard/index.php on line 8
[17-Jun-2023 10:13:17 UTC] PHP Warning:  Invalid argument supplied for foreach() in /home/allinkc/www/themes/altum/views/dashboard/index.php on line 15
[17-Jun-2023 10:15:18 UTC] PHP Fatal error:  Uncaught Error: Call to a member function fetch_object() on bool in /home/allinkc/www/app/models/Domain.php:43
Stack trace:
#0 /home/allinkc/www/app/controllers/BiolinksTemplates.php(55): Altum\Models\Domain->get_available_domains_by_user(NULL)
#1 [internal function]: Altum\controllers\BiolinksTemplates->index()
#2 /home/allinkc/www/app/core/App.php(204): call_user_func_array(Array, Array)
#3 /home/allinkc/www/index.php(20): Altum\App->__construct()
#4 {main}
  thrown in /home/allinkc/www/app/models/Domain.php on line 43
[17-Jun-2023 10:15:47 UTC] PHP Warning:  Invalid argument supplied for foreach() in /home/allinkc/www/themes/altum/views/dashboard/index.php on line 8
[17-Jun-2023 10:15:47 UTC] PHP Warning:  Invalid argument supplied for foreach() in /home/allinkc/www/themes/altum/views/dashboard/index.php on line 15
[17-Jun-2023 10:45:37 UTC] PHP Warning:  Invalid argument supplied for foreach() in /home/allinkc/www/themes/altum/views/dashboard/index.php on line 8
[17-Jun-2023 10:45:38 UTC] PHP Warning:  Invalid argument supplied for foreach() in /home/allinkc/www/themes/altum/views/dashboard/index.php on line 15
[17-Jun-2023 18:40:20 UTC] PHP Warning:  Invalid argument supplied for foreach() in /home/allinkc/www/themes/altum/views/dashboard/index.php on line 8
[17-Jun-2023 18:40:20 UTC] PHP Warning:  Invalid argument supplied for foreach() in /home/allinkc/www/themes/altum/views/dashboard/index.php on line 15
