[16-Feb-2024 18:43:16 UTC] PHP Warning:  mysqli::__construct(): (HY000/2002): Connection refused in /app/app/core/Database.php on line 24
[16-Feb-2024 18:43:16 UTC] PHP Warning:  mysqli::__construct(): (HY000/2002): Connection refused in /app/app/core/Database.php on line 24
[16-Feb-2024 18:43:16 UTC] PHP Warning:  mysqli::__construct(): (HY000/2002): Connection refused in /app/app/core/Database.php on line 24
[16-Feb-2024 18:43:16 UTC] PHP Warning:  mysqli::__construct(): (HY000/2002): Connection refused in /app/app/core/Database.php on line 24
[16-Feb-2024 18:43:16 UTC] PHP Warning:  mysqli::__construct(): (HY000/2002): Connection refused in /app/app/core/Database.php on line 24
[16-Feb-2024 18:43:16 UTC] PHP Warning:  mysqli::__construct(): (HY000/2002): Connection refused in /app/app/core/Database.php on line 24
[16-Feb-2024 18:43:17 UTC] PHP Warning:  mysqli::__construct(): (HY000/2002): Connection refused in /app/app/core/Database.php on line 24
[16-Feb-2024 18:43:17 UTC] PHP Warning:  mysqli::__construct(): (HY000/2002): Connection refused in /app/app/core/Database.php on line 24
[16-Feb-2024 18:43:17 UTC] PHP Warning:  mysqli::__construct(): (HY000/2002): Connection refused in /app/app/core/Database.php on line 24
[16-Feb-2024 18:43:20 UTC] PHP Notice:  Undefined property: stdClass::$redirect_append in /app/themes/altum/views/index/index.php on line 308
[16-Feb-2024 18:43:20 UTC] PHP Notice:  Undefined property: stdClass::$domains in /app/themes/altum/views/index/index.php on line 312
[16-Feb-2024 18:43:20 UTC] PHP Warning:  count(): Parameter must be an array or an object that implements Countable in /app/themes/altum/views/index/index.php on line 312
[16-Feb-2024 19:22:28 UTC] PHP Notice:  Undefined property: stdClass::$redirect_append in /app/themes/altum/views/index/index.php on line 308
[16-Feb-2024 19:22:28 UTC] PHP Notice:  Undefined property: stdClass::$domains in /app/themes/altum/views/index/index.php on line 312
[16-Feb-2024 19:22:28 UTC] PHP Warning:  count(): Parameter must be an array or an object that implements Countable in /app/themes/altum/views/index/index.php on line 312
[16-Feb-2024 19:22:30 UTC] PHP Notice:  Undefined property: stdClass::$redirect_append in /app/themes/altum/views/index/index.php on line 308
[16-Feb-2024 19:22:30 UTC] PHP Notice:  Undefined property: stdClass::$domains in /app/themes/altum/views/index/index.php on line 312
[16-Feb-2024 19:22:30 UTC] PHP Warning:  count(): Parameter must be an array or an object that implements Countable in /app/themes/altum/views/index/index.php on line 312
[16-Feb-2024 19:22:52 UTC] PHP Notice:  Undefined property: stdClass::$redirect_append in /app/themes/altum/views/index/index.php on line 308
[16-Feb-2024 19:22:52 UTC] PHP Notice:  Undefined property: stdClass::$domains in /app/themes/altum/views/index/index.php on line 312
[16-Feb-2024 19:22:52 UTC] PHP Warning:  count(): Parameter must be an array or an object that implements Countable in /app/themes/altum/views/index/index.php on line 312
[16-Feb-2024 19:23:41 UTC] PHP Notice:  Undefined property: stdClass::$redirect_append in /app/themes/altum/views/index/index.php on line 308
[16-Feb-2024 19:23:41 UTC] PHP Notice:  Undefined property: stdClass::$domains in /app/themes/altum/views/index/index.php on line 312
[16-Feb-2024 19:23:41 UTC] PHP Warning:  count(): Parameter must be an array or an object that implements Countable in /app/themes/altum/views/index/index.php on line 312
[16-Feb-2024 19:23:45 UTC] PHP Notice:  Undefined property: stdClass::$redirect_append in /app/themes/altum/views/index/index.php on line 308
[16-Feb-2024 19:23:45 UTC] PHP Notice:  Undefined property: stdClass::$domains in /app/themes/altum/views/index/index.php on line 312
[16-Feb-2024 19:23:45 UTC] PHP Warning:  count(): Parameter must be an array or an object that implements Countable in /app/themes/altum/views/index/index.php on line 312
[16-Feb-2024 19:24:52 UTC] PHP Notice:  Undefined property: stdClass::$redirect_append in /app/themes/altum/views/index/index.php on line 308
[16-Feb-2024 19:24:52 UTC] PHP Notice:  Undefined property: stdClass::$domains in /app/themes/altum/views/index/index.php on line 312
[16-Feb-2024 19:24:52 UTC] PHP Warning:  count(): Parameter must be an array or an object that implements Countable in /app/themes/altum/views/index/index.php on line 312
[16-Feb-2024 19:29:59 UTC] PHP Notice:  Undefined property: stdClass::$redirect_append in /app/themes/altum/views/index/index.php on line 308
[16-Feb-2024 19:29:59 UTC] PHP Notice:  Undefined property: stdClass::$domains in /app/themes/altum/views/index/index.php on line 312
[16-Feb-2024 19:29:59 UTC] PHP Warning:  count(): Parameter must be an array or an object that implements Countable in /app/themes/altum/views/index/index.php on line 312
[16-Feb-2024 19:30:30 UTC] PHP Notice:  Undefined property: stdClass::$redirect_append in /app/themes/altum/views/index/index.php on line 308
[16-Feb-2024 19:30:30 UTC] PHP Notice:  Undefined property: stdClass::$domains in /app/themes/altum/views/index/index.php on line 312
[16-Feb-2024 19:30:30 UTC] PHP Warning:  count(): Parameter must be an array or an object that implements Countable in /app/themes/altum/views/index/index.php on line 312
[16-Feb-2024 19:30:46 UTC] PHP Notice:  Undefined property: stdClass::$redirect_append in /app/themes/altum/views/index/index.php on line 308
[16-Feb-2024 19:30:46 UTC] PHP Notice:  Undefined property: stdClass::$domains in /app/themes/altum/views/index/index.php on line 312
[16-Feb-2024 19:30:46 UTC] PHP Warning:  count(): Parameter must be an array or an object that implements Countable in /app/themes/altum/views/index/index.php on line 312
[16-Feb-2024 19:30:52 UTC] PHP Notice:  Undefined property: stdClass::$redirect_append in /app/themes/altum/views/index/index.php on line 308
[16-Feb-2024 19:30:52 UTC] PHP Notice:  Undefined property: stdClass::$domains in /app/themes/altum/views/index/index.php on line 312
[16-Feb-2024 19:30:52 UTC] PHP Warning:  count(): Parameter must be an array or an object that implements Countable in /app/themes/altum/views/index/index.php on line 312
[16-Feb-2024 19:36:11 UTC] PHP Notice:  Undefined property: stdClass::$redirect_append in /app/themes/altum/views/index/index.php on line 311
[16-Feb-2024 19:36:11 UTC] PHP Notice:  Undefined property: stdClass::$domains in /app/themes/altum/views/index/index.php on line 315
[16-Feb-2024 19:36:11 UTC] PHP Warning:  count(): Parameter must be an array or an object that implements Countable in /app/themes/altum/views/index/index.php on line 315
[16-Feb-2024 19:36:52 UTC] PHP Notice:  Undefined property: stdClass::$redirect_append in /app/themes/altum/views/index/index.php on line 311
[16-Feb-2024 19:36:52 UTC] PHP Notice:  Undefined property: stdClass::$domains in /app/themes/altum/views/index/index.php on line 315
[16-Feb-2024 19:36:52 UTC] PHP Warning:  count(): Parameter must be an array or an object that implements Countable in /app/themes/altum/views/index/index.php on line 315
[16-Feb-2024 19:37:25 UTC] PHP Notice:  Undefined property: stdClass::$redirect_append in /app/themes/altum/views/index/index.php on line 311
[16-Feb-2024 19:37:25 UTC] PHP Notice:  Undefined property: stdClass::$domains in /app/themes/altum/views/index/index.php on line 315
[16-Feb-2024 19:37:25 UTC] PHP Warning:  count(): Parameter must be an array or an object that implements Countable in /app/themes/altum/views/index/index.php on line 315
[16-Feb-2024 19:37:58 UTC] PHP Notice:  Undefined property: stdClass::$redirect_append in /app/themes/altum/views/index/index.php on line 311
[16-Feb-2024 19:37:58 UTC] PHP Notice:  Undefined property: stdClass::$domains in /app/themes/altum/views/index/index.php on line 315
[16-Feb-2024 19:37:58 UTC] PHP Warning:  count(): Parameter must be an array or an object that implements Countable in /app/themes/altum/views/index/index.php on line 315
[16-Feb-2024 19:38:06 UTC] PHP Notice:  Undefined property: stdClass::$redirect_append in /app/themes/altum/views/index/index.php on line 311
[16-Feb-2024 19:38:06 UTC] PHP Notice:  Undefined property: stdClass::$domains in /app/themes/altum/views/index/index.php on line 315
[16-Feb-2024 19:38:06 UTC] PHP Warning:  count(): Parameter must be an array or an object that implements Countable in /app/themes/altum/views/index/index.php on line 315
[16-Feb-2024 19:38:27 UTC] PHP Notice:  Undefined property: stdClass::$redirect_append in /app/themes/altum/views/index/index.php on line 311
[16-Feb-2024 19:38:27 UTC] PHP Notice:  Undefined property: stdClass::$domains in /app/themes/altum/views/index/index.php on line 315
[16-Feb-2024 19:38:27 UTC] PHP Warning:  count(): Parameter must be an array or an object that implements Countable in /app/themes/altum/views/index/index.php on line 315
[16-Feb-2024 19:38:31 UTC] PHP Notice:  Undefined property: stdClass::$redirect_append in /app/themes/altum/views/index/index.php on line 311
[16-Feb-2024 19:38:31 UTC] PHP Notice:  Undefined property: stdClass::$domains in /app/themes/altum/views/index/index.php on line 315
[16-Feb-2024 19:38:31 UTC] PHP Warning:  count(): Parameter must be an array or an object that implements Countable in /app/themes/altum/views/index/index.php on line 315
[16-Feb-2024 19:38:35 UTC] PHP Notice:  Undefined property: stdClass::$redirect_append in /app/themes/altum/views/index/index.php on line 311
[16-Feb-2024 19:38:35 UTC] PHP Notice:  Undefined property: stdClass::$domains in /app/themes/altum/views/index/index.php on line 315
[16-Feb-2024 19:38:35 UTC] PHP Warning:  count(): Parameter must be an array or an object that implements Countable in /app/themes/altum/views/index/index.php on line 315
[16-Feb-2024 19:38:44 UTC] PHP Notice:  Undefined property: stdClass::$redirect_append in /app/themes/altum/views/index/index.php on line 311
[16-Feb-2024 19:38:44 UTC] PHP Notice:  Undefined property: stdClass::$domains in /app/themes/altum/views/index/index.php on line 315
[16-Feb-2024 19:38:44 UTC] PHP Warning:  count(): Parameter must be an array or an object that implements Countable in /app/themes/altum/views/index/index.php on line 315
[16-Feb-2024 19:38:47 UTC] PHP Notice:  Undefined property: stdClass::$redirect_append in /app/themes/altum/views/index/index.php on line 311
[16-Feb-2024 19:38:47 UTC] PHP Notice:  Undefined property: stdClass::$domains in /app/themes/altum/views/index/index.php on line 315
[16-Feb-2024 19:38:47 UTC] PHP Warning:  count(): Parameter must be an array or an object that implements Countable in /app/themes/altum/views/index/index.php on line 315
[16-Feb-2024 19:39:02 UTC] PHP Notice:  Undefined property: stdClass::$redirect_append in /app/themes/altum/views/index/index.php on line 311
[16-Feb-2024 19:39:02 UTC] PHP Notice:  Undefined property: stdClass::$domains in /app/themes/altum/views/index/index.php on line 315
[16-Feb-2024 19:39:02 UTC] PHP Warning:  count(): Parameter must be an array or an object that implements Countable in /app/themes/altum/views/index/index.php on line 315
[16-Feb-2024 19:39:37 UTC] PHP Notice:  Undefined property: stdClass::$redirect_append in /app/themes/altum/views/index/index.php on line 311
[16-Feb-2024 19:39:37 UTC] PHP Notice:  Undefined property: stdClass::$domains in /app/themes/altum/views/index/index.php on line 315
[16-Feb-2024 19:39:37 UTC] PHP Warning:  count(): Parameter must be an array or an object that implements Countable in /app/themes/altum/views/index/index.php on line 315
[16-Feb-2024 19:39:41 UTC] PHP Notice:  Undefined property: stdClass::$redirect_append in /app/themes/altum/views/index/index.php on line 311
[16-Feb-2024 19:39:41 UTC] PHP Notice:  Undefined property: stdClass::$domains in /app/themes/altum/views/index/index.php on line 315
[16-Feb-2024 19:39:41 UTC] PHP Warning:  count(): Parameter must be an array or an object that implements Countable in /app/themes/altum/views/index/index.php on line 315
[16-Feb-2024 19:39:47 UTC] PHP Notice:  Undefined property: stdClass::$redirect_append in /app/themes/altum/views/index/index.php on line 311
[16-Feb-2024 19:39:47 UTC] PHP Notice:  Undefined property: stdClass::$domains in /app/themes/altum/views/index/index.php on line 315
[16-Feb-2024 19:39:47 UTC] PHP Warning:  count(): Parameter must be an array or an object that implements Countable in /app/themes/altum/views/index/index.php on line 315
[16-Feb-2024 19:39:53 UTC] PHP Notice:  Undefined property: stdClass::$redirect_append in /app/themes/altum/views/index/index.php on line 311
[16-Feb-2024 19:39:53 UTC] PHP Notice:  Undefined property: stdClass::$domains in /app/themes/altum/views/index/index.php on line 315
[16-Feb-2024 19:39:53 UTC] PHP Warning:  count(): Parameter must be an array or an object that implements Countable in /app/themes/altum/views/index/index.php on line 315
[16-Feb-2024 19:40:03 UTC] PHP Notice:  Undefined property: stdClass::$redirect_append in /app/themes/altum/views/index/index.php on line 311
[16-Feb-2024 19:40:03 UTC] PHP Notice:  Undefined property: stdClass::$domains in /app/themes/altum/views/index/index.php on line 315
[16-Feb-2024 19:40:03 UTC] PHP Warning:  count(): Parameter must be an array or an object that implements Countable in /app/themes/altum/views/index/index.php on line 315
[16-Feb-2024 19:40:08 UTC] PHP Notice:  Undefined property: stdClass::$redirect_append in /app/themes/altum/views/index/index.php on line 311
[16-Feb-2024 19:40:08 UTC] PHP Notice:  Undefined property: stdClass::$domains in /app/themes/altum/views/index/index.php on line 315
[16-Feb-2024 19:40:08 UTC] PHP Warning:  count(): Parameter must be an array or an object that implements Countable in /app/themes/altum/views/index/index.php on line 315
[16-Feb-2024 19:40:20 UTC] PHP Notice:  Undefined property: stdClass::$redirect_append in /app/themes/altum/views/index/index.php on line 311
[16-Feb-2024 19:40:20 UTC] PHP Notice:  Undefined property: stdClass::$domains in /app/themes/altum/views/index/index.php on line 315
[16-Feb-2024 19:40:20 UTC] PHP Warning:  count(): Parameter must be an array or an object that implements Countable in /app/themes/altum/views/index/index.php on line 315
[16-Feb-2024 19:40:31 UTC] PHP Notice:  Undefined property: stdClass::$redirect_append in /app/themes/altum/views/index/index.php on line 311
[16-Feb-2024 19:40:31 UTC] PHP Notice:  Undefined property: stdClass::$domains in /app/themes/altum/views/index/index.php on line 315
[16-Feb-2024 19:40:31 UTC] PHP Warning:  count(): Parameter must be an array or an object that implements Countable in /app/themes/altum/views/index/index.php on line 315
[16-Feb-2024 19:40:41 UTC] PHP Notice:  Undefined property: stdClass::$redirect_append in /app/themes/altum/views/index/index.php on line 311
[16-Feb-2024 19:40:41 UTC] PHP Notice:  Undefined property: stdClass::$domains in /app/themes/altum/views/index/index.php on line 315
[16-Feb-2024 19:40:41 UTC] PHP Warning:  count(): Parameter must be an array or an object that implements Countable in /app/themes/altum/views/index/index.php on line 315
[16-Feb-2024 19:42:33 UTC] PHP Notice:  Undefined property: stdClass::$redirect_append in /app/themes/altum/views/index/index.php on line 311
[16-Feb-2024 19:42:33 UTC] PHP Notice:  Undefined property: stdClass::$domains in /app/themes/altum/views/index/index.php on line 315
[16-Feb-2024 19:42:33 UTC] PHP Warning:  count(): Parameter must be an array or an object that implements Countable in /app/themes/altum/views/index/index.php on line 315
[16-Feb-2024 19:42:39 UTC] PHP Notice:  Undefined property: stdClass::$redirect_append in /app/themes/altum/views/index/index.php on line 311
[16-Feb-2024 19:42:39 UTC] PHP Notice:  Undefined property: stdClass::$domains in /app/themes/altum/views/index/index.php on line 315
[16-Feb-2024 19:42:39 UTC] PHP Warning:  count(): Parameter must be an array or an object that implements Countable in /app/themes/altum/views/index/index.php on line 315
[16-Feb-2024 19:44:20 UTC] PHP Notice:  Undefined property: stdClass::$redirect_append in /app/themes/altum/views/index/index.php on line 335
[16-Feb-2024 19:44:20 UTC] PHP Notice:  Undefined property: stdClass::$domains in /app/themes/altum/views/index/index.php on line 339
[16-Feb-2024 19:44:20 UTC] PHP Warning:  count(): Parameter must be an array or an object that implements Countable in /app/themes/altum/views/index/index.php on line 339
[16-Feb-2024 19:45:22 UTC] PHP Notice:  Undefined property: stdClass::$redirect_append in /app/themes/altum/views/index/index.php on line 335
[16-Feb-2024 19:45:22 UTC] PHP Notice:  Undefined property: stdClass::$domains in /app/themes/altum/views/index/index.php on line 339
[16-Feb-2024 19:45:22 UTC] PHP Warning:  count(): Parameter must be an array or an object that implements Countable in /app/themes/altum/views/index/index.php on line 339
[16-Feb-2024 19:46:11 UTC] PHP Notice:  Undefined property: stdClass::$redirect_append in /app/themes/altum/views/index/index.php on line 335
[16-Feb-2024 19:46:11 UTC] PHP Notice:  Undefined property: stdClass::$domains in /app/themes/altum/views/index/index.php on line 339
[16-Feb-2024 19:46:11 UTC] PHP Warning:  count(): Parameter must be an array or an object that implements Countable in /app/themes/altum/views/index/index.php on line 339
[16-Feb-2024 19:47:35 UTC] PHP Notice:  Undefined property: stdClass::$redirect_append in /app/themes/altum/views/index/index.php on line 338
[16-Feb-2024 19:47:35 UTC] PHP Notice:  Undefined property: stdClass::$domains in /app/themes/altum/views/index/index.php on line 342
[16-Feb-2024 19:47:35 UTC] PHP Warning:  count(): Parameter must be an array or an object that implements Countable in /app/themes/altum/views/index/index.php on line 342
[16-Feb-2024 19:49:53 UTC] PHP Notice:  Undefined property: stdClass::$redirect_append in /app/themes/altum/views/index/index.php on line 336
[16-Feb-2024 19:49:53 UTC] PHP Notice:  Undefined property: stdClass::$domains in /app/themes/altum/views/index/index.php on line 340
[16-Feb-2024 19:49:53 UTC] PHP Warning:  count(): Parameter must be an array or an object that implements Countable in /app/themes/altum/views/index/index.php on line 340
[16-Feb-2024 19:49:58 UTC] PHP Notice:  Undefined property: stdClass::$redirect_append in /app/themes/altum/views/index/index.php on line 336
[16-Feb-2024 19:49:58 UTC] PHP Notice:  Undefined property: stdClass::$domains in /app/themes/altum/views/index/index.php on line 340
[16-Feb-2024 19:49:58 UTC] PHP Warning:  count(): Parameter must be an array or an object that implements Countable in /app/themes/altum/views/index/index.php on line 340
[16-Feb-2024 19:50:12 UTC] PHP Notice:  Undefined property: stdClass::$redirect_append in /app/themes/altum/views/index/index.php on line 336
[16-Feb-2024 19:50:12 UTC] PHP Notice:  Undefined property: stdClass::$domains in /app/themes/altum/views/index/index.php on line 340
[16-Feb-2024 19:50:12 UTC] PHP Warning:  count(): Parameter must be an array or an object that implements Countable in /app/themes/altum/views/index/index.php on line 340
[16-Feb-2024 19:50:19 UTC] PHP Notice:  Undefined property: stdClass::$redirect_append in /app/themes/altum/views/index/index.php on line 336
[16-Feb-2024 19:50:19 UTC] PHP Notice:  Undefined property: stdClass::$domains in /app/themes/altum/views/index/index.php on line 340
[16-Feb-2024 19:50:19 UTC] PHP Warning:  count(): Parameter must be an array or an object that implements Countable in /app/themes/altum/views/index/index.php on line 340
[16-Feb-2024 19:50:41 UTC] PHP Notice:  Undefined property: stdClass::$redirect_append in /app/themes/altum/views/index/index.php on line 336
[16-Feb-2024 19:50:41 UTC] PHP Notice:  Undefined property: stdClass::$domains in /app/themes/altum/views/index/index.php on line 340
[16-Feb-2024 19:50:41 UTC] PHP Warning:  count(): Parameter must be an array or an object that implements Countable in /app/themes/altum/views/index/index.php on line 340
[16-Feb-2024 22:58:04 UTC] PHP Notice:  Undefined property: stdClass::$redirect_append in /app/themes/altum/views/index/index.php on line 336
[16-Feb-2024 22:58:04 UTC] PHP Notice:  Undefined property: stdClass::$domains in /app/themes/altum/views/index/index.php on line 340
[16-Feb-2024 22:58:04 UTC] PHP Warning:  count(): Parameter must be an array or an object that implements Countable in /app/themes/altum/views/index/index.php on line 340
[16-Feb-2024 22:58:48 UTC] PHP Notice:  Undefined property: stdClass::$redirect_append in /app/themes/altum/views/index/index.php on line 336
[16-Feb-2024 22:58:48 UTC] PHP Notice:  Undefined property: stdClass::$domains in /app/themes/altum/views/index/index.php on line 340
[16-Feb-2024 22:58:48 UTC] PHP Warning:  count(): Parameter must be an array or an object that implements Countable in /app/themes/altum/views/index/index.php on line 340
[16-Feb-2024 23:00:30 UTC] PHP Notice:  Undefined property: stdClass::$redirect_append in /app/themes/altum/views/index/index.php on line 336
[16-Feb-2024 23:00:30 UTC] PHP Notice:  Undefined property: stdClass::$domains in /app/themes/altum/views/index/index.php on line 340
[16-Feb-2024 23:00:30 UTC] PHP Warning:  count(): Parameter must be an array or an object that implements Countable in /app/themes/altum/views/index/index.php on line 340
[16-Feb-2024 23:01:15 UTC] PHP Notice:  Undefined property: stdClass::$redirect_append in /app/themes/altum/views/index/index.php on line 336
[16-Feb-2024 23:01:15 UTC] PHP Notice:  Undefined property: stdClass::$domains in /app/themes/altum/views/index/index.php on line 340
[16-Feb-2024 23:01:15 UTC] PHP Warning:  count(): Parameter must be an array or an object that implements Countable in /app/themes/altum/views/index/index.php on line 340
[16-Feb-2024 23:03:06 UTC] PHP Notice:  Undefined property: stdClass::$redirect_append in /app/themes/altum/views/index/index.php on line 336
[16-Feb-2024 23:03:06 UTC] PHP Notice:  Undefined property: stdClass::$domains in /app/themes/altum/views/index/index.php on line 340
[16-Feb-2024 23:03:06 UTC] PHP Warning:  count(): Parameter must be an array or an object that implements Countable in /app/themes/altum/views/index/index.php on line 340
[16-Feb-2024 23:03:47 UTC] PHP Notice:  Undefined property: stdClass::$redirect_append in /app/themes/altum/views/index/index.php on line 336
[16-Feb-2024 23:03:47 UTC] PHP Notice:  Undefined property: stdClass::$domains in /app/themes/altum/views/index/index.php on line 340
[16-Feb-2024 23:03:47 UTC] PHP Warning:  count(): Parameter must be an array or an object that implements Countable in /app/themes/altum/views/index/index.php on line 340
[16-Feb-2024 23:12:25 UTC] PHP Notice:  Undefined property: stdClass::$redirect_append in /app/themes/altum/views/index/index.php on line 336
[16-Feb-2024 23:12:25 UTC] PHP Notice:  Undefined property: stdClass::$domains in /app/themes/altum/views/index/index.php on line 340
[16-Feb-2024 23:12:25 UTC] PHP Warning:  count(): Parameter must be an array or an object that implements Countable in /app/themes/altum/views/index/index.php on line 340
[16-Feb-2024 23:12:30 UTC] PHP Notice:  Undefined property: stdClass::$redirect_append in /app/themes/altum/views/index/index.php on line 336
[16-Feb-2024 23:12:30 UTC] PHP Notice:  Undefined property: stdClass::$domains in /app/themes/altum/views/index/index.php on line 340
[16-Feb-2024 23:12:30 UTC] PHP Warning:  count(): Parameter must be an array or an object that implements Countable in /app/themes/altum/views/index/index.php on line 340
[16-Feb-2024 23:14:05 UTC] PHP Notice:  Undefined property: stdClass::$redirect_append in /app/themes/altum/views/index/index.php on line 336
[16-Feb-2024 23:14:05 UTC] PHP Notice:  Undefined property: stdClass::$domains in /app/themes/altum/views/index/index.php on line 340
[16-Feb-2024 23:14:05 UTC] PHP Warning:  count(): Parameter must be an array or an object that implements Countable in /app/themes/altum/views/index/index.php on line 340
[16-Feb-2024 23:14:10 UTC] PHP Notice:  Undefined property: stdClass::$redirect_append in /app/themes/altum/views/index/index.php on line 336
[16-Feb-2024 23:14:10 UTC] PHP Notice:  Undefined property: stdClass::$domains in /app/themes/altum/views/index/index.php on line 340
[16-Feb-2024 23:14:10 UTC] PHP Warning:  count(): Parameter must be an array or an object that implements Countable in /app/themes/altum/views/index/index.php on line 340
[16-Feb-2024 23:14:13 UTC] PHP Notice:  Undefined property: stdClass::$redirect_append in /app/themes/altum/views/index/index.php on line 336
[16-Feb-2024 23:14:13 UTC] PHP Notice:  Undefined property: stdClass::$domains in /app/themes/altum/views/index/index.php on line 340
[16-Feb-2024 23:14:13 UTC] PHP Warning:  count(): Parameter must be an array or an object that implements Countable in /app/themes/altum/views/index/index.php on line 340
[16-Feb-2024 23:17:19 UTC] PHP Notice:  Undefined property: stdClass::$redirect_append in /app/themes/altum/views/index/index.php on line 336
[16-Feb-2024 23:17:19 UTC] PHP Notice:  Undefined property: stdClass::$domains in /app/themes/altum/views/index/index.php on line 340
[16-Feb-2024 23:17:19 UTC] PHP Warning:  count(): Parameter must be an array or an object that implements Countable in /app/themes/altum/views/index/index.php on line 340
[16-Feb-2024 23:17:22 UTC] PHP Notice:  Undefined property: stdClass::$redirect_append in /app/themes/altum/views/index/index.php on line 336
[16-Feb-2024 23:17:22 UTC] PHP Notice:  Undefined property: stdClass::$domains in /app/themes/altum/views/index/index.php on line 340
[16-Feb-2024 23:17:22 UTC] PHP Warning:  count(): Parameter must be an array or an object that implements Countable in /app/themes/altum/views/index/index.php on line 340
[16-Feb-2024 23:18:08 UTC] PHP Notice:  Undefined property: stdClass::$redirect_append in /app/themes/altum/views/index/index.php on line 336
[16-Feb-2024 23:18:08 UTC] PHP Notice:  Undefined property: stdClass::$domains in /app/themes/altum/views/index/index.php on line 340
[16-Feb-2024 23:18:08 UTC] PHP Warning:  count(): Parameter must be an array or an object that implements Countable in /app/themes/altum/views/index/index.php on line 340
[16-Feb-2024 23:18:11 UTC] PHP Notice:  Undefined property: stdClass::$redirect_append in /app/themes/altum/views/index/index.php on line 336
[16-Feb-2024 23:18:11 UTC] PHP Notice:  Undefined property: stdClass::$domains in /app/themes/altum/views/index/index.php on line 340
[16-Feb-2024 23:18:11 UTC] PHP Warning:  count(): Parameter must be an array or an object that implements Countable in /app/themes/altum/views/index/index.php on line 340
[16-Feb-2024 23:18:40 UTC] PHP Notice:  Undefined property: stdClass::$redirect_append in /app/themes/altum/views/index/index.php on line 336
[16-Feb-2024 23:18:40 UTC] PHP Notice:  Undefined property: stdClass::$domains in /app/themes/altum/views/index/index.php on line 340
[16-Feb-2024 23:18:40 UTC] PHP Warning:  count(): Parameter must be an array or an object that implements Countable in /app/themes/altum/views/index/index.php on line 340
[16-Feb-2024 23:18:44 UTC] PHP Notice:  Undefined property: stdClass::$redirect_append in /app/themes/altum/views/index/index.php on line 336
[16-Feb-2024 23:18:44 UTC] PHP Notice:  Undefined property: stdClass::$domains in /app/themes/altum/views/index/index.php on line 340
[16-Feb-2024 23:18:44 UTC] PHP Warning:  count(): Parameter must be an array or an object that implements Countable in /app/themes/altum/views/index/index.php on line 340
[16-Feb-2024 23:19:46 UTC] PHP Notice:  Undefined property: stdClass::$redirect_append in /app/themes/altum/views/index/index.php on line 336
[16-Feb-2024 23:19:46 UTC] PHP Notice:  Undefined property: stdClass::$domains in /app/themes/altum/views/index/index.php on line 340
[16-Feb-2024 23:19:46 UTC] PHP Warning:  count(): Parameter must be an array or an object that implements Countable in /app/themes/altum/views/index/index.php on line 340
[16-Feb-2024 23:20:13 UTC] PHP Notice:  Undefined property: stdClass::$redirect_append in /app/themes/altum/views/index/index.php on line 336
[16-Feb-2024 23:20:13 UTC] PHP Notice:  Undefined property: stdClass::$domains in /app/themes/altum/views/index/index.php on line 340
[16-Feb-2024 23:20:13 UTC] PHP Warning:  count(): Parameter must be an array or an object that implements Countable in /app/themes/altum/views/index/index.php on line 340
[16-Feb-2024 23:20:17 UTC] PHP Notice:  Undefined property: stdClass::$redirect_append in /app/themes/altum/views/index/index.php on line 336
[16-Feb-2024 23:20:17 UTC] PHP Notice:  Undefined property: stdClass::$domains in /app/themes/altum/views/index/index.php on line 340
[16-Feb-2024 23:20:17 UTC] PHP Warning:  count(): Parameter must be an array or an object that implements Countable in /app/themes/altum/views/index/index.php on line 340
[16-Feb-2024 23:20:47 UTC] PHP Notice:  Undefined property: stdClass::$redirect_append in /app/themes/altum/views/index/index.php on line 336
[16-Feb-2024 23:20:47 UTC] PHP Notice:  Undefined property: stdClass::$domains in /app/themes/altum/views/index/index.php on line 340
[16-Feb-2024 23:20:47 UTC] PHP Warning:  count(): Parameter must be an array or an object that implements Countable in /app/themes/altum/views/index/index.php on line 340
[16-Feb-2024 23:20:51 UTC] PHP Notice:  Undefined property: stdClass::$redirect_append in /app/themes/altum/views/index/index.php on line 336
[16-Feb-2024 23:20:51 UTC] PHP Notice:  Undefined property: stdClass::$domains in /app/themes/altum/views/index/index.php on line 340
[16-Feb-2024 23:20:51 UTC] PHP Warning:  count(): Parameter must be an array or an object that implements Countable in /app/themes/altum/views/index/index.php on line 340
[16-Feb-2024 23:20:54 UTC] PHP Notice:  Undefined property: stdClass::$redirect_append in /app/themes/altum/views/index/index.php on line 336
[16-Feb-2024 23:20:54 UTC] PHP Notice:  Undefined property: stdClass::$domains in /app/themes/altum/views/index/index.php on line 340
[16-Feb-2024 23:20:54 UTC] PHP Warning:  count(): Parameter must be an array or an object that implements Countable in /app/themes/altum/views/index/index.php on line 340
[16-Feb-2024 23:20:56 UTC] PHP Notice:  Undefined property: stdClass::$redirect_append in /app/themes/altum/views/index/index.php on line 336
[16-Feb-2024 23:20:56 UTC] PHP Notice:  Undefined property: stdClass::$domains in /app/themes/altum/views/index/index.php on line 340
[16-Feb-2024 23:20:56 UTC] PHP Warning:  count(): Parameter must be an array or an object that implements Countable in /app/themes/altum/views/index/index.php on line 340
[16-Feb-2024 23:21:25 UTC] PHP Notice:  Undefined property: stdClass::$redirect_append in /app/themes/altum/views/index/index.php on line 336
[16-Feb-2024 23:21:25 UTC] PHP Notice:  Undefined property: stdClass::$domains in /app/themes/altum/views/index/index.php on line 340
[16-Feb-2024 23:21:25 UTC] PHP Warning:  count(): Parameter must be an array or an object that implements Countable in /app/themes/altum/views/index/index.php on line 340
[16-Feb-2024 23:21:28 UTC] PHP Notice:  Undefined property: stdClass::$redirect_append in /app/themes/altum/views/index/index.php on line 336
[16-Feb-2024 23:21:28 UTC] PHP Notice:  Undefined property: stdClass::$domains in /app/themes/altum/views/index/index.php on line 340
[16-Feb-2024 23:21:28 UTC] PHP Warning:  count(): Parameter must be an array or an object that implements Countable in /app/themes/altum/views/index/index.php on line 340
[16-Feb-2024 23:22:15 UTC] PHP Notice:  Undefined property: stdClass::$redirect_append in /app/themes/altum/views/index/index.php on line 336
[16-Feb-2024 23:22:15 UTC] PHP Notice:  Undefined property: stdClass::$domains in /app/themes/altum/views/index/index.php on line 340
[16-Feb-2024 23:22:15 UTC] PHP Warning:  count(): Parameter must be an array or an object that implements Countable in /app/themes/altum/views/index/index.php on line 340
[16-Feb-2024 23:22:17 UTC] PHP Notice:  Undefined property: stdClass::$redirect_append in /app/themes/altum/views/index/index.php on line 336
[16-Feb-2024 23:22:17 UTC] PHP Notice:  Undefined property: stdClass::$domains in /app/themes/altum/views/index/index.php on line 340
[16-Feb-2024 23:22:17 UTC] PHP Warning:  count(): Parameter must be an array or an object that implements Countable in /app/themes/altum/views/index/index.php on line 340
[16-Feb-2024 23:22:20 UTC] PHP Notice:  Undefined property: stdClass::$redirect_append in /app/themes/altum/views/index/index.php on line 336
[16-Feb-2024 23:22:20 UTC] PHP Notice:  Undefined property: stdClass::$domains in /app/themes/altum/views/index/index.php on line 340
[16-Feb-2024 23:22:20 UTC] PHP Warning:  count(): Parameter must be an array or an object that implements Countable in /app/themes/altum/views/index/index.php on line 340
[16-Feb-2024 23:22:47 UTC] PHP Notice:  Undefined property: stdClass::$redirect_append in /app/themes/altum/views/index/index.php on line 336
[16-Feb-2024 23:22:47 UTC] PHP Notice:  Undefined property: stdClass::$domains in /app/themes/altum/views/index/index.php on line 340
[16-Feb-2024 23:22:47 UTC] PHP Warning:  count(): Parameter must be an array or an object that implements Countable in /app/themes/altum/views/index/index.php on line 340
[16-Feb-2024 23:24:35 UTC] PHP Notice:  Undefined property: stdClass::$redirect_append in /app/themes/altum/views/index/index.php on line 336
[16-Feb-2024 23:24:35 UTC] PHP Notice:  Undefined property: stdClass::$domains in /app/themes/altum/views/index/index.php on line 340
[16-Feb-2024 23:24:35 UTC] PHP Warning:  count(): Parameter must be an array or an object that implements Countable in /app/themes/altum/views/index/index.php on line 340
[16-Feb-2024 23:25:26 UTC] PHP Notice:  Undefined property: stdClass::$redirect_append in /app/themes/altum/views/index/index.php on line 336
[16-Feb-2024 23:25:26 UTC] PHP Notice:  Undefined property: stdClass::$domains in /app/themes/altum/views/index/index.php on line 340
[16-Feb-2024 23:25:26 UTC] PHP Warning:  count(): Parameter must be an array or an object that implements Countable in /app/themes/altum/views/index/index.php on line 340
[16-Feb-2024 23:25:58 UTC] PHP Notice:  Undefined property: stdClass::$redirect_append in /app/themes/altum/views/index/index.php on line 336
[16-Feb-2024 23:25:58 UTC] PHP Notice:  Undefined property: stdClass::$domains in /app/themes/altum/views/index/index.php on line 340
[16-Feb-2024 23:25:58 UTC] PHP Warning:  count(): Parameter must be an array or an object that implements Countable in /app/themes/altum/views/index/index.php on line 340
[16-Feb-2024 23:26:24 UTC] PHP Notice:  Undefined property: stdClass::$redirect_append in /app/themes/altum/views/index/index.php on line 336
[16-Feb-2024 23:26:24 UTC] PHP Notice:  Undefined property: stdClass::$domains in /app/themes/altum/views/index/index.php on line 340
[16-Feb-2024 23:26:24 UTC] PHP Warning:  count(): Parameter must be an array or an object that implements Countable in /app/themes/altum/views/index/index.php on line 340
[16-Feb-2024 23:26:27 UTC] PHP Notice:  Undefined property: stdClass::$redirect_append in /app/themes/altum/views/index/index.php on line 336
[16-Feb-2024 23:26:27 UTC] PHP Notice:  Undefined property: stdClass::$domains in /app/themes/altum/views/index/index.php on line 340
[16-Feb-2024 23:26:27 UTC] PHP Warning:  count(): Parameter must be an array or an object that implements Countable in /app/themes/altum/views/index/index.php on line 340
[16-Feb-2024 23:26:56 UTC] PHP Notice:  Undefined property: stdClass::$redirect_append in /app/themes/altum/views/index/index.php on line 336
[16-Feb-2024 23:26:56 UTC] PHP Notice:  Undefined property: stdClass::$domains in /app/themes/altum/views/index/index.php on line 340
[16-Feb-2024 23:26:56 UTC] PHP Warning:  count(): Parameter must be an array or an object that implements Countable in /app/themes/altum/views/index/index.php on line 340
[16-Feb-2024 23:27:05 UTC] PHP Notice:  Undefined property: stdClass::$redirect_append in /app/themes/altum/views/index/index.php on line 336
[16-Feb-2024 23:27:05 UTC] PHP Notice:  Undefined property: stdClass::$domains in /app/themes/altum/views/index/index.php on line 340
[16-Feb-2024 23:27:05 UTC] PHP Warning:  count(): Parameter must be an array or an object that implements Countable in /app/themes/altum/views/index/index.php on line 340
[16-Feb-2024 23:37:10 UTC] PHP Notice:  Undefined property: stdClass::$redirect_append in /app/themes/altum/views/index/index.php on line 336
[16-Feb-2024 23:37:10 UTC] PHP Notice:  Undefined property: stdClass::$domains in /app/themes/altum/views/index/index.php on line 340
[16-Feb-2024 23:37:10 UTC] PHP Warning:  count(): Parameter must be an array or an object that implements Countable in /app/themes/altum/views/index/index.php on line 340
[16-Feb-2024 23:39:17 UTC] PHP Notice:  Undefined property: stdClass::$redirect_append in /app/themes/altum/views/index/index.php on line 336
[16-Feb-2024 23:39:17 UTC] PHP Notice:  Undefined property: stdClass::$domains in /app/themes/altum/views/index/index.php on line 340
[16-Feb-2024 23:39:17 UTC] PHP Warning:  count(): Parameter must be an array or an object that implements Countable in /app/themes/altum/views/index/index.php on line 340
[16-Feb-2024 23:39:37 UTC] PHP Notice:  Undefined property: stdClass::$redirect_append in /app/themes/altum/views/index/index.php on line 336
[16-Feb-2024 23:39:37 UTC] PHP Notice:  Undefined property: stdClass::$domains in /app/themes/altum/views/index/index.php on line 340
[16-Feb-2024 23:39:37 UTC] PHP Warning:  count(): Parameter must be an array or an object that implements Countable in /app/themes/altum/views/index/index.php on line 340
[16-Feb-2024 23:42:01 UTC] PHP Notice:  Undefined property: stdClass::$redirect_append in /app/themes/altum/views/index/index.php on line 310
[16-Feb-2024 23:42:01 UTC] PHP Notice:  Undefined property: stdClass::$domains in /app/themes/altum/views/index/index.php on line 314
[16-Feb-2024 23:42:01 UTC] PHP Warning:  count(): Parameter must be an array or an object that implements Countable in /app/themes/altum/views/index/index.php on line 314
[16-Feb-2024 23:44:16 UTC] PHP Notice:  Undefined property: stdClass::$redirect_append in /app/themes/altum/views/index/index.php on line 310
[16-Feb-2024 23:44:16 UTC] PHP Notice:  Undefined property: stdClass::$domains in /app/themes/altum/views/index/index.php on line 314
[16-Feb-2024 23:44:16 UTC] PHP Warning:  count(): Parameter must be an array or an object that implements Countable in /app/themes/altum/views/index/index.php on line 314
[16-Feb-2024 23:44:20 UTC] PHP Notice:  Undefined property: stdClass::$redirect_append in /app/themes/altum/views/index/index.php on line 310
[16-Feb-2024 23:44:20 UTC] PHP Notice:  Undefined property: stdClass::$domains in /app/themes/altum/views/index/index.php on line 314
[16-Feb-2024 23:44:20 UTC] PHP Warning:  count(): Parameter must be an array or an object that implements Countable in /app/themes/altum/views/index/index.php on line 314
[16-Feb-2024 23:44:24 UTC] PHP Notice:  Undefined property: stdClass::$redirect_append in /app/themes/altum/views/index/index.php on line 310
[16-Feb-2024 23:44:24 UTC] PHP Notice:  Undefined property: stdClass::$domains in /app/themes/altum/views/index/index.php on line 314
[16-Feb-2024 23:44:24 UTC] PHP Warning:  count(): Parameter must be an array or an object that implements Countable in /app/themes/altum/views/index/index.php on line 314
[16-Feb-2024 23:44:36 UTC] PHP Notice:  Undefined property: stdClass::$redirect_append in /app/themes/altum/views/index/index.php on line 310
[16-Feb-2024 23:44:36 UTC] PHP Notice:  Undefined property: stdClass::$domains in /app/themes/altum/views/index/index.php on line 314
[16-Feb-2024 23:44:36 UTC] PHP Warning:  count(): Parameter must be an array or an object that implements Countable in /app/themes/altum/views/index/index.php on line 314
[16-Feb-2024 23:44:39 UTC] PHP Notice:  Undefined property: stdClass::$redirect_append in /app/themes/altum/views/index/index.php on line 310
[16-Feb-2024 23:44:39 UTC] PHP Notice:  Undefined property: stdClass::$domains in /app/themes/altum/views/index/index.php on line 314
[16-Feb-2024 23:44:39 UTC] PHP Warning:  count(): Parameter must be an array or an object that implements Countable in /app/themes/altum/views/index/index.php on line 314
[16-Feb-2024 23:44:43 UTC] PHP Notice:  Undefined property: stdClass::$redirect_append in /app/themes/altum/views/index/index.php on line 310
[16-Feb-2024 23:44:43 UTC] PHP Notice:  Undefined property: stdClass::$domains in /app/themes/altum/views/index/index.php on line 314
[16-Feb-2024 23:44:43 UTC] PHP Warning:  count(): Parameter must be an array or an object that implements Countable in /app/themes/altum/views/index/index.php on line 314
[16-Feb-2024 23:45:07 UTC] PHP Notice:  Undefined property: stdClass::$redirect_append in /app/themes/altum/views/index/index.php on line 310
[16-Feb-2024 23:45:07 UTC] PHP Notice:  Undefined property: stdClass::$domains in /app/themes/altum/views/index/index.php on line 314
[16-Feb-2024 23:45:07 UTC] PHP Warning:  count(): Parameter must be an array or an object that implements Countable in /app/themes/altum/views/index/index.php on line 314
[16-Feb-2024 23:45:31 UTC] PHP Notice:  Undefined property: stdClass::$redirect_append in /app/themes/altum/views/index/index.php on line 310
[16-Feb-2024 23:45:31 UTC] PHP Notice:  Undefined property: stdClass::$domains in /app/themes/altum/views/index/index.php on line 314
[16-Feb-2024 23:45:31 UTC] PHP Warning:  count(): Parameter must be an array or an object that implements Countable in /app/themes/altum/views/index/index.php on line 314
[16-Feb-2024 23:45:35 UTC] PHP Notice:  Undefined property: stdClass::$redirect_append in /app/themes/altum/views/index/index.php on line 310
[16-Feb-2024 23:45:35 UTC] PHP Notice:  Undefined property: stdClass::$domains in /app/themes/altum/views/index/index.php on line 314
[16-Feb-2024 23:45:35 UTC] PHP Warning:  count(): Parameter must be an array or an object that implements Countable in /app/themes/altum/views/index/index.php on line 314
[16-Feb-2024 23:46:04 UTC] PHP Notice:  Undefined property: stdClass::$redirect_append in /app/themes/altum/views/index/index.php on line 310
[16-Feb-2024 23:46:04 UTC] PHP Notice:  Undefined property: stdClass::$domains in /app/themes/altum/views/index/index.php on line 314
[16-Feb-2024 23:46:04 UTC] PHP Warning:  count(): Parameter must be an array or an object that implements Countable in /app/themes/altum/views/index/index.php on line 314
[16-Feb-2024 23:46:08 UTC] PHP Notice:  Undefined property: stdClass::$redirect_append in /app/themes/altum/views/index/index.php on line 310
[16-Feb-2024 23:46:08 UTC] PHP Notice:  Undefined property: stdClass::$domains in /app/themes/altum/views/index/index.php on line 314
[16-Feb-2024 23:46:08 UTC] PHP Warning:  count(): Parameter must be an array or an object that implements Countable in /app/themes/altum/views/index/index.php on line 314
[16-Feb-2024 23:46:35 UTC] PHP Notice:  Undefined property: stdClass::$redirect_append in /app/themes/altum/views/index/index.php on line 310
[16-Feb-2024 23:46:35 UTC] PHP Notice:  Undefined property: stdClass::$domains in /app/themes/altum/views/index/index.php on line 314
[16-Feb-2024 23:46:35 UTC] PHP Warning:  count(): Parameter must be an array or an object that implements Countable in /app/themes/altum/views/index/index.php on line 314
[16-Feb-2024 23:46:42 UTC] PHP Notice:  Undefined property: stdClass::$redirect_append in /app/themes/altum/views/index/index.php on line 310
[16-Feb-2024 23:46:42 UTC] PHP Notice:  Undefined property: stdClass::$domains in /app/themes/altum/views/index/index.php on line 314
[16-Feb-2024 23:46:42 UTC] PHP Warning:  count(): Parameter must be an array or an object that implements Countable in /app/themes/altum/views/index/index.php on line 314
