[13-Feb-2024 11:18:32 UTC] PHP Warning:  mysqli::__construct(): (HY000/2002): Connection refused in /app/app/core/Database.php on line 24
[13-Feb-2024 11:18:32 UTC] PHP Warning:  mysqli::__construct(): (HY000/2002): Connection refused in /app/app/core/Database.php on line 24
[13-Feb-2024 11:18:32 UTC] PHP Warning:  mysqli::__construct(): (HY000/2002): Connection refused in /app/app/core/Database.php on line 24
[13-Feb-2024 11:18:32 UTC] PHP Warning:  mysqli::__construct(): (HY000/2002): Connection refused in /app/app/core/Database.php on line 24
[13-Feb-2024 11:19:22 UTC] PHP Notice:  Undefined property: stdClass::$redirect_append in /app/themes/altum/views/index/index.php on line 308
[13-Feb-2024 11:19:22 UTC] PHP Notice:  Undefined property: stdClass::$domains in /app/themes/altum/views/index/index.php on line 312
[13-Feb-2024 11:19:22 UTC] PHP Warning:  count(): Parameter must be an array or an object that implements Countable in /app/themes/altum/views/index/index.php on line 312
[13-Feb-2024 11:20:19 UTC] PHP Fatal error:  Uncaught Error: Class 'Altum\Controllers\Login' not found in /app/app/core/Router.php:1407
Stack trace:
#0 /app/app/core/App.php(45): Altum\Router::get_controller('Login', '')
#1 /app/index.php(20): Altum\App->__construct()
#2 {main}
  thrown in /app/app/core/Router.php on line 1407
[13-Feb-2024 11:20:36 UTC] PHP Notice:  Undefined property: stdClass::$redirect_append in /app/themes/altum/views/index/index.php on line 308
[13-Feb-2024 11:20:36 UTC] PHP Notice:  Undefined property: stdClass::$domains in /app/themes/altum/views/index/index.php on line 312
[13-Feb-2024 11:20:36 UTC] PHP Warning:  count(): Parameter must be an array or an object that implements Countable in /app/themes/altum/views/index/index.php on line 312
[13-Feb-2024 14:15:10 UTC] PHP Notice:  Undefined property: stdClass::$redirect_append in /app/themes/altum/views/index/index.php on line 308
[13-Feb-2024 14:15:10 UTC] PHP Notice:  Undefined property: stdClass::$domains in /app/themes/altum/views/index/index.php on line 312
[13-Feb-2024 14:15:10 UTC] PHP Warning:  count(): Parameter must be an array or an object that implements Countable in /app/themes/altum/views/index/index.php on line 312
[13-Feb-2024 14:21:44 UTC] PHP Notice:  Undefined property: stdClass::$redirect_append in /app/themes/altum/views/index/index.php on line 308
[13-Feb-2024 14:21:44 UTC] PHP Notice:  Undefined property: stdClass::$domains in /app/themes/altum/views/index/index.php on line 312
[13-Feb-2024 14:21:44 UTC] PHP Warning:  count(): Parameter must be an array or an object that implements Countable in /app/themes/altum/views/index/index.php on line 312
[13-Feb-2024 14:22:13 UTC] PHP Notice:  Undefined property: stdClass::$redirect_append in /app/themes/altum/views/index/index.php on line 308
[13-Feb-2024 14:22:13 UTC] PHP Notice:  Undefined property: stdClass::$domains in /app/themes/altum/views/index/index.php on line 312
[13-Feb-2024 14:22:13 UTC] PHP Warning:  count(): Parameter must be an array or an object that implements Countable in /app/themes/altum/views/index/index.php on line 312
[13-Feb-2024 14:58:18 UTC] PHP Notice:  Undefined property: stdClass::$redirect_append in /app/themes/altum/views/index/index.php on line 308
[13-Feb-2024 14:58:18 UTC] PHP Notice:  Undefined property: stdClass::$domains in /app/themes/altum/views/index/index.php on line 312
[13-Feb-2024 14:58:18 UTC] PHP Warning:  count(): Parameter must be an array or an object that implements Countable in /app/themes/altum/views/index/index.php on line 312
[13-Feb-2024 14:58:24 UTC] PHP Notice:  session_start(): A session had already been started - ignoring in /app/themes/altum/views/register/index.php on line 86
[13-Feb-2024 14:58:29 UTC] PHP Notice:  session_start(): A session had already been started - ignoring in /app/themes/altum/views/register/index.php on line 86
[13-Feb-2024 14:59:13 UTC] PHP Notice:  session_start(): A session had already been started - ignoring in /app/themes/altum/views/register/index.php on line 86
[13-Feb-2024 14:59:36 UTC] PHP Notice:  Undefined property: stdClass::$redirect_append in /app/themes/altum/views/index/index.php on line 308
[13-Feb-2024 14:59:36 UTC] PHP Notice:  Undefined property: stdClass::$domains in /app/themes/altum/views/index/index.php on line 312
[13-Feb-2024 14:59:36 UTC] PHP Warning:  count(): Parameter must be an array or an object that implements Countable in /app/themes/altum/views/index/index.php on line 312
[13-Feb-2024 14:59:39 UTC] PHP Notice:  session_start(): A session had already been started - ignoring in /app/themes/altum/views/register/index.php on line 86
[13-Feb-2024 15:01:22 UTC] PHP Notice:  Undefined property: stdClass::$redirect_append in /app/themes/altum/views/index/index.php on line 308
[13-Feb-2024 15:01:22 UTC] PHP Notice:  Undefined property: stdClass::$domains in /app/themes/altum/views/index/index.php on line 312
[13-Feb-2024 15:01:22 UTC] PHP Warning:  count(): Parameter must be an array or an object that implements Countable in /app/themes/altum/views/index/index.php on line 312
[13-Feb-2024 15:01:24 UTC] PHP Notice:  session_start(): A session had already been started - ignoring in /app/themes/altum/views/register/index.php on line 125
