[21-Feb-2024 02:29:00 UTC] PHP Warning:  Undefined property: stdClass::$color in C:\xampp\htdocs\DEV_APPLE_ALLINKS\themes\altum\views\partials\plans.php on line 55
[21-Feb-2024 02:29:00 UTC] PHP Warning:  Undefined property: stdClass::$price in C:\xampp\htdocs\DEV_APPLE_ALLINKS\themes\altum\views\partials\plans.php on line 60
[21-Feb-2024 02:29:00 UTC] PHP Warning:  Undefined property: stdClass::$description in C:\xampp\htdocs\DEV_APPLE_ALLINKS\themes\altum\views\partials\plans.php on line 63
[21-Feb-2024 02:29:00 UTC] PHP Warning:  Undefined property: stdClass::$additional_domains_is_enabled in C:\xampp\htdocs\DEV_APPLE_ALLINKS\themes\altum\views\partials\plans_plan_content.php on line 3
[21-Feb-2024 02:29:00 UTC] PHP Warning:  Undefined property: stdClass::$biolink_blocks_limit in C:\xampp\htdocs\DEV_APPLE_ALLINKS\themes\altum\views\partials\plans_plan_content.php on line 14
[21-Feb-2024 02:29:00 UTC] PHP Warning:  Undefined property: stdClass::$biolink_blocks_limit in C:\xampp\htdocs\DEV_APPLE_ALLINKS\themes\altum\views\partials\plans_plan_content.php on line 14
[21-Feb-2024 02:29:00 UTC] PHP Warning:  Undefined property: stdClass::$payment_processors_limit in C:\xampp\htdocs\DEV_APPLE_ALLINKS\themes\altum\views\partials\plans_plan_content.php on line 38
[21-Feb-2024 02:29:00 UTC] PHP Warning:  Undefined property: stdClass::$payment_processors_limit in C:\xampp\htdocs\DEV_APPLE_ALLINKS\themes\altum\views\partials\plans_plan_content.php on line 38
[21-Feb-2024 02:29:00 UTC] PHP Warning:  Undefined property: stdClass::$files_limit in C:\xampp\htdocs\DEV_APPLE_ALLINKS\themes\altum\views\partials\plans_plan_content.php on line 51
[21-Feb-2024 02:29:00 UTC] PHP Warning:  Undefined property: stdClass::$files_limit in C:\xampp\htdocs\DEV_APPLE_ALLINKS\themes\altum\views\partials\plans_plan_content.php on line 51
[21-Feb-2024 02:29:00 UTC] PHP Warning:  Undefined property: stdClass::$vcards_limit in C:\xampp\htdocs\DEV_APPLE_ALLINKS\themes\altum\views\partials\plans_plan_content.php on line 57
[21-Feb-2024 02:29:00 UTC] PHP Warning:  Undefined property: stdClass::$vcards_limit in C:\xampp\htdocs\DEV_APPLE_ALLINKS\themes\altum\views\partials\plans_plan_content.php on line 57
[21-Feb-2024 02:29:00 UTC] PHP Warning:  Undefined property: stdClass::$events_is_enabled in C:\xampp\htdocs\DEV_APPLE_ALLINKS\themes\altum\views\partials\plans_plan_content.php on line 61
[21-Feb-2024 02:29:00 UTC] PHP Warning:  Undefined property: stdClass::$qr_codes_limit in C:\xampp\htdocs\DEV_APPLE_ALLINKS\themes\altum\views\partials\plans_plan_content.php on line 69
[21-Feb-2024 02:29:00 UTC] PHP Warning:  Undefined property: stdClass::$qr_codes_limit in C:\xampp\htdocs\DEV_APPLE_ALLINKS\themes\altum\views\partials\plans_plan_content.php on line 69
[21-Feb-2024 02:29:00 UTC] PHP Warning:  Undefined property: stdClass::$teams_limit in C:\xampp\htdocs\DEV_APPLE_ALLINKS\themes\altum\views\partials\plans_plan_content.php on line 109
[21-Feb-2024 02:29:00 UTC] PHP Warning:  Undefined property: stdClass::$teams_limit in C:\xampp\htdocs\DEV_APPLE_ALLINKS\themes\altum\views\partials\plans_plan_content.php on line 109
[21-Feb-2024 02:29:00 UTC] PHP Warning:  Undefined property: stdClass::$team_members_limit in C:\xampp\htdocs\DEV_APPLE_ALLINKS\themes\altum\views\partials\plans_plan_content.php on line 113
[21-Feb-2024 02:29:00 UTC] PHP Warning:  Undefined property: stdClass::$team_members_limit in C:\xampp\htdocs\DEV_APPLE_ALLINKS\themes\altum\views\partials\plans_plan_content.php on line 113
[21-Feb-2024 02:29:00 UTC] PHP Warning:  Undefined property: stdClass::$track_links_retention in C:\xampp\htdocs\DEV_APPLE_ALLINKS\themes\altum\views\partials\plans_plan_content.php on line 130
[21-Feb-2024 02:29:00 UTC] PHP Warning:  Undefined property: stdClass::$track_links_retention in C:\xampp\htdocs\DEV_APPLE_ALLINKS\themes\altum\views\partials\plans_plan_content.php on line 130
[21-Feb-2024 02:29:00 UTC] PHP Warning:  Undefined property: stdClass::$additional_domains_is_enabled in C:\xampp\htdocs\DEV_APPLE_ALLINKS\themes\altum\views\partials\plans_plan_content.php on line 133
[21-Feb-2024 02:29:00 UTC] PHP Warning:  Undefined property: stdClass::$dofollow_is_enabled in C:\xampp\htdocs\DEV_APPLE_ALLINKS\themes\altum\views\partials\plans_plan_content.php on line 146
[21-Feb-2024 02:29:00 UTC] PHP Warning:  Undefined property: stdClass::$dofollow_is_enabled in C:\xampp\htdocs\DEV_APPLE_ALLINKS\themes\altum\views\partials\plans_plan_content.php on line 150
[21-Feb-2024 02:29:00 UTC] PHP Warning:  Undefined property: stdClass::$custom_css_is_enabled in C:\xampp\htdocs\DEV_APPLE_ALLINKS\themes\altum\views\partials\plans_plan_content.php on line 146
[21-Feb-2024 02:29:00 UTC] PHP Warning:  Undefined property: stdClass::$custom_css_is_enabled in C:\xampp\htdocs\DEV_APPLE_ALLINKS\themes\altum\views\partials\plans_plan_content.php on line 150
[21-Feb-2024 02:29:00 UTC] PHP Warning:  Undefined property: stdClass::$custom_js_is_enabled in C:\xampp\htdocs\DEV_APPLE_ALLINKS\themes\altum\views\partials\plans_plan_content.php on line 146
[21-Feb-2024 02:29:00 UTC] PHP Warning:  Undefined property: stdClass::$custom_js_is_enabled in C:\xampp\htdocs\DEV_APPLE_ALLINKS\themes\altum\views\partials\plans_plan_content.php on line 150
[21-Feb-2024 02:29:00 UTC] PHP Warning:  Undefined property: stdClass::$directory_access in C:\xampp\htdocs\DEV_APPLE_ALLINKS\themes\altum\views\partials\index_menu.php on line 35
[21-Feb-2024 02:29:00 UTC] PHP Warning:  Undefined property: stdClass::$directory_access in C:\xampp\htdocs\DEV_APPLE_ALLINKS\themes\altum\views\partials\index_menu.php on line 35
[21-Feb-2024 02:29:00 UTC] PHP Warning:  Undefined property: stdClass::$redirect_append in C:\xampp\htdocs\DEV_APPLE_ALLINKS\themes\altum\views\index\index.php on line 310
[21-Feb-2024 02:29:00 UTC] PHP Warning:  Undefined property: stdClass::$domains in C:\xampp\htdocs\DEV_APPLE_ALLINKS\themes\altum\views\index\index.php on line 314
[21-Feb-2024 02:29:00 UTC] PHP Fatal error:  Uncaught TypeError: count(): Argument #1 ($value) must be of type Countable|array, null given in C:\xampp\htdocs\DEV_APPLE_ALLINKS\themes\altum\views\index\index.php:314
Stack trace:
#0 C:\xampp\htdocs\DEV_APPLE_ALLINKS\app\core\View.php(35): require()
#1 C:\xampp\htdocs\DEV_APPLE_ALLINKS\app\controllers\Index.php(79): Altum\View->run(Object(stdClass))
#2 [internal function]: Altum\Controllers\Index->index()
#3 C:\xampp\htdocs\DEV_APPLE_ALLINKS\app\core\App.php(204): call_user_func_array(Array, Array)
#4 C:\xampp\htdocs\DEV_APPLE_ALLINKS\index.php(20): Altum\App->__construct()
#5 {main}
  thrown in C:\xampp\htdocs\DEV_APPLE_ALLINKS\themes\altum\views\index\index.php on line 314
