[24-Feb-2024 02:02:14 UTC] PHP Warning:  Undefined property: stdClass::$color in C:\xampp\htdocs\DEV_APPLE_ALLINKS\themes\altum\views\partials\plans.php on line 55
[24-Feb-2024 02:02:14 UTC] PHP Warning:  Undefined property: stdClass::$price in C:\xampp\htdocs\DEV_APPLE_ALLINKS\themes\altum\views\partials\plans.php on line 60
[24-Feb-2024 02:02:14 UTC] PHP Warning:  Undefined property: stdClass::$description in C:\xampp\htdocs\DEV_APPLE_ALLINKS\themes\altum\views\partials\plans.php on line 63
[24-Feb-2024 02:02:14 UTC] PHP Warning:  Undefined property: stdClass::$additional_domains_is_enabled in C:\xampp\htdocs\DEV_APPLE_ALLINKS\themes\altum\views\partials\plans_plan_content.php on line 3
[24-Feb-2024 02:02:14 UTC] PHP Warning:  Undefined property: stdClass::$biolink_blocks_limit in C:\xampp\htdocs\DEV_APPLE_ALLINKS\themes\altum\views\partials\plans_plan_content.php on line 14
[24-Feb-2024 02:02:14 UTC] PHP Warning:  Undefined property: stdClass::$biolink_blocks_limit in C:\xampp\htdocs\DEV_APPLE_ALLINKS\themes\altum\views\partials\plans_plan_content.php on line 14
[24-Feb-2024 02:02:14 UTC] PHP Warning:  Undefined property: stdClass::$payment_processors_limit in C:\xampp\htdocs\DEV_APPLE_ALLINKS\themes\altum\views\partials\plans_plan_content.php on line 38
[24-Feb-2024 02:02:14 UTC] PHP Warning:  Undefined property: stdClass::$payment_processors_limit in C:\xampp\htdocs\DEV_APPLE_ALLINKS\themes\altum\views\partials\plans_plan_content.php on line 38
[24-Feb-2024 02:02:14 UTC] PHP Warning:  Undefined property: stdClass::$files_limit in C:\xampp\htdocs\DEV_APPLE_ALLINKS\themes\altum\views\partials\plans_plan_content.php on line 51
[24-Feb-2024 02:02:14 UTC] PHP Warning:  Undefined property: stdClass::$files_limit in C:\xampp\htdocs\DEV_APPLE_ALLINKS\themes\altum\views\partials\plans_plan_content.php on line 51
[24-Feb-2024 02:02:14 UTC] PHP Warning:  Undefined property: stdClass::$vcards_limit in C:\xampp\htdocs\DEV_APPLE_ALLINKS\themes\altum\views\partials\plans_plan_content.php on line 57
[24-Feb-2024 02:02:14 UTC] PHP Warning:  Undefined property: stdClass::$vcards_limit in C:\xampp\htdocs\DEV_APPLE_ALLINKS\themes\altum\views\partials\plans_plan_content.php on line 57
[24-Feb-2024 02:02:14 UTC] PHP Warning:  Undefined property: stdClass::$events_is_enabled in C:\xampp\htdocs\DEV_APPLE_ALLINKS\themes\altum\views\partials\plans_plan_content.php on line 61
[24-Feb-2024 02:02:14 UTC] PHP Warning:  Undefined property: stdClass::$qr_codes_limit in C:\xampp\htdocs\DEV_APPLE_ALLINKS\themes\altum\views\partials\plans_plan_content.php on line 69
[24-Feb-2024 02:02:14 UTC] PHP Warning:  Undefined property: stdClass::$qr_codes_limit in C:\xampp\htdocs\DEV_APPLE_ALLINKS\themes\altum\views\partials\plans_plan_content.php on line 69
[24-Feb-2024 02:02:14 UTC] PHP Warning:  Undefined property: stdClass::$teams_limit in C:\xampp\htdocs\DEV_APPLE_ALLINKS\themes\altum\views\partials\plans_plan_content.php on line 109
[24-Feb-2024 02:02:14 UTC] PHP Warning:  Undefined property: stdClass::$teams_limit in C:\xampp\htdocs\DEV_APPLE_ALLINKS\themes\altum\views\partials\plans_plan_content.php on line 109
[24-Feb-2024 02:02:14 UTC] PHP Warning:  Undefined property: stdClass::$team_members_limit in C:\xampp\htdocs\DEV_APPLE_ALLINKS\themes\altum\views\partials\plans_plan_content.php on line 113
[24-Feb-2024 02:02:14 UTC] PHP Warning:  Undefined property: stdClass::$team_members_limit in C:\xampp\htdocs\DEV_APPLE_ALLINKS\themes\altum\views\partials\plans_plan_content.php on line 113
[24-Feb-2024 02:02:14 UTC] PHP Warning:  Undefined property: stdClass::$track_links_retention in C:\xampp\htdocs\DEV_APPLE_ALLINKS\themes\altum\views\partials\plans_plan_content.php on line 130
[24-Feb-2024 02:02:14 UTC] PHP Warning:  Undefined property: stdClass::$track_links_retention in C:\xampp\htdocs\DEV_APPLE_ALLINKS\themes\altum\views\partials\plans_plan_content.php on line 130
[24-Feb-2024 02:02:14 UTC] PHP Warning:  Undefined property: stdClass::$additional_domains_is_enabled in C:\xampp\htdocs\DEV_APPLE_ALLINKS\themes\altum\views\partials\plans_plan_content.php on line 133
[24-Feb-2024 02:02:14 UTC] PHP Warning:  Undefined property: stdClass::$dofollow_is_enabled in C:\xampp\htdocs\DEV_APPLE_ALLINKS\themes\altum\views\partials\plans_plan_content.php on line 146
[24-Feb-2024 02:02:14 UTC] PHP Warning:  Undefined property: stdClass::$dofollow_is_enabled in C:\xampp\htdocs\DEV_APPLE_ALLINKS\themes\altum\views\partials\plans_plan_content.php on line 150
[24-Feb-2024 02:02:14 UTC] PHP Warning:  Undefined property: stdClass::$custom_css_is_enabled in C:\xampp\htdocs\DEV_APPLE_ALLINKS\themes\altum\views\partials\plans_plan_content.php on line 146
[24-Feb-2024 02:02:14 UTC] PHP Warning:  Undefined property: stdClass::$custom_css_is_enabled in C:\xampp\htdocs\DEV_APPLE_ALLINKS\themes\altum\views\partials\plans_plan_content.php on line 150
[24-Feb-2024 02:02:14 UTC] PHP Warning:  Undefined property: stdClass::$custom_js_is_enabled in C:\xampp\htdocs\DEV_APPLE_ALLINKS\themes\altum\views\partials\plans_plan_content.php on line 146
[24-Feb-2024 02:02:14 UTC] PHP Warning:  Undefined property: stdClass::$custom_js_is_enabled in C:\xampp\htdocs\DEV_APPLE_ALLINKS\themes\altum\views\partials\plans_plan_content.php on line 150
[24-Feb-2024 02:02:14 UTC] PHP Warning:  Undefined property: stdClass::$directory_access in C:\xampp\htdocs\DEV_APPLE_ALLINKS\themes\altum\views\partials\index_menu.php on line 35
[24-Feb-2024 02:02:14 UTC] PHP Warning:  Undefined property: stdClass::$directory_access in C:\xampp\htdocs\DEV_APPLE_ALLINKS\themes\altum\views\partials\index_menu.php on line 35
[24-Feb-2024 02:02:14 UTC] PHP Warning:  Undefined property: stdClass::$redirect_append in C:\xampp\htdocs\DEV_APPLE_ALLINKS\themes\altum\views\index\index.php on line 310
[24-Feb-2024 02:02:14 UTC] PHP Warning:  Undefined property: stdClass::$domains in C:\xampp\htdocs\DEV_APPLE_ALLINKS\themes\altum\views\index\index.php on line 314
[24-Feb-2024 02:02:14 UTC] PHP Fatal error:  Uncaught TypeError: count(): Argument #1 ($value) must be of type Countable|array, null given in C:\xampp\htdocs\DEV_APPLE_ALLINKS\themes\altum\views\index\index.php:314
Stack trace:
#0 C:\xampp\htdocs\DEV_APPLE_ALLINKS\app\core\View.php(35): require()
#1 C:\xampp\htdocs\DEV_APPLE_ALLINKS\app\controllers\Index.php(79): Altum\View->run(Object(stdClass))
#2 [internal function]: Altum\Controllers\Index->index()
#3 C:\xampp\htdocs\DEV_APPLE_ALLINKS\app\core\App.php(204): call_user_func_array(Array, Array)
#4 C:\xampp\htdocs\DEV_APPLE_ALLINKS\index.php(20): Altum\App->__construct()
#5 {main}
  thrown in C:\xampp\htdocs\DEV_APPLE_ALLINKS\themes\altum\views\index\index.php on line 314
[24-Feb-2024 02:02:20 UTC] PHP Warning:  Undefined property: stdClass::$guests_content in C:\xampp\htdocs\DEV_APPLE_ALLINKS\themes\altum\views\partials\announcements.php on line 4
[24-Feb-2024 02:02:20 UTC] PHP Warning:  Undefined property: stdClass::$users_content in C:\xampp\htdocs\DEV_APPLE_ALLINKS\themes\altum\views\partials\announcements.php on line 4
[24-Feb-2024 02:02:20 UTC] PHP Warning:  Undefined property: stdClass::$is_enabled in C:\xampp\htdocs\DEV_APPLE_ALLINKS\themes\altum\views\partials\cookie_consent.php on line 3
[24-Feb-2024 02:13:33 UTC] PHP Fatal error:  Uncaught Facebook\Exceptions\FacebookSDKException: Required "app_id" key not supplied in config and could not find fallback environment variable "FACEBOOK_APP_ID" in C:\xampp\htdocs\DEV_APPLE_ALLINKS\vendor\facebook\graph-sdk\src\Facebook\Facebook.php:139
Stack trace:
#0 C:\xampp\htdocs\DEV_APPLE_ALLINKS\app\controllers\Login.php(88): Facebook\Facebook->__construct(Array)
#1 [internal function]: Altum\Controllers\Login->index()
#2 C:\xampp\htdocs\DEV_APPLE_ALLINKS\app\core\App.php(204): call_user_func_array(Array, Array)
#3 C:\xampp\htdocs\DEV_APPLE_ALLINKS\index.php(20): Altum\App->__construct()
#4 {main}
  thrown in C:\xampp\htdocs\DEV_APPLE_ALLINKS\vendor\facebook\graph-sdk\src\Facebook\Facebook.php on line 139
[24-Feb-2024 02:13:36 UTC] PHP Warning:  Undefined property: stdClass::$guests_content in C:\xampp\htdocs\DEV_APPLE_ALLINKS\themes\altum\views\partials\announcements.php on line 4
[24-Feb-2024 02:13:36 UTC] PHP Warning:  Undefined property: stdClass::$users_content in C:\xampp\htdocs\DEV_APPLE_ALLINKS\themes\altum\views\partials\announcements.php on line 4
[24-Feb-2024 02:13:36 UTC] PHP Warning:  Undefined property: stdClass::$is_enabled in C:\xampp\htdocs\DEV_APPLE_ALLINKS\themes\altum\views\partials\cookie_consent.php on line 3
[24-Feb-2024 02:13:39 UTC] PHP Notice:  session_start(): Ignoring session_start() because a session is already active in C:\xampp\htdocs\DEV_APPLE_ALLINKS\themes\altum\views\register\index.php on line 154
[24-Feb-2024 02:13:39 UTC] PHP Warning:  Undefined property: stdClass::$guests_content in C:\xampp\htdocs\DEV_APPLE_ALLINKS\themes\altum\views\partials\announcements.php on line 4
[24-Feb-2024 02:13:39 UTC] PHP Warning:  Undefined property: stdClass::$users_content in C:\xampp\htdocs\DEV_APPLE_ALLINKS\themes\altum\views\partials\announcements.php on line 4
[24-Feb-2024 02:13:39 UTC] PHP Warning:  Undefined property: stdClass::$is_enabled in C:\xampp\htdocs\DEV_APPLE_ALLINKS\themes\altum\views\partials\cookie_consent.php on line 3
[24-Feb-2024 02:13:53 UTC] PHP Notice:  session_start(): Ignoring session_start() because a session is already active in C:\xampp\htdocs\DEV_APPLE_ALLINKS\themes\altum\views\register\index.php on line 154
[24-Feb-2024 02:13:53 UTC] PHP Warning:  Undefined property: stdClass::$guests_content in C:\xampp\htdocs\DEV_APPLE_ALLINKS\themes\altum\views\partials\announcements.php on line 4
[24-Feb-2024 02:13:53 UTC] PHP Warning:  Undefined property: stdClass::$users_content in C:\xampp\htdocs\DEV_APPLE_ALLINKS\themes\altum\views\partials\announcements.php on line 4
[24-Feb-2024 02:13:53 UTC] PHP Warning:  Undefined property: stdClass::$is_enabled in C:\xampp\htdocs\DEV_APPLE_ALLINKS\themes\altum\views\partials\cookie_consent.php on line 3
[24-Feb-2024 02:28:30 UTC] PHP Notice:  session_start(): Ignoring session_start() because a session is already active in C:\xampp\htdocs\DEV_APPLE_ALLINKS\themes\altum\views\register\index.php on line 154
[24-Feb-2024 02:28:30 UTC] PHP Warning:  Undefined property: stdClass::$guests_content in C:\xampp\htdocs\DEV_APPLE_ALLINKS\themes\altum\views\partials\announcements.php on line 4
[24-Feb-2024 02:28:30 UTC] PHP Warning:  Undefined property: stdClass::$users_content in C:\xampp\htdocs\DEV_APPLE_ALLINKS\themes\altum\views\partials\announcements.php on line 4
[24-Feb-2024 02:28:30 UTC] PHP Warning:  Undefined property: stdClass::$is_enabled in C:\xampp\htdocs\DEV_APPLE_ALLINKS\themes\altum\views\partials\cookie_consent.php on line 3
[24-Feb-2024 02:31:22 UTC] PHP Notice:  session_start(): Ignoring session_start() because a session is already active in C:\xampp\htdocs\DEV_APPLE_ALLINKS\themes\altum\views\register\index.php on line 154
[24-Feb-2024 02:31:22 UTC] PHP Warning:  Undefined property: stdClass::$guests_content in C:\xampp\htdocs\DEV_APPLE_ALLINKS\themes\altum\views\partials\announcements.php on line 4
[24-Feb-2024 02:31:22 UTC] PHP Warning:  Undefined property: stdClass::$users_content in C:\xampp\htdocs\DEV_APPLE_ALLINKS\themes\altum\views\partials\announcements.php on line 4
[24-Feb-2024 02:31:22 UTC] PHP Warning:  Undefined property: stdClass::$is_enabled in C:\xampp\htdocs\DEV_APPLE_ALLINKS\themes\altum\views\partials\cookie_consent.php on line 3
[24-Feb-2024 02:33:41 UTC] PHP Notice:  session_start(): Ignoring session_start() because a session is already active in C:\xampp\htdocs\DEV_APPLE_ALLINKS\themes\altum\views\register\index.php on line 154
[24-Feb-2024 02:33:41 UTC] PHP Warning:  Undefined property: stdClass::$guests_content in C:\xampp\htdocs\DEV_APPLE_ALLINKS\themes\altum\views\partials\announcements.php on line 4
[24-Feb-2024 02:33:41 UTC] PHP Warning:  Undefined property: stdClass::$users_content in C:\xampp\htdocs\DEV_APPLE_ALLINKS\themes\altum\views\partials\announcements.php on line 4
[24-Feb-2024 02:33:41 UTC] PHP Warning:  Undefined property: stdClass::$is_enabled in C:\xampp\htdocs\DEV_APPLE_ALLINKS\themes\altum\views\partials\cookie_consent.php on line 3
[24-Feb-2024 02:33:43 UTC] PHP Notice:  session_start(): Ignoring session_start() because a session is already active in C:\xampp\htdocs\DEV_APPLE_ALLINKS\themes\altum\views\register\index.php on line 154
[24-Feb-2024 02:33:43 UTC] PHP Warning:  Undefined property: stdClass::$guests_content in C:\xampp\htdocs\DEV_APPLE_ALLINKS\themes\altum\views\partials\announcements.php on line 4
[24-Feb-2024 02:33:43 UTC] PHP Warning:  Undefined property: stdClass::$users_content in C:\xampp\htdocs\DEV_APPLE_ALLINKS\themes\altum\views\partials\announcements.php on line 4
[24-Feb-2024 02:33:43 UTC] PHP Warning:  Undefined property: stdClass::$is_enabled in C:\xampp\htdocs\DEV_APPLE_ALLINKS\themes\altum\views\partials\cookie_consent.php on line 3
[24-Feb-2024 02:33:55 UTC] PHP Notice:  session_start(): Ignoring session_start() because a session is already active in C:\xampp\htdocs\DEV_APPLE_ALLINKS\themes\altum\views\register\index.php on line 154
[24-Feb-2024 02:33:55 UTC] PHP Warning:  Undefined property: stdClass::$guests_content in C:\xampp\htdocs\DEV_APPLE_ALLINKS\themes\altum\views\partials\announcements.php on line 4
[24-Feb-2024 02:33:55 UTC] PHP Warning:  Undefined property: stdClass::$users_content in C:\xampp\htdocs\DEV_APPLE_ALLINKS\themes\altum\views\partials\announcements.php on line 4
[24-Feb-2024 02:33:55 UTC] PHP Warning:  Undefined property: stdClass::$is_enabled in C:\xampp\htdocs\DEV_APPLE_ALLINKS\themes\altum\views\partials\cookie_consent.php on line 3
[24-Feb-2024 04:28:26 UTC] PHP Notice:  session_start(): Ignoring session_start() because a session is already active in C:\xampp\htdocs\DEV_APPLE_ALLINKS\themes\altum\views\register\index.php on line 154
[24-Feb-2024 04:28:26 UTC] PHP Warning:  Undefined property: stdClass::$guests_content in C:\xampp\htdocs\DEV_APPLE_ALLINKS\themes\altum\views\partials\announcements.php on line 4
[24-Feb-2024 04:28:26 UTC] PHP Warning:  Undefined property: stdClass::$users_content in C:\xampp\htdocs\DEV_APPLE_ALLINKS\themes\altum\views\partials\announcements.php on line 4
[24-Feb-2024 04:28:26 UTC] PHP Warning:  Undefined property: stdClass::$is_enabled in C:\xampp\htdocs\DEV_APPLE_ALLINKS\themes\altum\views\partials\cookie_consent.php on line 3
[24-Feb-2024 04:42:12 UTC] PHP Warning:  Undefined variable $response in C:\xampp\htdocs\DEV_APPLE_ALLINKS\themes\altum\views\register\index.php on line 105
[24-Feb-2024 04:42:16 UTC] PHP Warning:  Undefined variable $response in C:\xampp\htdocs\DEV_APPLE_ALLINKS\themes\altum\views\register\index.php on line 105
[24-Feb-2024 04:48:31 UTC] PHP Notice:  session_start(): Ignoring session_start() because a session is already active in C:\xampp\htdocs\DEV_APPLE_ALLINKS\themes\altum\views\register\index.php on line 156
[24-Feb-2024 04:48:31 UTC] PHP Warning:  Undefined property: stdClass::$guests_content in C:\xampp\htdocs\DEV_APPLE_ALLINKS\themes\altum\views\partials\announcements.php on line 4
[24-Feb-2024 04:48:31 UTC] PHP Warning:  Undefined property: stdClass::$users_content in C:\xampp\htdocs\DEV_APPLE_ALLINKS\themes\altum\views\partials\announcements.php on line 4
[24-Feb-2024 04:48:31 UTC] PHP Warning:  Undefined property: stdClass::$is_enabled in C:\xampp\htdocs\DEV_APPLE_ALLINKS\themes\altum\views\partials\cookie_consent.php on line 3
[24-Feb-2024 04:48:34 UTC] PHP Notice:  session_start(): Ignoring session_start() because a session is already active in C:\xampp\htdocs\DEV_APPLE_ALLINKS\themes\altum\views\register\index.php on line 156
[24-Feb-2024 04:48:34 UTC] PHP Warning:  Undefined property: stdClass::$guests_content in C:\xampp\htdocs\DEV_APPLE_ALLINKS\themes\altum\views\partials\announcements.php on line 4
[24-Feb-2024 04:48:34 UTC] PHP Warning:  Undefined property: stdClass::$users_content in C:\xampp\htdocs\DEV_APPLE_ALLINKS\themes\altum\views\partials\announcements.php on line 4
[24-Feb-2024 04:48:34 UTC] PHP Warning:  Undefined property: stdClass::$is_enabled in C:\xampp\htdocs\DEV_APPLE_ALLINKS\themes\altum\views\partials\cookie_consent.php on line 3
[24-Feb-2024 04:48:43 UTC] PHP Notice:  session_start(): Ignoring session_start() because a session is already active in C:\xampp\htdocs\DEV_APPLE_ALLINKS\themes\altum\views\register\index.php on line 156
[24-Feb-2024 04:48:43 UTC] PHP Warning:  Undefined property: stdClass::$guests_content in C:\xampp\htdocs\DEV_APPLE_ALLINKS\themes\altum\views\partials\announcements.php on line 4
[24-Feb-2024 04:48:43 UTC] PHP Warning:  Undefined property: stdClass::$users_content in C:\xampp\htdocs\DEV_APPLE_ALLINKS\themes\altum\views\partials\announcements.php on line 4
[24-Feb-2024 04:48:43 UTC] PHP Warning:  Undefined property: stdClass::$is_enabled in C:\xampp\htdocs\DEV_APPLE_ALLINKS\themes\altum\views\partials\cookie_consent.php on line 3
[24-Feb-2024 10:08:39 UTC] PHP Notice:  session_start(): Ignoring session_start() because a session is already active in C:\xampp\htdocs\DEV_APPLE_ALLINKS\themes\altum\views\register\index.php on line 156
[24-Feb-2024 10:08:40 UTC] PHP Warning:  Undefined property: stdClass::$guests_content in C:\xampp\htdocs\DEV_APPLE_ALLINKS\themes\altum\views\partials\announcements.php on line 4
[24-Feb-2024 10:08:40 UTC] PHP Warning:  Undefined property: stdClass::$users_content in C:\xampp\htdocs\DEV_APPLE_ALLINKS\themes\altum\views\partials\announcements.php on line 4
[24-Feb-2024 10:08:40 UTC] PHP Warning:  Undefined property: stdClass::$is_enabled in C:\xampp\htdocs\DEV_APPLE_ALLINKS\themes\altum\views\partials\cookie_consent.php on line 3
[24-Feb-2024 10:09:18 UTC] PHP Notice:  session_start(): Ignoring session_start() because a session is already active in C:\xampp\htdocs\DEV_APPLE_ALLINKS\themes\altum\views\register\index.php on line 156
[24-Feb-2024 10:09:18 UTC] PHP Warning:  Undefined property: stdClass::$guests_content in C:\xampp\htdocs\DEV_APPLE_ALLINKS\themes\altum\views\partials\announcements.php on line 4
[24-Feb-2024 10:09:18 UTC] PHP Warning:  Undefined property: stdClass::$users_content in C:\xampp\htdocs\DEV_APPLE_ALLINKS\themes\altum\views\partials\announcements.php on line 4
[24-Feb-2024 10:09:18 UTC] PHP Warning:  Undefined property: stdClass::$is_enabled in C:\xampp\htdocs\DEV_APPLE_ALLINKS\themes\altum\views\partials\cookie_consent.php on line 3
[24-Feb-2024 12:44:41 UTC] PHP Warning:  Undefined property: stdClass::$color in C:\xampp\htdocs\DEV_APPLE_ALLINKS\themes\altum\views\partials\plans.php on line 55
[24-Feb-2024 12:44:41 UTC] PHP Warning:  Undefined property: stdClass::$price in C:\xampp\htdocs\DEV_APPLE_ALLINKS\themes\altum\views\partials\plans.php on line 60
[24-Feb-2024 12:44:41 UTC] PHP Warning:  Undefined property: stdClass::$description in C:\xampp\htdocs\DEV_APPLE_ALLINKS\themes\altum\views\partials\plans.php on line 63
[24-Feb-2024 12:44:42 UTC] PHP Warning:  Undefined property: stdClass::$additional_domains_is_enabled in C:\xampp\htdocs\DEV_APPLE_ALLINKS\themes\altum\views\partials\plans_plan_content.php on line 3
[24-Feb-2024 12:44:42 UTC] PHP Warning:  Undefined property: stdClass::$biolink_blocks_limit in C:\xampp\htdocs\DEV_APPLE_ALLINKS\themes\altum\views\partials\plans_plan_content.php on line 14
[24-Feb-2024 12:44:42 UTC] PHP Warning:  Undefined property: stdClass::$biolink_blocks_limit in C:\xampp\htdocs\DEV_APPLE_ALLINKS\themes\altum\views\partials\plans_plan_content.php on line 14
[24-Feb-2024 12:44:42 UTC] PHP Warning:  Undefined property: stdClass::$payment_processors_limit in C:\xampp\htdocs\DEV_APPLE_ALLINKS\themes\altum\views\partials\plans_plan_content.php on line 38
[24-Feb-2024 12:44:42 UTC] PHP Warning:  Undefined property: stdClass::$payment_processors_limit in C:\xampp\htdocs\DEV_APPLE_ALLINKS\themes\altum\views\partials\plans_plan_content.php on line 38
[24-Feb-2024 12:44:42 UTC] PHP Warning:  Undefined property: stdClass::$files_limit in C:\xampp\htdocs\DEV_APPLE_ALLINKS\themes\altum\views\partials\plans_plan_content.php on line 51
[24-Feb-2024 12:44:42 UTC] PHP Warning:  Undefined property: stdClass::$files_limit in C:\xampp\htdocs\DEV_APPLE_ALLINKS\themes\altum\views\partials\plans_plan_content.php on line 51
[24-Feb-2024 12:44:42 UTC] PHP Warning:  Undefined property: stdClass::$vcards_limit in C:\xampp\htdocs\DEV_APPLE_ALLINKS\themes\altum\views\partials\plans_plan_content.php on line 57
[24-Feb-2024 12:44:42 UTC] PHP Warning:  Undefined property: stdClass::$vcards_limit in C:\xampp\htdocs\DEV_APPLE_ALLINKS\themes\altum\views\partials\plans_plan_content.php on line 57
[24-Feb-2024 12:44:42 UTC] PHP Warning:  Undefined property: stdClass::$events_is_enabled in C:\xampp\htdocs\DEV_APPLE_ALLINKS\themes\altum\views\partials\plans_plan_content.php on line 61
[24-Feb-2024 12:44:42 UTC] PHP Warning:  Undefined property: stdClass::$qr_codes_limit in C:\xampp\htdocs\DEV_APPLE_ALLINKS\themes\altum\views\partials\plans_plan_content.php on line 69
[24-Feb-2024 12:44:42 UTC] PHP Warning:  Undefined property: stdClass::$qr_codes_limit in C:\xampp\htdocs\DEV_APPLE_ALLINKS\themes\altum\views\partials\plans_plan_content.php on line 69
[24-Feb-2024 12:44:42 UTC] PHP Warning:  Undefined property: stdClass::$teams_limit in C:\xampp\htdocs\DEV_APPLE_ALLINKS\themes\altum\views\partials\plans_plan_content.php on line 109
[24-Feb-2024 12:44:42 UTC] PHP Warning:  Undefined property: stdClass::$teams_limit in C:\xampp\htdocs\DEV_APPLE_ALLINKS\themes\altum\views\partials\plans_plan_content.php on line 109
[24-Feb-2024 12:44:42 UTC] PHP Warning:  Undefined property: stdClass::$team_members_limit in C:\xampp\htdocs\DEV_APPLE_ALLINKS\themes\altum\views\partials\plans_plan_content.php on line 113
[24-Feb-2024 12:44:42 UTC] PHP Warning:  Undefined property: stdClass::$team_members_limit in C:\xampp\htdocs\DEV_APPLE_ALLINKS\themes\altum\views\partials\plans_plan_content.php on line 113
[24-Feb-2024 12:44:42 UTC] PHP Warning:  Undefined property: stdClass::$track_links_retention in C:\xampp\htdocs\DEV_APPLE_ALLINKS\themes\altum\views\partials\plans_plan_content.php on line 130
[24-Feb-2024 12:44:42 UTC] PHP Warning:  Undefined property: stdClass::$track_links_retention in C:\xampp\htdocs\DEV_APPLE_ALLINKS\themes\altum\views\partials\plans_plan_content.php on line 130
[24-Feb-2024 12:44:42 UTC] PHP Warning:  Undefined property: stdClass::$additional_domains_is_enabled in C:\xampp\htdocs\DEV_APPLE_ALLINKS\themes\altum\views\partials\plans_plan_content.php on line 133
[24-Feb-2024 12:44:42 UTC] PHP Warning:  Undefined property: stdClass::$dofollow_is_enabled in C:\xampp\htdocs\DEV_APPLE_ALLINKS\themes\altum\views\partials\plans_plan_content.php on line 146
[24-Feb-2024 12:44:42 UTC] PHP Warning:  Undefined property: stdClass::$dofollow_is_enabled in C:\xampp\htdocs\DEV_APPLE_ALLINKS\themes\altum\views\partials\plans_plan_content.php on line 150
[24-Feb-2024 12:44:42 UTC] PHP Warning:  Undefined property: stdClass::$custom_css_is_enabled in C:\xampp\htdocs\DEV_APPLE_ALLINKS\themes\altum\views\partials\plans_plan_content.php on line 146
[24-Feb-2024 12:44:42 UTC] PHP Warning:  Undefined property: stdClass::$custom_css_is_enabled in C:\xampp\htdocs\DEV_APPLE_ALLINKS\themes\altum\views\partials\plans_plan_content.php on line 150
[24-Feb-2024 12:44:42 UTC] PHP Warning:  Undefined property: stdClass::$custom_js_is_enabled in C:\xampp\htdocs\DEV_APPLE_ALLINKS\themes\altum\views\partials\plans_plan_content.php on line 146
[24-Feb-2024 12:44:42 UTC] PHP Warning:  Undefined property: stdClass::$custom_js_is_enabled in C:\xampp\htdocs\DEV_APPLE_ALLINKS\themes\altum\views\partials\plans_plan_content.php on line 150
[24-Feb-2024 12:44:42 UTC] PHP Warning:  Undefined property: stdClass::$directory_access in C:\xampp\htdocs\DEV_APPLE_ALLINKS\themes\altum\views\partials\index_menu.php on line 35
[24-Feb-2024 12:44:42 UTC] PHP Warning:  Undefined property: stdClass::$directory_access in C:\xampp\htdocs\DEV_APPLE_ALLINKS\themes\altum\views\partials\index_menu.php on line 35
[24-Feb-2024 12:44:42 UTC] PHP Warning:  Undefined property: stdClass::$redirect_append in C:\xampp\htdocs\DEV_APPLE_ALLINKS\themes\altum\views\index\index.php on line 310
[24-Feb-2024 12:44:42 UTC] PHP Warning:  Undefined property: stdClass::$domains in C:\xampp\htdocs\DEV_APPLE_ALLINKS\themes\altum\views\index\index.php on line 314
[24-Feb-2024 12:44:42 UTC] PHP Fatal error:  Uncaught TypeError: count(): Argument #1 ($value) must be of type Countable|array, null given in C:\xampp\htdocs\DEV_APPLE_ALLINKS\themes\altum\views\index\index.php:314
Stack trace:
#0 C:\xampp\htdocs\DEV_APPLE_ALLINKS\app\core\View.php(35): require()
#1 C:\xampp\htdocs\DEV_APPLE_ALLINKS\app\controllers\Index.php(79): Altum\View->run(Object(stdClass))
#2 [internal function]: Altum\Controllers\Index->index()
#3 C:\xampp\htdocs\DEV_APPLE_ALLINKS\app\core\App.php(204): call_user_func_array(Array, Array)
#4 C:\xampp\htdocs\DEV_APPLE_ALLINKS\index.php(20): Altum\App->__construct()
#5 {main}
  thrown in C:\xampp\htdocs\DEV_APPLE_ALLINKS\themes\altum\views\index\index.php on line 314
[24-Feb-2024 12:45:37 UTC] PHP Warning:  Undefined property: stdClass::$guests_content in C:\xampp\htdocs\DEV_APPLE_ALLINKS\themes\altum\views\partials\announcements.php on line 4
[24-Feb-2024 12:45:37 UTC] PHP Warning:  Undefined property: stdClass::$users_content in C:\xampp\htdocs\DEV_APPLE_ALLINKS\themes\altum\views\partials\announcements.php on line 4
[24-Feb-2024 12:45:37 UTC] PHP Warning:  Undefined property: stdClass::$is_enabled in C:\xampp\htdocs\DEV_APPLE_ALLINKS\themes\altum\views\partials\cookie_consent.php on line 3
[24-Feb-2024 12:45:53 UTC] PHP Warning:  Undefined property: stdClass::$guests_content in C:\xampp\htdocs\DEV_APPLE_ALLINKS\themes\altum\views\partials\announcements.php on line 4
[24-Feb-2024 12:45:53 UTC] PHP Warning:  Undefined property: stdClass::$users_content in C:\xampp\htdocs\DEV_APPLE_ALLINKS\themes\altum\views\partials\announcements.php on line 4
[24-Feb-2024 12:45:53 UTC] PHP Warning:  Undefined property: stdClass::$is_enabled in C:\xampp\htdocs\DEV_APPLE_ALLINKS\themes\altum\views\partials\cookie_consent.php on line 3
[24-Feb-2024 12:45:56 UTC] PHP Fatal error:  Uncaught Facebook\Exceptions\FacebookSDKException: Required "app_id" key not supplied in config and could not find fallback environment variable "FACEBOOK_APP_ID" in C:\xampp\htdocs\DEV_APPLE_ALLINKS\vendor\facebook\graph-sdk\src\Facebook\Facebook.php:139
Stack trace:
#0 C:\xampp\htdocs\DEV_APPLE_ALLINKS\app\controllers\Login.php(88): Facebook\Facebook->__construct(Array)
#1 [internal function]: Altum\Controllers\Login->index()
#2 C:\xampp\htdocs\DEV_APPLE_ALLINKS\app\core\App.php(204): call_user_func_array(Array, Array)
#3 C:\xampp\htdocs\DEV_APPLE_ALLINKS\index.php(20): Altum\App->__construct()
#4 {main}
  thrown in C:\xampp\htdocs\DEV_APPLE_ALLINKS\vendor\facebook\graph-sdk\src\Facebook\Facebook.php on line 139
[24-Feb-2024 12:45:58 UTC] PHP Warning:  Undefined property: stdClass::$guests_content in C:\xampp\htdocs\DEV_APPLE_ALLINKS\themes\altum\views\partials\announcements.php on line 4
[24-Feb-2024 12:45:58 UTC] PHP Warning:  Undefined property: stdClass::$users_content in C:\xampp\htdocs\DEV_APPLE_ALLINKS\themes\altum\views\partials\announcements.php on line 4
[24-Feb-2024 12:45:58 UTC] PHP Warning:  Undefined property: stdClass::$is_enabled in C:\xampp\htdocs\DEV_APPLE_ALLINKS\themes\altum\views\partials\cookie_consent.php on line 3
[24-Feb-2024 12:48:11 UTC] PHP Notice:  session_start(): Ignoring session_start() because a session is already active in C:\xampp\htdocs\DEV_APPLE_ALLINKS\themes\altum\views\register\index.php on line 156
[24-Feb-2024 12:48:11 UTC] PHP Warning:  Undefined property: stdClass::$guests_content in C:\xampp\htdocs\DEV_APPLE_ALLINKS\themes\altum\views\partials\announcements.php on line 4
[24-Feb-2024 12:48:11 UTC] PHP Warning:  Undefined property: stdClass::$users_content in C:\xampp\htdocs\DEV_APPLE_ALLINKS\themes\altum\views\partials\announcements.php on line 4
[24-Feb-2024 12:48:11 UTC] PHP Warning:  Undefined property: stdClass::$is_enabled in C:\xampp\htdocs\DEV_APPLE_ALLINKS\themes\altum\views\partials\cookie_consent.php on line 3
[24-Feb-2024 12:56:35 UTC] PHP Notice:  session_start(): Ignoring session_start() because a session is already active in C:\xampp\htdocs\DEV_APPLE_ALLINKS\themes\altum\views\register\index.php on line 156
[24-Feb-2024 12:56:35 UTC] PHP Warning:  Undefined property: stdClass::$guests_content in C:\xampp\htdocs\DEV_APPLE_ALLINKS\themes\altum\views\partials\announcements.php on line 4
[24-Feb-2024 12:56:35 UTC] PHP Warning:  Undefined property: stdClass::$users_content in C:\xampp\htdocs\DEV_APPLE_ALLINKS\themes\altum\views\partials\announcements.php on line 4
[24-Feb-2024 12:56:35 UTC] PHP Warning:  Undefined property: stdClass::$is_enabled in C:\xampp\htdocs\DEV_APPLE_ALLINKS\themes\altum\views\partials\cookie_consent.php on line 3
[24-Feb-2024 12:56:41 UTC] PHP Notice:  session_start(): Ignoring session_start() because a session is already active in C:\xampp\htdocs\DEV_APPLE_ALLINKS\themes\altum\views\register\index.php on line 156
[24-Feb-2024 12:56:41 UTC] PHP Warning:  Undefined property: stdClass::$guests_content in C:\xampp\htdocs\DEV_APPLE_ALLINKS\themes\altum\views\partials\announcements.php on line 4
[24-Feb-2024 12:56:41 UTC] PHP Warning:  Undefined property: stdClass::$users_content in C:\xampp\htdocs\DEV_APPLE_ALLINKS\themes\altum\views\partials\announcements.php on line 4
[24-Feb-2024 12:56:41 UTC] PHP Warning:  Undefined property: stdClass::$is_enabled in C:\xampp\htdocs\DEV_APPLE_ALLINKS\themes\altum\views\partials\cookie_consent.php on line 3
[24-Feb-2024 12:57:03 UTC] PHP Notice:  session_start(): Ignoring session_start() because a session is already active in C:\xampp\htdocs\DEV_APPLE_ALLINKS\themes\altum\views\register\index.php on line 156
[24-Feb-2024 12:57:03 UTC] PHP Warning:  Undefined property: stdClass::$guests_content in C:\xampp\htdocs\DEV_APPLE_ALLINKS\themes\altum\views\partials\announcements.php on line 4
[24-Feb-2024 12:57:03 UTC] PHP Warning:  Undefined property: stdClass::$users_content in C:\xampp\htdocs\DEV_APPLE_ALLINKS\themes\altum\views\partials\announcements.php on line 4
[24-Feb-2024 12:57:03 UTC] PHP Warning:  Undefined property: stdClass::$is_enabled in C:\xampp\htdocs\DEV_APPLE_ALLINKS\themes\altum\views\partials\cookie_consent.php on line 3
[24-Feb-2024 12:57:15 UTC] PHP Warning:  Undefined property: stdClass::$guests_content in C:\xampp\htdocs\DEV_APPLE_ALLINKS\themes\altum\views\partials\announcements.php on line 4
[24-Feb-2024 12:57:15 UTC] PHP Warning:  Undefined property: stdClass::$users_content in C:\xampp\htdocs\DEV_APPLE_ALLINKS\themes\altum\views\partials\announcements.php on line 4
[24-Feb-2024 12:57:15 UTC] PHP Warning:  Undefined property: stdClass::$is_enabled in C:\xampp\htdocs\DEV_APPLE_ALLINKS\themes\altum\views\partials\cookie_consent.php on line 3
[24-Feb-2024 13:50:44 UTC] PHP Warning:  Undefined property: stdClass::$guests_content in C:\xampp\htdocs\DEV_APPLE_ALLINKS\themes\altum\views\partials\announcements.php on line 4
[24-Feb-2024 13:50:44 UTC] PHP Warning:  Undefined property: stdClass::$users_content in C:\xampp\htdocs\DEV_APPLE_ALLINKS\themes\altum\views\partials\announcements.php on line 4
[24-Feb-2024 13:50:44 UTC] PHP Warning:  Undefined property: stdClass::$is_enabled in C:\xampp\htdocs\DEV_APPLE_ALLINKS\themes\altum\views\partials\cookie_consent.php on line 3
[24-Feb-2024 13:50:49 UTC] PHP Warning:  Undefined property: stdClass::$guests_content in C:\xampp\htdocs\DEV_APPLE_ALLINKS\themes\altum\views\partials\announcements.php on line 4
[24-Feb-2024 13:50:49 UTC] PHP Warning:  Undefined property: stdClass::$users_content in C:\xampp\htdocs\DEV_APPLE_ALLINKS\themes\altum\views\partials\announcements.php on line 4
[24-Feb-2024 13:50:49 UTC] PHP Warning:  Undefined property: stdClass::$is_enabled in C:\xampp\htdocs\DEV_APPLE_ALLINKS\themes\altum\views\partials\cookie_consent.php on line 3
[24-Feb-2024 13:59:14 UTC] PHP Warning:  Undefined property: stdClass::$guests_content in C:\xampp\htdocs\DEV_APPLE_ALLINKS\themes\altum\views\partials\announcements.php on line 4
[24-Feb-2024 13:59:14 UTC] PHP Warning:  Undefined property: stdClass::$users_content in C:\xampp\htdocs\DEV_APPLE_ALLINKS\themes\altum\views\partials\announcements.php on line 4
[24-Feb-2024 13:59:14 UTC] PHP Warning:  Undefined property: stdClass::$is_enabled in C:\xampp\htdocs\DEV_APPLE_ALLINKS\themes\altum\views\partials\cookie_consent.php on line 3
[24-Feb-2024 13:59:19 UTC] PHP Warning:  Undefined property: stdClass::$guests_content in C:\xampp\htdocs\DEV_APPLE_ALLINKS\themes\altum\views\partials\announcements.php on line 4
[24-Feb-2024 13:59:19 UTC] PHP Warning:  Undefined property: stdClass::$users_content in C:\xampp\htdocs\DEV_APPLE_ALLINKS\themes\altum\views\partials\announcements.php on line 4
[24-Feb-2024 13:59:19 UTC] PHP Warning:  Undefined property: stdClass::$is_enabled in C:\xampp\htdocs\DEV_APPLE_ALLINKS\themes\altum\views\partials\cookie_consent.php on line 3
[24-Feb-2024 14:00:01 UTC] PHP Warning:  Undefined property: stdClass::$guests_content in C:\xampp\htdocs\DEV_APPLE_ALLINKS\themes\altum\views\partials\announcements.php on line 4
[24-Feb-2024 14:00:01 UTC] PHP Warning:  Undefined property: stdClass::$users_content in C:\xampp\htdocs\DEV_APPLE_ALLINKS\themes\altum\views\partials\announcements.php on line 4
[24-Feb-2024 14:00:01 UTC] PHP Warning:  Undefined property: stdClass::$is_enabled in C:\xampp\htdocs\DEV_APPLE_ALLINKS\themes\altum\views\partials\cookie_consent.php on line 3
[24-Feb-2024 14:01:12 UTC] PHP Warning:  Undefined property: stdClass::$guests_content in C:\xampp\htdocs\DEV_APPLE_ALLINKS\themes\altum\views\partials\announcements.php on line 4
[24-Feb-2024 14:01:12 UTC] PHP Warning:  Undefined property: stdClass::$users_content in C:\xampp\htdocs\DEV_APPLE_ALLINKS\themes\altum\views\partials\announcements.php on line 4
[24-Feb-2024 14:01:12 UTC] PHP Warning:  Undefined property: stdClass::$is_enabled in C:\xampp\htdocs\DEV_APPLE_ALLINKS\themes\altum\views\partials\cookie_consent.php on line 3
[24-Feb-2024 14:02:28 UTC] PHP Warning:  Undefined property: stdClass::$guests_content in C:\xampp\htdocs\DEV_APPLE_ALLINKS\themes\altum\views\partials\announcements.php on line 4
[24-Feb-2024 14:02:28 UTC] PHP Warning:  Undefined property: stdClass::$users_content in C:\xampp\htdocs\DEV_APPLE_ALLINKS\themes\altum\views\partials\announcements.php on line 4
[24-Feb-2024 14:02:28 UTC] PHP Warning:  Undefined property: stdClass::$is_enabled in C:\xampp\htdocs\DEV_APPLE_ALLINKS\themes\altum\views\partials\cookie_consent.php on line 3
[24-Feb-2024 14:03:49 UTC] PHP Warning:  Undefined property: stdClass::$guests_content in C:\xampp\htdocs\DEV_APPLE_ALLINKS\themes\altum\views\partials\announcements.php on line 4
[24-Feb-2024 14:03:49 UTC] PHP Warning:  Undefined property: stdClass::$users_content in C:\xampp\htdocs\DEV_APPLE_ALLINKS\themes\altum\views\partials\announcements.php on line 4
[24-Feb-2024 14:03:49 UTC] PHP Warning:  Undefined property: stdClass::$is_enabled in C:\xampp\htdocs\DEV_APPLE_ALLINKS\themes\altum\views\partials\cookie_consent.php on line 3
[24-Feb-2024 14:04:53 UTC] PHP Warning:  Undefined variable $authorize_url in C:\xampp\htdocs\DEV_APPLE_ALLINKS\themes\altum\views\register\index.php on line 101
[24-Feb-2024 14:04:53 UTC] PHP Warning:  Undefined property: stdClass::$guests_content in C:\xampp\htdocs\DEV_APPLE_ALLINKS\themes\altum\views\partials\announcements.php on line 4
[24-Feb-2024 14:04:53 UTC] PHP Warning:  Undefined property: stdClass::$users_content in C:\xampp\htdocs\DEV_APPLE_ALLINKS\themes\altum\views\partials\announcements.php on line 4
[24-Feb-2024 14:04:53 UTC] PHP Warning:  Undefined property: stdClass::$is_enabled in C:\xampp\htdocs\DEV_APPLE_ALLINKS\themes\altum\views\partials\cookie_consent.php on line 3
[24-Feb-2024 14:05:08 UTC] PHP Warning:  Undefined variable $authorize_url in C:\xampp\htdocs\DEV_APPLE_ALLINKS\themes\altum\views\register\index.php on line 101
[24-Feb-2024 14:05:08 UTC] PHP Warning:  Undefined property: stdClass::$guests_content in C:\xampp\htdocs\DEV_APPLE_ALLINKS\themes\altum\views\partials\announcements.php on line 4
[24-Feb-2024 14:05:08 UTC] PHP Warning:  Undefined property: stdClass::$users_content in C:\xampp\htdocs\DEV_APPLE_ALLINKS\themes\altum\views\partials\announcements.php on line 4
[24-Feb-2024 14:05:08 UTC] PHP Warning:  Undefined property: stdClass::$is_enabled in C:\xampp\htdocs\DEV_APPLE_ALLINKS\themes\altum\views\partials\cookie_consent.php on line 3
[24-Feb-2024 14:05:25 UTC] PHP Warning:  Undefined property: stdClass::$guests_content in C:\xampp\htdocs\DEV_APPLE_ALLINKS\themes\altum\views\partials\announcements.php on line 4
[24-Feb-2024 14:05:25 UTC] PHP Warning:  Undefined property: stdClass::$users_content in C:\xampp\htdocs\DEV_APPLE_ALLINKS\themes\altum\views\partials\announcements.php on line 4
[24-Feb-2024 14:05:25 UTC] PHP Warning:  Undefined property: stdClass::$is_enabled in C:\xampp\htdocs\DEV_APPLE_ALLINKS\themes\altum\views\partials\cookie_consent.php on line 3
[24-Feb-2024 14:06:07 UTC] PHP Warning:  Undefined property: stdClass::$guests_content in C:\xampp\htdocs\DEV_APPLE_ALLINKS\themes\altum\views\partials\announcements.php on line 4
[24-Feb-2024 14:06:07 UTC] PHP Warning:  Undefined property: stdClass::$users_content in C:\xampp\htdocs\DEV_APPLE_ALLINKS\themes\altum\views\partials\announcements.php on line 4
[24-Feb-2024 14:06:07 UTC] PHP Warning:  Undefined property: stdClass::$is_enabled in C:\xampp\htdocs\DEV_APPLE_ALLINKS\themes\altum\views\partials\cookie_consent.php on line 3
[24-Feb-2024 14:06:13 UTC] PHP Warning:  Undefined variable $email in C:\xampp\htdocs\DEV_APPLE_ALLINKS\app\controllers\Login.php on line 196
[24-Feb-2024 14:06:14 UTC] PHP Warning:  Undefined property: stdClass::$guests_content in C:\xampp\htdocs\DEV_APPLE_ALLINKS\themes\altum\views\partials\announcements.php on line 4
[24-Feb-2024 14:06:14 UTC] PHP Warning:  Undefined property: stdClass::$users_content in C:\xampp\htdocs\DEV_APPLE_ALLINKS\themes\altum\views\partials\announcements.php on line 4
[24-Feb-2024 14:06:14 UTC] PHP Warning:  Undefined property: stdClass::$is_enabled in C:\xampp\htdocs\DEV_APPLE_ALLINKS\themes\altum\views\partials\cookie_consent.php on line 3
[24-Feb-2024 14:08:09 UTC] PHP Warning:  Undefined property: stdClass::$guests_content in C:\xampp\htdocs\DEV_APPLE_ALLINKS\themes\altum\views\partials\announcements.php on line 4
[24-Feb-2024 14:08:09 UTC] PHP Warning:  Undefined property: stdClass::$users_content in C:\xampp\htdocs\DEV_APPLE_ALLINKS\themes\altum\views\partials\announcements.php on line 4
[24-Feb-2024 14:08:09 UTC] PHP Warning:  Undefined property: stdClass::$is_enabled in C:\xampp\htdocs\DEV_APPLE_ALLINKS\themes\altum\views\partials\cookie_consent.php on line 3
[24-Feb-2024 14:08:12 UTC] PHP Warning:  Undefined property: stdClass::$guests_content in C:\xampp\htdocs\DEV_APPLE_ALLINKS\themes\altum\views\partials\announcements.php on line 4
[24-Feb-2024 14:08:12 UTC] PHP Warning:  Undefined property: stdClass::$users_content in C:\xampp\htdocs\DEV_APPLE_ALLINKS\themes\altum\views\partials\announcements.php on line 4
[24-Feb-2024 14:08:12 UTC] PHP Warning:  Undefined property: stdClass::$is_enabled in C:\xampp\htdocs\DEV_APPLE_ALLINKS\themes\altum\views\partials\cookie_consent.php on line 3
[24-Feb-2024 14:08:19 UTC] PHP Warning:  Undefined property: stdClass::$guests_content in C:\xampp\htdocs\DEV_APPLE_ALLINKS\themes\altum\views\partials\announcements.php on line 4
[24-Feb-2024 14:08:19 UTC] PHP Warning:  Undefined property: stdClass::$users_content in C:\xampp\htdocs\DEV_APPLE_ALLINKS\themes\altum\views\partials\announcements.php on line 4
[24-Feb-2024 14:08:19 UTC] PHP Warning:  Undefined property: stdClass::$is_enabled in C:\xampp\htdocs\DEV_APPLE_ALLINKS\themes\altum\views\partials\cookie_consent.php on line 3
[24-Feb-2024 14:08:23 UTC] PHP Warning:  Undefined property: stdClass::$guests_content in C:\xampp\htdocs\DEV_APPLE_ALLINKS\themes\altum\views\partials\announcements.php on line 4
[24-Feb-2024 14:08:23 UTC] PHP Warning:  Undefined property: stdClass::$users_content in C:\xampp\htdocs\DEV_APPLE_ALLINKS\themes\altum\views\partials\announcements.php on line 4
[24-Feb-2024 14:08:23 UTC] PHP Warning:  Undefined property: stdClass::$is_enabled in C:\xampp\htdocs\DEV_APPLE_ALLINKS\themes\altum\views\partials\cookie_consent.php on line 3
[24-Feb-2024 14:08:28 UTC] PHP Warning:  Undefined property: stdClass::$guests_content in C:\xampp\htdocs\DEV_APPLE_ALLINKS\themes\altum\views\partials\announcements.php on line 4
[24-Feb-2024 14:08:28 UTC] PHP Warning:  Undefined property: stdClass::$users_content in C:\xampp\htdocs\DEV_APPLE_ALLINKS\themes\altum\views\partials\announcements.php on line 4
[24-Feb-2024 14:08:28 UTC] PHP Warning:  Undefined property: stdClass::$is_enabled in C:\xampp\htdocs\DEV_APPLE_ALLINKS\themes\altum\views\partials\cookie_consent.php on line 3
[24-Feb-2024 14:08:32 UTC] PHP Warning:  Undefined property: stdClass::$guests_content in C:\xampp\htdocs\DEV_APPLE_ALLINKS\themes\altum\views\partials\announcements.php on line 4
[24-Feb-2024 14:08:32 UTC] PHP Warning:  Undefined property: stdClass::$users_content in C:\xampp\htdocs\DEV_APPLE_ALLINKS\themes\altum\views\partials\announcements.php on line 4
[24-Feb-2024 14:08:32 UTC] PHP Warning:  Undefined property: stdClass::$is_enabled in C:\xampp\htdocs\DEV_APPLE_ALLINKS\themes\altum\views\partials\cookie_consent.php on line 3
[24-Feb-2024 14:08:34 UTC] PHP Warning:  Undefined property: stdClass::$guests_content in C:\xampp\htdocs\DEV_APPLE_ALLINKS\themes\altum\views\partials\announcements.php on line 4
[24-Feb-2024 14:08:34 UTC] PHP Warning:  Undefined property: stdClass::$users_content in C:\xampp\htdocs\DEV_APPLE_ALLINKS\themes\altum\views\partials\announcements.php on line 4
[24-Feb-2024 14:08:34 UTC] PHP Warning:  Undefined property: stdClass::$is_enabled in C:\xampp\htdocs\DEV_APPLE_ALLINKS\themes\altum\views\partials\cookie_consent.php on line 3
[24-Feb-2024 14:08:39 UTC] PHP Warning:  Undefined property: stdClass::$guests_content in C:\xampp\htdocs\DEV_APPLE_ALLINKS\themes\altum\views\partials\announcements.php on line 4
[24-Feb-2024 14:08:39 UTC] PHP Warning:  Undefined property: stdClass::$users_content in C:\xampp\htdocs\DEV_APPLE_ALLINKS\themes\altum\views\partials\announcements.php on line 4
[24-Feb-2024 14:08:39 UTC] PHP Warning:  Undefined property: stdClass::$is_enabled in C:\xampp\htdocs\DEV_APPLE_ALLINKS\themes\altum\views\partials\cookie_consent.php on line 3
[24-Feb-2024 14:16:31 UTC] PHP Warning:  Undefined property: stdClass::$guests_content in C:\xampp\htdocs\DEV_APPLE_ALLINKS\themes\altum\views\partials\announcements.php on line 4
[24-Feb-2024 14:16:31 UTC] PHP Warning:  Undefined property: stdClass::$users_content in C:\xampp\htdocs\DEV_APPLE_ALLINKS\themes\altum\views\partials\announcements.php on line 4
[24-Feb-2024 14:16:31 UTC] PHP Warning:  Undefined property: stdClass::$is_enabled in C:\xampp\htdocs\DEV_APPLE_ALLINKS\themes\altum\views\partials\cookie_consent.php on line 3
