[09-Feb-2024 18:46:06 UTC] PHP Notice:  Undefined property: stdClass::$redirect_append in /app/themes/altum/views/index/index.php on line 308
[09-Feb-2024 18:46:06 UTC] PHP Notice:  Undefined property: stdClass::$domains in /app/themes/altum/views/index/index.php on line 312
[09-Feb-2024 18:46:06 UTC] PHP Warning:  count(): Parameter must be an array or an object that implements Countable in /app/themes/altum/views/index/index.php on line 312
[09-Feb-2024 18:46:36 UTC] PHP Notice:  Undefined property: stdClass::$redirect_append in /app/themes/altum/views/index/index.php on line 308
[09-Feb-2024 18:46:36 UTC] PHP Notice:  Undefined property: stdClass::$domains in /app/themes/altum/views/index/index.php on line 312
[09-Feb-2024 18:46:36 UTC] PHP Warning:  count(): Parameter must be an array or an object that implements Countable in /app/themes/altum/views/index/index.php on line 312
[09-Feb-2024 18:46:43 UTC] PHP Notice:  Undefined index: name in /app/app/controllers/Register.php on line 47
[09-Feb-2024 18:46:43 UTC] PHP Notice:  Undefined index: email in /app/app/controllers/Register.php on line 48
[09-Feb-2024 18:46:43 UTC] PHP Notice:  Undefined index: password in /app/app/controllers/Register.php on line 53
[09-Feb-2024 18:46:43 UTC] PHP Notice:  Undefined index: captcha in /app/app/core/Captcha.php on line 65
[09-Feb-2024 18:46:43 UTC] PHP Notice:  Undefined index: password in /app/app/controllers/Register.php on line 75
[09-Feb-2024 18:46:43 UTC] PHP Notice:  Undefined offset: 1 in /app/app/helpers/links.php on line 99
[09-Feb-2024 18:46:46 UTC] PHP Notice:  Undefined property: stdClass::$redirect_append in /app/themes/altum/views/index/index.php on line 308
[09-Feb-2024 18:46:46 UTC] PHP Notice:  Undefined property: stdClass::$domains in /app/themes/altum/views/index/index.php on line 312
[09-Feb-2024 18:46:46 UTC] PHP Warning:  count(): Parameter must be an array or an object that implements Countable in /app/themes/altum/views/index/index.php on line 312
[09-Feb-2024 18:47:47 UTC] PHP Notice:  Undefined property: stdClass::$redirect_append in /app/themes/altum/views/index/index.php on line 308
[09-Feb-2024 18:47:47 UTC] PHP Notice:  Undefined property: stdClass::$domains in /app/themes/altum/views/index/index.php on line 312
[09-Feb-2024 18:47:47 UTC] PHP Warning:  count(): Parameter must be an array or an object that implements Countable in /app/themes/altum/views/index/index.php on line 312
[09-Feb-2024 18:47:50 UTC] PHP Notice:  Undefined property: stdClass::$redirect_append in /app/themes/altum/views/index/index.php on line 308
[09-Feb-2024 18:47:50 UTC] PHP Notice:  Undefined property: stdClass::$domains in /app/themes/altum/views/index/index.php on line 312
[09-Feb-2024 18:47:50 UTC] PHP Warning:  count(): Parameter must be an array or an object that implements Countable in /app/themes/altum/views/index/index.php on line 312
[09-Feb-2024 18:52:49 UTC] PHP Notice:  Undefined property: stdClass::$redirect_append in /app/themes/altum/views/index/index.php on line 308
[09-Feb-2024 18:52:49 UTC] PHP Notice:  Undefined property: stdClass::$domains in /app/themes/altum/views/index/index.php on line 312
[09-Feb-2024 18:52:49 UTC] PHP Warning:  count(): Parameter must be an array or an object that implements Countable in /app/themes/altum/views/index/index.php on line 312
[09-Feb-2024 18:53:29 UTC] PHP Notice:  Undefined property: stdClass::$redirect_append in /app/themes/altum/views/index/index.php on line 308
[09-Feb-2024 18:53:29 UTC] PHP Notice:  Undefined property: stdClass::$domains in /app/themes/altum/views/index/index.php on line 312
[09-Feb-2024 18:53:29 UTC] PHP Warning:  count(): Parameter must be an array or an object that implements Countable in /app/themes/altum/views/index/index.php on line 312
[09-Feb-2024 18:55:34 UTC] PHP Notice:  Undefined property: stdClass::$redirect_append in /app/themes/altum/views/index/index.php on line 308
[09-Feb-2024 18:55:34 UTC] PHP Notice:  Undefined property: stdClass::$domains in /app/themes/altum/views/index/index.php on line 312
[09-Feb-2024 18:55:34 UTC] PHP Warning:  count(): Parameter must be an array or an object that implements Countable in /app/themes/altum/views/index/index.php on line 312
[09-Feb-2024 19:04:23 UTC] PHP Notice:  Undefined property: stdClass::$redirect_append in /app/themes/altum/views/index/index.php on line 308
[09-Feb-2024 19:04:23 UTC] PHP Notice:  Undefined property: stdClass::$domains in /app/themes/altum/views/index/index.php on line 312
[09-Feb-2024 19:04:23 UTC] PHP Warning:  count(): Parameter must be an array or an object that implements Countable in /app/themes/altum/views/index/index.php on line 312
[09-Feb-2024 19:04:42 UTC] PHP Notice:  Undefined property: stdClass::$redirect_append in /app/themes/altum/views/index/index.php on line 308
[09-Feb-2024 19:04:42 UTC] PHP Notice:  Undefined property: stdClass::$domains in /app/themes/altum/views/index/index.php on line 312
[09-Feb-2024 19:04:42 UTC] PHP Warning:  count(): Parameter must be an array or an object that implements Countable in /app/themes/altum/views/index/index.php on line 312
[09-Feb-2024 19:06:14 UTC] PHP Notice:  Undefined property: stdClass::$redirect_append in /app/themes/altum/views/index/index.php on line 308
[09-Feb-2024 19:06:14 UTC] PHP Notice:  Undefined property: stdClass::$domains in /app/themes/altum/views/index/index.php on line 312
[09-Feb-2024 19:06:14 UTC] PHP Warning:  count(): Parameter must be an array or an object that implements Countable in /app/themes/altum/views/index/index.php on line 312
[09-Feb-2024 19:06:17 UTC] PHP Notice:  Undefined property: stdClass::$redirect_append in /app/themes/altum/views/index/index.php on line 308
[09-Feb-2024 19:06:17 UTC] PHP Notice:  Undefined property: stdClass::$domains in /app/themes/altum/views/index/index.php on line 312
[09-Feb-2024 19:06:17 UTC] PHP Warning:  count(): Parameter must be an array or an object that implements Countable in /app/themes/altum/views/index/index.php on line 312
[09-Feb-2024 19:06:28 UTC] PHP Notice:  Undefined property: stdClass::$redirect_append in /app/themes/altum/views/index/index.php on line 308
[09-Feb-2024 19:06:28 UTC] PHP Notice:  Undefined property: stdClass::$domains in /app/themes/altum/views/index/index.php on line 312
[09-Feb-2024 19:06:28 UTC] PHP Warning:  count(): Parameter must be an array or an object that implements Countable in /app/themes/altum/views/index/index.php on line 312
[09-Feb-2024 19:07:59 UTC] PHP Notice:  Undefined property: stdClass::$redirect_append in /app/themes/altum/views/index/index.php on line 308
[09-Feb-2024 19:07:59 UTC] PHP Notice:  Undefined property: stdClass::$domains in /app/themes/altum/views/index/index.php on line 312
[09-Feb-2024 19:07:59 UTC] PHP Warning:  count(): Parameter must be an array or an object that implements Countable in /app/themes/altum/views/index/index.php on line 312
[09-Feb-2024 19:08:15 UTC] PHP Notice:  Undefined property: stdClass::$redirect_append in /app/themes/altum/views/index/index.php on line 308
[09-Feb-2024 19:08:15 UTC] PHP Notice:  Undefined property: stdClass::$domains in /app/themes/altum/views/index/index.php on line 312
[09-Feb-2024 19:08:15 UTC] PHP Warning:  count(): Parameter must be an array or an object that implements Countable in /app/themes/altum/views/index/index.php on line 312
[09-Feb-2024 19:09:23 UTC] PHP Notice:  Undefined property: stdClass::$redirect_append in /app/themes/altum/views/index/index.php on line 308
[09-Feb-2024 19:09:23 UTC] PHP Notice:  Undefined property: stdClass::$domains in /app/themes/altum/views/index/index.php on line 312
[09-Feb-2024 19:09:23 UTC] PHP Warning:  count(): Parameter must be an array or an object that implements Countable in /app/themes/altum/views/index/index.php on line 312
[09-Feb-2024 19:09:30 UTC] PHP Notice:  Undefined property: stdClass::$redirect_append in /app/themes/altum/views/index/index.php on line 308
[09-Feb-2024 19:09:30 UTC] PHP Notice:  Undefined property: stdClass::$domains in /app/themes/altum/views/index/index.php on line 312
[09-Feb-2024 19:09:30 UTC] PHP Warning:  count(): Parameter must be an array or an object that implements Countable in /app/themes/altum/views/index/index.php on line 312
[09-Feb-2024 19:09:33 UTC] PHP Notice:  Undefined property: stdClass::$redirect_append in /app/themes/altum/views/index/index.php on line 308
[09-Feb-2024 19:09:33 UTC] PHP Notice:  Undefined property: stdClass::$domains in /app/themes/altum/views/index/index.php on line 312
[09-Feb-2024 19:09:33 UTC] PHP Warning:  count(): Parameter must be an array or an object that implements Countable in /app/themes/altum/views/index/index.php on line 312
[09-Feb-2024 19:09:48 UTC] PHP Notice:  Undefined property: stdClass::$redirect_append in /app/themes/altum/views/index/index.php on line 308
[09-Feb-2024 19:09:48 UTC] PHP Notice:  Undefined property: stdClass::$domains in /app/themes/altum/views/index/index.php on line 312
[09-Feb-2024 19:09:48 UTC] PHP Warning:  count(): Parameter must be an array or an object that implements Countable in /app/themes/altum/views/index/index.php on line 312
[09-Feb-2024 19:10:11 UTC] PHP Notice:  Undefined property: stdClass::$redirect_append in /app/themes/altum/views/index/index.php on line 308
[09-Feb-2024 19:10:11 UTC] PHP Notice:  Undefined property: stdClass::$domains in /app/themes/altum/views/index/index.php on line 312
[09-Feb-2024 19:10:11 UTC] PHP Warning:  count(): Parameter must be an array or an object that implements Countable in /app/themes/altum/views/index/index.php on line 312
[09-Feb-2024 19:28:33 UTC] PHP Notice:  Undefined property: stdClass::$redirect_append in /app/themes/altum/views/index/index.php on line 308
[09-Feb-2024 19:28:33 UTC] PHP Notice:  Undefined property: stdClass::$domains in /app/themes/altum/views/index/index.php on line 312
[09-Feb-2024 19:28:33 UTC] PHP Warning:  count(): Parameter must be an array or an object that implements Countable in /app/themes/altum/views/index/index.php on line 312
[09-Feb-2024 21:58:39 UTC] PHP Notice:  Undefined property: stdClass::$redirect_append in /app/themes/altum/views/index/index.php on line 308
[09-Feb-2024 21:58:39 UTC] PHP Notice:  Undefined property: stdClass::$domains in /app/themes/altum/views/index/index.php on line 312
[09-Feb-2024 21:58:39 UTC] PHP Warning:  count(): Parameter must be an array or an object that implements Countable in /app/themes/altum/views/index/index.php on line 312
