[01-Mar-2023 11:33:48 Europe/Paris] PHP Warning:  require(/home/allinkc/www/vendor/composer/../symfony/translation/Resources/functions.php): failed to open stream: No such file or directory in /home/allinkc/www/vendor/composer/autoload_real.php on line 53
[01-Mar-2023 11:33:48 Europe/Paris] PHP Fatal error:  require(): Failed opening required '/home/allinkc/www/vendor/composer/../symfony/translation/Resources/functions.php' (include_path='.:/usr/local/php7.4/lib/php') in /home/allinkc/www/vendor/composer/autoload_real.php on line 53
[01-Mar-2023 11:35:54 Europe/Paris] PHP Warning:  require(/home/allinkc/www/vendor/composer/../facebook/graph-sdk/src/Facebook/polyfills.php): failed to open stream: No such file or directory in /home/allinkc/www/vendor/composer/autoload_real.php on line 53
[01-Mar-2023 11:35:54 Europe/Paris] PHP Fatal error:  require(): Failed opening required '/home/allinkc/www/vendor/composer/../facebook/graph-sdk/src/Facebook/polyfills.php' (include_path='.:/usr/local/php7.4/lib/php') in /home/allinkc/www/vendor/composer/autoload_real.php on line 53
[01-Mar-2023 11:50:58 Europe/Paris] PHP Warning:  mysqli::__construct(): (HY000/2002): No such file or directory in /home/allinkc/www/app/core/Database.php on line 23
[01-Mar-2023 11:50:58 Europe/Paris] PHP Warning:  mysqli::__construct(): (HY000/2002): No such file or directory in /home/allinkc/www/app/core/Database.php on line 23
[01-Mar-2023 11:51:59 Europe/Paris] PHP Warning:  mysqli::__construct(): (HY000/2002): No such file or directory in /home/allinkc/www/app/core/Database.php on line 23
[01-Mar-2023 11:52:00 Europe/Paris] PHP Warning:  mysqli::__construct(): (HY000/2002): No such file or directory in /home/allinkc/www/app/core/Database.php on line 23
[01-Mar-2023 11:52:02 Europe/Paris] PHP Warning:  mysqli::__construct(): (HY000/2002): No such file or directory in /home/allinkc/www/app/core/Database.php on line 23
[01-Mar-2023 11:52:02 Europe/Paris] PHP Warning:  mysqli::__construct(): (HY000/2002): No such file or directory in /home/allinkc/www/app/core/Database.php on line 23
[01-Mar-2023 11:52:12 Europe/Paris] PHP Warning:  mysqli::__construct(): (HY000/2002): No such file or directory in /home/allinkc/www/app/core/Database.php on line 23
[01-Mar-2023 11:52:12 Europe/Paris] PHP Warning:  mysqli::__construct(): (HY000/2002): No such file or directory in /home/allinkc/www/app/core/Database.php on line 23
[01-Mar-2023 10:57:47 UTC] PHP Warning:  in_array() expects parameter 2 to be array, null given in /home/allinkc/www/app/controllers/admin/AdminSettings.php on line 975
[01-Mar-2023 10:57:47 UTC] PHP Warning:  in_array() expects parameter 2 to be array, null given in /home/allinkc/www/app/controllers/admin/AdminSettings.php on line 975
[01-Mar-2023 10:57:47 UTC] PHP Warning:  in_array() expects parameter 2 to be array, null given in /home/allinkc/www/app/controllers/admin/AdminSettings.php on line 975
[01-Mar-2023 10:57:47 UTC] PHP Warning:  in_array() expects parameter 2 to be array, null given in /home/allinkc/www/app/controllers/admin/AdminSettings.php on line 975
[01-Mar-2023 10:57:47 UTC] PHP Warning:  in_array() expects parameter 2 to be array, null given in /home/allinkc/www/app/controllers/admin/AdminSettings.php on line 975
[01-Mar-2023 10:57:47 UTC] PHP Warning:  in_array() expects parameter 2 to be array, null given in /home/allinkc/www/app/controllers/admin/AdminSettings.php on line 975
[01-Mar-2023 10:57:47 UTC] PHP Warning:  in_array() expects parameter 2 to be array, null given in /home/allinkc/www/app/controllers/admin/AdminSettings.php on line 975
[01-Mar-2023 10:57:47 UTC] PHP Warning:  in_array() expects parameter 2 to be array, null given in /home/allinkc/www/app/controllers/admin/AdminSettings.php on line 975
[01-Mar-2023 10:57:47 UTC] PHP Warning:  in_array() expects parameter 2 to be array, null given in /home/allinkc/www/app/controllers/admin/AdminSettings.php on line 975
[01-Mar-2023 10:57:47 UTC] PHP Warning:  in_array() expects parameter 2 to be array, null given in /home/allinkc/www/app/controllers/admin/AdminSettings.php on line 975
[01-Mar-2023 10:57:47 UTC] PHP Warning:  in_array() expects parameter 2 to be array, null given in /home/allinkc/www/app/controllers/admin/AdminSettings.php on line 975
[01-Mar-2023 10:57:47 UTC] PHP Warning:  in_array() expects parameter 2 to be array, null given in /home/allinkc/www/app/controllers/admin/AdminSettings.php on line 975
[01-Mar-2023 10:57:47 UTC] PHP Warning:  in_array() expects parameter 2 to be array, null given in /home/allinkc/www/app/controllers/admin/AdminSettings.php on line 975
[01-Mar-2023 10:57:47 UTC] PHP Warning:  in_array() expects parameter 2 to be array, null given in /home/allinkc/www/app/controllers/admin/AdminSettings.php on line 975
[01-Mar-2023 10:57:47 UTC] PHP Warning:  in_array() expects parameter 2 to be array, null given in /home/allinkc/www/app/controllers/admin/AdminSettings.php on line 975
[01-Mar-2023 10:57:47 UTC] PHP Warning:  in_array() expects parameter 2 to be array, null given in /home/allinkc/www/app/controllers/admin/AdminSettings.php on line 975
[01-Mar-2023 10:57:47 UTC] PHP Warning:  in_array() expects parameter 2 to be array, null given in /home/allinkc/www/app/controllers/admin/AdminSettings.php on line 975
[01-Mar-2023 10:57:47 UTC] PHP Warning:  in_array() expects parameter 2 to be array, null given in /home/allinkc/www/app/controllers/admin/AdminSettings.php on line 975
[01-Mar-2023 10:57:47 UTC] PHP Warning:  in_array() expects parameter 2 to be array, null given in /home/allinkc/www/app/controllers/admin/AdminSettings.php on line 975
[01-Mar-2023 10:57:47 UTC] PHP Warning:  in_array() expects parameter 2 to be array, null given in /home/allinkc/www/app/controllers/admin/AdminSettings.php on line 975
[01-Mar-2023 10:57:47 UTC] PHP Warning:  in_array() expects parameter 2 to be array, null given in /home/allinkc/www/app/controllers/admin/AdminSettings.php on line 975
[01-Mar-2023 10:57:47 UTC] PHP Warning:  in_array() expects parameter 2 to be array, null given in /home/allinkc/www/app/controllers/admin/AdminSettings.php on line 975
[01-Mar-2023 10:57:47 UTC] PHP Warning:  in_array() expects parameter 2 to be array, null given in /home/allinkc/www/app/controllers/admin/AdminSettings.php on line 975
[01-Mar-2023 10:57:47 UTC] PHP Warning:  in_array() expects parameter 2 to be array, null given in /home/allinkc/www/app/controllers/admin/AdminSettings.php on line 975
[01-Mar-2023 10:57:47 UTC] PHP Warning:  in_array() expects parameter 2 to be array, null given in /home/allinkc/www/app/controllers/admin/AdminSettings.php on line 975
[01-Mar-2023 10:57:47 UTC] PHP Warning:  in_array() expects parameter 2 to be array, null given in /home/allinkc/www/app/controllers/admin/AdminSettings.php on line 975
[01-Mar-2023 10:57:47 UTC] PHP Warning:  in_array() expects parameter 2 to be array, null given in /home/allinkc/www/app/controllers/admin/AdminSettings.php on line 975
[01-Mar-2023 10:57:47 UTC] PHP Warning:  in_array() expects parameter 2 to be array, null given in /home/allinkc/www/app/controllers/admin/AdminSettings.php on line 975
[01-Mar-2023 10:57:47 UTC] PHP Warning:  in_array() expects parameter 2 to be array, null given in /home/allinkc/www/app/controllers/admin/AdminSettings.php on line 975
[01-Mar-2023 10:57:47 UTC] PHP Warning:  in_array() expects parameter 2 to be array, null given in /home/allinkc/www/app/controllers/admin/AdminSettings.php on line 975
[01-Mar-2023 10:57:47 UTC] PHP Warning:  in_array() expects parameter 2 to be array, null given in /home/allinkc/www/app/controllers/admin/AdminSettings.php on line 975
[01-Mar-2023 10:57:47 UTC] PHP Warning:  in_array() expects parameter 2 to be array, null given in /home/allinkc/www/app/controllers/admin/AdminSettings.php on line 975
[01-Mar-2023 10:57:47 UTC] PHP Warning:  in_array() expects parameter 2 to be array, null given in /home/allinkc/www/app/controllers/admin/AdminSettings.php on line 975
[01-Mar-2023 10:57:47 UTC] PHP Warning:  in_array() expects parameter 2 to be array, null given in /home/allinkc/www/app/controllers/admin/AdminSettings.php on line 975
[01-Mar-2023 10:57:47 UTC] PHP Warning:  in_array() expects parameter 2 to be array, null given in /home/allinkc/www/app/controllers/admin/AdminSettings.php on line 975
[01-Mar-2023 10:57:47 UTC] PHP Warning:  in_array() expects parameter 2 to be array, null given in /home/allinkc/www/app/controllers/admin/AdminSettings.php on line 975
[01-Mar-2023 10:57:47 UTC] PHP Warning:  in_array() expects parameter 2 to be array, null given in /home/allinkc/www/app/controllers/admin/AdminSettings.php on line 975
[01-Mar-2023 10:57:47 UTC] PHP Warning:  in_array() expects parameter 2 to be array, null given in /home/allinkc/www/app/controllers/admin/AdminSettings.php on line 975
[01-Mar-2023 10:57:47 UTC] PHP Warning:  in_array() expects parameter 2 to be array, null given in /home/allinkc/www/app/controllers/admin/AdminSettings.php on line 975
[01-Mar-2023 10:57:47 UTC] PHP Warning:  in_array() expects parameter 2 to be array, null given in /home/allinkc/www/app/controllers/admin/AdminSettings.php on line 975
[01-Mar-2023 10:57:47 UTC] PHP Warning:  in_array() expects parameter 2 to be array, null given in /home/allinkc/www/app/controllers/admin/AdminSettings.php on line 975
[01-Mar-2023 10:57:47 UTC] PHP Warning:  in_array() expects parameter 2 to be array, null given in /home/allinkc/www/app/controllers/admin/AdminSettings.php on line 975
[01-Mar-2023 10:57:47 UTC] PHP Warning:  in_array() expects parameter 2 to be array, null given in /home/allinkc/www/app/controllers/admin/AdminSettings.php on line 975
[01-Mar-2023 10:57:47 UTC] PHP Warning:  in_array() expects parameter 2 to be array, null given in /home/allinkc/www/app/controllers/admin/AdminSettings.php on line 975
[01-Mar-2023 10:57:47 UTC] PHP Warning:  in_array() expects parameter 2 to be array, null given in /home/allinkc/www/app/controllers/admin/AdminSettings.php on line 975
[01-Mar-2023 10:57:47 UTC] PHP Warning:  in_array() expects parameter 2 to be array, null given in /home/allinkc/www/app/controllers/admin/AdminSettings.php on line 975
[01-Mar-2023 10:57:47 UTC] PHP Warning:  in_array() expects parameter 2 to be array, null given in /home/allinkc/www/app/controllers/admin/AdminSettings.php on line 975
[01-Mar-2023 10:57:47 UTC] PHP Warning:  in_array() expects parameter 2 to be array, null given in /home/allinkc/www/app/controllers/admin/AdminSettings.php on line 975
[01-Mar-2023 10:57:47 UTC] PHP Warning:  in_array() expects parameter 2 to be array, null given in /home/allinkc/www/app/controllers/admin/AdminSettings.php on line 975
[01-Mar-2023 10:57:47 UTC] PHP Warning:  in_array() expects parameter 2 to be array, null given in /home/allinkc/www/app/controllers/admin/AdminSettings.php on line 975
[01-Mar-2023 10:57:47 UTC] PHP Warning:  in_array() expects parameter 2 to be array, null given in /home/allinkc/www/app/controllers/admin/AdminSettings.php on line 975
[01-Mar-2023 10:57:47 UTC] PHP Warning:  in_array() expects parameter 2 to be array, null given in /home/allinkc/www/app/controllers/admin/AdminSettings.php on line 975
[01-Mar-2023 10:57:47 UTC] PHP Warning:  in_array() expects parameter 2 to be array, null given in /home/allinkc/www/app/controllers/admin/AdminSettings.php on line 975
[01-Mar-2023 10:57:47 UTC] PHP Warning:  in_array() expects parameter 2 to be array, null given in /home/allinkc/www/app/controllers/admin/AdminSettings.php on line 975
[01-Mar-2023 10:57:47 UTC] PHP Warning:  in_array() expects parameter 2 to be array, null given in /home/allinkc/www/app/controllers/admin/AdminSettings.php on line 975
[01-Mar-2023 10:57:47 UTC] PHP Warning:  in_array() expects parameter 2 to be array, null given in /home/allinkc/www/app/controllers/admin/AdminSettings.php on line 975
[01-Mar-2023 10:57:47 UTC] PHP Warning:  in_array() expects parameter 2 to be array, null given in /home/allinkc/www/app/controllers/admin/AdminSettings.php on line 975
[01-Mar-2023 10:57:47 UTC] PHP Warning:  in_array() expects parameter 2 to be array, null given in /home/allinkc/www/app/controllers/admin/AdminSettings.php on line 975
[01-Mar-2023 10:57:47 UTC] PHP Warning:  in_array() expects parameter 2 to be array, null given in /home/allinkc/www/app/controllers/admin/AdminSettings.php on line 975
[01-Mar-2023 10:57:47 UTC] PHP Warning:  in_array() expects parameter 2 to be array, null given in /home/allinkc/www/app/controllers/admin/AdminSettings.php on line 975
[01-Mar-2023 10:57:47 UTC] PHP Warning:  in_array() expects parameter 2 to be array, null given in /home/allinkc/www/app/controllers/admin/AdminSettings.php on line 975
[01-Mar-2023 10:57:47 UTC] PHP Warning:  in_array() expects parameter 2 to be array, null given in /home/allinkc/www/app/controllers/admin/AdminSettings.php on line 975
[01-Mar-2023 10:57:47 UTC] PHP Warning:  in_array() expects parameter 2 to be array, null given in /home/allinkc/www/app/controllers/admin/AdminSettings.php on line 975
[01-Mar-2023 10:57:47 UTC] PHP Warning:  in_array() expects parameter 2 to be array, null given in /home/allinkc/www/app/controllers/admin/AdminSettings.php on line 975
[01-Mar-2023 10:57:47 UTC] PHP Warning:  in_array() expects parameter 2 to be array, null given in /home/allinkc/www/app/controllers/admin/AdminSettings.php on line 975
[01-Mar-2023 10:57:47 UTC] PHP Warning:  in_array() expects parameter 2 to be array, null given in /home/allinkc/www/app/controllers/admin/AdminSettings.php on line 975
[01-Mar-2023 10:57:47 UTC] PHP Warning:  in_array() expects parameter 2 to be array, null given in /home/allinkc/www/app/controllers/admin/AdminSettings.php on line 975
[01-Mar-2023 10:57:47 UTC] PHP Warning:  in_array() expects parameter 2 to be array, null given in /home/allinkc/www/app/controllers/admin/AdminSettings.php on line 975
[01-Mar-2023 10:57:47 UTC] PHP Warning:  in_array() expects parameter 2 to be array, null given in /home/allinkc/www/app/controllers/admin/AdminSettings.php on line 975
[01-Mar-2023 10:57:47 UTC] PHP Warning:  in_array() expects parameter 2 to be array, null given in /home/allinkc/www/app/controllers/admin/AdminSettings.php on line 975
[01-Mar-2023 10:57:47 UTC] PHP Warning:  in_array() expects parameter 2 to be array, null given in /home/allinkc/www/app/controllers/admin/AdminSettings.php on line 975
[01-Mar-2023 10:57:47 UTC] PHP Warning:  in_array() expects parameter 2 to be array, null given in /home/allinkc/www/app/controllers/admin/AdminSettings.php on line 975
[01-Mar-2023 10:57:47 UTC] PHP Warning:  in_array() expects parameter 2 to be array, null given in /home/allinkc/www/app/controllers/admin/AdminSettings.php on line 975
[01-Mar-2023 10:57:47 UTC] PHP Warning:  in_array() expects parameter 2 to be array, null given in /home/allinkc/www/app/controllers/admin/AdminSettings.php on line 975
[01-Mar-2023 10:57:47 UTC] PHP Warning:  in_array() expects parameter 2 to be array, null given in /home/allinkc/www/app/controllers/admin/AdminSettings.php on line 975
[01-Mar-2023 10:57:47 UTC] PHP Warning:  in_array() expects parameter 2 to be array, null given in /home/allinkc/www/app/controllers/admin/AdminSettings.php on line 975
[01-Mar-2023 10:57:47 UTC] PHP Warning:  in_array() expects parameter 2 to be array, null given in /home/allinkc/www/app/controllers/admin/AdminSettings.php on line 975
[01-Mar-2023 10:57:47 UTC] PHP Warning:  in_array() expects parameter 2 to be array, null given in /home/allinkc/www/app/controllers/admin/AdminSettings.php on line 975
[01-Mar-2023 10:57:47 UTC] PHP Warning:  in_array() expects parameter 2 to be array, null given in /home/allinkc/www/app/controllers/admin/AdminSettings.php on line 975
[01-Mar-2023 10:57:47 UTC] PHP Warning:  in_array() expects parameter 2 to be array, null given in /home/allinkc/www/app/controllers/admin/AdminSettings.php on line 975
[01-Mar-2023 10:57:47 UTC] PHP Warning:  in_array() expects parameter 2 to be array, null given in /home/allinkc/www/app/controllers/admin/AdminSettings.php on line 975
[01-Mar-2023 10:57:47 UTC] PHP Warning:  in_array() expects parameter 2 to be array, null given in /home/allinkc/www/app/controllers/admin/AdminSettings.php on line 975
[01-Mar-2023 10:57:47 UTC] PHP Warning:  in_array() expects parameter 2 to be array, null given in /home/allinkc/www/app/controllers/admin/AdminSettings.php on line 975
[01-Mar-2023 10:57:47 UTC] PHP Warning:  in_array() expects parameter 2 to be array, null given in /home/allinkc/www/app/controllers/admin/AdminSettings.php on line 975
[01-Mar-2023 10:57:47 UTC] PHP Warning:  in_array() expects parameter 2 to be array, null given in /home/allinkc/www/app/controllers/admin/AdminSettings.php on line 975
[01-Mar-2023 10:57:47 UTC] PHP Warning:  in_array() expects parameter 2 to be array, null given in /home/allinkc/www/app/controllers/admin/AdminSettings.php on line 975
[01-Mar-2023 10:57:47 UTC] PHP Warning:  in_array() expects parameter 2 to be array, null given in /home/allinkc/www/app/controllers/admin/AdminSettings.php on line 975
[01-Mar-2023 10:57:47 UTC] PHP Warning:  in_array() expects parameter 2 to be array, null given in /home/allinkc/www/app/controllers/admin/AdminSettings.php on line 975
[01-Mar-2023 10:57:47 UTC] PHP Warning:  in_array() expects parameter 2 to be array, null given in /home/allinkc/www/app/controllers/admin/AdminSettings.php on line 975
[01-Mar-2023 10:57:47 UTC] PHP Warning:  in_array() expects parameter 2 to be array, null given in /home/allinkc/www/app/controllers/admin/AdminSettings.php on line 975
[01-Mar-2023 10:57:47 UTC] PHP Warning:  in_array() expects parameter 2 to be array, null given in /home/allinkc/www/app/controllers/admin/AdminSettings.php on line 975
[01-Mar-2023 10:57:47 UTC] PHP Warning:  in_array() expects parameter 2 to be array, null given in /home/allinkc/www/app/controllers/admin/AdminSettings.php on line 975
[01-Mar-2023 10:57:47 UTC] PHP Warning:  in_array() expects parameter 2 to be array, null given in /home/allinkc/www/app/controllers/admin/AdminSettings.php on line 975
[01-Mar-2023 10:57:47 UTC] PHP Warning:  in_array() expects parameter 2 to be array, null given in /home/allinkc/www/app/controllers/admin/AdminSettings.php on line 975
[01-Mar-2023 10:57:47 UTC] PHP Warning:  in_array() expects parameter 2 to be array, null given in /home/allinkc/www/app/controllers/admin/AdminSettings.php on line 975
[01-Mar-2023 10:57:47 UTC] PHP Warning:  in_array() expects parameter 2 to be array, null given in /home/allinkc/www/app/controllers/admin/AdminSettings.php on line 975
[01-Mar-2023 10:57:47 UTC] PHP Warning:  in_array() expects parameter 2 to be array, null given in /home/allinkc/www/app/controllers/admin/AdminSettings.php on line 975
[01-Mar-2023 10:57:47 UTC] PHP Warning:  in_array() expects parameter 2 to be array, null given in /home/allinkc/www/app/controllers/admin/AdminSettings.php on line 975
[01-Mar-2023 10:57:47 UTC] PHP Warning:  in_array() expects parameter 2 to be array, null given in /home/allinkc/www/app/controllers/admin/AdminSettings.php on line 975
[01-Mar-2023 10:57:47 UTC] PHP Warning:  in_array() expects parameter 2 to be array, null given in /home/allinkc/www/app/controllers/admin/AdminSettings.php on line 975
[01-Mar-2023 10:57:47 UTC] PHP Warning:  in_array() expects parameter 2 to be array, null given in /home/allinkc/www/app/controllers/admin/AdminSettings.php on line 975
[01-Mar-2023 10:57:47 UTC] PHP Warning:  in_array() expects parameter 2 to be array, null given in /home/allinkc/www/app/controllers/admin/AdminSettings.php on line 975
[01-Mar-2023 10:57:47 UTC] PHP Warning:  in_array() expects parameter 2 to be array, null given in /home/allinkc/www/app/controllers/admin/AdminSettings.php on line 975
[01-Mar-2023 10:57:47 UTC] PHP Warning:  in_array() expects parameter 2 to be array, null given in /home/allinkc/www/app/controllers/admin/AdminSettings.php on line 975
[01-Mar-2023 10:57:47 UTC] PHP Warning:  in_array() expects parameter 2 to be array, null given in /home/allinkc/www/app/controllers/admin/AdminSettings.php on line 975
[01-Mar-2023 10:57:47 UTC] PHP Warning:  in_array() expects parameter 2 to be array, null given in /home/allinkc/www/app/controllers/admin/AdminSettings.php on line 975
[01-Mar-2023 10:57:47 UTC] PHP Warning:  in_array() expects parameter 2 to be array, null given in /home/allinkc/www/app/controllers/admin/AdminSettings.php on line 975
[01-Mar-2023 10:57:47 UTC] PHP Warning:  in_array() expects parameter 2 to be array, null given in /home/allinkc/www/app/controllers/admin/AdminSettings.php on line 975
[01-Mar-2023 10:57:47 UTC] PHP Warning:  in_array() expects parameter 2 to be array, null given in /home/allinkc/www/app/controllers/admin/AdminSettings.php on line 975
[01-Mar-2023 10:57:47 UTC] PHP Warning:  in_array() expects parameter 2 to be array, null given in /home/allinkc/www/app/controllers/admin/AdminSettings.php on line 975
[01-Mar-2023 10:57:47 UTC] PHP Warning:  in_array() expects parameter 2 to be array, null given in /home/allinkc/www/app/controllers/admin/AdminSettings.php on line 975
[01-Mar-2023 10:57:47 UTC] PHP Warning:  in_array() expects parameter 2 to be array, null given in /home/allinkc/www/app/controllers/admin/AdminSettings.php on line 975
[01-Mar-2023 10:57:47 UTC] PHP Warning:  in_array() expects parameter 2 to be array, null given in /home/allinkc/www/app/controllers/admin/AdminSettings.php on line 975
[01-Mar-2023 10:57:47 UTC] PHP Warning:  in_array() expects parameter 2 to be array, null given in /home/allinkc/www/app/controllers/admin/AdminSettings.php on line 975
[01-Mar-2023 10:57:47 UTC] PHP Warning:  in_array() expects parameter 2 to be array, null given in /home/allinkc/www/app/controllers/admin/AdminSettings.php on line 975
[01-Mar-2023 10:57:47 UTC] PHP Warning:  in_array() expects parameter 2 to be array, null given in /home/allinkc/www/app/controllers/admin/AdminSettings.php on line 975
[01-Mar-2023 10:57:47 UTC] PHP Warning:  in_array() expects parameter 2 to be array, null given in /home/allinkc/www/app/controllers/admin/AdminSettings.php on line 975
[01-Mar-2023 10:57:47 UTC] PHP Warning:  in_array() expects parameter 2 to be array, null given in /home/allinkc/www/app/controllers/admin/AdminSettings.php on line 975
[01-Mar-2023 10:57:47 UTC] PHP Warning:  in_array() expects parameter 2 to be array, null given in /home/allinkc/www/app/controllers/admin/AdminSettings.php on line 975
[01-Mar-2023 10:57:47 UTC] PHP Warning:  in_array() expects parameter 2 to be array, null given in /home/allinkc/www/app/controllers/admin/AdminSettings.php on line 975
[01-Mar-2023 10:57:47 UTC] PHP Warning:  in_array() expects parameter 2 to be array, null given in /home/allinkc/www/app/controllers/admin/AdminSettings.php on line 975
[01-Mar-2023 10:57:47 UTC] PHP Warning:  in_array() expects parameter 2 to be array, null given in /home/allinkc/www/app/controllers/admin/AdminSettings.php on line 975
[01-Mar-2023 10:57:47 UTC] PHP Warning:  in_array() expects parameter 2 to be array, null given in /home/allinkc/www/app/controllers/admin/AdminSettings.php on line 975
[01-Mar-2023 10:57:47 UTC] PHP Warning:  in_array() expects parameter 2 to be array, null given in /home/allinkc/www/app/controllers/admin/AdminSettings.php on line 975
[01-Mar-2023 10:57:47 UTC] PHP Warning:  in_array() expects parameter 2 to be array, null given in /home/allinkc/www/app/controllers/admin/AdminSettings.php on line 975
[01-Mar-2023 10:57:47 UTC] PHP Warning:  in_array() expects parameter 2 to be array, null given in /home/allinkc/www/app/controllers/admin/AdminSettings.php on line 975
[01-Mar-2023 10:57:47 UTC] PHP Warning:  in_array() expects parameter 2 to be array, null given in /home/allinkc/www/app/controllers/admin/AdminSettings.php on line 975
[01-Mar-2023 10:57:47 UTC] PHP Warning:  in_array() expects parameter 2 to be array, null given in /home/allinkc/www/app/controllers/admin/AdminSettings.php on line 975
[01-Mar-2023 10:57:47 UTC] PHP Warning:  in_array() expects parameter 2 to be array, null given in /home/allinkc/www/app/controllers/admin/AdminSettings.php on line 975
[01-Mar-2023 10:57:47 UTC] PHP Warning:  in_array() expects parameter 2 to be array, null given in /home/allinkc/www/app/controllers/admin/AdminSettings.php on line 975
[01-Mar-2023 10:57:47 UTC] PHP Warning:  in_array() expects parameter 2 to be array, null given in /home/allinkc/www/app/controllers/admin/AdminSettings.php on line 975
[01-Mar-2023 10:57:47 UTC] PHP Warning:  in_array() expects parameter 2 to be array, null given in /home/allinkc/www/app/controllers/admin/AdminSettings.php on line 975
[01-Mar-2023 10:57:47 UTC] PHP Warning:  in_array() expects parameter 2 to be array, null given in /home/allinkc/www/app/controllers/admin/AdminSettings.php on line 975
[01-Mar-2023 10:57:47 UTC] PHP Warning:  in_array() expects parameter 2 to be array, null given in /home/allinkc/www/app/controllers/admin/AdminSettings.php on line 975
[01-Mar-2023 10:57:47 UTC] PHP Warning:  in_array() expects parameter 2 to be array, null given in /home/allinkc/www/app/controllers/admin/AdminSettings.php on line 975
[01-Mar-2023 10:57:47 UTC] PHP Warning:  in_array() expects parameter 2 to be array, null given in /home/allinkc/www/app/controllers/admin/AdminSettings.php on line 975
[01-Mar-2023 10:57:47 UTC] PHP Warning:  in_array() expects parameter 2 to be array, null given in /home/allinkc/www/app/controllers/admin/AdminSettings.php on line 975
[01-Mar-2023 10:57:47 UTC] PHP Warning:  in_array() expects parameter 2 to be array, null given in /home/allinkc/www/app/controllers/admin/AdminSettings.php on line 975
[01-Mar-2023 10:57:47 UTC] PHP Warning:  in_array() expects parameter 2 to be array, null given in /home/allinkc/www/app/controllers/admin/AdminSettings.php on line 975
[01-Mar-2023 10:57:47 UTC] PHP Warning:  in_array() expects parameter 2 to be array, null given in /home/allinkc/www/app/controllers/admin/AdminSettings.php on line 975
[01-Mar-2023 10:57:47 UTC] PHP Warning:  in_array() expects parameter 2 to be array, null given in /home/allinkc/www/app/controllers/admin/AdminSettings.php on line 975
[01-Mar-2023 11:41:41 UTC] PHP Fatal error:  Uncaught Error: Call to a member function fetch_object() on bool in /home/allinkc/www/app/controllers/admin/AdminPayments.php:28
Stack trace:
#0 [internal function]: Altum\Controllers\AdminPayments->index()
#1 /home/allinkc/www/app/core/App.php(204): call_user_func_array(Array, Array)
#2 /home/allinkc/www/index.php(20): Altum\App->__construct()
#3 {main}
  thrown in /home/allinkc/www/app/controllers/admin/AdminPayments.php on line 28
